Configuration:
epochs: 100
dataset: ddi
batch_size: 8192
h_key: CN
model: Custom_GIN
use_feature: False
node_feature: original
use_early_stopping: False
lr: 0.01
weight_decay: 0.0005
{'dropout': 0,
 'emb': False,
 'hidden_channels': 64,
 'mlp_layer': 1,
 'num_layers': 2,
 'out_channels': 64}
{'product': 'dot',
 'score_cat_n2v_feat': False,
 'score_cat_node_feat_mf': False,
 'score_dropout': 0.1,
 'score_gin_mlp_layer': 2,
 'score_hidden_channels': 64,
 'score_in_channels': 64,
 'score_num_layers': 2,
 'score_num_layers_predictor': 3,
 'score_out_channels': 1}
Configuration:
epochs: 100
dataset: ddi
batch_size: 8192
h_key: CN
model: LINKX
use_feature: False
node_feature: original
use_early_stopping: False
lr: 0.01
weight_decay: 0.0005
{'hidden_channels': 16,
 'num_edge_layers': 1,
 'num_layers': 1,
 'num_node_layers': 1,
 'out_channels': 1}
{'product': 'dot',
 'score_cat_n2v_feat': False,
 'score_cat_node_feat_mf': False,
 'score_dropout': 0.1,
 'score_gin_mlp_layer': 2,
 'score_hidden_channels': 64,
 'score_in_channels': 64,
 'score_num_layers': 2,
 'score_num_layers_predictor': 3,
 'score_out_channels': 1}
Total number of parameters is 137330
Configuration:
epochs: 100
dataset: ddi
batch_size: 8192
h_key: CN
model: GraphSAGE
use_feature: False
node_feature: original
use_early_stopping: False
lr: 0.01
weight_decay: 0.0005
{'dropout': 0,
 'emb': False,
 'hidden_channels': 64,
 'in_channels': 'None',
 'num_layers': 2,
 'out_channels': 128}
{'product': 'dot',
 'score_cat_n2v_feat': False,
 'score_cat_node_feat_mf': False,
 'score_dropout': 0.1,
 'score_gin_mlp_layer': 2,
 'score_hidden_channels': 64,
 'score_in_channels': 128,
 'score_num_layers': 2,
 'score_num_layers_predictor': 3,
 'score_out_channels': 1}
Total number of parameters is 571073
Configuration:
epochs: 100
dataset: ddi
batch_size: 8192
h_key: CN
model: Custom_GCN
use_feature: False
node_feature: original
use_early_stopping: False
lr: 0.01
weight_decay: 0.0005
{'dropout': 0,
 'hidden_channels': 32,
 'in_channels': 'None',
 'negative_slope': 0.1,
 'num_layers': 2,
 'out_channels': 32}
{'product': 'inner',
 'score_cat_n2v_feat': False,
 'score_cat_node_feat_mf': False,
 'score_dropout': 0.1,
 'score_gin_mlp_layer': 2,
 'score_hidden_channels': 64,
 'score_in_channels': 32,
 'score_num_layers': 2,
 'score_num_layers_predictor': 3,
 'score_out_channels': 1}
Total number of parameters is 139809
Configuration:
epochs: 100
dataset: ddi
batch_size: 8192
h_key: CN
model: Custom_GAT
use_feature: False
node_feature: original
use_early_stopping: False
lr: 0.01
weight_decay: 0.0005
{'dropout': 0,
 'emb': False,
 'heads': 4,
 'hidden_channels': 32,
 'in_channels': 'None',
 'negative_slope': 0.1,
 'num_layers': 2,
 'out_channels': 32}
{'product': 'dot',
 'score_cat_n2v_feat': False,
 'score_cat_node_feat_mf': False,
 'score_dropout': 0.1,
 'score_gin_mlp_layer': 2,
 'score_hidden_channels': 64,
 'score_in_channels': 32,
 'score_num_layers': 2,
 'score_num_layers_predictor': 3,
 'score_out_channels': 1}
Total number of parameters is 139937
layers in gcn:  2
layers in sage:  2
layers in gat:  2
Epoch: 020, train loss: 0.0000, valid loss: 0.0741, Cost Time: 1.5050s
Epoch: 020, train loss: 0.0000, valid loss: 0.1250, Cost Time: 3.4606s
Epoch: 040, train loss: 0.0000, valid loss: 0.0245, Cost Time: 1.3737s
Epoch: 060, train loss: 0.0000, valid loss: 0.1197, Cost Time: 1.3315s
Epoch: 040, train loss: 0.0000, valid loss: 0.1250, Cost Time: 3.5590s
Epoch: 080, train loss: 0.0000, valid loss: 0.2027, Cost Time: 1.3877s
Epoch: 020, train loss: 0.0000, valid loss: 0.1250, Cost Time: 8.1437s
Epoch: 020, train loss: 0.0000, valid loss: 0.1250, Cost Time: 10.8110s
Epoch: 100, train loss: 0.0000, valid loss: 0.2360, Cost Time: 1.3596s
Epoch: 060, train loss: 0.0000, valid loss: 0.1250, Cost Time: 3.5764s
Saved ('LINKX', 'original', 'CN', 0.3064872622489929) to ./results/LINKX2CN_ddi.csv
{'hidden_channels': 16,
 'num_edge_layers': 1,
 'num_layers': 1,
 'num_node_layers': 1,
 'out_channels': 1}
{'product': 'dot',
 'score_cat_n2v_feat': False,
 'score_cat_node_feat_mf': False,
 'score_dropout': 0.1,
 'score_gin_mlp_layer': 2,
 'score_hidden_channels': 64,
 'score_in_channels': 64,
 'score_num_layers': 2,
 'score_num_layers_predictor': 3,
 'score_out_channels': 1}
Total number of parameters is 137330
Epoch: 080, train loss: 0.0000, valid loss: 0.1250, Cost Time: 3.3997s
Epoch: 040, train loss: 0.0000, valid loss: 0.1250, Cost Time: 7.4215s
Epoch: 020, train loss: 0.1250, valid loss: 0.0000, Cost Time: 1.5544s
Epoch: 040, train loss: 0.0000, valid loss: 0.1250, Cost Time: 10.6469s
Epoch: 040, train loss: 0.1250, valid loss: 0.0118, Cost Time: 1.3104s
Epoch: 100, train loss: 0.0000, valid loss: 0.1250, Cost Time: 3.5845s
Epoch: 060, train loss: 0.1250, valid loss: 0.0521, Cost Time: 1.4270s
Epoch: 080, train loss: 0.1250, valid loss: 0.1596, Cost Time: 1.5520s
Saved ('Custom_GCN', 'original', 'CN', 1.031430940656719e-09) to ./results/Custom_GCN2CN_ddi.csv
{'dropout': 0,
 'hidden_channels': 32,
 'in_channels': 'None',
 'negative_slope': 0.1,
 'num_layers': 2,
 'out_channels': 32}
{'product': 'inner',
 'score_cat_n2v_feat': False,
 'score_cat_node_feat_mf': False,
 'score_dropout': 0.1,
 'score_gin_mlp_layer': 2,
 'score_hidden_channels': 64,
 'score_in_channels': 32,
 'score_num_layers': 2,
 'score_num_layers_predictor': 3,
 'score_out_channels': 1}
Total number of parameters is 139809
layers in gcn:  2
Epoch: 060, train loss: 0.0000, valid loss: 0.1250, Cost Time: 7.7402s
Epoch: 100, train loss: 0.1250, valid loss: 0.0050, Cost Time: 1.3739s
Epoch: 060, train loss: 0.0000, valid loss: 0.1250, Cost Time: 11.8221s
Epoch: 020, train loss: 0.1250, valid loss: 0.0000, Cost Time: 3.6714s
Saved ('LINKX', 'original', 'CN', 0.027033178135752678) to ./results/LINKX2CN_ddi.csv
{'hidden_channels': 16,
 'num_edge_layers': 1,
 'num_layers': 1,
 'num_node_layers': 1,
 'out_channels': 1}
{'product': 'dot',
 'score_cat_n2v_feat': False,
 'score_cat_node_feat_mf': False,
 'score_dropout': 0.1,
 'score_gin_mlp_layer': 2,
 'score_hidden_channels': 64,
 'score_in_channels': 64,
 'score_num_layers': 2,
 'score_num_layers_predictor': 3,
 'score_out_channels': 1}
Total number of parameters is 137330
Epoch: 040, train loss: 0.1250, valid loss: 0.0000, Cost Time: 5.6704s
Epoch: 020, train loss: 0.0071, valid loss: 0.0309, Cost Time: 1.5130s
Epoch: 080, train loss: 0.0000, valid loss: 0.1250, Cost Time: 7.1745s
Epoch: 040, train loss: 0.0071, valid loss: 0.0875, Cost Time: 1.3476s
Epoch: 060, train loss: 0.1250, valid loss: 0.0000, Cost Time: 3.4020s
Epoch: 080, train loss: 0.0000, valid loss: 0.0633, Cost Time: 10.9678s
Epoch: 060, train loss: 0.0071, valid loss: 0.1443, Cost Time: 1.3519s
Epoch: 080, train loss: 0.0071, valid loss: 0.1986, Cost Time: 1.5850s
Epoch: 080, train loss: 0.1250, valid loss: 0.0000, Cost Time: 3.3562s
Epoch: 100, train loss: 0.0000, valid loss: 0.1250, Cost Time: 6.7539s
Epoch: 100, train loss: 0.0071, valid loss: 0.2428, Cost Time: 1.6057s
Epoch: 100, train loss: 0.1250, valid loss: 0.0000, Cost Time: 3.6047s
Epoch: 100, train loss: 0.0000, valid loss: 0.1250, Cost Time: 11.8041s
Saved ('Custom_GAT', 'original', 'CN', 1.031430940656719e-09) to ./results/Custom_GAT2CN_ddi.csv
{'dropout': 0,
 'emb': False,
 'heads': 4,
 'hidden_channels': 32,
 'in_channels': 'None',
 'negative_slope': 0.1,
 'num_layers': 2,
 'out_channels': 32}
{'product': 'dot',
 'score_cat_n2v_feat': False,
 'score_cat_node_feat_mf': False,
 'score_dropout': 0.1,
 'score_gin_mlp_layer': 2,
 'score_hidden_channels': 64,
 'score_in_channels': 32,
 'score_num_layers': 2,
 'score_num_layers_predictor': 3,
 'score_out_channels': 1}
Total number of parameters is 139937
Saved ('LINKX', 'original', 'CN', 0.31317198276519775) to ./results/LINKX2CN_ddi.csv
{'hidden_channels': 16,
 'num_edge_layers': 1,
 'num_layers': 1,
 'num_node_layers': 1,
 'out_channels': 1}
{'product': 'dot',
 'score_cat_n2v_feat': False,
 'score_cat_node_feat_mf': False,
 'score_dropout': 0.1,
 'score_gin_mlp_layer': 2,
 'score_hidden_channels': 64,
 'score_in_channels': 64,
 'score_num_layers': 2,
 'score_num_layers_predictor': 3,
 'score_out_channels': 1}
Total number of parameters is 137330
layers in gat:  2
Epoch: 020, train loss: 0.0000, valid loss: 0.1108, Cost Time: 1.3522s
Saved ('Custom_GCN', 'original', 'CN', 0.13210467994213104) to ./results/Custom_GCN2CN_ddi.csv
{'dropout': 0,
 'hidden_channels': 32,
 'in_channels': 'None',
 'negative_slope': 0.1,
 'num_layers': 2,
 'out_channels': 32}
{'product': 'inner',
 'score_cat_n2v_feat': False,
 'score_cat_node_feat_mf': False,
 'score_dropout': 0.1,
 'score_gin_mlp_layer': 2,
 'score_hidden_channels': 64,
 'score_in_channels': 32,
 'score_num_layers': 2,
 'score_num_layers_predictor': 3,
 'score_out_channels': 1}
Total number of parameters is 139809
layers in gcn:  2
Epoch: 040, train loss: 0.0000, valid loss: 0.1466, Cost Time: 1.3539s
Saved ('GraphSAGE', 'original', 'CN', 1.031430940656719e-09) to ./results/GraphSAGE2CN_ddi.csv
{'dropout': 0,
 'emb': False,
 'hidden_channels': 64,
 'in_channels': 'None',
 'num_layers': 2,
 'out_channels': 128}
{'product': 'dot',
 'score_cat_n2v_feat': False,
 'score_cat_node_feat_mf': False,
 'score_dropout': 0.1,
 'score_gin_mlp_layer': 2,
 'score_hidden_channels': 64,
 'score_in_channels': 128,
 'score_num_layers': 2,
 'score_num_layers_predictor': 3,
 'score_out_channels': 1}
Total number of parameters is 571073
layers in sage:  2
Epoch: 020, train loss: 0.0071, valid loss: 0.0362, Cost Time: 3.4396s
Epoch: 060, train loss: 0.0000, valid loss: 0.1766, Cost Time: 1.5907s
Epoch: 080, train loss: 0.0000, valid loss: 0.2028, Cost Time: 1.5793s
Epoch: 020, train loss: 0.1250, valid loss: 0.0000, Cost Time: 7.6587s
Epoch: 040, train loss: 0.0071, valid loss: 0.0362, Cost Time: 3.4470s
Epoch: 100, train loss: 0.0000, valid loss: 0.2259, Cost Time: 1.5930s
Epoch: 060, train loss: 0.0071, valid loss: 0.0362, Cost Time: 3.6105s
Epoch: 020, train loss: 0.1250, valid loss: 0.0000, Cost Time: 11.4938s
Saved ('LINKX', 'original', 'CN', 0.253240168094635) to ./results/LINKX2CN_ddi.csv
{'hidden_channels': 16,
 'num_edge_layers': 1,
 'num_layers': 1,
 'num_node_layers': 1,
 'out_channels': 1}
{'product': 'dot',
 'score_cat_n2v_feat': False,
 'score_cat_node_feat_mf': False,
 'score_dropout': 0.1,
 'score_gin_mlp_layer': 2,
 'score_hidden_channels': 64,
 'score_in_channels': 64,
 'score_num_layers': 2,
 'score_num_layers_predictor': 3,
 'score_out_channels': 1}
Total number of parameters is 137330
Epoch: 040, train loss: 0.1250, valid loss: 0.0000, Cost Time: 7.3882s
Epoch: 080, train loss: 0.0071, valid loss: 0.0362, Cost Time: 3.5332s
Epoch: 020, train loss: 0.0011, valid loss: 0.0000, Cost Time: 1.5198s
Epoch: 040, train loss: 0.0011, valid loss: 0.0027, Cost Time: 1.5240s
Epoch: 100, train loss: 0.0071, valid loss: 0.0362, Cost Time: 3.2847s
Epoch: 060, train loss: 0.0011, valid loss: 0.0875, Cost Time: 1.3970s
Epoch: 040, train loss: 0.1250, valid loss: 0.0000, Cost Time: 11.5679s
Epoch: 080, train loss: 0.0011, valid loss: 0.1988, Cost Time: 1.5562s
Epoch: 060, train loss: 0.1250, valid loss: 0.0000, Cost Time: 7.9792s
Epoch: 100, train loss: 0.0011, valid loss: 0.2400, Cost Time: 1.5024s
Saved ('Custom_GCN', 'original', 'CN', 0.0) to ./results/Custom_GCN2CN_ddi.csv
{'dropout': 0,
 'hidden_channels': 32,
 'in_channels': 'None',
 'negative_slope': 0.1,
 'num_layers': 2,
 'out_channels': 32}
{'product': 'inner',
 'score_cat_n2v_feat': False,
 'score_cat_node_feat_mf': False,
 'score_dropout': 0.1,
 'score_gin_mlp_layer': 2,
 'score_hidden_channels': 64,
 'score_in_channels': 32,
 'score_num_layers': 2,
 'score_num_layers_predictor': 3,
 'score_out_channels': 1}
Total number of parameters is 139809
layers in gcn:  2
Epoch: 020, train loss: 0.0000, valid loss: 0.1250, Cost Time: 3.6815s
Saved ('LINKX', 'original', 'CN', 0.13075567781925201) to ./results/LINKX2CN_ddi.csv
{'hidden_channels': 16,
 'num_edge_layers': 1,
 'num_layers': 1,
 'num_node_layers': 1,
 'out_channels': 1}
{'product': 'dot',
 'score_cat_n2v_feat': False,
 'score_cat_node_feat_mf': False,
 'score_dropout': 0.1,
 'score_gin_mlp_layer': 2,
 'score_hidden_channels': 64,
 'score_in_channels': 64,
 'score_num_layers': 2,
 'score_num_layers_predictor': 3,
 'score_out_channels': 1}
Total number of parameters is 137330
Epoch: 060, train loss: 0.1250, valid loss: 0.0000, Cost Time: 10.9338s
Epoch: 080, train loss: 0.1250, valid loss: 0.0000, Cost Time: 7.0628s
Epoch: 020, train loss: 0.0362, valid loss: 0.3856, Cost Time: 1.5361s
Epoch: 040, train loss: 0.0000, valid loss: 0.1250, Cost Time: 3.4797s
Epoch: 040, train loss: 0.0362, valid loss: 0.3686, Cost Time: 1.3927s
Epoch: 060, train loss: 0.5362, valid loss: 0.4219, Cost Time: 1.4575s
Epoch: 060, train loss: 0.0000, valid loss: 0.1250, Cost Time: 3.5671s
Epoch: 080, train loss: 0.5362, valid loss: 0.4402, Cost Time: 1.4388s
Epoch: 100, train loss: 0.1250, valid loss: 0.0000, Cost Time: 7.1298s
Epoch: 080, train loss: 0.1250, valid loss: 0.0000, Cost Time: 10.6624s
Epoch: 100, train loss: 0.0362, valid loss: 0.2054, Cost Time: 1.2447s
Epoch: 080, train loss: 0.0000, valid loss: 0.1250, Cost Time: 3.6565s
Saved ('Custom_GAT', 'original', 'CN', 0.13210467994213104) to ./results/Custom_GAT2CN_ddi.csv
{'dropout': 0,
 'emb': False,
 'heads': 4,
 'hidden_channels': 32,
 'in_channels': 'None',
 'negative_slope': 0.1,
 'num_layers': 2,
 'out_channels': 32}
{'product': 'dot',
 'score_cat_n2v_feat': False,
 'score_cat_node_feat_mf': False,
 'score_dropout': 0.1,
 'score_gin_mlp_layer': 2,
 'score_hidden_channels': 64,
 'score_in_channels': 32,
 'score_num_layers': 2,
 'score_num_layers_predictor': 3,
 'score_out_channels': 1}
Total number of parameters is 139937
layers in gat:  2
Epoch: 100, train loss: 0.0000, valid loss: 0.1250, Cost Time: 3.6131s
Saved ('LINKX', 'original', 'CN', 0.09634209424257278) to ./results/LINKX2CN_ddi.csv
{'hidden_channels': 16,
 'num_edge_layers': 1,
 'num_layers': 1,
 'num_node_layers': 1,
 'out_channels': 1}
{'product': 'dot',
 'score_cat_n2v_feat': False,
 'score_cat_node_feat_mf': False,
 'score_dropout': 0.1,
 'score_gin_mlp_layer': 2,
 'score_hidden_channels': 64,
 'score_in_channels': 64,
 'score_num_layers': 2,
 'score_num_layers_predictor': 3,
 'score_out_channels': 1}
Total number of parameters is 137330
Epoch: 020, train loss: 0.0363, valid loss: 0.3129, Cost Time: 1.4899s
Epoch: 100, train loss: 0.0000, valid loss: 0.0011, Cost Time: 11.0028s
Epoch: 040, train loss: 0.0363, valid loss: 0.3068, Cost Time: 1.5673s
Saved ('Custom_GCN', 'original', 'CN', 0.007105089258402586) to ./results/Custom_GCN2CN_ddi.csv
{'dropout': 0,
 'hidden_channels': 32,
 'in_channels': 'None',
 'negative_slope': 0.1,
 'num_layers': 2,
 'out_channels': 32}
{'product': 'inner',
 'score_cat_n2v_feat': False,
 'score_cat_node_feat_mf': False,
 'score_dropout': 0.1,
 'score_gin_mlp_layer': 2,
 'score_hidden_channels': 64,
 'score_in_channels': 32,
 'score_num_layers': 2,
 'score_num_layers_predictor': 3,
 'score_out_channels': 1}
Total number of parameters is 139809
layers in gcn:  2
Epoch: 060, train loss: 0.0363, valid loss: 0.3885, Cost Time: 1.3879s
Epoch: 020, train loss: 0.0071, valid loss: 0.0362, Cost Time: 7.5908s
Epoch: 080, train loss: 0.0363, valid loss: 0.4327, Cost Time: 1.3799s
Epoch: 020, train loss: 0.0011, valid loss: 0.0000, Cost Time: 3.4524s
Saved ('GraphSAGE', 'original', 'CN', 0.022392714396119118) to ./results/GraphSAGE2CN_ddi.csv
{'dropout': 0,
 'emb': False,
 'hidden_channels': 64,
 'in_channels': 'None',
 'num_layers': 2,
 'out_channels': 128}
{'product': 'dot',
 'score_cat_n2v_feat': False,
 'score_cat_node_feat_mf': False,
 'score_dropout': 0.1,
 'score_gin_mlp_layer': 2,
 'score_hidden_channels': 64,
 'score_in_channels': 128,
 'score_num_layers': 2,
 'score_num_layers_predictor': 3,
 'score_out_channels': 1}
Total number of parameters is 571073
layers in sage:  2
Epoch: 100, train loss: 0.0363, valid loss: 0.4594, Cost Time: 1.5326s
Epoch: 040, train loss: 0.0011, valid loss: 0.0000, Cost Time: 3.6778s
Saved ('LINKX', 'original', 'CN', 0.34485140442848206) to ./results/LINKX2CN_ddi.csv
{'hidden_channels': 16,
 'num_edge_layers': 1,
 'num_layers': 1,
 'num_node_layers': 1,
 'out_channels': 1}
{'product': 'dot',
 'score_cat_n2v_feat': False,
 'score_cat_node_feat_mf': False,
 'score_dropout': 0.1,
 'score_gin_mlp_layer': 2,
 'score_hidden_channels': 64,
 'score_in_channels': 64,
 'score_num_layers': 2,
 'score_num_layers_predictor': 3,
 'score_out_channels': 1}
Total number of parameters is 137330
Epoch: 040, train loss: 0.0071, valid loss: 0.0362, Cost Time: 8.0449s
Epoch: 060, train loss: 0.0011, valid loss: 0.0000, Cost Time: 3.6045s
Epoch: 020, train loss: 0.1250, valid loss: 0.0416, Cost Time: 1.4771s
Epoch: 020, train loss: 0.0071, valid loss: 0.0362, Cost Time: 10.6452s
Epoch: 040, train loss: 0.1250, valid loss: 0.0813, Cost Time: 1.2957s
Epoch: 080, train loss: 0.0011, valid loss: 0.0000, Cost Time: 3.5935s
Epoch: 060, train loss: 0.1250, valid loss: 0.2246, Cost Time: 1.4921s
Epoch: 080, train loss: 0.1250, valid loss: 0.2615, Cost Time: 1.3543s
Epoch: 100, train loss: 0.0011, valid loss: 0.0000, Cost Time: 3.5119s
Epoch: 060, train loss: 0.0071, valid loss: 0.0362, Cost Time: 8.4513s
Epoch: 100, train loss: 0.1250, valid loss: 0.3115, Cost Time: 1.3739s
Epoch: 040, train loss: 0.0071, valid loss: 0.0362, Cost Time: 12.2694s
Saved ('Custom_GCN', 'original', 'CN', 0.0) to ./results/Custom_GCN2CN_ddi.csv
{'dropout': 0,
 'hidden_channels': 32,
 'in_channels': 'None',
 'negative_slope': 0.1,
 'num_layers': 2,
 'out_channels': 32}
{'product': 'inner',
 'score_cat_n2v_feat': False,
 'score_cat_node_feat_mf': False,
 'score_dropout': 0.1,
 'score_gin_mlp_layer': 2,
 'score_hidden_channels': 64,
 'score_in_channels': 32,
 'score_num_layers': 2,
 'score_num_layers_predictor': 3,
 'score_out_channels': 1}
Total number of parameters is 139809
layers in gcn:  2
Saved ('LINKX', 'original', 'CN', 0.3050777018070221) to ./results/LINKX2CN_ddi.csv
{'hidden_channels': 16,
 'num_edge_layers': 1,
 'num_layers': 1,
 'num_node_layers': 1,
 'out_channels': 1}
{'product': 'dot',
 'score_cat_n2v_feat': False,
 'score_cat_node_feat_mf': False,
 'score_dropout': 0.1,
 'score_gin_mlp_layer': 2,
 'score_hidden_channels': 64,
 'score_in_channels': 64,
 'score_num_layers': 2,
 'score_num_layers_predictor': 3,
 'score_out_channels': 1}
Total number of parameters is 137330
Epoch: 080, train loss: 0.0071, valid loss: 0.0362, Cost Time: 7.0601s
Epoch: 020, train loss: 0.0362, valid loss: 0.0002, Cost Time: 3.5709s
Epoch: 020, train loss: 0.0000, valid loss: 0.0541, Cost Time: 1.4622s
Epoch: 040, train loss: 0.0000, valid loss: 0.0591, Cost Time: 1.3861s
Epoch: 060, train loss: 0.0071, valid loss: 0.0362, Cost Time: 11.1527s
Epoch: 040, train loss: 0.0362, valid loss: 0.0002, Cost Time: 3.4528s
Epoch: 060, train loss: 0.0000, valid loss: 0.0576, Cost Time: 1.4206s
Epoch: 080, train loss: 0.0000, valid loss: 0.0620, Cost Time: 1.4048s
Epoch: 100, train loss: 0.0071, valid loss: 0.0359, Cost Time: 7.6644s
Epoch: 060, train loss: 0.0362, valid loss: 0.0002, Cost Time: 3.5197s
Epoch: 100, train loss: 0.0000, valid loss: 0.0648, Cost Time: 1.5385s
Epoch: 080, train loss: 0.0362, valid loss: 0.0002, Cost Time: 3.4896s
Saved ('Custom_GAT', 'original', 'CN', 3.004885229529464e-11) to ./results/Custom_GAT2CN_ddi.csv
{'dropout': 0,
 'emb': False,
 'heads': 4,
 'hidden_channels': 32,
 'in_channels': 'None',
 'negative_slope': 0.1,
 'num_layers': 2,
 'out_channels': 32}
{'product': 'dot',
 'score_cat_n2v_feat': False,
 'score_cat_node_feat_mf': False,
 'score_dropout': 0.1,
 'score_gin_mlp_layer': 2,
 'score_hidden_channels': 64,
 'score_in_channels': 32,
 'score_num_layers': 2,
 'score_num_layers_predictor': 3,
 'score_out_channels': 1}
Total number of parameters is 139937
Epoch: 080, train loss: 0.0071, valid loss: 0.1278, Cost Time: 11.2195s
layers in gat:  2
Saved ('LINKX', 'one-hot', 'CN', 0.019252566620707512) to ./results/LINKX2CN_ddi.csv
{'hidden_channels': 16,
 'num_edge_layers': 1,
 'num_layers': 1,
 'num_node_layers': 1,
 'out_channels': 1}
{'product': 'dot',
 'score_cat_n2v_feat': False,
 'score_cat_node_feat_mf': False,
 'score_dropout': 0.1,
 'score_gin_mlp_layer': 2,
 'score_hidden_channels': 64,
 'score_in_channels': 64,
 'score_num_layers': 2,
 'score_num_layers_predictor': 3,
 'score_out_channels': 1}
Total number of parameters is 137330
Epoch: 020, train loss: 0.0001, valid loss: 0.0000, Cost Time: 1.4716s
Epoch: 100, train loss: 0.0362, valid loss: 0.0002, Cost Time: 3.5008s
Epoch: 040, train loss: 0.0001, valid loss: 0.0000, Cost Time: 1.4762s
Epoch: 060, train loss: 0.0002, valid loss: 0.0053, Cost Time: 1.4357s
Saved ('Custom_GCN', 'original', 'CN', 0.12499922513961792) to ./results/Custom_GCN2CN_ddi.csv
{'dropout': 0,
 'hidden_channels': 32,
 'in_channels': 'None',
 'negative_slope': 0.1,
 'num_layers': 2,
 'out_channels': 32}
{'product': 'inner',
 'score_cat_n2v_feat': False,
 'score_cat_node_feat_mf': False,
 'score_dropout': 0.1,
 'score_gin_mlp_layer': 2,
 'score_hidden_channels': 64,
 'score_in_channels': 32,
 'score_num_layers': 2,
 'score_num_layers_predictor': 3,
 'score_out_channels': 1}
Total number of parameters is 139809
layers in gcn:  2
Epoch: 020, train loss: 0.0000, valid loss: 0.1250, Cost Time: 7.7586s
Epoch: 080, train loss: 0.0010, valid loss: 0.0342, Cost Time: 1.4403s
Epoch: 100, train loss: 0.0072, valid loss: 0.0367, Cost Time: 10.9336s
Epoch: 100, train loss: 0.0003, valid loss: 0.1047, Cost Time: 1.3493s
Epoch: 020, train loss: 0.0363, valid loss: 0.0000, Cost Time: 3.4827s
Saved ('GraphSAGE', 'original', 'CN', 0.011514173820614815) to ./results/GraphSAGE2CN_ddi.csv
{'dropout': 0,
 'emb': False,
 'hidden_channels': 64,
 'in_channels': 'None',
 'num_layers': 2,
 'out_channels': 128}
{'product': 'dot',
 'score_cat_n2v_feat': False,
 'score_cat_node_feat_mf': False,
 'score_dropout': 0.1,
 'score_gin_mlp_layer': 2,
 'score_hidden_channels': 64,
 'score_in_channels': 128,
 'score_num_layers': 2,
 'score_num_layers_predictor': 3,
 'score_out_channels': 1}
Total number of parameters is 571073
layers in sage:  2
Epoch: 040, train loss: 0.0363, valid loss: 0.0000, Cost Time: 3.6406s
Saved ('LINKX', 'one-hot', 'CN', 0.055303700268268585) to ./results/LINKX2CN_ddi.csv
{'hidden_channels': 16,
 'num_edge_layers': 1,
 'num_layers': 1,
 'num_node_layers': 1,
 'out_channels': 1}
{'product': 'dot',
 'score_cat_n2v_feat': False,
 'score_cat_node_feat_mf': False,
 'score_dropout': 0.1,
 'score_gin_mlp_layer': 2,
 'score_hidden_channels': 64,
 'score_in_channels': 64,
 'score_num_layers': 2,
 'score_num_layers_predictor': 3,
 'score_out_channels': 1}
Total number of parameters is 137330
Epoch: 040, train loss: 0.0000, valid loss: 0.1250, Cost Time: 8.0309s
Epoch: 020, train loss: 0.0001, valid loss: 0.0361, Cost Time: 1.6027s
Epoch: 060, train loss: 0.0363, valid loss: 0.0000, Cost Time: 3.5597s
Epoch: 040, train loss: 0.0000, valid loss: 0.0301, Cost Time: 1.4359s
Epoch: 060, train loss: 0.0004, valid loss: 0.0328, Cost Time: 1.3045s
Epoch: 080, train loss: 0.0363, valid loss: 0.0000, Cost Time: 3.7087s
Epoch: 020, train loss: 0.0000, valid loss: 0.1250, Cost Time: 10.4762s
Epoch: 080, train loss: 0.0002, valid loss: 0.0327, Cost Time: 1.4230s
Epoch: 060, train loss: 0.0000, valid loss: 0.1250, Cost Time: 7.7058s
Epoch: 100, train loss: 0.0000, valid loss: 0.0198, Cost Time: 1.4518s
Epoch: 100, train loss: 0.0363, valid loss: 0.0000, Cost Time: 3.6367s
Saved ('LINKX', 'one-hot', 'CN', 1.2008172234345693e-10) to ./results/LINKX2CN_ddi.csv
{'hidden_channels': 16,
 'num_edge_layers': 1,
 'num_layers': 1,
 'num_node_layers': 1,
 'out_channels': 1}
{'product': 'dot',
 'score_cat_n2v_feat': False,
 'score_cat_node_feat_mf': False,
 'score_dropout': 0.1,
 'score_gin_mlp_layer': 2,
 'score_hidden_channels': 64,
 'score_in_channels': 64,
 'score_num_layers': 2,
 'score_num_layers_predictor': 3,
 'score_out_channels': 1}
Total number of parameters is 137330
Saved ('Custom_GCN', 'original', 'CN', 0.12088429182767868) to ./results/Custom_GCN2CN_ddi.csv
{'dropout': 0,
 'hidden_channels': 32,
 'in_channels': 'None',
 'negative_slope': 0.1,
 'num_layers': 2,
 'out_channels': 32}
{'product': 'inner',
 'score_cat_n2v_feat': False,
 'score_cat_node_feat_mf': False,
 'score_dropout': 0.1,
 'score_gin_mlp_layer': 2,
 'score_hidden_channels': 64,
 'score_in_channels': 32,
 'score_num_layers': 2,
 'score_num_layers_predictor': 3,
 'score_out_channels': 1}
Total number of parameters is 139809
layers in gcn:  2
Epoch: 080, train loss: 0.0000, valid loss: 0.1250, Cost Time: 8.0159s
Epoch: 040, train loss: 0.0000, valid loss: 0.1250, Cost Time: 10.9748s
Epoch: 020, train loss: 0.0000, valid loss: 0.0788, Cost Time: 1.4322s
Epoch: 040, train loss: 0.0000, valid loss: 0.0903, Cost Time: 1.3506s
Epoch: 020, train loss: 0.1250, valid loss: 0.0000, Cost Time: 3.8502s
Epoch: 060, train loss: 0.0000, valid loss: 0.0760, Cost Time: 1.4990s
Epoch: 080, train loss: 0.0000, valid loss: 0.0661, Cost Time: 1.3216s
Epoch: 040, train loss: 0.1250, valid loss: 0.0000, Cost Time: 3.4243s
Epoch: 100, train loss: 0.0000, valid loss: 0.1250, Cost Time: 7.1992s
Epoch: 100, train loss: 0.0000, valid loss: 0.0630, Cost Time: 1.5387s
Epoch: 060, train loss: 0.0000, valid loss: 0.1250, Cost Time: 10.9363s
Epoch: 060, train loss: 0.0899, valid loss: 0.0000, Cost Time: 3.5339s
Saved ('Custom_GAT', 'original', 'CN', 0.007105089258402586) to ./results/Custom_GAT2CN_ddi.csv
{'dropout': 0,
 'emb': False,
 'heads': 4,
 'hidden_channels': 32,
 'in_channels': 'None',
 'negative_slope': 0.1,
 'num_layers': 2,
 'out_channels': 32}
{'product': 'dot',
 'score_cat_n2v_feat': False,
 'score_cat_node_feat_mf': False,
 'score_dropout': 0.1,
 'score_gin_mlp_layer': 2,
 'score_hidden_channels': 64,
 'score_in_channels': 32,
 'score_num_layers': 2,
 'score_num_layers_predictor': 3,
 'score_out_channels': 1}
Total number of parameters is 139937
layers in gat:  2
Saved ('LINKX', 'one-hot', 'CN', 0.0009380713454447687) to ./results/LINKX2CN_ddi.csv
{'hidden_channels': 16,
 'num_edge_layers': 1,
 'num_layers': 1,
 'num_node_layers': 1,
 'out_channels': 1}
{'product': 'dot',
 'score_cat_n2v_feat': False,
 'score_cat_node_feat_mf': False,
 'score_dropout': 0.1,
 'score_gin_mlp_layer': 2,
 'score_hidden_channels': 64,
 'score_in_channels': 64,
 'score_num_layers': 2,
 'score_num_layers_predictor': 3,
 'score_out_channels': 1}
Total number of parameters is 137330
Epoch: 080, train loss: 0.1250, valid loss: 0.0000, Cost Time: 3.3538s
Epoch: 020, train loss: 0.0011, valid loss: 0.0000, Cost Time: 1.4958s
Epoch: 040, train loss: 0.0011, valid loss: 0.0000, Cost Time: 1.4597s
Epoch: 080, train loss: 0.0000, valid loss: 0.1250, Cost Time: 10.9651s
Epoch: 100, train loss: 0.1250, valid loss: 0.0000, Cost Time: 3.3650s
Epoch: 060, train loss: 0.0011, valid loss: 0.0074, Cost Time: 1.3862s
Epoch: 020, train loss: 1.9512, valid loss: 2.0000, Cost Time: 8.1966s
Epoch: 080, train loss: 0.0011, valid loss: 0.0136, Cost Time: 1.4029s
Saved ('Custom_GCN', 'original', 'CN', 0.00016175238124560565) to ./results/Custom_GCN2CN_ddi.csv
{'dropout': 0,
 'hidden_channels': 32,
 'in_channels': 'None',
 'negative_slope': 0.1,
 'num_layers': 2,
 'out_channels': 32}
{'product': 'inner',
 'score_cat_n2v_feat': False,
 'score_cat_node_feat_mf': False,
 'score_dropout': 0.1,
 'score_gin_mlp_layer': 2,
 'score_hidden_channels': 64,
 'score_in_channels': 32,
 'score_num_layers': 2,
 'score_num_layers_predictor': 3,
 'score_out_channels': 1}
Total number of parameters is 139809
Epoch: 100, train loss: 0.0010, valid loss: 0.0070, Cost Time: 1.4082s
layers in gcn:  2
Epoch: 100, train loss: 0.0000, valid loss: 0.0621, Cost Time: 11.1977s
Epoch: 020, train loss: 0.0000, valid loss: 0.1122, Cost Time: 3.7949s
Saved ('LINKX', 'one-hot', 'CN', 0.0) to ./results/LINKX2CN_ddi.csv
{'hidden_channels': 16,
 'num_edge_layers': 1,
 'num_layers': 1,
 'num_node_layers': 1,
 'out_channels': 1}
{'product': 'dot',
 'score_cat_n2v_feat': False,
 'score_cat_node_feat_mf': False,
 'score_dropout': 0.1,
 'score_gin_mlp_layer': 2,
 'score_hidden_channels': 64,
 'score_in_channels': 64,
 'score_num_layers': 2,
 'score_num_layers_predictor': 3,
 'score_out_channels': 1}
Total number of parameters is 137330
Epoch: 040, train loss: 0.0011, valid loss: 0.0000, Cost Time: 8.1498s
Epoch: 020, train loss: 0.0056, valid loss: 0.0002, Cost Time: 1.3753s
Epoch: 040, train loss: 0.0000, valid loss: 0.1249, Cost Time: 3.4974s
Saved ('GraphSAGE', 'original', 'CN', 0.0461680106818676) to ./results/GraphSAGE2CN_ddi.csv
{'dropout': 0,
 'emb': False,
 'hidden_channels': 64,
 'in_channels': 'None',
 'num_layers': 2,
 'out_channels': 128}
{'product': 'dot',
 'score_cat_n2v_feat': False,
 'score_cat_node_feat_mf': False,
 'score_dropout': 0.1,
 'score_gin_mlp_layer': 2,
 'score_hidden_channels': 64,
 'score_in_channels': 128,
 'score_num_layers': 2,
 'score_num_layers_predictor': 3,
 'score_out_channels': 1}
Total number of parameters is 571073
Epoch: 040, train loss: 0.0005, valid loss: 0.0002, Cost Time: 1.3689s
layers in sage:  2
Epoch: 060, train loss: 0.0002, valid loss: 0.0001, Cost Time: 1.4564s
Epoch: 060, train loss: 0.0000, valid loss: 0.1248, Cost Time: 3.3857s
Epoch: 080, train loss: 0.0002, valid loss: 0.0000, Cost Time: 1.3956s
Epoch: 060, train loss: 0.0011, valid loss: 0.0000, Cost Time: 8.0125s
Epoch: 100, train loss: 0.0005, valid loss: 0.0004, Cost Time: 1.3704s
Epoch: 080, train loss: 0.0000, valid loss: 0.1235, Cost Time: 3.5866s
Epoch: 020, train loss: 1.9512, valid loss: 2.0000, Cost Time: 11.1917s
Epoch: 100, train loss: 0.0000, valid loss: 0.1196, Cost Time: 3.5745s
Saved ('LINKX', 'one-hot', 'CN', 0.019493117928504944) to ./results/LINKX2CN_ddi.csv
{'hidden_channels': 16,
 'num_edge_layers': 1,
 'num_layers': 1,
 'num_node_layers': 1,
 'out_channels': 1}
{'product': 'dot',
 'score_cat_n2v_feat': False,
 'score_cat_node_feat_mf': False,
 'score_dropout': 0.1,
 'score_gin_mlp_layer': 2,
 'score_hidden_channels': 64,
 'score_in_channels': 64,
 'score_num_layers': 2,
 'score_num_layers_predictor': 3,
 'score_out_channels': 1}
Total number of parameters is 137330
Epoch: 020, train loss: 0.0026, valid loss: 0.0000, Cost Time: 1.4840s
Epoch: 080, train loss: 0.0011, valid loss: 0.0000, Cost Time: 7.9134s
Epoch: 040, train loss: 0.0010, valid loss: 0.0263, Cost Time: 1.4848s
Saved ('Custom_GCN', 'one-hot', 'CN', 1.1741931871256384e-09) to ./results/Custom_GCN2CN_ddi.csv
{'dropout': 0,
 'hidden_channels': 32,
 'in_channels': 'None',
 'negative_slope': 0.1,
 'num_layers': 2,
 'out_channels': 32}
{'product': 'inner',
 'score_cat_n2v_feat': False,
 'score_cat_node_feat_mf': False,
 'score_dropout': 0.1,
 'score_gin_mlp_layer': 2,
 'score_hidden_channels': 64,
 'score_in_channels': 32,
 'score_num_layers': 2,
 'score_num_layers_predictor': 3,
 'score_out_channels': 1}
Total number of parameters is 139809
layers in gcn:  2
Epoch: 060, train loss: 0.0003, valid loss: 0.0274, Cost Time: 1.4174s
Epoch: 040, train loss: 0.0011, valid loss: 0.0000, Cost Time: 10.9756s
Epoch: 080, train loss: 0.0002, valid loss: 0.0306, Cost Time: 1.3639s
Epoch: 020, train loss: 0.0727, valid loss: 0.0033, Cost Time: 3.6076s
Epoch: 100, train loss: 0.0002, valid loss: 0.0159, Cost Time: 1.3960s
Epoch: 100, train loss: 0.0011, valid loss: 0.0000, Cost Time: 7.4589s
Epoch: 040, train loss: 0.0204, valid loss: 0.0557, Cost Time: 3.6065s
Saved ('LINKX', 'one-hot', 'CN', 0.025145933032035828) to ./results/LINKX2CN_ddi.csv
{'hidden_channels': 16,
 'num_edge_layers': 1,
 'num_layers': 1,
 'num_node_layers': 1,
 'out_channels': 1}
{'product': 'dot',
 'score_cat_n2v_feat': False,
 'score_cat_node_feat_mf': False,
 'score_dropout': 0.1,
 'score_gin_mlp_layer': 2,
 'score_hidden_channels': 64,
 'score_in_channels': 64,
 'score_num_layers': 2,
 'score_num_layers_predictor': 3,
 'score_out_channels': 1}
Total number of parameters is 137330
Saved ('Custom_GAT', 'original', 'CN', 0.0) to ./results/Custom_GAT2CN_ddi.csv
{'dropout': 0,
 'emb': False,
 'heads': 4,
 'hidden_channels': 32,
 'in_channels': 'None',
 'negative_slope': 0.1,
 'num_layers': 2,
 'out_channels': 32}
{'product': 'dot',
 'score_cat_n2v_feat': False,
 'score_cat_node_feat_mf': False,
 'score_dropout': 0.1,
 'score_gin_mlp_layer': 2,
 'score_hidden_channels': 64,
 'score_in_channels': 32,
 'score_num_layers': 2,
 'score_num_layers_predictor': 3,
 'score_out_channels': 1}
Total number of parameters is 139937
layers in gat:  2
Epoch: 060, train loss: 0.0011, valid loss: 0.0000, Cost Time: 11.0078s
Epoch: 060, train loss: 0.0027, valid loss: 0.0025, Cost Time: 3.6318s
Epoch: 020, train loss: 0.0460, valid loss: 0.0210, Cost Time: 1.3424s
Epoch: 040, train loss: 0.0000, valid loss: 0.1180, Cost Time: 1.5974s
Epoch: 080, train loss: 0.0030, valid loss: 0.0062, Cost Time: 3.3086s
Epoch: 060, train loss: 0.0000, valid loss: 0.3043, Cost Time: 1.4664s
Epoch: 080, train loss: 0.0000, valid loss: 0.2806, Cost Time: 1.5730s
Epoch: 100, train loss: 0.0027, valid loss: 0.0365, Cost Time: 3.4433s
Epoch: 020, train loss: 0.0362, valid loss: 0.0002, Cost Time: 8.3430s
Epoch: 080, train loss: 0.0011, valid loss: 0.0000, Cost Time: 11.5387s
Epoch: 100, train loss: 0.0000, valid loss: 0.2866, Cost Time: 1.4543s
Saved ('Custom_GCN', 'one-hot', 'CN', 0.04255514219403267) to ./results/Custom_GCN2CN_ddi.csv
{'dropout': 0,
 'hidden_channels': 32,
 'in_channels': 'None',
 'negative_slope': 0.1,
 'num_layers': 2,
 'out_channels': 32}
{'product': 'inner',
 'score_cat_n2v_feat': False,
 'score_cat_node_feat_mf': False,
 'score_dropout': 0.1,
 'score_gin_mlp_layer': 2,
 'score_hidden_channels': 64,
 'score_in_channels': 32,
 'score_num_layers': 2,
 'score_num_layers_predictor': 3,
 'score_out_channels': 1}
Total number of parameters is 139809
layers in gcn:  2
Saved ('LINKX', 'one-hot', 'CN', 0.3270133435726166) to ./results/LINKX2CN_ddi.csv
{'hidden_channels': 16,
 'num_edge_layers': 1,
 'num_layers': 1,
 'num_node_layers': 1,
 'out_channels': 1}
{'product': 'dot',
 'score_cat_n2v_feat': False,
 'score_cat_node_feat_mf': False,
 'score_dropout': 0.1,
 'score_gin_mlp_layer': 2,
 'score_hidden_channels': 64,
 'score_in_channels': 64,
 'score_num_layers': 2,
 'score_num_layers_predictor': 3,
 'score_out_channels': 1}
Total number of parameters is 137330
Epoch: 040, train loss: 0.0362, valid loss: 0.0002, Cost Time: 7.9010s
Epoch: 020, train loss: 0.0040, valid loss: 0.0336, Cost Time: 3.3531s
Epoch: 020, train loss: 0.0000, valid loss: 0.0701, Cost Time: 1.3821s
Epoch: 100, train loss: 0.0011, valid loss: 0.0000, Cost Time: 10.6692s
Epoch: 040, train loss: 0.0000, valid loss: 0.0810, Cost Time: 1.2806s
Epoch: 040, train loss: 0.0071, valid loss: 0.0362, Cost Time: 3.3215s
Epoch: 060, train loss: 0.0000, valid loss: 0.0870, Cost Time: 1.3742s
Epoch: 080, train loss: 0.0000, valid loss: 0.0747, Cost Time: 1.3397s
Saved ('GraphSAGE', 'original', 'CN', 0.0) to ./results/GraphSAGE2CN_ddi.csv
{'dropout': 0,
 'emb': False,
 'hidden_channels': 64,
 'in_channels': 'None',
 'num_layers': 2,
 'out_channels': 128}
{'product': 'dot',
 'score_cat_n2v_feat': False,
 'score_cat_node_feat_mf': False,
 'score_dropout': 0.1,
 'score_gin_mlp_layer': 2,
 'score_hidden_channels': 64,
 'score_in_channels': 128,
 'score_num_layers': 2,
 'score_num_layers_predictor': 3,
 'score_out_channels': 1}
Total number of parameters is 571073
layers in sage:  2
Epoch: 060, train loss: 0.0070, valid loss: 0.0360, Cost Time: 3.5026s
Epoch: 060, train loss: 0.0362, valid loss: 0.0002, Cost Time: 7.9765s
Epoch: 100, train loss: 0.0000, valid loss: 0.0761, Cost Time: 1.5675s
Epoch: 080, train loss: 0.0055, valid loss: 0.0312, Cost Time: 3.3381s
Saved ('LINKX', 'random', 'CN', 0.04122167453169823) to ./results/LINKX2CN_ddi.csv
{'hidden_channels': 16,
 'num_edge_layers': 1,
 'num_layers': 1,
 'num_node_layers': 1,
 'out_channels': 1}
{'product': 'dot',
 'score_cat_n2v_feat': False,
 'score_cat_node_feat_mf': False,
 'score_dropout': 0.1,
 'score_gin_mlp_layer': 2,
 'score_hidden_channels': 64,
 'score_in_channels': 64,
 'score_num_layers': 2,
 'score_num_layers_predictor': 3,
 'score_out_channels': 1}
Total number of parameters is 137330
Epoch: 100, train loss: 0.0050, valid loss: 0.0293, Cost Time: 3.6097s
Epoch: 020, train loss: 0.1250, valid loss: 0.0000, Cost Time: 1.5275s
Epoch: 020, train loss: 0.0362, valid loss: 0.0002, Cost Time: 10.5570s
Epoch: 080, train loss: 0.0362, valid loss: 0.0002, Cost Time: 7.6831s
Epoch: 040, train loss: 0.1250, valid loss: 0.0000, Cost Time: 1.4810s
Epoch: 060, train loss: 0.1250, valid loss: 0.0000, Cost Time: 1.4597s
Saved ('Custom_GCN', 'one-hot', 'CN', 0.0013253663200885057) to ./results/Custom_GCN2CN_ddi.csv
{'dropout': 0,
 'hidden_channels': 32,
 'in_channels': 'None',
 'negative_slope': 0.1,
 'num_layers': 2,
 'out_channels': 32}
{'product': 'inner',
 'score_cat_n2v_feat': False,
 'score_cat_node_feat_mf': False,
 'score_dropout': 0.1,
 'score_gin_mlp_layer': 2,
 'score_hidden_channels': 64,
 'score_in_channels': 32,
 'score_num_layers': 2,
 'score_num_layers_predictor': 3,
 'score_out_channels': 1}
Total number of parameters is 139809
layers in gcn:  2
Epoch: 080, train loss: 0.1250, valid loss: 0.0002, Cost Time: 1.3588s
Epoch: 100, train loss: 0.1250, valid loss: 0.0211, Cost Time: 1.4219s
Epoch: 100, train loss: 0.0362, valid loss: 0.0002, Cost Time: 6.7663s
Epoch: 020, train loss: 0.0002, valid loss: 0.1148, Cost Time: 3.7978s
Epoch: 040, train loss: 0.0362, valid loss: 0.0001, Cost Time: 10.7670s
Epoch: 040, train loss: 0.0000, valid loss: 0.1250, Cost Time: 3.6706s
Saved ('LINKX', 'random', 'CN', 0.11902996152639389) to ./results/LINKX2CN_ddi.csv
{'hidden_channels': 16,
 'num_edge_layers': 1,
 'num_layers': 1,
 'num_node_layers': 1,
 'out_channels': 1}
{'product': 'dot',
 'score_cat_n2v_feat': False,
 'score_cat_node_feat_mf': False,
 'score_dropout': 0.1,
 'score_gin_mlp_layer': 2,
 'score_hidden_channels': 64,
 'score_in_channels': 64,
 'score_num_layers': 2,
 'score_num_layers_predictor': 3,
 'score_out_channels': 1}
Total number of parameters is 137330
Saved ('Custom_GAT', 'original', 'CN', 0.12499994039535522) to ./results/Custom_GAT2CN_ddi.csv
{'dropout': 0,
 'emb': False,
 'heads': 4,
 'hidden_channels': 32,
 'in_channels': 'None',
 'negative_slope': 0.1,
 'num_layers': 2,
 'out_channels': 32}
{'product': 'dot',
 'score_cat_n2v_feat': False,
 'score_cat_node_feat_mf': False,
 'score_dropout': 0.1,
 'score_gin_mlp_layer': 2,
 'score_hidden_channels': 64,
 'score_in_channels': 32,
 'score_num_layers': 2,
 'score_num_layers_predictor': 3,
 'score_out_channels': 1}
Total number of parameters is 139937
layers in gat:  2
Epoch: 020, train loss: 0.0071, valid loss: 0.0362, Cost Time: 1.4680s
Epoch: 060, train loss: 0.0000, valid loss: 0.1249, Cost Time: 3.3397s
Epoch: 040, train loss: 0.0071, valid loss: 0.0436, Cost Time: 1.6322s
Epoch: 060, train loss: 0.0362, valid loss: 0.2098, Cost Time: 10.8428s
Epoch: 060, train loss: 0.0071, valid loss: 0.0563, Cost Time: 1.5569s
Epoch: 080, train loss: 0.0000, valid loss: 0.1237, Cost Time: 3.5934s
Epoch: 080, train loss: 0.0071, valid loss: 0.0501, Cost Time: 1.4164s
Epoch: 020, train loss: 0.0363, valid loss: 0.0000, Cost Time: 7.9786s
Epoch: 100, train loss: 0.0071, valid loss: 0.0790, Cost Time: 1.3991s
Epoch: 100, train loss: 0.0000, valid loss: 0.1198, Cost Time: 3.6703s
Epoch: 080, train loss: 0.0362, valid loss: 0.4126, Cost Time: 12.2578s
Saved ('LINKX', 'random', 'CN', 0.014650121331214905) to ./results/LINKX2CN_ddi.csv
{'hidden_channels': 16,
 'num_edge_layers': 1,
 'num_layers': 1,
 'num_node_layers': 1,
 'out_channels': 1}
{'product': 'dot',
 'score_cat_n2v_feat': False,
 'score_cat_node_feat_mf': False,
 'score_dropout': 0.1,
 'score_gin_mlp_layer': 2,
 'score_hidden_channels': 64,
 'score_in_channels': 64,
 'score_num_layers': 2,
 'score_num_layers_predictor': 3,
 'score_out_channels': 1}
Total number of parameters is 137330
Saved ('Custom_GCN', 'one-hot', 'CN', 0.00654205959290266) to ./results/Custom_GCN2CN_ddi.csv
{'dropout': 0,
 'hidden_channels': 32,
 'in_channels': 'None',
 'negative_slope': 0.1,
 'num_layers': 2,
 'out_channels': 32}
{'product': 'inner',
 'score_cat_n2v_feat': False,
 'score_cat_node_feat_mf': False,
 'score_dropout': 0.1,
 'score_gin_mlp_layer': 2,
 'score_hidden_channels': 64,
 'score_in_channels': 32,
 'score_num_layers': 2,
 'score_num_layers_predictor': 3,
 'score_out_channels': 1}
Total number of parameters is 139809
layers in gcn:  2
Epoch: 040, train loss: 0.0363, valid loss: 0.0000, Cost Time: 7.8639s
Epoch: 020, train loss: 0.0000, valid loss: 0.1250, Cost Time: 1.3689s
Epoch: 040, train loss: 0.0000, valid loss: 0.1250, Cost Time: 1.4818s
Epoch: 020, train loss: 0.0003, valid loss: 0.0001, Cost Time: 3.4680s
Epoch: 060, train loss: 0.0000, valid loss: 0.1250, Cost Time: 1.4033s
Epoch: 080, train loss: 0.0000, valid loss: 0.1224, Cost Time: 1.5656s
Epoch: 100, train loss: 0.0362, valid loss: 0.4691, Cost Time: 10.9599s
Epoch: 040, train loss: 0.0011, valid loss: 0.0000, Cost Time: 3.6304s
Epoch: 060, train loss: 0.0363, valid loss: 0.0000, Cost Time: 7.5347s
Epoch: 100, train loss: 0.0000, valid loss: 0.0881, Cost Time: 1.3001s
Epoch: 060, train loss: 0.0011, valid loss: 0.0000, Cost Time: 3.7048s
Saved ('GraphSAGE', 'original', 'CN', 0.360225111246109) to ./results/GraphSAGE2CN_ddi.csv
{'dropout': 0,
 'emb': False,
 'hidden_channels': 64,
 'in_channels': 'None',
 'num_layers': 2,
 'out_channels': 128}
{'product': 'dot',
 'score_cat_n2v_feat': False,
 'score_cat_node_feat_mf': False,
 'score_dropout': 0.1,
 'score_gin_mlp_layer': 2,
 'score_hidden_channels': 64,
 'score_in_channels': 128,
 'score_num_layers': 2,
 'score_num_layers_predictor': 3,
 'score_out_channels': 1}
Total number of parameters is 571073
layers in sage:  2
Saved ('LINKX', 'random', 'CN', 0.06840510666370392) to ./results/LINKX2CN_ddi.csv
{'hidden_channels': 16,
 'num_edge_layers': 1,
 'num_layers': 1,
 'num_node_layers': 1,
 'out_channels': 1}
{'product': 'dot',
 'score_cat_n2v_feat': False,
 'score_cat_node_feat_mf': False,
 'score_dropout': 0.1,
 'score_gin_mlp_layer': 2,
 'score_hidden_channels': 64,
 'score_in_channels': 64,
 'score_num_layers': 2,
 'score_num_layers_predictor': 3,
 'score_out_channels': 1}
Total number of parameters is 137330
Epoch: 080, train loss: 0.0010, valid loss: 0.0000, Cost Time: 3.7700s
Epoch: 020, train loss: 0.0011, valid loss: 0.0000, Cost Time: 1.3659s
Epoch: 080, train loss: 0.0363, valid loss: 0.0000, Cost Time: 7.6154s
Epoch: 040, train loss: 0.0011, valid loss: 0.0000, Cost Time: 1.3707s
Epoch: 100, train loss: 0.0006, valid loss: 0.0000, Cost Time: 3.4278s
Epoch: 060, train loss: 0.0011, valid loss: 0.0000, Cost Time: 1.4512s
Epoch: 020, train loss: 1.7493, valid loss: 2.0000, Cost Time: 11.2833s
Epoch: 080, train loss: 0.0011, valid loss: 0.0000, Cost Time: 1.5845s
Saved ('Custom_GCN', 'one-hot', 'CN', 2.2244491901801666e-06) to ./results/Custom_GCN2CN_ddi.csv
{'dropout': 0,
 'hidden_channels': 32,
 'in_channels': 'None',
 'negative_slope': 0.1,
 'num_layers': 2,
 'out_channels': 32}
{'product': 'inner',
 'score_cat_n2v_feat': False,
 'score_cat_node_feat_mf': False,
 'score_dropout': 0.1,
 'score_gin_mlp_layer': 2,
 'score_hidden_channels': 64,
 'score_in_channels': 32,
 'score_num_layers': 2,
 'score_num_layers_predictor': 3,
 'score_out_channels': 1}
Total number of parameters is 139809
layers in gcn:  2
Epoch: 100, train loss: 0.0011, valid loss: 0.0013, Cost Time: 1.5328s
Epoch: 100, train loss: 0.0363, valid loss: 0.0000, Cost Time: 7.8753s
Epoch: 020, train loss: 0.0157, valid loss: 0.0028, Cost Time: 3.6786s
Saved ('LINKX', 'random', 'CN', 2.663470013430924e-07) to ./results/LINKX2CN_ddi.csv
{'hidden_channels': 16,
 'num_edge_layers': 1,
 'num_layers': 1,
 'num_node_layers': 1,
 'out_channels': 1}
{'product': 'dot',
 'score_cat_n2v_feat': False,
 'score_cat_node_feat_mf': False,
 'score_dropout': 0.1,
 'score_gin_mlp_layer': 2,
 'score_hidden_channels': 64,
 'score_in_channels': 64,
 'score_num_layers': 2,
 'score_num_layers_predictor': 3,
 'score_out_channels': 1}
Total number of parameters is 137330
Saved ('Custom_GAT', 'original', 'CN', 0.125) to ./results/Custom_GAT2CN_ddi.csv
{'dropout': 0,
 'emb': False,
 'heads': 4,
 'hidden_channels': 32,
 'in_channels': 'None',
 'negative_slope': 0.1,
 'num_layers': 2,
 'out_channels': 32}
{'product': 'dot',
 'score_cat_n2v_feat': False,
 'score_cat_node_feat_mf': False,
 'score_dropout': 0.1,
 'score_gin_mlp_layer': 2,
 'score_hidden_channels': 64,
 'score_in_channels': 32,
 'score_num_layers': 2,
 'score_num_layers_predictor': 3,
 'score_out_channels': 1}
Total number of parameters is 139937
Epoch: 040, train loss: 1.4050, valid loss: 0.9122, Cost Time: 11.3937s
layers in gat:  2
Epoch: 020, train loss: 0.0362, valid loss: 0.0015, Cost Time: 1.4239s
Epoch: 040, train loss: 0.0186, valid loss: 0.0106, Cost Time: 3.4745s
Epoch: 040, train loss: 0.0362, valid loss: 0.0022, Cost Time: 1.4415s
Epoch: 060, train loss: 0.0362, valid loss: 0.0530, Cost Time: 1.3721s
Epoch: 060, train loss: 0.0096, valid loss: 0.0174, Cost Time: 3.4781s
Epoch: 080, train loss: 0.0362, valid loss: 0.0569, Cost Time: 1.3451s
Epoch: 020, train loss: 0.1250, valid loss: 0.0000, Cost Time: 7.2196s
Epoch: 080, train loss: 0.0074, valid loss: 0.0284, Cost Time: 3.7985s
Epoch: 100, train loss: 0.0362, valid loss: 0.0795, Cost Time: 1.5819s
Epoch: 060, train loss: 0.0363, valid loss: 0.0000, Cost Time: 11.1336s
Epoch: 100, train loss: 0.0011, valid loss: 0.0440, Cost Time: 3.7043s
Saved ('LINKX', 'random', 'CN', 0.13392139971256256) to ./results/LINKX2CN_ddi.csv
{'hidden_channels': 16,
 'num_edge_layers': 1,
 'num_layers': 1,
 'num_node_layers': 1,
 'out_channels': 1}
{'product': 'dot',
 'score_cat_n2v_feat': False,
 'score_cat_node_feat_mf': False,
 'score_dropout': 0.1,
 'score_gin_mlp_layer': 2,
 'score_hidden_channels': 64,
 'score_in_channels': 64,
 'score_num_layers': 2,
 'score_num_layers_predictor': 3,
 'score_out_channels': 1}
Total number of parameters is 137330
Epoch: 020, train loss: 0.0363, valid loss: 0.0380, Cost Time: 1.5539s
Epoch: 040, train loss: 0.1250, valid loss: 0.0000, Cost Time: 7.7675s
Saved ('Custom_GCN', 'one-hot', 'CN', 0.019350681453943253) to ./results/Custom_GCN2CN_ddi.csv
{'dropout': 0,
 'hidden_channels': 32,
 'in_channels': 'None',
 'negative_slope': 0.1,
 'num_layers': 2,
 'out_channels': 32}
{'product': 'inner',
 'score_cat_n2v_feat': False,
 'score_cat_node_feat_mf': False,
 'score_dropout': 0.1,
 'score_gin_mlp_layer': 2,
 'score_hidden_channels': 64,
 'score_in_channels': 32,
 'score_num_layers': 2,
 'score_num_layers_predictor': 3,
 'score_out_channels': 1}
Total number of parameters is 139809
Epoch: 040, train loss: 0.0363, valid loss: 0.0276, Cost Time: 1.3940s
layers in gcn:  2
Epoch: 080, train loss: 0.0363, valid loss: 0.0000, Cost Time: 11.9630s
Epoch: 060, train loss: 0.0363, valid loss: 0.1227, Cost Time: 1.5517s
Epoch: 020, train loss: 0.0240, valid loss: 0.0000, Cost Time: 3.5906s
Epoch: 080, train loss: 0.0363, valid loss: 0.0472, Cost Time: 1.5356s
Epoch: 060, train loss: 0.1250, valid loss: 0.0000, Cost Time: 7.1654s
Epoch: 100, train loss: 0.0363, valid loss: 0.1352, Cost Time: 1.2842s
Epoch: 040, train loss: 0.0181, valid loss: 0.0070, Cost Time: 3.5720s
Epoch: 100, train loss: 0.0363, valid loss: 0.0000, Cost Time: 11.8635s
Saved ('LINKX', 'random', 'CN', 0.15896904468536377) to ./results/LINKX2CN_ddi.csv
{'hidden_channels': 16,
 'num_edge_layers': 1,
 'num_layers': 1,
 'num_node_layers': 1,
 'out_channels': 1}
{'product': 'dot',
 'score_cat_n2v_feat': False,
 'score_cat_node_feat_mf': False,
 'score_dropout': 0.1,
 'score_gin_mlp_layer': 2,
 'score_hidden_channels': 64,
 'score_in_channels': 64,
 'score_num_layers': 2,
 'score_num_layers_predictor': 3,
 'score_out_channels': 1}
Total number of parameters is 137330
Epoch: 060, train loss: 0.0043, valid loss: 0.0005, Cost Time: 3.3821s
Epoch: 020, train loss: 0.1250, valid loss: 0.2397, Cost Time: 1.3770s
Epoch: 080, train loss: 0.1250, valid loss: 0.0000, Cost Time: 6.8621s
Saved ('GraphSAGE', 'original', 'CN', 0.01128685288131237) to ./results/GraphSAGE2CN_ddi.csv
{'dropout': 0,
 'emb': False,
 'hidden_channels': 64,
 'in_channels': 'None',
 'num_layers': 2,
 'out_channels': 128}
{'product': 'dot',
 'score_cat_n2v_feat': False,
 'score_cat_node_feat_mf': False,
 'score_dropout': 0.1,
 'score_gin_mlp_layer': 2,
 'score_hidden_channels': 64,
 'score_in_channels': 128,
 'score_num_layers': 2,
 'score_num_layers_predictor': 3,
 'score_out_channels': 1}
Total number of parameters is 571073
Epoch: 040, train loss: 0.1250, valid loss: 0.6609, Cost Time: 1.4488s
Epoch: 080, train loss: 0.0004, valid loss: 0.0000, Cost Time: 3.5736s
layers in sage:  2
Epoch: 060, train loss: 0.1250, valid loss: 0.2107, Cost Time: 1.2928s
Epoch: 080, train loss: 0.1250, valid loss: 0.1997, Cost Time: 1.4609s
Epoch: 100, train loss: 0.0003, valid loss: 0.0000, Cost Time: 3.5195s
Epoch: 100, train loss: 0.1250, valid loss: 0.0000, Cost Time: 7.4725s
Epoch: 100, train loss: 0.1250, valid loss: 0.1976, Cost Time: 1.3328s
Epoch: 020, train loss: 0.1250, valid loss: 0.0000, Cost Time: 12.5811s
Saved ('Custom_GCN', 'one-hot', 'CN', 0.04604138061404228) to ./results/Custom_GCN2CN_ddi.csv
{'dropout': 0,
 'hidden_channels': 32,
 'in_channels': 'None',
 'negative_slope': 0.1,
 'num_layers': 2,
 'out_channels': 32}
{'product': 'inner',
 'score_cat_n2v_feat': False,
 'score_cat_node_feat_mf': False,
 'score_dropout': 0.1,
 'score_gin_mlp_layer': 2,
 'score_hidden_channels': 64,
 'score_in_channels': 32,
 'score_num_layers': 2,
 'score_num_layers_predictor': 3,
 'score_out_channels': 1}
Total number of parameters is 139809
layers in gcn:  2
Saved ('Custom_GAT', 'original', 'CN', 0.00016175238124560565) to ./results/Custom_GAT2CN_ddi.csv
{'dropout': 0,
 'emb': False,
 'heads': 4,
 'hidden_channels': 32,
 'in_channels': 'None',
 'negative_slope': 0.1,
 'num_layers': 2,
 'out_channels': 32}
{'product': 'dot',
 'score_cat_n2v_feat': False,
 'score_cat_node_feat_mf': False,
 'score_dropout': 0.1,
 'score_gin_mlp_layer': 2,
 'score_hidden_channels': 64,
 'score_in_channels': 32,
 'score_num_layers': 2,
 'score_num_layers_predictor': 3,
 'score_out_channels': 1}
Total number of parameters is 139937
layers in gat:  2
Saved ('LINKX', 'random', 'CN', 0.21547994017601013) to ./results/LINKX2CN_ddi.csv
{'hidden_channels': 16,
 'num_edge_layers': 1,
 'num_layers': 1,
 'num_node_layers': 1,
 'out_channels': 1}
{'product': 'dot',
 'score_cat_n2v_feat': False,
 'score_cat_node_feat_mf': False,
 'score_dropout': 0.1,
 'score_gin_mlp_layer': 2,
 'score_hidden_channels': 64,
 'score_in_channels': 64,
 'score_num_layers': 2,
 'score_num_layers_predictor': 3,
 'score_out_channels': 1}
Total number of parameters is 137330
Epoch: 020, train loss: 0.0734, valid loss: 0.0011, Cost Time: 3.3635s
Epoch: 020, train loss: 0.0000, valid loss: 0.0597, Cost Time: 1.3723s
Epoch: 040, train loss: 0.0000, valid loss: 0.0666, Cost Time: 1.5785s
Epoch: 040, train loss: 0.0243, valid loss: 0.0010, Cost Time: 3.5866s
Epoch: 060, train loss: 0.0000, valid loss: 0.0562, Cost Time: 1.5675s
Epoch: 040, train loss: 0.1250, valid loss: 0.0000, Cost Time: 10.6082s
Epoch: 020, train loss: 0.0000, valid loss: 0.1249, Cost Time: 6.6200s
Epoch: 080, train loss: 0.0000, valid loss: 0.0470, Cost Time: 1.5211s
Epoch: 060, train loss: 0.0020, valid loss: 0.0002, Cost Time: 3.4333s
Epoch: 100, train loss: 0.0000, valid loss: 0.0402, Cost Time: 1.3810s
Epoch: 080, train loss: 0.0008, valid loss: 0.0005, Cost Time: 3.6002s
Epoch: 040, train loss: 0.0000, valid loss: 0.1250, Cost Time: 7.1497s
Saved ('LINKX', 'adjacency', 'CN', 1.031430940656719e-09) to ./results/LINKX2CN_ddi.csv
{'hidden_channels': 16,
 'num_edge_layers': 1,
 'num_layers': 1,
 'num_node_layers': 1,
 'out_channels': 1}
{'product': 'dot',
 'score_cat_n2v_feat': False,
 'score_cat_node_feat_mf': False,
 'score_dropout': 0.1,
 'score_gin_mlp_layer': 2,
 'score_hidden_channels': 64,
 'score_in_channels': 64,
 'score_num_layers': 2,
 'score_num_layers_predictor': 3,
 'score_out_channels': 1}
Total number of parameters is 137330
Epoch: 060, train loss: 0.1250, valid loss: 0.0000, Cost Time: 10.8283s
Epoch: 020, train loss: 0.0012, valid loss: 0.4308, Cost Time: 1.5835s
Epoch: 100, train loss: 0.0007, valid loss: 0.0005, Cost Time: 3.6457s
Epoch: 040, train loss: 0.0001, valid loss: 0.1596, Cost Time: 1.6088s
Epoch: 060, train loss: 0.0004, valid loss: 0.1361, Cost Time: 1.4848s
Saved ('Custom_GCN', 'one-hot', 'CN', 0.013469651341438293) to ./results/Custom_GCN2CN_ddi.csv
{'dropout': 0,
 'hidden_channels': 32,
 'in_channels': 'None',
 'negative_slope': 0.1,
 'num_layers': 2,
 'out_channels': 32}
{'product': 'inner',
 'score_cat_n2v_feat': False,
 'score_cat_node_feat_mf': False,
 'score_dropout': 0.1,
 'score_gin_mlp_layer': 2,
 'score_hidden_channels': 64,
 'score_in_channels': 32,
 'score_num_layers': 2,
 'score_num_layers_predictor': 3,
 'score_out_channels': 1}
Total number of parameters is 139809
Epoch: 060, train loss: 0.0000, valid loss: 0.1250, Cost Time: 7.1557s
layers in gcn:  2
Epoch: 080, train loss: 0.0008, valid loss: 0.1885, Cost Time: 1.3413s
Epoch: 080, train loss: 0.1250, valid loss: 0.0756, Cost Time: 11.2418s
Epoch: 100, train loss: 0.0000, valid loss: 0.1741, Cost Time: 1.4081s
Epoch: 020, train loss: 0.0000, valid loss: 0.1134, Cost Time: 3.4805s
Epoch: 080, train loss: 0.0000, valid loss: 0.1250, Cost Time: 7.1223s
Epoch: 040, train loss: 0.0000, valid loss: 0.0786, Cost Time: 3.6209s
Saved ('LINKX', 'adjacency', 'CN', 0.06027141213417053) to ./results/LINKX2CN_ddi.csv
{'hidden_channels': 16,
 'num_edge_layers': 1,
 'num_layers': 1,
 'num_node_layers': 1,
 'out_channels': 1}
{'product': 'dot',
 'score_cat_n2v_feat': False,
 'score_cat_node_feat_mf': False,
 'score_dropout': 0.1,
 'score_gin_mlp_layer': 2,
 'score_hidden_channels': 64,
 'score_in_channels': 64,
 'score_num_layers': 2,
 'score_num_layers_predictor': 3,
 'score_out_channels': 1}
Total number of parameters is 137330
Epoch: 020, train loss: 0.0001, valid loss: 0.0381, Cost Time: 1.5298s
Epoch: 060, train loss: 0.0000, valid loss: 0.0377, Cost Time: 3.4699s
Epoch: 100, train loss: 0.1250, valid loss: 0.3766, Cost Time: 11.4476s
Epoch: 040, train loss: 0.0001, valid loss: 0.0258, Cost Time: 1.2990s
Epoch: 060, train loss: 0.0002, valid loss: 0.0232, Cost Time: 1.4340s
Epoch: 100, train loss: 0.0000, valid loss: 0.1249, Cost Time: 6.9432s
Epoch: 080, train loss: 0.0001, valid loss: 0.0269, Cost Time: 3.3768s
Epoch: 080, train loss: 0.0001, valid loss: 0.0159, Cost Time: 1.3539s
Saved ('GraphSAGE', 'original', 'CN', 0.4042094945907593) to ./results/GraphSAGE2CN_ddi.csv
{'dropout': 0,
 'emb': False,
 'hidden_channels': 64,
 'in_channels': 'None',
 'num_layers': 2,
 'out_channels': 128}
{'product': 'dot',
 'score_cat_n2v_feat': False,
 'score_cat_node_feat_mf': False,
 'score_dropout': 0.1,
 'score_gin_mlp_layer': 2,
 'score_hidden_channels': 64,
 'score_in_channels': 128,
 'score_num_layers': 2,
 'score_num_layers_predictor': 3,
 'score_out_channels': 1}
Total number of parameters is 571073
layers in sage:  2
Epoch: 100, train loss: 0.0000, valid loss: 0.0166, Cost Time: 1.3795s
Epoch: 100, train loss: 0.0002, valid loss: 0.0275, Cost Time: 3.6629s
Saved ('Custom_GAT', 'one-hot', 'CN', 1.666500537567117e-08) to ./results/Custom_GAT2CN_ddi.csv
{'dropout': 0,
 'emb': False,
 'heads': 4,
 'hidden_channels': 32,
 'in_channels': 'None',
 'negative_slope': 0.1,
 'num_layers': 2,
 'out_channels': 32}
{'product': 'dot',
 'score_cat_n2v_feat': False,
 'score_cat_node_feat_mf': False,
 'score_dropout': 0.1,
 'score_gin_mlp_layer': 2,
 'score_hidden_channels': 64,
 'score_in_channels': 32,
 'score_num_layers': 2,
 'score_num_layers_predictor': 3,
 'score_out_channels': 1}
Total number of parameters is 139937
layers in gat:  2
Saved ('LINKX', 'adjacency', 'CN', 0.003657565452158451) to ./results/LINKX2CN_ddi.csv
{'hidden_channels': 16,
 'num_edge_layers': 1,
 'num_layers': 1,
 'num_node_layers': 1,
 'out_channels': 1}
{'product': 'dot',
 'score_cat_n2v_feat': False,
 'score_cat_node_feat_mf': False,
 'score_dropout': 0.1,
 'score_gin_mlp_layer': 2,
 'score_hidden_channels': 64,
 'score_in_channels': 64,
 'score_num_layers': 2,
 'score_num_layers_predictor': 3,
 'score_out_channels': 1}
Total number of parameters is 137330
Saved ('Custom_GCN', 'random', 'CN', 0.004124334082007408) to ./results/Custom_GCN2CN_ddi.csv
{'dropout': 0,
 'hidden_channels': 32,
 'in_channels': 'None',
 'negative_slope': 0.1,
 'num_layers': 2,
 'out_channels': 32}
{'product': 'inner',
 'score_cat_n2v_feat': False,
 'score_cat_node_feat_mf': False,
 'score_dropout': 0.1,
 'score_gin_mlp_layer': 2,
 'score_hidden_channels': 64,
 'score_in_channels': 32,
 'score_num_layers': 2,
 'score_num_layers_predictor': 3,
 'score_out_channels': 1}
Total number of parameters is 139809
layers in gcn:  2
Epoch: 020, train loss: 0.0000, valid loss: 0.0526, Cost Time: 1.3054s
Epoch: 020, train loss: 0.0000, valid loss: 0.1250, Cost Time: 11.2855s
Epoch: 040, train loss: 0.0000, valid loss: 0.0881, Cost Time: 1.5711s
Epoch: 020, train loss: 0.0956, valid loss: 0.0073, Cost Time: 6.9697s
Epoch: 020, train loss: 0.0001, valid loss: 0.0000, Cost Time: 3.4417s
Epoch: 060, train loss: 0.0000, valid loss: 0.0620, Cost Time: 1.3977s
Epoch: 080, train loss: 0.0000, valid loss: 0.0684, Cost Time: 1.4305s
Epoch: 040, train loss: 0.0000, valid loss: 0.0025, Cost Time: 3.3993s
Epoch: 100, train loss: 0.0000, valid loss: 0.0996, Cost Time: 1.4537s
Epoch: 040, train loss: 0.0741, valid loss: 0.0359, Cost Time: 6.9626s
Epoch: 060, train loss: 0.0000, valid loss: 0.0014, Cost Time: 3.6718s
Epoch: 040, train loss: 0.0000, valid loss: 0.1250, Cost Time: 11.4704s
Saved ('LINKX', 'adjacency', 'CN', 0.05601087212562561) to ./results/LINKX2CN_ddi.csv
{'hidden_channels': 16,
 'num_edge_layers': 1,
 'num_layers': 1,
 'num_node_layers': 1,
 'out_channels': 1}
{'product': 'dot',
 'score_cat_n2v_feat': False,
 'score_cat_node_feat_mf': False,
 'score_dropout': 0.1,
 'score_gin_mlp_layer': 2,
 'score_hidden_channels': 64,
 'score_in_channels': 64,
 'score_num_layers': 2,
 'score_num_layers_predictor': 3,
 'score_out_channels': 1}
Total number of parameters is 137330
Epoch: 080, train loss: 0.0001, valid loss: 0.0053, Cost Time: 3.6634s
Epoch: 020, train loss: 0.0011, valid loss: 0.0000, Cost Time: 1.4134s
Epoch: 040, train loss: 0.0011, valid loss: 0.0000, Cost Time: 1.5556s
Epoch: 060, train loss: 0.0029, valid loss: 0.0406, Cost Time: 7.0089s
Epoch: 100, train loss: 0.0001, valid loss: 0.0047, Cost Time: 3.4963s
Epoch: 060, train loss: 0.0011, valid loss: 0.0000, Cost Time: 1.4732s
Epoch: 060, train loss: 0.0000, valid loss: 0.1250, Cost Time: 11.8804s
Epoch: 080, train loss: 0.0011, valid loss: 0.0000, Cost Time: 1.3851s
Saved ('Custom_GCN', 'random', 'CN', 0.035129230469465256) to ./results/Custom_GCN2CN_ddi.csv
{'dropout': 0,
 'hidden_channels': 32,
 'in_channels': 'None',
 'negative_slope': 0.1,
 'num_layers': 2,
 'out_channels': 32}
{'product': 'inner',
 'score_cat_n2v_feat': False,
 'score_cat_node_feat_mf': False,
 'score_dropout': 0.1,
 'score_gin_mlp_layer': 2,
 'score_hidden_channels': 64,
 'score_in_channels': 32,
 'score_num_layers': 2,
 'score_num_layers_predictor': 3,
 'score_out_channels': 1}
Total number of parameters is 139809
layers in gcn:  2
Epoch: 100, train loss: 0.0011, valid loss: 0.0003, Cost Time: 1.4608s
Epoch: 080, train loss: 0.0042, valid loss: 0.0018, Cost Time: 6.9334s
Epoch: 020, train loss: 0.0071, valid loss: 0.0362, Cost Time: 3.5725s
Saved ('LINKX', 'adjacency', 'CN', 0.0) to ./results/LINKX2CN_ddi.csv
{'hidden_channels': 16,
 'num_edge_layers': 1,
 'num_layers': 1,
 'num_node_layers': 1,
 'out_channels': 1}
{'product': 'dot',
 'score_cat_n2v_feat': False,
 'score_cat_node_feat_mf': False,
 'score_dropout': 0.1,
 'score_gin_mlp_layer': 2,
 'score_hidden_channels': 64,
 'score_in_channels': 64,
 'score_num_layers': 2,
 'score_num_layers_predictor': 3,
 'score_out_channels': 1}
Total number of parameters is 137330
Epoch: 080, train loss: 0.0000, valid loss: 0.1236, Cost Time: 12.0412s
Epoch: 020, train loss: 0.0029, valid loss: 0.0368, Cost Time: 1.4791s
Epoch: 040, train loss: 0.0071, valid loss: 0.0362, Cost Time: 3.3250s
Epoch: 040, train loss: 0.0005, valid loss: 0.0328, Cost Time: 1.3325s
Epoch: 100, train loss: 0.0007, valid loss: 0.0005, Cost Time: 7.0735s
Epoch: 060, train loss: 0.0003, valid loss: 0.0193, Cost Time: 3.4633s
Epoch: 060, train loss: 0.0000, valid loss: 0.0494, Cost Time: 1.3224s
Epoch: 080, train loss: 0.0004, valid loss: 0.0002, Cost Time: 1.5145s
Epoch: 100, train loss: 0.0002, valid loss: 0.1130, Cost Time: 11.4057s
Saved ('Custom_GAT', 'one-hot', 'CN', 0.11982417106628418) to ./results/Custom_GAT2CN_ddi.csv
{'dropout': 0,
 'emb': False,
 'heads': 4,
 'hidden_channels': 32,
 'in_channels': 'None',
 'negative_slope': 0.1,
 'num_layers': 2,
 'out_channels': 32}
{'product': 'dot',
 'score_cat_n2v_feat': False,
 'score_cat_node_feat_mf': False,
 'score_dropout': 0.1,
 'score_gin_mlp_layer': 2,
 'score_hidden_channels': 64,
 'score_in_channels': 32,
 'score_num_layers': 2,
 'score_num_layers_predictor': 3,
 'score_out_channels': 1}
Total number of parameters is 139937
layers in gat:  2
Epoch: 080, train loss: 0.0002, valid loss: 0.0068, Cost Time: 3.3909s
Epoch: 100, train loss: 0.0003, valid loss: 0.0002, Cost Time: 1.3693s
Epoch: 100, train loss: 0.0004, valid loss: 0.0184, Cost Time: 3.6349s
Saved ('GraphSAGE', 'one-hot', 'CN', 0.001435543643310666) to ./results/GraphSAGE2CN_ddi.csv
{'dropout': 0,
 'emb': False,
 'hidden_channels': 64,
 'in_channels': 'None',
 'num_layers': 2,
 'out_channels': 128}
{'product': 'dot',
 'score_cat_n2v_feat': False,
 'score_cat_node_feat_mf': False,
 'score_dropout': 0.1,
 'score_gin_mlp_layer': 2,
 'score_hidden_channels': 64,
 'score_in_channels': 128,
 'score_num_layers': 2,
 'score_num_layers_predictor': 3,
 'score_out_channels': 1}
Total number of parameters is 571073
Saved ('LINKX', 'adjacency', 'CN', 0.029806600883603096) to ./results/LINKX2CN_ddi.csv
{'hidden_channels': 16,
 'num_edge_layers': 1,
 'num_layers': 1,
 'num_node_layers': 1,
 'out_channels': 1}
{'product': 'dot',
 'score_cat_n2v_feat': False,
 'score_cat_node_feat_mf': False,
 'score_dropout': 0.1,
 'score_gin_mlp_layer': 2,
 'score_hidden_channels': 64,
 'score_in_channels': 64,
 'score_num_layers': 2,
 'score_num_layers_predictor': 3,
 'score_out_channels': 1}
Total number of parameters is 137330
layers in sage:  2
Epoch: 020, train loss: 0.0069, valid loss: 0.0360, Cost Time: 6.8092s
Epoch: 020, train loss: 0.0005, valid loss: 0.0000, Cost Time: 1.5148s
Saved ('Custom_GCN', 'random', 'CN', 0.0017823618836700916) to ./results/Custom_GCN2CN_ddi.csv
{'dropout': 0,
 'hidden_channels': 32,
 'in_channels': 'None',
 'negative_slope': 0.1,
 'num_layers': 2,
 'out_channels': 32}
{'product': 'inner',
 'score_cat_n2v_feat': False,
 'score_cat_node_feat_mf': False,
 'score_dropout': 0.1,
 'score_gin_mlp_layer': 2,
 'score_hidden_channels': 64,
 'score_in_channels': 32,
 'score_num_layers': 2,
 'score_num_layers_predictor': 3,
 'score_out_channels': 1}
Total number of parameters is 139809
layers in gcn:  2
Epoch: 040, train loss: 0.0005, valid loss: 0.0000, Cost Time: 1.3498s
Epoch: 060, train loss: 0.0002, valid loss: 0.0000, Cost Time: 1.4656s
Epoch: 020, train loss: 0.0000, valid loss: 0.1250, Cost Time: 3.3964s
Epoch: 080, train loss: 0.0002, valid loss: 0.0000, Cost Time: 1.3853s
Epoch: 020, train loss: 0.0011, valid loss: 0.0003, Cost Time: 11.2705s
Epoch: 040, train loss: 0.0071, valid loss: 0.0362, Cost Time: 7.0728s
Epoch: 100, train loss: 0.0002, valid loss: 0.0562, Cost Time: 1.3530s
Epoch: 040, train loss: 0.0000, valid loss: 0.1213, Cost Time: 3.5591s
Epoch: 060, train loss: 0.0001, valid loss: 0.0722, Cost Time: 3.6141s
Saved ('LINKX', 'adjacency', 'CN', 0.024891966953873634) to ./results/LINKX2CN_ddi.csv
{'hidden_channels': 16,
 'num_edge_layers': 1,
 'num_layers': 1,
 'num_node_layers': 1,
 'out_channels': 1}
{'product': 'dot',
 'score_cat_n2v_feat': False,
 'score_cat_node_feat_mf': False,
 'score_dropout': 0.1,
 'score_gin_mlp_layer': 2,
 'score_hidden_channels': 64,
 'score_in_channels': 64,
 'score_num_layers': 2,
 'score_num_layers_predictor': 3,
 'score_out_channels': 1}
Total number of parameters is 137330
Epoch: 060, train loss: 0.0071, valid loss: 0.0362, Cost Time: 7.1529s
Epoch: 020, train loss: 0.0226, valid loss: 0.0000, Cost Time: 1.4934s
Epoch: 040, train loss: 0.0000, valid loss: 0.0013, Cost Time: 11.5629s
Epoch: 080, train loss: 0.0000, valid loss: 0.0607, Cost Time: 3.5765s
Epoch: 040, train loss: 0.0001, valid loss: 0.1107, Cost Time: 1.5751s
Epoch: 060, train loss: 0.0000, valid loss: 0.0797, Cost Time: 1.4211s
Epoch: 100, train loss: 0.0001, valid loss: 0.0591, Cost Time: 3.5247s
Epoch: 080, train loss: 0.0000, valid loss: 0.1766, Cost Time: 1.4893s
Epoch: 080, train loss: 0.0071, valid loss: 0.0362, Cost Time: 7.0871s
Epoch: 100, train loss: 0.0000, valid loss: 0.3666, Cost Time: 1.6658s
Saved ('LINKX', 'adjacency', 'CN', 0.17161951959133148) to ./results/LINKX2CN_ddi.csv
Epoch: 060, train loss: 0.0012, valid loss: 0.0257, Cost Time: 8.0850s
Saved ('Custom_GCN', 'random', 'CN', 0.004086154513061047) to ./results/Custom_GCN2CN_ddi.csv
{'dropout': 0,
 'hidden_channels': 32,
 'in_channels': 'None',
 'negative_slope': 0.1,
 'num_layers': 2,
 'out_channels': 32}
{'product': 'inner',
 'score_cat_n2v_feat': False,
 'score_cat_node_feat_mf': False,
 'score_dropout': 0.1,
 'score_gin_mlp_layer': 2,
 'score_hidden_channels': 64,
 'score_in_channels': 32,
 'score_num_layers': 2,
 'score_num_layers_predictor': 3,
 'score_out_channels': 1}
Total number of parameters is 139809
layers in gcn:  2
Epoch: 020, train loss: 0.0011, valid loss: 0.0000, Cost Time: 2.8966s
Epoch: 100, train loss: 0.0070, valid loss: 0.0360, Cost Time: 5.3905s
Epoch: 040, train loss: 0.0011, valid loss: 0.0000, Cost Time: 2.6137s
Epoch: 080, train loss: 0.0002, valid loss: 0.0185, Cost Time: 8.1113s
Saved ('Custom_GAT', 'one-hot', 'CN', 9.729944849823369e-07) to ./results/Custom_GAT2CN_ddi.csv
{'dropout': 0,
 'emb': False,
 'heads': 4,
 'hidden_channels': 32,
 'in_channels': 'None',
 'negative_slope': 0.1,
 'num_layers': 2,
 'out_channels': 32}
{'product': 'dot',
 'score_cat_n2v_feat': False,
 'score_cat_node_feat_mf': False,
 'score_dropout': 0.1,
 'score_gin_mlp_layer': 2,
 'score_hidden_channels': 64,
 'score_in_channels': 32,
 'score_num_layers': 2,
 'score_num_layers_predictor': 3,
 'score_out_channels': 1}
Total number of parameters is 139937
layers in gat:  2
Epoch: 060, train loss: 0.0001, valid loss: 0.0029, Cost Time: 3.0294s
Epoch: 080, train loss: 0.0001, valid loss: 0.0017, Cost Time: 2.8400s
Epoch: 020, train loss: 0.0000, valid loss: 0.1249, Cost Time: 4.9113s
Epoch: 100, train loss: 0.0005, valid loss: 0.0230, Cost Time: 8.7100s
Epoch: 100, train loss: 0.0001, valid loss: 0.0022, Cost Time: 3.0417s
Saved ('GraphSAGE', 'one-hot', 'CN', 0.08856766670942307) to ./results/GraphSAGE2CN_ddi.csv
{'dropout': 0,
 'emb': False,
 'hidden_channels': 64,
 'in_channels': 'None',
 'num_layers': 2,
 'out_channels': 128}
{'product': 'dot',
 'score_cat_n2v_feat': False,
 'score_cat_node_feat_mf': False,
 'score_dropout': 0.1,
 'score_gin_mlp_layer': 2,
 'score_hidden_channels': 64,
 'score_in_channels': 128,
 'score_num_layers': 2,
 'score_num_layers_predictor': 3,
 'score_out_channels': 1}
Total number of parameters is 571073
layers in sage:  2
Epoch: 040, train loss: 0.0000, valid loss: 0.1250, Cost Time: 5.8142s
Saved ('Custom_GCN', 'random', 'CN', 1.236085154232569e-05) to ./results/Custom_GCN2CN_ddi.csv
{'dropout': 0,
 'hidden_channels': 32,
 'in_channels': 'None',
 'negative_slope': 0.1,
 'num_layers': 2,
 'out_channels': 32}
{'product': 'inner',
 'score_cat_n2v_feat': False,
 'score_cat_node_feat_mf': False,
 'score_dropout': 0.1,
 'score_gin_mlp_layer': 2,
 'score_hidden_channels': 64,
 'score_in_channels': 32,
 'score_num_layers': 2,
 'score_num_layers_predictor': 3,
 'score_out_channels': 1}
Total number of parameters is 139809
layers in gcn:  2
Epoch: 020, train loss: 0.0002, valid loss: 0.0001, Cost Time: 2.9541s
Epoch: 020, train loss: 0.0071, valid loss: 0.0362, Cost Time: 7.7766s
Epoch: 060, train loss: 0.0000, valid loss: 0.1250, Cost Time: 4.8326s
Epoch: 040, train loss: 0.0000, valid loss: 0.0118, Cost Time: 2.8829s
