Configuration:
epochs: 100
dataset: ddi
batch_size: 8192
h_key: CN
model: Custom_GCN
use_feature: False
node_feature: original
use_early_stopping: False
lr: 0.01
weight_decay: 0.0005
{'dropout': 0,
 'hidden_channels': 32,
 'in_channels': 'None',
 'negative_slope': 0.1,
 'num_layers': 2,
 'out_channels': 32}
{'product': 'inner',
 'score_cat_n2v_feat': False,
 'score_cat_node_feat_mf': False,
 'score_dropout': 0.1,
 'score_gin_mlp_layer': 2,
 'score_hidden_channels': 64,
 'score_in_channels': 32,
 'score_num_layers': 2,
 'score_num_layers_predictor': 3,
 'score_out_channels': 1}
Total number of parameters is 139809
Configuration:
epochs: 100
dataset: ddi
batch_size: 8192
h_key: CN
model: Custom_GAT
use_feature: False
node_feature: original
use_early_stopping: False
lr: 0.01
weight_decay: 0.0005
{'dropout': 0,
 'emb': False,
 'heads': 4,
 'hidden_channels': 32,
 'in_channels': 'None',
 'negative_slope': 0.1,
 'num_layers': 2,
 'out_channels': 32}
{'product': 'dot',
 'score_cat_n2v_feat': False,
 'score_cat_node_feat_mf': False,
 'score_dropout': 0.1,
 'score_gin_mlp_layer': 2,
 'score_hidden_channels': 64,
 'score_in_channels': 32,
 'score_num_layers': 2,
 'score_num_layers_predictor': 3,
 'score_out_channels': 1}
Total number of parameters is 139937
layers in gcn:  2
layers in gat:  2
Epoch: 020, train loss: 0.0000, valid loss: 0.1250, Cost Time: 1.8422s
Epoch: 040, train loss: 0.0000, valid loss: 0.1250, Cost Time: 1.8391s
Epoch: 020, train loss: 0.0000, valid loss: 0.1250, Cost Time: 4.1341s
Epoch: 060, train loss: 0.0000, valid loss: 0.1250, Cost Time: 1.8139s
Epoch: 080, train loss: 0.0000, valid loss: 0.1250, Cost Time: 1.8353s
Epoch: 040, train loss: 0.0000, valid loss: 0.1250, Cost Time: 3.9529s
Epoch: 100, train loss: 0.0000, valid loss: 0.1250, Cost Time: 1.8128s
Saved ('Custom_GCN', 'original', 'CN', 1.031430940656719e-09) to ./results/Custom_GCN2CN_ddi.csv
{'dropout': 0,
 'hidden_channels': 32,
 'in_channels': 'None',
 'negative_slope': 0.1,
 'num_layers': 2,
 'out_channels': 32}
{'product': 'inner',
 'score_cat_n2v_feat': False,
 'score_cat_node_feat_mf': False,
 'score_dropout': 0.1,
 'score_gin_mlp_layer': 2,
 'score_hidden_channels': 64,
 'score_in_channels': 32,
 'score_num_layers': 2,
 'score_num_layers_predictor': 3,
 'score_out_channels': 1}
Total number of parameters is 139809
layers in gcn:  2
Epoch: 060, train loss: 0.0000, valid loss: 0.1250, Cost Time: 4.0107s
Epoch: 020, train loss: 0.1250, valid loss: 0.0000, Cost Time: 1.8142s
Epoch: 040, train loss: 0.1250, valid loss: 0.0000, Cost Time: 1.8385s
Epoch: 080, train loss: 0.0000, valid loss: 0.1250, Cost Time: 3.6957s
Epoch: 060, train loss: 0.1250, valid loss: 0.0000, Cost Time: 1.7851s
Epoch: 080, train loss: 0.1250, valid loss: 0.0000, Cost Time: 1.7641s
Epoch: 100, train loss: 0.0000, valid loss: 0.1250, Cost Time: 3.6472s
Epoch: 100, train loss: 0.1250, valid loss: 0.0000, Cost Time: 1.7858s
Saved ('Custom_GAT', 'original', 'CN', 1.031430940656719e-09) to ./results/Custom_GAT2CN_ddi.csv
{'dropout': 0,
 'emb': False,
 'heads': 4,
 'hidden_channels': 32,
 'in_channels': 'None',
 'negative_slope': 0.1,
 'num_layers': 2,
 'out_channels': 32}
{'product': 'dot',
 'score_cat_n2v_feat': False,
 'score_cat_node_feat_mf': False,
 'score_dropout': 0.1,
 'score_gin_mlp_layer': 2,
 'score_hidden_channels': 64,
 'score_in_channels': 32,
 'score_num_layers': 2,
 'score_num_layers_predictor': 3,
 'score_out_channels': 1}
Total number of parameters is 139937
layers in gat:  2
Saved ('Custom_GCN', 'original', 'CN', 0.13210467994213104) to ./results/Custom_GCN2CN_ddi.csv
{'dropout': 0,
 'hidden_channels': 32,
 'in_channels': 'None',
 'negative_slope': 0.1,
 'num_layers': 2,
 'out_channels': 32}
{'product': 'inner',
 'score_cat_n2v_feat': False,
 'score_cat_node_feat_mf': False,
 'score_dropout': 0.1,
 'score_gin_mlp_layer': 2,
 'score_hidden_channels': 64,
 'score_in_channels': 32,
 'score_num_layers': 2,
 'score_num_layers_predictor': 3,
 'score_out_channels': 1}
Total number of parameters is 139809
layers in gcn:  2
Epoch: 020, train loss: 0.0071, valid loss: 0.0362, Cost Time: 1.8258s
Epoch: 020, train loss: 0.1250, valid loss: 0.0000, Cost Time: 4.0492s
Epoch: 040, train loss: 0.0071, valid loss: 0.0362, Cost Time: 1.7669s
Epoch: 060, train loss: 0.0071, valid loss: 0.0362, Cost Time: 1.7703s
Epoch: 040, train loss: 0.1250, valid loss: 0.0000, Cost Time: 3.9725s
Epoch: 080, train loss: 0.0071, valid loss: 0.0362, Cost Time: 1.8143s
Epoch: 100, train loss: 0.0071, valid loss: 0.0362, Cost Time: 1.8897s
Epoch: 060, train loss: 0.1250, valid loss: 0.0000, Cost Time: 4.3483s
Saved ('Custom_GCN', 'original', 'CN', 0.0) to ./results/Custom_GCN2CN_ddi.csv
{'dropout': 0,
 'hidden_channels': 32,
 'in_channels': 'None',
 'negative_slope': 0.1,
 'num_layers': 2,
 'out_channels': 32}
{'product': 'inner',
 'score_cat_n2v_feat': False,
 'score_cat_node_feat_mf': False,
 'score_dropout': 0.1,
 'score_gin_mlp_layer': 2,
 'score_hidden_channels': 64,
 'score_in_channels': 32,
 'score_num_layers': 2,
 'score_num_layers_predictor': 3,
 'score_out_channels': 1}
Total number of parameters is 139809
layers in gcn:  2
Epoch: 020, train loss: 0.0000, valid loss: 0.1250, Cost Time: 1.8084s
Epoch: 080, train loss: 0.1250, valid loss: 0.0000, Cost Time: 3.5446s
Epoch: 040, train loss: 0.0000, valid loss: 0.1250, Cost Time: 1.9072s
Epoch: 060, train loss: 0.0000, valid loss: 0.1250, Cost Time: 1.9056s
Epoch: 100, train loss: 0.1250, valid loss: 0.0000, Cost Time: 3.5541s
Epoch: 080, train loss: 0.0000, valid loss: 0.1250, Cost Time: 1.8343s
Saved ('Custom_GAT', 'original', 'CN', 0.13210467994213104) to ./results/Custom_GAT2CN_ddi.csv
{'dropout': 0,
 'emb': False,
 'heads': 4,
 'hidden_channels': 32,
 'in_channels': 'None',
 'negative_slope': 0.1,
 'num_layers': 2,
 'out_channels': 32}
{'product': 'dot',
 'score_cat_n2v_feat': False,
 'score_cat_node_feat_mf': False,
 'score_dropout': 0.1,
 'score_gin_mlp_layer': 2,
 'score_hidden_channels': 64,
 'score_in_channels': 32,
 'score_num_layers': 2,
 'score_num_layers_predictor': 3,
 'score_out_channels': 1}
Total number of parameters is 139937
layers in gat:  2
Epoch: 100, train loss: 0.0000, valid loss: 0.1250, Cost Time: 1.8204s
Saved ('Custom_GCN', 'original', 'CN', 0.007105089258402586) to ./results/Custom_GCN2CN_ddi.csv
{'dropout': 0,
 'hidden_channels': 32,
 'in_channels': 'None',
 'negative_slope': 0.1,
 'num_layers': 2,
 'out_channels': 32}
{'product': 'inner',
 'score_cat_n2v_feat': False,
 'score_cat_node_feat_mf': False,
 'score_dropout': 0.1,
 'score_gin_mlp_layer': 2,
 'score_hidden_channels': 64,
 'score_in_channels': 32,
 'score_num_layers': 2,
 'score_num_layers_predictor': 3,
 'score_out_channels': 1}
Total number of parameters is 139809
layers in gcn:  2
Epoch: 020, train loss: 0.0071, valid loss: 0.0362, Cost Time: 3.9425s
Epoch: 020, train loss: 0.0011, valid loss: 0.0000, Cost Time: 1.8638s
Epoch: 040, train loss: 0.0011, valid loss: 0.0000, Cost Time: 1.8768s
Epoch: 040, train loss: 0.0071, valid loss: 0.0362, Cost Time: 3.9259s
Epoch: 060, train loss: 0.0011, valid loss: 0.0000, Cost Time: 1.7990s
Epoch: 080, train loss: 0.0011, valid loss: 0.0000, Cost Time: 1.8366s
Epoch: 060, train loss: 0.0071, valid loss: 0.0362, Cost Time: 4.1906s
Epoch: 100, train loss: 0.0011, valid loss: 0.0000, Cost Time: 1.7865s
Saved ('Custom_GCN', 'original', 'CN', 0.0) to ./results/Custom_GCN2CN_ddi.csv
{'dropout': 0,
 'hidden_channels': 32,
 'in_channels': 'None',
 'negative_slope': 0.1,
 'num_layers': 2,
 'out_channels': 32}
{'product': 'inner',
 'score_cat_n2v_feat': False,
 'score_cat_node_feat_mf': False,
 'score_dropout': 0.1,
 'score_gin_mlp_layer': 2,
 'score_hidden_channels': 64,
 'score_in_channels': 32,
 'score_num_layers': 2,
 'score_num_layers_predictor': 3,
 'score_out_channels': 1}
Total number of parameters is 139809
layers in gcn:  2
Epoch: 080, train loss: 0.0071, valid loss: 0.0362, Cost Time: 3.7749s
Epoch: 020, train loss: 0.0362, valid loss: 0.0002, Cost Time: 1.8357s
Epoch: 040, train loss: 0.0362, valid loss: 0.0002, Cost Time: 1.8349s
Epoch: 100, train loss: 0.0071, valid loss: 0.0359, Cost Time: 3.8597s
Epoch: 060, train loss: 0.0362, valid loss: 0.0002, Cost Time: 1.8048s
Saved ('Custom_GAT', 'original', 'CN', 3.004885229529464e-11) to ./results/Custom_GAT2CN_ddi.csv
{'dropout': 0,
 'emb': False,
 'heads': 4,
 'hidden_channels': 32,
 'in_channels': 'None',
 'negative_slope': 0.1,
 'num_layers': 2,
 'out_channels': 32}
{'product': 'dot',
 'score_cat_n2v_feat': False,
 'score_cat_node_feat_mf': False,
 'score_dropout': 0.1,
 'score_gin_mlp_layer': 2,
 'score_hidden_channels': 64,
 'score_in_channels': 32,
 'score_num_layers': 2,
 'score_num_layers_predictor': 3,
 'score_out_channels': 1}
Total number of parameters is 139937
layers in gat:  2
Epoch: 080, train loss: 0.0362, valid loss: 0.0002, Cost Time: 1.7688s
Epoch: 100, train loss: 0.0362, valid loss: 0.0002, Cost Time: 1.8170s
Epoch: 020, train loss: 0.0000, valid loss: 0.1250, Cost Time: 4.2197s
Saved ('Custom_GCN', 'original', 'CN', 0.12499922513961792) to ./results/Custom_GCN2CN_ddi.csv
{'dropout': 0,
 'hidden_channels': 32,
 'in_channels': 'None',
 'negative_slope': 0.1,
 'num_layers': 2,
 'out_channels': 32}
{'product': 'inner',
 'score_cat_n2v_feat': False,
 'score_cat_node_feat_mf': False,
 'score_dropout': 0.1,
 'score_gin_mlp_layer': 2,
 'score_hidden_channels': 64,
 'score_in_channels': 32,
 'score_num_layers': 2,
 'score_num_layers_predictor': 3,
 'score_out_channels': 1}
Total number of parameters is 139809
layers in gcn:  2
Epoch: 020, train loss: 0.0363, valid loss: 0.0000, Cost Time: 1.7743s
Epoch: 040, train loss: 0.0000, valid loss: 0.1250, Cost Time: 3.9689s
Epoch: 040, train loss: 0.0363, valid loss: 0.0000, Cost Time: 1.7712s
Epoch: 060, train loss: 0.0363, valid loss: 0.0000, Cost Time: 1.7313s
Epoch: 060, train loss: 0.0000, valid loss: 0.1250, Cost Time: 3.9565s
Epoch: 080, train loss: 0.0363, valid loss: 0.0000, Cost Time: 1.8229s
Epoch: 100, train loss: 0.0363, valid loss: 0.0000, Cost Time: 1.7677s
Epoch: 080, train loss: 0.0000, valid loss: 0.1250, Cost Time: 4.3613s
Saved ('Custom_GCN', 'original', 'CN', 0.12088429182767868) to ./results/Custom_GCN2CN_ddi.csv
{'dropout': 0,
 'hidden_channels': 32,
 'in_channels': 'None',
 'negative_slope': 0.1,
 'num_layers': 2,
 'out_channels': 32}
{'product': 'inner',
 'score_cat_n2v_feat': False,
 'score_cat_node_feat_mf': False,
 'score_dropout': 0.1,
 'score_gin_mlp_layer': 2,
 'score_hidden_channels': 64,
 'score_in_channels': 32,
 'score_num_layers': 2,
 'score_num_layers_predictor': 3,
 'score_out_channels': 1}
Total number of parameters is 139809
layers in gcn:  2
Epoch: 020, train loss: 0.1250, valid loss: 0.0000, Cost Time: 1.8580s
Epoch: 100, train loss: 0.0000, valid loss: 0.1250, Cost Time: 3.8003s
Epoch: 040, train loss: 0.1250, valid loss: 0.0000, Cost Time: 1.8028s
Saved ('Custom_GAT', 'original', 'CN', 0.007105089258402586) to ./results/Custom_GAT2CN_ddi.csv
{'dropout': 0,
 'emb': False,
 'heads': 4,
 'hidden_channels': 32,
 'in_channels': 'None',
 'negative_slope': 0.1,
 'num_layers': 2,
 'out_channels': 32}
{'product': 'dot',
 'score_cat_n2v_feat': False,
 'score_cat_node_feat_mf': False,
 'score_dropout': 0.1,
 'score_gin_mlp_layer': 2,
 'score_hidden_channels': 64,
 'score_in_channels': 32,
 'score_num_layers': 2,
 'score_num_layers_predictor': 3,
 'score_out_channels': 1}
Total number of parameters is 139937
Epoch: 060, train loss: 0.0899, valid loss: 0.0000, Cost Time: 1.7961s
layers in gat:  2
Epoch: 080, train loss: 0.1250, valid loss: 0.0000, Cost Time: 1.8125s
Epoch: 100, train loss: 0.1250, valid loss: 0.0000, Cost Time: 1.8597s
Epoch: 020, train loss: 1.9512, valid loss: 2.0000, Cost Time: 4.1067s
Saved ('Custom_GCN', 'original', 'CN', 0.00016175238124560565) to ./results/Custom_GCN2CN_ddi.csv
{'dropout': 0,
 'hidden_channels': 32,
 'in_channels': 'None',
 'negative_slope': 0.1,
 'num_layers': 2,
 'out_channels': 32}
{'product': 'inner',
 'score_cat_n2v_feat': False,
 'score_cat_node_feat_mf': False,
 'score_dropout': 0.1,
 'score_gin_mlp_layer': 2,
 'score_hidden_channels': 64,
 'score_in_channels': 32,
 'score_num_layers': 2,
 'score_num_layers_predictor': 3,
 'score_out_channels': 1}
Total number of parameters is 139809
layers in gcn:  2
Epoch: 040, train loss: 0.0011, valid loss: 0.0000, Cost Time: 4.1083s
Epoch: 020, train loss: 0.0000, valid loss: 0.1122, Cost Time: 1.8193s
Epoch: 040, train loss: 0.0000, valid loss: 0.1249, Cost Time: 1.8360s
Epoch: 060, train loss: 0.0000, valid loss: 0.1248, Cost Time: 1.8684s
Epoch: 060, train loss: 0.0011, valid loss: 0.0000, Cost Time: 4.0838s
Epoch: 080, train loss: 0.0000, valid loss: 0.1235, Cost Time: 1.8207s
Epoch: 100, train loss: 0.0000, valid loss: 0.1196, Cost Time: 1.7944s
Epoch: 080, train loss: 0.0011, valid loss: 0.0000, Cost Time: 4.1192s
Saved ('Custom_GCN', 'one-hot', 'CN', 1.1741931871256384e-09) to ./results/Custom_GCN2CN_ddi.csv
{'dropout': 0,
 'hidden_channels': 32,
 'in_channels': 'None',
 'negative_slope': 0.1,
 'num_layers': 2,
 'out_channels': 32}
{'product': 'inner',
 'score_cat_n2v_feat': False,
 'score_cat_node_feat_mf': False,
 'score_dropout': 0.1,
 'score_gin_mlp_layer': 2,
 'score_hidden_channels': 64,
 'score_in_channels': 32,
 'score_num_layers': 2,
 'score_num_layers_predictor': 3,
 'score_out_channels': 1}
Total number of parameters is 139809
layers in gcn:  2
Epoch: 100, train loss: 0.0011, valid loss: 0.0000, Cost Time: 3.8133s
Epoch: 020, train loss: 0.0727, valid loss: 0.0033, Cost Time: 1.8394s
Epoch: 040, train loss: 0.0204, valid loss: 0.0557, Cost Time: 1.8230s
Saved ('Custom_GAT', 'original', 'CN', 0.0) to ./results/Custom_GAT2CN_ddi.csv
{'dropout': 0,
 'emb': False,
 'heads': 4,
 'hidden_channels': 32,
 'in_channels': 'None',
 'negative_slope': 0.1,
 'num_layers': 2,
 'out_channels': 32}
{'product': 'dot',
 'score_cat_n2v_feat': False,
 'score_cat_node_feat_mf': False,
 'score_dropout': 0.1,
 'score_gin_mlp_layer': 2,
 'score_hidden_channels': 64,
 'score_in_channels': 32,
 'score_num_layers': 2,
 'score_num_layers_predictor': 3,
 'score_out_channels': 1}
Total number of parameters is 139937
layers in gat:  2
Epoch: 060, train loss: 0.0027, valid loss: 0.0025, Cost Time: 1.9032s
Epoch: 080, train loss: 0.0030, valid loss: 0.0062, Cost Time: 1.8034s
Epoch: 020, train loss: 0.0362, valid loss: 0.0002, Cost Time: 4.2441s
Epoch: 100, train loss: 0.0027, valid loss: 0.0365, Cost Time: 1.8141s
Saved ('Custom_GCN', 'one-hot', 'CN', 0.04255514219403267) to ./results/Custom_GCN2CN_ddi.csv
{'dropout': 0,
 'hidden_channels': 32,
 'in_channels': 'None',
 'negative_slope': 0.1,
 'num_layers': 2,
 'out_channels': 32}
{'product': 'inner',
 'score_cat_n2v_feat': False,
 'score_cat_node_feat_mf': False,
 'score_dropout': 0.1,
 'score_gin_mlp_layer': 2,
 'score_hidden_channels': 64,
 'score_in_channels': 32,
 'score_num_layers': 2,
 'score_num_layers_predictor': 3,
 'score_out_channels': 1}
Total number of parameters is 139809
layers in gcn:  2
Epoch: 040, train loss: 0.0362, valid loss: 0.0002, Cost Time: 3.9523s
Epoch: 020, train loss: 0.0040, valid loss: 0.0336, Cost Time: 1.8098s
Epoch: 040, train loss: 0.0071, valid loss: 0.0362, Cost Time: 1.8662s
Epoch: 060, train loss: 0.0362, valid loss: 0.0002, Cost Time: 4.0637s
Epoch: 060, train loss: 0.0070, valid loss: 0.0360, Cost Time: 1.8310s
Epoch: 080, train loss: 0.0055, valid loss: 0.0312, Cost Time: 1.7124s
Epoch: 080, train loss: 0.0362, valid loss: 0.0002, Cost Time: 3.6922s
Epoch: 100, train loss: 0.0050, valid loss: 0.0293, Cost Time: 1.8717s
Saved ('Custom_GCN', 'one-hot', 'CN', 0.0013253663200885057) to ./results/Custom_GCN2CN_ddi.csv
{'dropout': 0,
 'hidden_channels': 32,
 'in_channels': 'None',
 'negative_slope': 0.1,
 'num_layers': 2,
 'out_channels': 32}
{'product': 'inner',
 'score_cat_n2v_feat': False,
 'score_cat_node_feat_mf': False,
 'score_dropout': 0.1,
 'score_gin_mlp_layer': 2,
 'score_hidden_channels': 64,
 'score_in_channels': 32,
 'score_num_layers': 2,
 'score_num_layers_predictor': 3,
 'score_out_channels': 1}
Total number of parameters is 139809
layers in gcn:  2
Epoch: 100, train loss: 0.0362, valid loss: 0.0002, Cost Time: 3.5526s
Epoch: 020, train loss: 0.0002, valid loss: 0.1148, Cost Time: 1.8542s
Saved ('Custom_GAT', 'original', 'CN', 0.12499994039535522) to ./results/Custom_GAT2CN_ddi.csv
{'dropout': 0,
 'emb': False,
 'heads': 4,
 'hidden_channels': 32,
 'in_channels': 'None',
 'negative_slope': 0.1,
 'num_layers': 2,
 'out_channels': 32}
{'product': 'dot',
 'score_cat_n2v_feat': False,
 'score_cat_node_feat_mf': False,
 'score_dropout': 0.1,
 'score_gin_mlp_layer': 2,
 'score_hidden_channels': 64,
 'score_in_channels': 32,
 'score_num_layers': 2,
 'score_num_layers_predictor': 3,
 'score_out_channels': 1}
Total number of parameters is 139937
layers in gat:  2
Epoch: 040, train loss: 0.0000, valid loss: 0.1250, Cost Time: 1.8425s
Epoch: 060, train loss: 0.0000, valid loss: 0.1249, Cost Time: 1.8436s
Epoch: 020, train loss: 0.0363, valid loss: 0.0000, Cost Time: 3.9889s
Epoch: 080, train loss: 0.0000, valid loss: 0.1237, Cost Time: 1.8749s
Epoch: 100, train loss: 0.0000, valid loss: 0.1198, Cost Time: 1.8875s
Epoch: 040, train loss: 0.0363, valid loss: 0.0000, Cost Time: 4.2097s
Saved ('Custom_GCN', 'one-hot', 'CN', 0.00654205959290266) to ./results/Custom_GCN2CN_ddi.csv
{'dropout': 0,
 'hidden_channels': 32,
 'in_channels': 'None',
 'negative_slope': 0.1,
 'num_layers': 2,
 'out_channels': 32}
{'product': 'inner',
 'score_cat_n2v_feat': False,
 'score_cat_node_feat_mf': False,
 'score_dropout': 0.1,
 'score_gin_mlp_layer': 2,
 'score_hidden_channels': 64,
 'score_in_channels': 32,
 'score_num_layers': 2,
 'score_num_layers_predictor': 3,
 'score_out_channels': 1}
Total number of parameters is 139809
layers in gcn:  2
Epoch: 020, train loss: 0.0003, valid loss: 0.0001, Cost Time: 1.8499s
Epoch: 060, train loss: 0.0363, valid loss: 0.0000, Cost Time: 3.7950s
Epoch: 040, train loss: 0.0011, valid loss: 0.0000, Cost Time: 1.7803s
Epoch: 060, train loss: 0.0011, valid loss: 0.0000, Cost Time: 1.8285s
Epoch: 080, train loss: 0.0363, valid loss: 0.0000, Cost Time: 3.8868s
Epoch: 080, train loss: 0.0010, valid loss: 0.0000, Cost Time: 1.8491s
Epoch: 100, train loss: 0.0006, valid loss: 0.0000, Cost Time: 1.8567s
Epoch: 100, train loss: 0.0363, valid loss: 0.0000, Cost Time: 4.2504s
Saved ('Custom_GCN', 'one-hot', 'CN', 2.2244491901801666e-06) to ./results/Custom_GCN2CN_ddi.csv
{'dropout': 0,
 'hidden_channels': 32,
 'in_channels': 'None',
 'negative_slope': 0.1,
 'num_layers': 2,
 'out_channels': 32}
{'product': 'inner',
 'score_cat_n2v_feat': False,
 'score_cat_node_feat_mf': False,
 'score_dropout': 0.1,
 'score_gin_mlp_layer': 2,
 'score_hidden_channels': 64,
 'score_in_channels': 32,
 'score_num_layers': 2,
 'score_num_layers_predictor': 3,
 'score_out_channels': 1}
Total number of parameters is 139809
layers in gcn:  2
Saved ('Custom_GAT', 'original', 'CN', 0.125) to ./results/Custom_GAT2CN_ddi.csv
{'dropout': 0,
 'emb': False,
 'heads': 4,
 'hidden_channels': 32,
 'in_channels': 'None',
 'negative_slope': 0.1,
 'num_layers': 2,
 'out_channels': 32}
{'product': 'dot',
 'score_cat_n2v_feat': False,
 'score_cat_node_feat_mf': False,
 'score_dropout': 0.1,
 'score_gin_mlp_layer': 2,
 'score_hidden_channels': 64,
 'score_in_channels': 32,
 'score_num_layers': 2,
 'score_num_layers_predictor': 3,
 'score_out_channels': 1}
Total number of parameters is 139937
layers in gat:  2
Epoch: 020, train loss: 0.0157, valid loss: 0.0028, Cost Time: 1.7878s
Epoch: 040, train loss: 0.0186, valid loss: 0.0106, Cost Time: 1.7320s
Epoch: 020, train loss: 0.1250, valid loss: 0.0000, Cost Time: 3.8849s
Epoch: 060, train loss: 0.0096, valid loss: 0.0174, Cost Time: 1.7939s
Epoch: 080, train loss: 0.0074, valid loss: 0.0284, Cost Time: 1.8557s
Epoch: 040, train loss: 0.1250, valid loss: 0.0000, Cost Time: 3.8979s
Epoch: 100, train loss: 0.0011, valid loss: 0.0440, Cost Time: 1.8254s
Saved ('Custom_GCN', 'one-hot', 'CN', 0.019350681453943253) to ./results/Custom_GCN2CN_ddi.csv
{'dropout': 0,
 'hidden_channels': 32,
 'in_channels': 'None',
 'negative_slope': 0.1,
 'num_layers': 2,
 'out_channels': 32}
{'product': 'inner',
 'score_cat_n2v_feat': False,
 'score_cat_node_feat_mf': False,
 'score_dropout': 0.1,
 'score_gin_mlp_layer': 2,
 'score_hidden_channels': 64,
 'score_in_channels': 32,
 'score_num_layers': 2,
 'score_num_layers_predictor': 3,
 'score_out_channels': 1}
Total number of parameters is 139809
layers in gcn:  2
Epoch: 060, train loss: 0.1250, valid loss: 0.0000, Cost Time: 3.5131s
Epoch: 020, train loss: 0.0240, valid loss: 0.0000, Cost Time: 1.8319s
Epoch: 040, train loss: 0.0181, valid loss: 0.0070, Cost Time: 1.8435s
Epoch: 080, train loss: 0.1250, valid loss: 0.0000, Cost Time: 3.5746s
Epoch: 060, train loss: 0.0043, valid loss: 0.0005, Cost Time: 1.8288s
Epoch: 080, train loss: 0.0004, valid loss: 0.0000, Cost Time: 1.7969s
Epoch: 100, train loss: 0.1250, valid loss: 0.0000, Cost Time: 3.7617s
Epoch: 100, train loss: 0.0003, valid loss: 0.0000, Cost Time: 1.7881s
Saved ('Custom_GAT', 'original', 'CN', 0.00016175238124560565) to ./results/Custom_GAT2CN_ddi.csv
{'dropout': 0,
 'emb': False,
 'heads': 4,
 'hidden_channels': 32,
 'in_channels': 'None',
 'negative_slope': 0.1,
 'num_layers': 2,
 'out_channels': 32}
{'product': 'dot',
 'score_cat_n2v_feat': False,
 'score_cat_node_feat_mf': False,
 'score_dropout': 0.1,
 'score_gin_mlp_layer': 2,
 'score_hidden_channels': 64,
 'score_in_channels': 32,
 'score_num_layers': 2,
 'score_num_layers_predictor': 3,
 'score_out_channels': 1}
Total number of parameters is 139937
layers in gat:  2
Saved ('Custom_GCN', 'one-hot', 'CN', 0.04604138061404228) to ./results/Custom_GCN2CN_ddi.csv
{'dropout': 0,
 'hidden_channels': 32,
 'in_channels': 'None',
 'negative_slope': 0.1,
 'num_layers': 2,
 'out_channels': 32}
{'product': 'inner',
 'score_cat_n2v_feat': False,
 'score_cat_node_feat_mf': False,
 'score_dropout': 0.1,
 'score_gin_mlp_layer': 2,
 'score_hidden_channels': 64,
 'score_in_channels': 32,
 'score_num_layers': 2,
 'score_num_layers_predictor': 3,
 'score_out_channels': 1}
Total number of parameters is 139809
layers in gcn:  2
Epoch: 020, train loss: 0.0734, valid loss: 0.0011, Cost Time: 1.8181s
Epoch: 020, train loss: 0.0000, valid loss: 0.1249, Cost Time: 3.4300s
Epoch: 040, train loss: 0.0243, valid loss: 0.0010, Cost Time: 1.8173s
Epoch: 060, train loss: 0.0020, valid loss: 0.0002, Cost Time: 1.8425s
Epoch: 040, train loss: 0.0000, valid loss: 0.1250, Cost Time: 3.4310s
Epoch: 080, train loss: 0.0008, valid loss: 0.0005, Cost Time: 1.7956s
Epoch: 060, train loss: 0.0000, valid loss: 0.1250, Cost Time: 3.4744s
Epoch: 100, train loss: 0.0007, valid loss: 0.0005, Cost Time: 1.8871s
Saved ('Custom_GCN', 'one-hot', 'CN', 0.013469651341438293) to ./results/Custom_GCN2CN_ddi.csv
{'dropout': 0,
 'hidden_channels': 32,
 'in_channels': 'None',
 'negative_slope': 0.1,
 'num_layers': 2,
 'out_channels': 32}
{'product': 'inner',
 'score_cat_n2v_feat': False,
 'score_cat_node_feat_mf': False,
 'score_dropout': 0.1,
 'score_gin_mlp_layer': 2,
 'score_hidden_channels': 64,
 'score_in_channels': 32,
 'score_num_layers': 2,
 'score_num_layers_predictor': 3,
 'score_out_channels': 1}
Total number of parameters is 139809
layers in gcn:  2
Epoch: 080, train loss: 0.0000, valid loss: 0.1250, Cost Time: 3.3995s
Epoch: 020, train loss: 0.0000, valid loss: 0.1134, Cost Time: 1.8562s
Epoch: 040, train loss: 0.0000, valid loss: 0.0786, Cost Time: 1.8842s
Epoch: 100, train loss: 0.0000, valid loss: 0.1249, Cost Time: 3.4453s
Epoch: 060, train loss: 0.0000, valid loss: 0.0377, Cost Time: 1.8161s
Saved ('Custom_GAT', 'one-hot', 'CN', 1.666500537567117e-08) to ./results/Custom_GAT2CN_ddi.csv
{'dropout': 0,
 'emb': False,
 'heads': 4,
 'hidden_channels': 32,
 'in_channels': 'None',
 'negative_slope': 0.1,
 'num_layers': 2,
 'out_channels': 32}
{'product': 'dot',
 'score_cat_n2v_feat': False,
 'score_cat_node_feat_mf': False,
 'score_dropout': 0.1,
 'score_gin_mlp_layer': 2,
 'score_hidden_channels': 64,
 'score_in_channels': 32,
 'score_num_layers': 2,
 'score_num_layers_predictor': 3,
 'score_out_channels': 1}
Total number of parameters is 139937
layers in gat:  2
Epoch: 080, train loss: 0.0001, valid loss: 0.0269, Cost Time: 1.7996s
Epoch: 100, train loss: 0.0002, valid loss: 0.0275, Cost Time: 1.7668s
Epoch: 020, train loss: 0.0956, valid loss: 0.0073, Cost Time: 3.7163s
Saved ('Custom_GCN', 'random', 'CN', 0.004124334082007408) to ./results/Custom_GCN2CN_ddi.csv
{'dropout': 0,
 'hidden_channels': 32,
 'in_channels': 'None',
 'negative_slope': 0.1,
 'num_layers': 2,
 'out_channels': 32}
{'product': 'inner',
 'score_cat_n2v_feat': False,
 'score_cat_node_feat_mf': False,
 'score_dropout': 0.1,
 'score_gin_mlp_layer': 2,
 'score_hidden_channels': 64,
 'score_in_channels': 32,
 'score_num_layers': 2,
 'score_num_layers_predictor': 3,
 'score_out_channels': 1}
Total number of parameters is 139809
layers in gcn:  2
Epoch: 020, train loss: 0.0001, valid loss: 0.0000, Cost Time: 1.8279s
Epoch: 040, train loss: 0.0741, valid loss: 0.0359, Cost Time: 3.5258s
Epoch: 040, train loss: 0.0000, valid loss: 0.0025, Cost Time: 1.7926s
Epoch: 060, train loss: 0.0000, valid loss: 0.0014, Cost Time: 1.8616s
Epoch: 060, train loss: 0.0029, valid loss: 0.0406, Cost Time: 3.5569s
Epoch: 080, train loss: 0.0001, valid loss: 0.0053, Cost Time: 1.8345s
Epoch: 100, train loss: 0.0001, valid loss: 0.0047, Cost Time: 1.8182s
Epoch: 080, train loss: 0.0042, valid loss: 0.0018, Cost Time: 3.5675s
Saved ('Custom_GCN', 'random', 'CN', 0.035129230469465256) to ./results/Custom_GCN2CN_ddi.csv
{'dropout': 0,
 'hidden_channels': 32,
 'in_channels': 'None',
 'negative_slope': 0.1,
 'num_layers': 2,
 'out_channels': 32}
{'product': 'inner',
 'score_cat_n2v_feat': False,
 'score_cat_node_feat_mf': False,
 'score_dropout': 0.1,
 'score_gin_mlp_layer': 2,
 'score_hidden_channels': 64,
 'score_in_channels': 32,
 'score_num_layers': 2,
 'score_num_layers_predictor': 3,
 'score_out_channels': 1}
Total number of parameters is 139809
layers in gcn:  2
Epoch: 100, train loss: 0.0007, valid loss: 0.0005, Cost Time: 3.6255s
Epoch: 020, train loss: 0.0071, valid loss: 0.0362, Cost Time: 1.7983s
Epoch: 040, train loss: 0.0071, valid loss: 0.0362, Cost Time: 1.7806s
Saved ('Custom_GAT', 'one-hot', 'CN', 0.11982417106628418) to ./results/Custom_GAT2CN_ddi.csv
{'dropout': 0,
 'emb': False,
 'heads': 4,
 'hidden_channels': 32,
 'in_channels': 'None',
 'negative_slope': 0.1,
 'num_layers': 2,
 'out_channels': 32}
{'product': 'dot',
 'score_cat_n2v_feat': False,
 'score_cat_node_feat_mf': False,
 'score_dropout': 0.1,
 'score_gin_mlp_layer': 2,
 'score_hidden_channels': 64,
 'score_in_channels': 32,
 'score_num_layers': 2,
 'score_num_layers_predictor': 3,
 'score_out_channels': 1}
Total number of parameters is 139937
layers in gat:  2
Epoch: 060, train loss: 0.0003, valid loss: 0.0193, Cost Time: 1.8432s
Epoch: 080, train loss: 0.0002, valid loss: 0.0068, Cost Time: 1.8914s
Epoch: 020, train loss: 0.0069, valid loss: 0.0360, Cost Time: 3.5883s
Epoch: 100, train loss: 0.0004, valid loss: 0.0184, Cost Time: 1.8259s
Epoch: 040, train loss: 0.0071, valid loss: 0.0362, Cost Time: 3.8326s
Saved ('Custom_GCN', 'random', 'CN', 0.0017823618836700916) to ./results/Custom_GCN2CN_ddi.csv
{'dropout': 0,
 'hidden_channels': 32,
 'in_channels': 'None',
 'negative_slope': 0.1,
 'num_layers': 2,
 'out_channels': 32}
{'product': 'inner',
 'score_cat_n2v_feat': False,
 'score_cat_node_feat_mf': False,
 'score_dropout': 0.1,
 'score_gin_mlp_layer': 2,
 'score_hidden_channels': 64,
 'score_in_channels': 32,
 'score_num_layers': 2,
 'score_num_layers_predictor': 3,
 'score_out_channels': 1}
Total number of parameters is 139809
layers in gcn:  2
Epoch: 020, train loss: 0.0000, valid loss: 0.1250, Cost Time: 1.8154s
Epoch: 060, train loss: 0.0071, valid loss: 0.0362, Cost Time: 3.6018s
Epoch: 040, train loss: 0.0000, valid loss: 0.1213, Cost Time: 1.8410s
Epoch: 060, train loss: 0.0001, valid loss: 0.0722, Cost Time: 1.8128s
Epoch: 080, train loss: 0.0071, valid loss: 0.0362, Cost Time: 3.5793s
Epoch: 080, train loss: 0.0000, valid loss: 0.0607, Cost Time: 1.8708s
Epoch: 100, train loss: 0.0001, valid loss: 0.0591, Cost Time: 1.7801s
Epoch: 100, train loss: 0.0070, valid loss: 0.0360, Cost Time: 3.8309s
Saved ('Custom_GCN', 'random', 'CN', 0.004086154513061047) to ./results/Custom_GCN2CN_ddi.csv
{'dropout': 0,
 'hidden_channels': 32,
 'in_channels': 'None',
 'negative_slope': 0.1,
 'num_layers': 2,
 'out_channels': 32}
{'product': 'inner',
 'score_cat_n2v_feat': False,
 'score_cat_node_feat_mf': False,
 'score_dropout': 0.1,
 'score_gin_mlp_layer': 2,
 'score_hidden_channels': 64,
 'score_in_channels': 32,
 'score_num_layers': 2,
 'score_num_layers_predictor': 3,
 'score_out_channels': 1}
Total number of parameters is 139809
layers in gcn:  2
Saved ('Custom_GAT', 'one-hot', 'CN', 9.729944849823369e-07) to ./results/Custom_GAT2CN_ddi.csv
{'dropout': 0,
 'emb': False,
 'heads': 4,
 'hidden_channels': 32,
 'in_channels': 'None',
 'negative_slope': 0.1,
 'num_layers': 2,
 'out_channels': 32}
{'product': 'dot',
 'score_cat_n2v_feat': False,
 'score_cat_node_feat_mf': False,
 'score_dropout': 0.1,
 'score_gin_mlp_layer': 2,
 'score_hidden_channels': 64,
 'score_in_channels': 32,
 'score_num_layers': 2,
 'score_num_layers_predictor': 3,
 'score_out_channels': 1}
Total number of parameters is 139937
layers in gat:  2
Epoch: 020, train loss: 0.0011, valid loss: 0.0000, Cost Time: 1.8084s
Epoch: 040, train loss: 0.0011, valid loss: 0.0000, Cost Time: 1.8203s
Epoch: 020, train loss: 0.0000, valid loss: 0.1249, Cost Time: 3.5477s
Epoch: 060, train loss: 0.0001, valid loss: 0.0029, Cost Time: 1.8947s
Epoch: 080, train loss: 0.0001, valid loss: 0.0017, Cost Time: 1.7815s
Epoch: 040, train loss: 0.0000, valid loss: 0.1250, Cost Time: 3.5158s
Epoch: 100, train loss: 0.0001, valid loss: 0.0022, Cost Time: 1.8264s
Epoch: 060, train loss: 0.0000, valid loss: 0.1250, Cost Time: 3.8153s
Saved ('Custom_GCN', 'random', 'CN', 1.236085154232569e-05) to ./results/Custom_GCN2CN_ddi.csv
{'dropout': 0,
 'hidden_channels': 32,
 'in_channels': 'None',
 'negative_slope': 0.1,
 'num_layers': 2,
 'out_channels': 32}
{'product': 'inner',
 'score_cat_n2v_feat': False,
 'score_cat_node_feat_mf': False,
 'score_dropout': 0.1,
 'score_gin_mlp_layer': 2,
 'score_hidden_channels': 64,
 'score_in_channels': 32,
 'score_num_layers': 2,
 'score_num_layers_predictor': 3,
 'score_out_channels': 1}
Total number of parameters is 139809
layers in gcn:  2
Epoch: 020, train loss: 0.0002, valid loss: 0.0001, Cost Time: 1.7918s
Epoch: 080, train loss: 0.0000, valid loss: 0.1250, Cost Time: 3.5900s
Epoch: 040, train loss: 0.0000, valid loss: 0.0118, Cost Time: 1.8456s
Epoch: 060, train loss: 0.0002, valid loss: 0.0395, Cost Time: 1.7457s
Epoch: 100, train loss: 0.0000, valid loss: 0.1249, Cost Time: 3.5434s
Epoch: 080, train loss: 0.0001, valid loss: 0.0350, Cost Time: 1.7688s
Epoch: 100, train loss: 0.0001, valid loss: 0.0306, Cost Time: 1.7856s
Saved ('Custom_GAT', 'one-hot', 'CN', 0.007089815102517605) to ./results/Custom_GAT2CN_ddi.csv
{'dropout': 0,
 'emb': False,
 'heads': 4,
 'hidden_channels': 32,
 'in_channels': 'None',
 'negative_slope': 0.1,
 'num_layers': 2,
 'out_channels': 32}
{'product': 'dot',
 'score_cat_n2v_feat': False,
 'score_cat_node_feat_mf': False,
 'score_dropout': 0.1,
 'score_gin_mlp_layer': 2,
 'score_hidden_channels': 64,
 'score_in_channels': 32,
 'score_num_layers': 2,
 'score_num_layers_predictor': 3,
 'score_out_channels': 1}
Total number of parameters is 139937
layers in gat:  2
Saved ('Custom_GCN', 'random', 'CN', 0.028304697945713997) to ./results/Custom_GCN2CN_ddi.csv
{'dropout': 0,
 'hidden_channels': 32,
 'in_channels': 'None',
 'negative_slope': 0.1,
 'num_layers': 2,
 'out_channels': 32}
{'product': 'inner',
 'score_cat_n2v_feat': False,
 'score_cat_node_feat_mf': False,
 'score_dropout': 0.1,
 'score_gin_mlp_layer': 2,
 'score_hidden_channels': 64,
 'score_in_channels': 32,
 'score_num_layers': 2,
 'score_num_layers_predictor': 3,
 'score_out_channels': 1}
Total number of parameters is 139809
layers in gcn:  2
Epoch: 020, train loss: 0.0010, valid loss: 0.0000, Cost Time: 3.4896s
Epoch: 020, train loss: 0.0019, valid loss: 0.0000, Cost Time: 1.7685s
Epoch: 040, train loss: 0.0004, valid loss: 0.0000, Cost Time: 1.7975s
Epoch: 040, train loss: 0.0011, valid loss: 0.0000, Cost Time: 3.5174s
Epoch: 060, train loss: 0.0002, valid loss: 0.0010, Cost Time: 1.7973s
Epoch: 080, train loss: 0.0008, valid loss: 0.0011, Cost Time: 1.8179s
Epoch: 060, train loss: 0.0011, valid loss: 0.0000, Cost Time: 3.4717s
Epoch: 100, train loss: 0.0006, valid loss: 0.0016, Cost Time: 1.8803s
Saved ('Custom_GCN', 'random', 'CN', 0.01948440447449684) to ./results/Custom_GCN2CN_ddi.csv
{'dropout': 0,
 'hidden_channels': 32,
 'in_channels': 'None',
 'negative_slope': 0.1,
 'num_layers': 2,
 'out_channels': 32}
{'product': 'inner',
 'score_cat_n2v_feat': False,
 'score_cat_node_feat_mf': False,
 'score_dropout': 0.1,
 'score_gin_mlp_layer': 2,
 'score_hidden_channels': 64,
 'score_in_channels': 32,
 'score_num_layers': 2,
 'score_num_layers_predictor': 3,
 'score_out_channels': 1}
Total number of parameters is 139809
layers in gcn:  2
Epoch: 080, train loss: 0.0011, valid loss: 0.0000, Cost Time: 3.5771s
Epoch: 020, train loss: 0.0045, valid loss: 0.0000, Cost Time: 1.8860s
Epoch: 100, train loss: 0.0011, valid loss: 0.0000, Cost Time: 3.4615s
Epoch: 040, train loss: 0.0000, valid loss: 0.0000, Cost Time: 1.8757s
Epoch: 060, train loss: 0.0002, valid loss: 0.0018, Cost Time: 1.8135s
Saved ('Custom_GAT', 'one-hot', 'CN', 2.8772374207619578e-06) to ./results/Custom_GAT2CN_ddi.csv
{'dropout': 0,
 'emb': False,
 'heads': 4,
 'hidden_channels': 32,
 'in_channels': 'None',
 'negative_slope': 0.1,
 'num_layers': 2,
 'out_channels': 32}
{'product': 'dot',
 'score_cat_n2v_feat': False,
 'score_cat_node_feat_mf': False,
 'score_dropout': 0.1,
 'score_gin_mlp_layer': 2,
 'score_hidden_channels': 64,
 'score_in_channels': 32,
 'score_num_layers': 2,
 'score_num_layers_predictor': 3,
 'score_out_channels': 1}
Total number of parameters is 139937
layers in gat:  2
Epoch: 080, train loss: 0.0001, valid loss: 0.0015, Cost Time: 1.8804s
Epoch: 100, train loss: 0.0001, valid loss: 0.0013, Cost Time: 1.7658s
Epoch: 020, train loss: 0.0348, valid loss: 0.0001, Cost Time: 3.6277s
Saved ('Custom_GCN', 'random', 'CN', 0.04029010608792305) to ./results/Custom_GCN2CN_ddi.csv
{'dropout': 0,
 'hidden_channels': 32,
 'in_channels': 'None',
 'negative_slope': 0.1,
 'num_layers': 2,
 'out_channels': 32}
{'product': 'inner',
 'score_cat_n2v_feat': False,
 'score_cat_node_feat_mf': False,
 'score_dropout': 0.1,
 'score_gin_mlp_layer': 2,
 'score_hidden_channels': 64,
 'score_in_channels': 32,
 'score_num_layers': 2,
 'score_num_layers_predictor': 3,
 'score_out_channels': 1}
Total number of parameters is 139809
layers in gcn:  2
Epoch: 040, train loss: 0.0362, valid loss: 0.0002, Cost Time: 3.6762s
Epoch: 020, train loss: 0.0000, valid loss: 0.1250, Cost Time: 1.7936s
Epoch: 040, train loss: 0.0000, valid loss: 0.1250, Cost Time: 1.8002s
Epoch: 060, train loss: 0.0362, valid loss: 0.0002, Cost Time: 3.5086s
Epoch: 060, train loss: 0.0000, valid loss: 0.1250, Cost Time: 1.8626s
Epoch: 080, train loss: 0.0000, valid loss: 0.1243, Cost Time: 1.9033s
Epoch: 080, train loss: 0.0355, valid loss: 0.0001, Cost Time: 3.5014s
Epoch: 100, train loss: 0.0000, valid loss: 0.0996, Cost Time: 1.8154s
Saved ('Custom_GCN', 'adjacency', 'CN', 1.031430940656719e-09) to ./results/Custom_GCN2CN_ddi.csv
{'dropout': 0,
 'hidden_channels': 32,
 'in_channels': 'None',
 'negative_slope': 0.1,
 'num_layers': 2,
 'out_channels': 32}
{'product': 'inner',
 'score_cat_n2v_feat': False,
 'score_cat_node_feat_mf': False,
 'score_dropout': 0.1,
 'score_gin_mlp_layer': 2,
 'score_hidden_channels': 64,
 'score_in_channels': 32,
 'score_num_layers': 2,
 'score_num_layers_predictor': 3,
 'score_out_channels': 1}
Total number of parameters is 139809
layers in gcn:  2
Epoch: 100, train loss: 0.0289, valid loss: 0.0135, Cost Time: 3.5817s
Epoch: 020, train loss: 0.0000, valid loss: 0.1837, Cost Time: 1.7942s
Saved ('Custom_GAT', 'one-hot', 'CN', 0.09666819870471954) to ./results/Custom_GAT2CN_ddi.csv
{'dropout': 0,
 'emb': False,
 'heads': 4,
 'hidden_channels': 32,
 'in_channels': 'None',
 'negative_slope': 0.1,
 'num_layers': 2,
 'out_channels': 32}
{'product': 'dot',
 'score_cat_n2v_feat': False,
 'score_cat_node_feat_mf': False,
 'score_dropout': 0.1,
 'score_gin_mlp_layer': 2,
 'score_hidden_channels': 64,
 'score_in_channels': 32,
 'score_num_layers': 2,
 'score_num_layers_predictor': 3,
 'score_out_channels': 1}
Total number of parameters is 139937
layers in gat:  2
Epoch: 040, train loss: 0.0001, valid loss: 0.2258, Cost Time: 1.7179s
Epoch: 060, train loss: 0.0000, valid loss: 0.1545, Cost Time: 1.8353s
Epoch: 020, train loss: 0.0356, valid loss: 0.0000, Cost Time: 3.5039s
Epoch: 080, train loss: 0.0000, valid loss: 0.1378, Cost Time: 1.8065s
Epoch: 100, train loss: 0.0000, valid loss: 0.1385, Cost Time: 1.8277s
Epoch: 040, train loss: 0.0359, valid loss: 0.0000, Cost Time: 3.7965s
Saved ('Custom_GCN', 'adjacency', 'CN', 0.007180413696914911) to ./results/Custom_GCN2CN_ddi.csv
{'dropout': 0,
 'hidden_channels': 32,
 'in_channels': 'None',
 'negative_slope': 0.1,
 'num_layers': 2,
 'out_channels': 32}
{'product': 'inner',
 'score_cat_n2v_feat': False,
 'score_cat_node_feat_mf': False,
 'score_dropout': 0.1,
 'score_gin_mlp_layer': 2,
 'score_hidden_channels': 64,
 'score_in_channels': 32,
 'score_num_layers': 2,
 'score_num_layers_predictor': 3,
 'score_out_channels': 1}
Total number of parameters is 139809
layers in gcn:  2
Epoch: 020, train loss: 0.0071, valid loss: 0.0362, Cost Time: 1.8934s
Epoch: 060, train loss: 0.0152, valid loss: 0.0079, Cost Time: 3.5666s
Epoch: 040, train loss: 0.0071, valid loss: 0.0362, Cost Time: 1.7962s
Epoch: 060, train loss: 0.0071, valid loss: 0.0362, Cost Time: 1.8154s
Epoch: 080, train loss: 0.0232, valid loss: 0.0096, Cost Time: 3.5614s
Epoch: 080, train loss: 0.0071, valid loss: 0.0362, Cost Time: 1.8271s
Epoch: 100, train loss: 0.0048, valid loss: 0.0005, Cost Time: 3.5152s
Epoch: 100, train loss: 0.0071, valid loss: 0.0361, Cost Time: 1.5833s
Saved ('Custom_GAT', 'one-hot', 'CN', 0.11732462048530579) to ./results/Custom_GAT2CN_ddi.csv
{'dropout': 0,
 'emb': False,
 'heads': 4,
 'hidden_channels': 32,
 'in_channels': 'None',
 'negative_slope': 0.1,
 'num_layers': 2,
 'out_channels': 32}
{'product': 'dot',
 'score_cat_n2v_feat': False,
 'score_cat_node_feat_mf': False,
 'score_dropout': 0.1,
 'score_gin_mlp_layer': 2,
 'score_hidden_channels': 64,
 'score_in_channels': 32,
 'score_num_layers': 2,
 'score_num_layers_predictor': 3,
 'score_out_channels': 1}
Total number of parameters is 139937
Saved ('Custom_GCN', 'adjacency', 'CN', 0.0) to ./results/Custom_GCN2CN_ddi.csv
{'dropout': 0,
 'hidden_channels': 32,
 'in_channels': 'None',
 'negative_slope': 0.1,
 'num_layers': 2,
 'out_channels': 32}
{'product': 'inner',
 'score_cat_n2v_feat': False,
 'score_cat_node_feat_mf': False,
 'score_dropout': 0.1,
 'score_gin_mlp_layer': 2,
 'score_hidden_channels': 64,
 'score_in_channels': 32,
 'score_num_layers': 2,
 'score_num_layers_predictor': 3,
 'score_out_channels': 1}
Total number of parameters is 139809
layers in gcn:  2
layers in gat:  2
Epoch: 020, train loss: 0.0000, valid loss: 0.1250, Cost Time: 1.8398s
Epoch: 020, train loss: 0.0711, valid loss: 0.0034, Cost Time: 3.5417s
Epoch: 040, train loss: 0.0000, valid loss: 0.1250, Cost Time: 1.7715s
Epoch: 060, train loss: 0.0000, valid loss: 0.1126, Cost Time: 1.8091s
Epoch: 040, train loss: 0.0018, valid loss: 0.0014, Cost Time: 3.5567s
Epoch: 080, train loss: 0.0001, valid loss: 0.0354, Cost Time: 1.8275s
Epoch: 100, train loss: 0.0000, valid loss: 0.0401, Cost Time: 1.8897s
Epoch: 060, train loss: 0.0002, valid loss: 0.0000, Cost Time: 3.7903s
Saved ('Custom_GCN', 'adjacency', 'CN', 0.0012078756699338555) to ./results/Custom_GCN2CN_ddi.csv
{'dropout': 0,
 'hidden_channels': 32,
 'in_channels': 'None',
 'negative_slope': 0.1,
 'num_layers': 2,
 'out_channels': 32}
{'product': 'inner',
 'score_cat_n2v_feat': False,
 'score_cat_node_feat_mf': False,
 'score_dropout': 0.1,
 'score_gin_mlp_layer': 2,
 'score_hidden_channels': 64,
 'score_in_channels': 32,
 'score_num_layers': 2,
 'score_num_layers_predictor': 3,
 'score_out_channels': 1}
Total number of parameters is 139809
layers in gcn:  2
Epoch: 020, train loss: 0.0011, valid loss: 0.0000, Cost Time: 1.8522s
Epoch: 080, train loss: 0.0001, valid loss: 0.0002, Cost Time: 3.5338s
Epoch: 040, train loss: 0.0011, valid loss: 0.0000, Cost Time: 1.8921s
Epoch: 060, train loss: 0.0011, valid loss: 0.0000, Cost Time: 1.8998s
Epoch: 100, train loss: 0.0003, valid loss: 0.0003, Cost Time: 3.5230s
Epoch: 080, train loss: 0.0011, valid loss: 0.0000, Cost Time: 1.7857s
Saved ('Custom_GAT', 'one-hot', 'CN', 0.00021855853265151381) to ./results/Custom_GAT2CN_ddi.csv
{'dropout': 0,
 'emb': False,
 'heads': 4,
 'hidden_channels': 32,
 'in_channels': 'None',
 'negative_slope': 0.1,
 'num_layers': 2,
 'out_channels': 32}
{'product': 'dot',
 'score_cat_n2v_feat': False,
 'score_cat_node_feat_mf': False,
 'score_dropout': 0.1,
 'score_gin_mlp_layer': 2,
 'score_hidden_channels': 64,
 'score_in_channels': 32,
 'score_num_layers': 2,
 'score_num_layers_predictor': 3,
 'score_out_channels': 1}
Total number of parameters is 139937
layers in gat:  2
Epoch: 100, train loss: 0.0011, valid loss: 0.0000, Cost Time: 1.4983s
Saved ('Custom_GCN', 'adjacency', 'CN', 0.0) to ./results/Custom_GCN2CN_ddi.csv
{'dropout': 0,
 'hidden_channels': 32,
 'in_channels': 'None',
 'negative_slope': 0.1,
 'num_layers': 2,
 'out_channels': 32}
{'product': 'inner',
 'score_cat_n2v_feat': False,
 'score_cat_node_feat_mf': False,
 'score_dropout': 0.1,
 'score_gin_mlp_layer': 2,
 'score_hidden_channels': 64,
 'score_in_channels': 32,
 'score_num_layers': 2,
 'score_num_layers_predictor': 3,
 'score_out_channels': 1}
Total number of parameters is 139809
layers in gcn:  2
Epoch: 020, train loss: 0.0000, valid loss: 0.1250, Cost Time: 3.9194s
Epoch: 020, train loss: 0.0362, valid loss: 0.0002, Cost Time: 1.8344s
Epoch: 040, train loss: 0.0362, valid loss: 0.0002, Cost Time: 1.8899s
Epoch: 040, train loss: 0.0000, valid loss: 0.1250, Cost Time: 3.7749s
Epoch: 060, train loss: 0.0362, valid loss: 0.0002, Cost Time: 1.8354s
Epoch: 080, train loss: 0.0362, valid loss: 0.0002, Cost Time: 1.8683s
Epoch: 060, train loss: 0.0000, valid loss: 0.1250, Cost Time: 3.4959s
Epoch: 100, train loss: 0.0362, valid loss: 0.0002, Cost Time: 1.9157s
Saved ('Custom_GCN', 'adjacency', 'CN', 0.1219027042388916) to ./results/Custom_GCN2CN_ddi.csv
{'dropout': 0,
 'hidden_channels': 32,
 'in_channels': 'None',
 'negative_slope': 0.1,
 'num_layers': 2,
 'out_channels': 32}
{'product': 'inner',
 'score_cat_n2v_feat': False,
 'score_cat_node_feat_mf': False,
 'score_dropout': 0.1,
 'score_gin_mlp_layer': 2,
 'score_hidden_channels': 64,
 'score_in_channels': 32,
 'score_num_layers': 2,
 'score_num_layers_predictor': 3,
 'score_out_channels': 1}
Total number of parameters is 139809
layers in gcn:  2
Epoch: 080, train loss: 0.0000, valid loss: 0.1224, Cost Time: 3.6158s
Epoch: 020, train loss: 0.0363, valid loss: 0.0000, Cost Time: 1.8134s
Epoch: 100, train loss: 0.0000, valid loss: 0.0547, Cost Time: 3.6006s
Epoch: 040, train loss: 0.0363, valid loss: 0.0000, Cost Time: 1.7986s
Epoch: 060, train loss: 0.0363, valid loss: 0.0000, Cost Time: 1.8113s
Saved ('Custom_GAT', 'random', 'CN', 0.036439333111047745) to ./results/Custom_GAT2CN_ddi.csv
{'dropout': 0,
 'emb': False,
 'heads': 4,
 'hidden_channels': 32,
 'in_channels': 'None',
 'negative_slope': 0.1,
 'num_layers': 2,
 'out_channels': 32}
{'product': 'dot',
 'score_cat_n2v_feat': False,
 'score_cat_node_feat_mf': False,
 'score_dropout': 0.1,
 'score_gin_mlp_layer': 2,
 'score_hidden_channels': 64,
 'score_in_channels': 32,
 'score_num_layers': 2,
 'score_num_layers_predictor': 3,
 'score_out_channels': 1}
Total number of parameters is 139937
layers in gat:  2
Epoch: 080, train loss: 0.0362, valid loss: 0.0000, Cost Time: 1.8316s
Epoch: 100, train loss: 0.0002, valid loss: 0.0000, Cost Time: 1.7934s
Epoch: 020, train loss: 0.1250, valid loss: 0.0000, Cost Time: 4.1842s
Saved ('Custom_GCN', 'adjacency', 'CN', 0.022842340171337128) to ./results/Custom_GCN2CN_ddi.csv
{'dropout': 0,
 'hidden_channels': 32,
 'in_channels': 'None',
 'negative_slope': 0.1,
 'num_layers': 2,
 'out_channels': 32}
{'product': 'inner',
 'score_cat_n2v_feat': False,
 'score_cat_node_feat_mf': False,
 'score_dropout': 0.1,
 'score_gin_mlp_layer': 2,
 'score_hidden_channels': 64,
 'score_in_channels': 32,
 'score_num_layers': 2,
 'score_num_layers_predictor': 3,
 'score_out_channels': 1}
Total number of parameters is 139809
layers in gcn:  2
Epoch: 020, train loss: 0.0000, valid loss: 0.0000, Cost Time: 1.8202s
Epoch: 040, train loss: 0.1250, valid loss: 0.0000, Cost Time: 3.4473s
Epoch: 040, train loss: 0.0002, valid loss: 0.0000, Cost Time: 1.7903s
Epoch: 060, train loss: 0.0004, valid loss: 0.0000, Cost Time: 1.8069s
Epoch: 060, train loss: 0.1250, valid loss: 0.0000, Cost Time: 3.3630s
Epoch: 080, train loss: 0.0000, valid loss: 0.0000, Cost Time: 1.8302s
Epoch: 100, train loss: 0.0000, valid loss: 0.0000, Cost Time: 1.8323s
Saved ('Custom_GCN', 'adjacency', 'CN', 0.008983448147773743) to ./results/Custom_GCN2CN_ddi.csv
Epoch: 080, train loss: 0.1250, valid loss: 0.0000, Cost Time: 3.3913s
Epoch: 100, train loss: 0.0000, valid loss: 0.1887, Cost Time: 2.4666s
Saved ('Custom_GAT', 'random', 'CN', 0.011896859854459763) to ./results/Custom_GAT2CN_ddi.csv
{'dropout': 0,
 'emb': False,
 'heads': 4,
 'hidden_channels': 32,
 'in_channels': 'None',
 'negative_slope': 0.1,
 'num_layers': 2,
 'out_channels': 32}
{'product': 'dot',
 'score_cat_n2v_feat': False,
 'score_cat_node_feat_mf': False,
 'score_dropout': 0.1,
 'score_gin_mlp_layer': 2,
 'score_hidden_channels': 64,
 'score_in_channels': 32,
 'score_num_layers': 2,
 'score_num_layers_predictor': 3,
 'score_out_channels': 1}
Total number of parameters is 139937
layers in gat:  2
Epoch: 020, train loss: 0.0071, valid loss: 0.0362, Cost Time: 3.0509s
Epoch: 040, train loss: 0.0071, valid loss: 0.0362, Cost Time: 2.8114s
Epoch: 060, train loss: 0.0071, valid loss: 0.0362, Cost Time: 2.5349s
Epoch: 080, train loss: 0.0071, valid loss: 0.0362, Cost Time: 2.5074s
Epoch: 100, train loss: 0.0071, valid loss: 0.0362, Cost Time: 2.5202s
Saved ('Custom_GAT', 'random', 'CN', 0.0) to ./results/Custom_GAT2CN_ddi.csv
{'dropout': 0,
 'emb': False,
 'heads': 4,
 'hidden_channels': 32,
 'in_channels': 'None',
 'negative_slope': 0.1,
 'num_layers': 2,
 'out_channels': 32}
{'product': 'dot',
 'score_cat_n2v_feat': False,
 'score_cat_node_feat_mf': False,
 'score_dropout': 0.1,
 'score_gin_mlp_layer': 2,
 'score_hidden_channels': 64,
 'score_in_channels': 32,
 'score_num_layers': 2,
 'score_num_layers_predictor': 3,
 'score_out_channels': 1}
Total number of parameters is 139937
layers in gat:  2
Epoch: 020, train loss: 0.0000, valid loss: 0.1250, Cost Time: 2.6255s
Epoch: 040, train loss: 0.0000, valid loss: 0.1250, Cost Time: 2.5393s
Epoch: 060, train loss: 0.0000, valid loss: 0.1250, Cost Time: 2.4886s
Epoch: 080, train loss: 0.0000, valid loss: 0.1250, Cost Time: 2.4074s
Epoch: 100, train loss: 0.0000, valid loss: 0.1250, Cost Time: 2.4187s
Saved ('Custom_GAT', 'random', 'CN', 0.007105089258402586) to ./results/Custom_GAT2CN_ddi.csv
{'dropout': 0,
 'emb': False,
 'heads': 4,
 'hidden_channels': 32,
 'in_channels': 'None',
 'negative_slope': 0.1,
 'num_layers': 2,
 'out_channels': 32}
{'product': 'dot',
 'score_cat_n2v_feat': False,
 'score_cat_node_feat_mf': False,
 'score_dropout': 0.1,
 'score_gin_mlp_layer': 2,
 'score_hidden_channels': 64,
 'score_in_channels': 32,
 'score_num_layers': 2,
 'score_num_layers_predictor': 3,
 'score_out_channels': 1}
Total number of parameters is 139937
layers in gat:  2
Epoch: 020, train loss: 0.0011, valid loss: 0.0000, Cost Time: 2.6729s
Epoch: 040, train loss: 0.0011, valid loss: 0.0000, Cost Time: 2.6721s
Epoch: 060, train loss: 0.0011, valid loss: 0.0000, Cost Time: 2.5008s
Epoch: 080, train loss: 0.0011, valid loss: 0.0000, Cost Time: 2.4874s
Epoch: 100, train loss: 0.0011, valid loss: 0.0000, Cost Time: 2.4807s
Saved ('Custom_GAT', 'random', 'CN', 8.234401605022867e-09) to ./results/Custom_GAT2CN_ddi.csv
{'dropout': 0,
 'emb': False,
 'heads': 4,
 'hidden_channels': 32,
 'in_channels': 'None',
 'negative_slope': 0.1,
 'num_layers': 2,
 'out_channels': 32}
{'product': 'dot',
 'score_cat_n2v_feat': False,
 'score_cat_node_feat_mf': False,
 'score_dropout': 0.1,
 'score_gin_mlp_layer': 2,
 'score_hidden_channels': 64,
 'score_in_channels': 32,
 'score_num_layers': 2,
 'score_num_layers_predictor': 3,
 'score_out_channels': 1}
Total number of parameters is 139937
layers in gat:  2
Epoch: 020, train loss: 0.0362, valid loss: 0.0002, Cost Time: 2.8064s
Epoch: 040, train loss: 0.0362, valid loss: 0.0002, Cost Time: 2.8059s
Epoch: 060, train loss: 0.0362, valid loss: 0.0002, Cost Time: 2.3685s
Epoch: 080, train loss: 0.0362, valid loss: 0.0002, Cost Time: 2.3526s
Epoch: 100, train loss: 0.0362, valid loss: 0.0002, Cost Time: 2.3619s
Saved ('Custom_GAT', 'random', 'CN', 0.125) to ./results/Custom_GAT2CN_ddi.csv
{'dropout': 0,
 'emb': False,
 'heads': 4,
 'hidden_channels': 32,
 'in_channels': 'None',
 'negative_slope': 0.1,
 'num_layers': 2,
 'out_channels': 32}
{'product': 'dot',
 'score_cat_n2v_feat': False,
 'score_cat_node_feat_mf': False,
 'score_dropout': 0.1,
 'score_gin_mlp_layer': 2,
 'score_hidden_channels': 64,
 'score_in_channels': 32,
 'score_num_layers': 2,
 'score_num_layers_predictor': 3,
 'score_out_channels': 1}
Total number of parameters is 139937
layers in gat:  2
Epoch: 020, train loss: 0.0363, valid loss: 0.0000, Cost Time: 2.4774s
Epoch: 040, train loss: 0.0362, valid loss: 0.0000, Cost Time: 2.4844s
Epoch: 060, train loss: 0.0363, valid loss: 0.0000, Cost Time: 2.5659s
Epoch: 080, train loss: 0.0363, valid loss: 0.0000, Cost Time: 2.4849s
Epoch: 100, train loss: 0.0363, valid loss: 0.0000, Cost Time: 2.4815s
Saved ('Custom_GAT', 'random', 'CN', 0.125) to ./results/Custom_GAT2CN_ddi.csv
{'dropout': 0,
 'emb': False,
 'heads': 4,
 'hidden_channels': 32,
 'in_channels': 'None',
 'negative_slope': 0.1,
 'num_layers': 2,
 'out_channels': 32}
{'product': 'dot',
 'score_cat_n2v_feat': False,
 'score_cat_node_feat_mf': False,
 'score_dropout': 0.1,
 'score_gin_mlp_layer': 2,
 'score_hidden_channels': 64,
 'score_in_channels': 32,
 'score_num_layers': 2,
 'score_num_layers_predictor': 3,
 'score_out_channels': 1}
Total number of parameters is 139937
layers in gat:  2
Epoch: 020, train loss: 0.1250, valid loss: 0.0000, Cost Time: 2.6122s
Epoch: 040, train loss: 0.1250, valid loss: 0.0000, Cost Time: 2.7466s
Epoch: 060, train loss: 0.1250, valid loss: 0.0000, Cost Time: 2.4824s
Epoch: 080, train loss: 0.1250, valid loss: 0.0000, Cost Time: 2.4981s
Epoch: 100, train loss: 0.1250, valid loss: 0.0000, Cost Time: 2.4205s
Saved ('Custom_GAT', 'random', 'CN', 0.00016175238124560565) to ./results/Custom_GAT2CN_ddi.csv
{'dropout': 0,
 'emb': False,
 'heads': 4,
 'hidden_channels': 32,
 'in_channels': 'None',
 'negative_slope': 0.1,
 'num_layers': 2,
 'out_channels': 32}
{'product': 'dot',
 'score_cat_n2v_feat': False,
 'score_cat_node_feat_mf': False,
 'score_dropout': 0.1,
 'score_gin_mlp_layer': 2,
 'score_hidden_channels': 64,
 'score_in_channels': 32,
 'score_num_layers': 2,
 'score_num_layers_predictor': 3,
 'score_out_channels': 1}
Total number of parameters is 139937
layers in gat:  2
Epoch: 020, train loss: 0.0000, valid loss: 0.1250, Cost Time: 2.6914s
Epoch: 040, train loss: 0.0000, valid loss: 0.1250, Cost Time: 2.7061s
Epoch: 060, train loss: 0.0000, valid loss: 0.1250, Cost Time: 2.5395s
Epoch: 080, train loss: 0.0000, valid loss: 0.1250, Cost Time: 2.4788s
Epoch: 100, train loss: 0.0000, valid loss: 0.1250, Cost Time: 2.4888s
Saved ('Custom_GAT', 'adjacency', 'CN', 1.031430940656719e-09) to ./results/Custom_GAT2CN_ddi.csv
{'dropout': 0,
 'emb': False,
 'heads': 4,
 'hidden_channels': 32,
 'in_channels': 'None',
 'negative_slope': 0.1,
 'num_layers': 2,
 'out_channels': 32}
{'product': 'dot',
 'score_cat_n2v_feat': False,
 'score_cat_node_feat_mf': False,
 'score_dropout': 0.1,
 'score_gin_mlp_layer': 2,
 'score_hidden_channels': 64,
 'score_in_channels': 32,
 'score_num_layers': 2,
 'score_num_layers_predictor': 3,
 'score_out_channels': 1}
Total number of parameters is 139937
layers in gat:  2
Epoch: 020, train loss: 0.1250, valid loss: 0.0000, Cost Time: 2.4375s
Epoch: 040, train loss: 0.1250, valid loss: 0.0000, Cost Time: 2.4356s
Epoch: 060, train loss: 0.1250, valid loss: 0.0000, Cost Time: 2.3672s
Epoch: 080, train loss: 0.1250, valid loss: 0.0000, Cost Time: 2.4305s
Epoch: 100, train loss: 0.1250, valid loss: 0.0000, Cost Time: 2.4380s
Saved ('Custom_GAT', 'adjacency', 'CN', 0.13210467994213104) to ./results/Custom_GAT2CN_ddi.csv
{'dropout': 0,
 'emb': False,
 'heads': 4,
 'hidden_channels': 32,
 'in_channels': 'None',
 'negative_slope': 0.1,
 'num_layers': 2,
 'out_channels': 32}
{'product': 'dot',
 'score_cat_n2v_feat': False,
 'score_cat_node_feat_mf': False,
 'score_dropout': 0.1,
 'score_gin_mlp_layer': 2,
 'score_hidden_channels': 64,
 'score_in_channels': 32,
 'score_num_layers': 2,
 'score_num_layers_predictor': 3,
 'score_out_channels': 1}
Total number of parameters is 139937
layers in gat:  2
Epoch: 020, train loss: 0.0071, valid loss: 0.0362, Cost Time: 2.6661s
Epoch: 040, train loss: 0.0071, valid loss: 0.0362, Cost Time: 2.4710s
Epoch: 060, train loss: 0.0071, valid loss: 0.0362, Cost Time: 2.4723s
Epoch: 080, train loss: 0.0071, valid loss: 0.0362, Cost Time: 2.4768s
Epoch: 100, train loss: 0.0071, valid loss: 0.0362, Cost Time: 2.4807s
Saved ('Custom_GAT', 'adjacency', 'CN', 0.0) to ./results/Custom_GAT2CN_ddi.csv
{'dropout': 0,
 'emb': False,
 'heads': 4,
 'hidden_channels': 32,
 'in_channels': 'None',
 'negative_slope': 0.1,
 'num_layers': 2,
 'out_channels': 32}
{'product': 'dot',
 'score_cat_n2v_feat': False,
 'score_cat_node_feat_mf': False,
 'score_dropout': 0.1,
 'score_gin_mlp_layer': 2,
 'score_hidden_channels': 64,
 'score_in_channels': 32,
 'score_num_layers': 2,
 'score_num_layers_predictor': 3,
 'score_out_channels': 1}
Total number of parameters is 139937
layers in gat:  2
Epoch: 020, train loss: 0.0000, valid loss: 0.1250, Cost Time: 2.4918s
Epoch: 040, train loss: 0.0000, valid loss: 0.1250, Cost Time: 2.5021s
Epoch: 060, train loss: 0.0000, valid loss: 0.1250, Cost Time: 2.4162s
Epoch: 080, train loss: 0.0000, valid loss: 0.1250, Cost Time: 2.4934s
Epoch: 100, train loss: 0.0000, valid loss: 0.1250, Cost Time: 2.4597s
Saved ('Custom_GAT', 'adjacency', 'CN', 0.007105089258402586) to ./results/Custom_GAT2CN_ddi.csv
{'dropout': 0,
 'emb': False,
 'heads': 4,
 'hidden_channels': 32,
 'in_channels': 'None',
 'negative_slope': 0.1,
 'num_layers': 2,
 'out_channels': 32}
{'product': 'dot',
 'score_cat_n2v_feat': False,
 'score_cat_node_feat_mf': False,
 'score_dropout': 0.1,
 'score_gin_mlp_layer': 2,
 'score_hidden_channels': 64,
 'score_in_channels': 32,
 'score_num_layers': 2,
 'score_num_layers_predictor': 3,
 'score_out_channels': 1}
Total number of parameters is 139937
layers in gat:  2
Epoch: 020, train loss: 0.0011, valid loss: 0.0000, Cost Time: 2.3893s
Epoch: 040, train loss: 0.0011, valid loss: 0.0000, Cost Time: 2.3717s
Epoch: 060, train loss: 0.0011, valid loss: 0.0000, Cost Time: 2.3808s
Epoch: 080, train loss: 0.0011, valid loss: 0.0000, Cost Time: 2.3874s
Epoch: 100, train loss: 0.0011, valid loss: 0.0000, Cost Time: 2.3770s
Saved ('Custom_GAT', 'adjacency', 'CN', 0.0) to ./results/Custom_GAT2CN_ddi.csv
{'dropout': 0,
 'emb': False,
 'heads': 4,
 'hidden_channels': 32,
 'in_channels': 'None',
 'negative_slope': 0.1,
 'num_layers': 2,
 'out_channels': 32}
{'product': 'dot',
 'score_cat_n2v_feat': False,
 'score_cat_node_feat_mf': False,
 'score_dropout': 0.1,
 'score_gin_mlp_layer': 2,
 'score_hidden_channels': 64,
 'score_in_channels': 32,
 'score_num_layers': 2,
 'score_num_layers_predictor': 3,
 'score_out_channels': 1}
Total number of parameters is 139937
layers in gat:  2
Epoch: 020, train loss: 0.0362, valid loss: 0.0002, Cost Time: 2.5225s
Epoch: 040, train loss: 0.0362, valid loss: 0.0002, Cost Time: 2.4954s
Epoch: 060, train loss: 0.0362, valid loss: 0.0002, Cost Time: 2.5007s
Epoch: 080, train loss: 0.0360, valid loss: 0.0000, Cost Time: 2.4929s
Epoch: 100, train loss: 0.0362, valid loss: 0.0002, Cost Time: 2.4834s
Saved ('Custom_GAT', 'adjacency', 'CN', 0.125) to ./results/Custom_GAT2CN_ddi.csv
{'dropout': 0,
 'emb': False,
 'heads': 4,
 'hidden_channels': 32,
 'in_channels': 'None',
 'negative_slope': 0.1,
 'num_layers': 2,
 'out_channels': 32}
{'product': 'dot',
 'score_cat_n2v_feat': False,
 'score_cat_node_feat_mf': False,
 'score_dropout': 0.1,
 'score_gin_mlp_layer': 2,
 'score_hidden_channels': 64,
 'score_in_channels': 32,
 'score_num_layers': 2,
 'score_num_layers_predictor': 3,
 'score_out_channels': 1}
Total number of parameters is 139937
layers in gat:  2
Epoch: 020, train loss: 0.0363, valid loss: 0.0000, Cost Time: 2.4906s
Epoch: 040, train loss: 0.0363, valid loss: 0.0000, Cost Time: 2.4806s
Epoch: 060, train loss: 0.0363, valid loss: 0.0000, Cost Time: 2.5091s
Epoch: 080, train loss: 0.0363, valid loss: 0.0000, Cost Time: 2.4846s
Epoch: 100, train loss: 0.0363, valid loss: 0.0000, Cost Time: 2.4957s
Saved ('Custom_GAT', 'adjacency', 'CN', 0.125) to ./results/Custom_GAT2CN_ddi.csv
{'dropout': 0,
 'emb': False,
 'heads': 4,
 'hidden_channels': 32,
 'in_channels': 'None',
 'negative_slope': 0.1,
 'num_layers': 2,
 'out_channels': 32}
{'product': 'dot',
 'score_cat_n2v_feat': False,
 'score_cat_node_feat_mf': False,
 'score_dropout': 0.1,
 'score_gin_mlp_layer': 2,
 'score_hidden_channels': 64,
 'score_in_channels': 32,
 'score_num_layers': 2,
 'score_num_layers_predictor': 3,
 'score_out_channels': 1}
Total number of parameters is 139937
layers in gat:  2
Epoch: 020, train loss: 0.1250, valid loss: 0.0000, Cost Time: 2.4542s
Epoch: 040, train loss: 0.1250, valid loss: 0.0000, Cost Time: 2.4940s
Epoch: 060, train loss: 0.1250, valid loss: 0.0000, Cost Time: 2.4974s
Epoch: 080, train loss: 0.1250, valid loss: 0.0000, Cost Time: 2.4903s
Epoch: 100, train loss: 0.0163, valid loss: 0.0000, Cost Time: 2.4828s
Saved ('Custom_GAT', 'adjacency', 'CN', 0.00015358984819613397) to ./results/Custom_GAT2CN_ddi.csv

============================= JOB FEEDBACK =============================

Job ID: 2804531
Cluster: hk
User/Group: cc7738/hk-project-test-p0021478
Account: hk-project-pai00001
State: COMPLETED (exit code 0)
Partition: dev_cpuonly
Nodes: 1
Cores per node: 2
Nodelist: hkn0004
CPU Utilized: 03:45:57
CPU Efficiency: 81.57% of 04:37:00 core-walltime
Job Wall-clock time: 02:18:30
Starttime: Tue Dec  3 00:18:01 2024
Endtime: Tue Dec  3 02:36:31 2024
Memory Utilized: 3.09 GB
Memory Efficiency: 98.96% of 3.12 GB
Energy Consumed: 2481555 Joule / 689.320833333333 Watthours
Average node power draw: 298.62274368231 Watt
