Configuration:
epochs: 100
dataset: ddi
batch_size: 8192
h_key: CN
model: Custom_GAT
use_feature: False
node_feature: original
use_early_stopping: False
lr: 0.01
weight_decay: 0.0005
{'dropout': 0,
 'emb': False,
 'heads': 4,
 'hidden_channels': 32,
 'in_channels': 'None',
 'negative_slope': 0.1,
 'num_layers': 2,
 'out_channels': 32}
{'product': 'dot',
 'score_cat_n2v_feat': False,
 'score_cat_node_feat_mf': False,
 'score_dropout': 0.1,
 'score_gin_mlp_layer': 2,
 'score_hidden_channels': 64,
 'score_in_channels': 32,
 'score_num_layers': 2,
 'score_num_layers_predictor': 3,
 'score_out_channels': 1}
Total number of parameters is 139937
Configuration:
epochs: 100
dataset: ddi
batch_size: 8192
h_key: CN
model: Custom_GIN
use_feature: False
node_feature: original
use_early_stopping: False
lr: 0.01
weight_decay: 0.0005
{'dropout': 0,
 'emb': False,
 'hidden_channels': 64,
 'mlp_layer': 1,
 'num_layers': 2,
 'out_channels': 64}
{'product': 'dot',
 'score_cat_n2v_feat': False,
 'score_cat_node_feat_mf': False,
 'score_dropout': 0.1,
 'score_gin_mlp_layer': 2,
 'score_hidden_channels': 64,
 'score_in_channels': 64,
 'score_num_layers': 2,
 'score_num_layers_predictor': 3,
 'score_out_channels': 1}
Configuration:
epochs: 100
dataset: ddi
batch_size: 8192
h_key: CN
model: LINKX
use_feature: False
node_feature: original
use_early_stopping: False
lr: 0.01
weight_decay: 0.0005
{'hidden_channels': 16,
 'num_edge_layers': 1,
 'num_layers': 1,
 'num_node_layers': 1,
 'out_channels': 1}
{'product': 'dot',
 'score_cat_n2v_feat': False,
 'score_cat_node_feat_mf': False,
 'score_dropout': 0.1,
 'score_gin_mlp_layer': 2,
 'score_hidden_channels': 64,
 'score_in_channels': 64,
 'score_num_layers': 2,
 'score_num_layers_predictor': 3,
 'score_out_channels': 1}
Total number of parameters is 137330
Configuration:
epochs: 100
dataset: ddi
batch_size: 8192
h_key: CN
model: Custom_GCN
use_feature: False
node_feature: original
use_early_stopping: False
lr: 0.01
weight_decay: 0.0005
{'dropout': 0,
 'hidden_channels': 32,
 'in_channels': 'None',
 'negative_slope': 0.1,
 'num_layers': 2,
 'out_channels': 32}
{'product': 'inner',
 'score_cat_n2v_feat': False,
 'score_cat_node_feat_mf': False,
 'score_dropout': 0.1,
 'score_gin_mlp_layer': 2,
 'score_hidden_channels': 64,
 'score_in_channels': 32,
 'score_num_layers': 2,
 'score_num_layers_predictor': 3,
 'score_out_channels': 1}
Total number of parameters is 139809
Configuration:
epochs: 100
dataset: ddi
batch_size: 8192
h_key: CN
model: GraphSAGE
use_feature: False
node_feature: original
use_early_stopping: False
lr: 0.01
weight_decay: 0.0005
{'dropout': 0,
 'emb': False,
 'hidden_channels': 64,
 'in_channels': 'None',
 'num_layers': 2,
 'out_channels': 128}
{'product': 'dot',
 'score_cat_n2v_feat': False,
 'score_cat_node_feat_mf': False,
 'score_dropout': 0.1,
 'score_gin_mlp_layer': 2,
 'score_hidden_channels': 64,
 'score_in_channels': 128,
 'score_num_layers': 2,
 'score_num_layers_predictor': 3,
 'score_out_channels': 1}
Total number of parameters is 571073
layers in gcn:  2
layers in gat:  2
layers in sage:  2
Epoch: 020, train loss: 0.0000, valid loss: 0.0741, Cost Time: 1.3243s
Epoch: 020, train loss: 0.0000, valid loss: 0.1250, Cost Time: 3.4482s
Epoch: 040, train loss: 0.0000, valid loss: 0.0245, Cost Time: 1.3374s
Epoch: 060, train loss: 0.0000, valid loss: 0.1197, Cost Time: 4.3050s
Epoch: 040, train loss: 0.0000, valid loss: 0.1250, Cost Time: 3.4713s
Epoch: 080, train loss: 0.0000, valid loss: 0.2027, Cost Time: 1.4008s
Epoch: 020, train loss: 0.0000, valid loss: 0.1250, Cost Time: 7.9607s
Epoch: 020, train loss: 0.0000, valid loss: 0.1250, Cost Time: 10.7788s
Epoch: 100, train loss: 0.0000, valid loss: 0.2360, Cost Time: 1.3690s
Epoch: 060, train loss: 0.0000, valid loss: 0.1250, Cost Time: 3.5349s
Saved ('LINKX', 'original', 'CN', 0.3064872622489929) to ./results/LINKX2CN_ddi.csv
{'hidden_channels': 16,
 'num_edge_layers': 1,
 'num_layers': 1,
 'num_node_layers': 1,
 'out_channels': 1}
{'product': 'dot',
 'score_cat_n2v_feat': False,
 'score_cat_node_feat_mf': False,
 'score_dropout': 0.1,
 'score_gin_mlp_layer': 2,
 'score_hidden_channels': 64,
 'score_in_channels': 64,
 'score_num_layers': 2,
 'score_num_layers_predictor': 3,
 'score_out_channels': 1}
Total number of parameters is 137330
Epoch: 080, train loss: 0.0000, valid loss: 0.1250, Cost Time: 3.5692s
Epoch: 040, train loss: 0.0000, valid loss: 0.1250, Cost Time: 7.8610s
Epoch: 020, train loss: 0.1250, valid loss: 0.0000, Cost Time: 1.3186s
Epoch: 040, train loss: 0.0000, valid loss: 0.1250, Cost Time: 11.0429s
Epoch: 040, train loss: 0.1250, valid loss: 0.0118, Cost Time: 1.4322s
Epoch: 100, train loss: 0.0000, valid loss: 0.1250, Cost Time: 3.7101s
Epoch: 060, train loss: 0.1250, valid loss: 0.0521, Cost Time: 1.3718s
Epoch: 080, train loss: 0.1250, valid loss: 0.1596, Cost Time: 1.4752s
Saved ('Custom_GCN', 'original', 'CN', 1.031430940656719e-09) to ./results/Custom_GCN2CN_ddi.csv
{'dropout': 0,
 'hidden_channels': 32,
 'in_channels': 'None',
 'negative_slope': 0.1,
 'num_layers': 2,
 'out_channels': 32}
{'product': 'inner',
 'score_cat_n2v_feat': False,
 'score_cat_node_feat_mf': False,
 'score_dropout': 0.1,
 'score_gin_mlp_layer': 2,
 'score_hidden_channels': 64,
 'score_in_channels': 32,
 'score_num_layers': 2,
 'score_num_layers_predictor': 3,
 'score_out_channels': 1}
Total number of parameters is 139809
layers in gcn:  2
Epoch: 100, train loss: 0.1250, valid loss: 0.0050, Cost Time: 1.4273s
Epoch: 060, train loss: 0.0000, valid loss: 0.1250, Cost Time: 8.0071s
Epoch: 060, train loss: 0.0000, valid loss: 0.1250, Cost Time: 12.0563s
Epoch: 020, train loss: 0.1250, valid loss: 0.0000, Cost Time: 3.6354s
Saved ('LINKX', 'original', 'CN', 0.027033178135752678) to ./results/LINKX2CN_ddi.csv
{'hidden_channels': 16,
 'num_edge_layers': 1,
 'num_layers': 1,
 'num_node_layers': 1,
 'out_channels': 1}
{'product': 'dot',
 'score_cat_n2v_feat': False,
 'score_cat_node_feat_mf': False,
 'score_dropout': 0.1,
 'score_gin_mlp_layer': 2,
 'score_hidden_channels': 64,
 'score_in_channels': 64,
 'score_num_layers': 2,
 'score_num_layers_predictor': 3,
 'score_out_channels': 1}
Total number of parameters is 137330
Epoch: 040, train loss: 0.1250, valid loss: 0.0000, Cost Time: 3.4550s
Epoch: 020, train loss: 0.0071, valid loss: 0.0309, Cost Time: 1.4530s
Epoch: 080, train loss: 0.0000, valid loss: 0.1250, Cost Time: 7.4109s
Epoch: 040, train loss: 0.0071, valid loss: 0.0875, Cost Time: 1.4526s
Epoch: 060, train loss: 0.1250, valid loss: 0.0000, Cost Time: 3.4503s
Epoch: 060, train loss: 0.0071, valid loss: 0.1443, Cost Time: 1.4937s
Epoch: 080, train loss: 0.0000, valid loss: 0.0633, Cost Time: 10.7834s
Epoch: 080, train loss: 0.0071, valid loss: 0.1986, Cost Time: 1.2690s
Epoch: 080, train loss: 0.1250, valid loss: 0.0000, Cost Time: 3.4764s
Epoch: 100, train loss: 0.0071, valid loss: 0.2428, Cost Time: 1.3582s
Epoch: 100, train loss: 0.0000, valid loss: 0.1250, Cost Time: 7.2386s
Epoch: 100, train loss: 0.1250, valid loss: 0.0000, Cost Time: 3.5940s
Saved ('LINKX', 'original', 'CN', 0.31317198276519775) to ./results/LINKX2CN_ddi.csv
{'hidden_channels': 16,
 'num_edge_layers': 1,
 'num_layers': 1,
 'num_node_layers': 1,
 'out_channels': 1}
{'product': 'dot',
 'score_cat_n2v_feat': False,
 'score_cat_node_feat_mf': False,
 'score_dropout': 0.1,
 'score_gin_mlp_layer': 2,
 'score_hidden_channels': 64,
 'score_in_channels': 64,
 'score_num_layers': 2,
 'score_num_layers_predictor': 3,
 'score_out_channels': 1}
Total number of parameters is 137330
Epoch: 100, train loss: 0.0000, valid loss: 0.1250, Cost Time: 11.5670s
Saved ('Custom_GAT', 'original', 'CN', 1.031430940656719e-09) to ./results/Custom_GAT2CN_ddi.csv
{'dropout': 0,
 'emb': False,
 'heads': 4,
 'hidden_channels': 32,
 'in_channels': 'None',
 'negative_slope': 0.1,
 'num_layers': 2,
 'out_channels': 32}
{'product': 'dot',
 'score_cat_n2v_feat': False,
 'score_cat_node_feat_mf': False,
 'score_dropout': 0.1,
 'score_gin_mlp_layer': 2,
 'score_hidden_channels': 64,
 'score_in_channels': 32,
 'score_num_layers': 2,
 'score_num_layers_predictor': 3,
 'score_out_channels': 1}
Total number of parameters is 139937
layers in gat:  2
Epoch: 020, train loss: 0.0000, valid loss: 0.1108, Cost Time: 1.4626s
Saved ('Custom_GCN', 'original', 'CN', 0.13210467994213104) to ./results/Custom_GCN2CN_ddi.csv
{'dropout': 0,
 'hidden_channels': 32,
 'in_channels': 'None',
 'negative_slope': 0.1,
 'num_layers': 2,
 'out_channels': 32}
{'product': 'inner',
 'score_cat_n2v_feat': False,
 'score_cat_node_feat_mf': False,
 'score_dropout': 0.1,
 'score_gin_mlp_layer': 2,
 'score_hidden_channels': 64,
 'score_in_channels': 32,
 'score_num_layers': 2,
 'score_num_layers_predictor': 3,
 'score_out_channels': 1}
Total number of parameters is 139809
layers in gcn:  2
Epoch: 040, train loss: 0.0000, valid loss: 0.1466, Cost Time: 1.2535s
Epoch: 060, train loss: 0.0000, valid loss: 0.1766, Cost Time: 1.2932s
Saved ('GraphSAGE', 'original', 'CN', 1.031430940656719e-09) to ./results/GraphSAGE2CN_ddi.csv
{'dropout': 0,
 'emb': False,
 'hidden_channels': 64,
 'in_channels': 'None',
 'num_layers': 2,
 'out_channels': 128}
{'product': 'dot',
 'score_cat_n2v_feat': False,
 'score_cat_node_feat_mf': False,
 'score_dropout': 0.1,
 'score_gin_mlp_layer': 2,
 'score_hidden_channels': 64,
 'score_in_channels': 128,
 'score_num_layers': 2,
 'score_num_layers_predictor': 3,
 'score_out_channels': 1}
Total number of parameters is 571073
layers in sage:  2
Epoch: 020, train loss: 0.0071, valid loss: 0.0362, Cost Time: 3.4110s
Epoch: 080, train loss: 0.0000, valid loss: 0.2028, Cost Time: 1.3475s
Epoch: 100, train loss: 0.0000, valid loss: 0.2259, Cost Time: 1.2604s
Epoch: 020, train loss: 0.1250, valid loss: 0.0000, Cost Time: 7.7890s
Epoch: 040, train loss: 0.0071, valid loss: 0.0362, Cost Time: 3.5689s
Saved ('LINKX', 'original', 'CN', 0.253240168094635) to ./results/LINKX2CN_ddi.csv
{'hidden_channels': 16,
 'num_edge_layers': 1,
 'num_layers': 1,
 'num_node_layers': 1,
 'out_channels': 1}
{'product': 'dot',
 'score_cat_n2v_feat': False,
 'score_cat_node_feat_mf': False,
 'score_dropout': 0.1,
 'score_gin_mlp_layer': 2,
 'score_hidden_channels': 64,
 'score_in_channels': 64,
 'score_num_layers': 2,
 'score_num_layers_predictor': 3,
 'score_out_channels': 1}
Total number of parameters is 137330
Epoch: 060, train loss: 0.0071, valid loss: 0.0362, Cost Time: 3.6939s
Epoch: 020, train loss: 0.1250, valid loss: 0.0000, Cost Time: 10.7673s
Epoch: 020, train loss: 0.0011, valid loss: 0.0000, Cost Time: 1.2764s
Epoch: 040, train loss: 0.1250, valid loss: 0.0000, Cost Time: 7.5871s
Epoch: 040, train loss: 0.0011, valid loss: 0.0027, Cost Time: 1.3991s
Epoch: 080, train loss: 0.0071, valid loss: 0.0362, Cost Time: 3.3542s
Epoch: 060, train loss: 0.0011, valid loss: 0.0875, Cost Time: 1.3296s
Epoch: 100, train loss: 0.0071, valid loss: 0.0362, Cost Time: 3.4916s
Epoch: 080, train loss: 0.0011, valid loss: 0.1988, Cost Time: 1.4806s
Epoch: 100, train loss: 0.0011, valid loss: 0.2400, Cost Time: 1.5052s
Epoch: 040, train loss: 0.1250, valid loss: 0.0000, Cost Time: 11.7419s
Epoch: 060, train loss: 0.1250, valid loss: 0.0000, Cost Time: 8.4190s
Saved ('Custom_GCN', 'original', 'CN', 0.0) to ./results/Custom_GCN2CN_ddi.csv
{'dropout': 0,
 'hidden_channels': 32,
 'in_channels': 'None',
 'negative_slope': 0.1,
 'num_layers': 2,
 'out_channels': 32}
{'product': 'inner',
 'score_cat_n2v_feat': False,
 'score_cat_node_feat_mf': False,
 'score_dropout': 0.1,
 'score_gin_mlp_layer': 2,
 'score_hidden_channels': 64,
 'score_in_channels': 32,
 'score_num_layers': 2,
 'score_num_layers_predictor': 3,
 'score_out_channels': 1}
Total number of parameters is 139809
layers in gcn:  2
Saved ('LINKX', 'original', 'CN', 0.13075567781925201) to ./results/LINKX2CN_ddi.csv
{'hidden_channels': 16,
 'num_edge_layers': 1,
 'num_layers': 1,
 'num_node_layers': 1,
 'out_channels': 1}
{'product': 'dot',
 'score_cat_n2v_feat': False,
 'score_cat_node_feat_mf': False,
 'score_dropout': 0.1,
 'score_gin_mlp_layer': 2,
 'score_hidden_channels': 64,
 'score_in_channels': 64,
 'score_num_layers': 2,
 'score_num_layers_predictor': 3,
 'score_out_channels': 1}
Total number of parameters is 137330
Epoch: 020, train loss: 0.0362, valid loss: 0.3856, Cost Time: 1.4713s
Epoch: 020, train loss: 0.0000, valid loss: 0.1250, Cost Time: 3.7781s
Epoch: 040, train loss: 0.0362, valid loss: 0.3686, Cost Time: 1.3573s
Epoch: 080, train loss: 0.1250, valid loss: 0.0000, Cost Time: 7.0397s
Epoch: 060, train loss: 0.1250, valid loss: 0.0000, Cost Time: 11.1682s
Epoch: 060, train loss: 0.5362, valid loss: 0.4219, Cost Time: 1.4356s
Epoch: 040, train loss: 0.0000, valid loss: 0.1250, Cost Time: 3.5428s
Epoch: 080, train loss: 0.5362, valid loss: 0.4402, Cost Time: 1.3968s
Epoch: 100, train loss: 0.0362, valid loss: 0.2054, Cost Time: 1.5215s
Epoch: 060, train loss: 0.0000, valid loss: 0.1250, Cost Time: 3.5232s
Epoch: 100, train loss: 0.1250, valid loss: 0.0000, Cost Time: 7.0409s
Epoch: 080, train loss: 0.0000, valid loss: 0.1250, Cost Time: 3.6736s
Epoch: 080, train loss: 0.1250, valid loss: 0.0000, Cost Time: 11.8188s
Saved ('LINKX', 'original', 'CN', 0.09634209424257278) to ./results/LINKX2CN_ddi.csv
{'hidden_channels': 16,
 'num_edge_layers': 1,
 'num_layers': 1,
 'num_node_layers': 1,
 'out_channels': 1}
{'product': 'dot',
 'score_cat_n2v_feat': False,
 'score_cat_node_feat_mf': False,
 'score_dropout': 0.1,
 'score_gin_mlp_layer': 2,
 'score_hidden_channels': 64,
 'score_in_channels': 64,
 'score_num_layers': 2,
 'score_num_layers_predictor': 3,
 'score_out_channels': 1}
Total number of parameters is 137330
Epoch: 020, train loss: 0.0363, valid loss: 0.3129, Cost Time: 1.4004s
Saved ('Custom_GAT', 'original', 'CN', 0.13210467994213104) to ./results/Custom_GAT2CN_ddi.csv
{'dropout': 0,
 'emb': False,
 'heads': 4,
 'hidden_channels': 32,
 'in_channels': 'None',
 'negative_slope': 0.1,
 'num_layers': 2,
 'out_channels': 32}
{'product': 'dot',
 'score_cat_n2v_feat': False,
 'score_cat_node_feat_mf': False,
 'score_dropout': 0.1,
 'score_gin_mlp_layer': 2,
 'score_hidden_channels': 64,
 'score_in_channels': 32,
 'score_num_layers': 2,
 'score_num_layers_predictor': 3,
 'score_out_channels': 1}
Total number of parameters is 139937
Epoch: 100, train loss: 0.0000, valid loss: 0.1250, Cost Time: 3.4552s
layers in gat:  2
Epoch: 040, train loss: 0.0363, valid loss: 0.3068, Cost Time: 1.3206s
Epoch: 060, train loss: 0.0363, valid loss: 0.3885, Cost Time: 1.5465s
Saved ('Custom_GCN', 'original', 'CN', 0.007105089258402586) to ./results/Custom_GCN2CN_ddi.csv
{'dropout': 0,
 'hidden_channels': 32,
 'in_channels': 'None',
 'negative_slope': 0.1,
 'num_layers': 2,
 'out_channels': 32}
{'product': 'inner',
 'score_cat_n2v_feat': False,
 'score_cat_node_feat_mf': False,
 'score_dropout': 0.1,
 'score_gin_mlp_layer': 2,
 'score_hidden_channels': 64,
 'score_in_channels': 32,
 'score_num_layers': 2,
 'score_num_layers_predictor': 3,
 'score_out_channels': 1}
Total number of parameters is 139809
layers in gcn:  2
Epoch: 080, train loss: 0.0363, valid loss: 0.4327, Cost Time: 1.2896s
Epoch: 100, train loss: 0.0000, valid loss: 0.0011, Cost Time: 11.4581s
Epoch: 100, train loss: 0.0363, valid loss: 0.4594, Cost Time: 1.3569s
Epoch: 020, train loss: 0.0071, valid loss: 0.0362, Cost Time: 7.9490s
Epoch: 020, train loss: 0.0011, valid loss: 0.0000, Cost Time: 3.6038s
Saved ('GraphSAGE', 'original', 'CN', 0.022392714396119118) to ./results/GraphSAGE2CN_ddi.csv
{'dropout': 0,
 'emb': False,
 'hidden_channels': 64,
 'in_channels': 'None',
 'num_layers': 2,
 'out_channels': 128}
{'product': 'dot',
 'score_cat_n2v_feat': False,
 'score_cat_node_feat_mf': False,
 'score_dropout': 0.1,
 'score_gin_mlp_layer': 2,
 'score_hidden_channels': 64,
 'score_in_channels': 128,
 'score_num_layers': 2,
 'score_num_layers_predictor': 3,
 'score_out_channels': 1}
Total number of parameters is 571073
layers in sage:  2
Saved ('LINKX', 'original', 'CN', 0.34485140442848206) to ./results/LINKX2CN_ddi.csv
{'hidden_channels': 16,
 'num_edge_layers': 1,
 'num_layers': 1,
 'num_node_layers': 1,
 'out_channels': 1}
{'product': 'dot',
 'score_cat_n2v_feat': False,
 'score_cat_node_feat_mf': False,
 'score_dropout': 0.1,
 'score_gin_mlp_layer': 2,
 'score_hidden_channels': 64,
 'score_in_channels': 64,
 'score_num_layers': 2,
 'score_num_layers_predictor': 3,
 'score_out_channels': 1}
Total number of parameters is 137330
Epoch: 040, train loss: 0.0011, valid loss: 0.0000, Cost Time: 3.4165s
Epoch: 020, train loss: 0.1250, valid loss: 0.0416, Cost Time: 1.2923s
Epoch: 040, train loss: 0.1250, valid loss: 0.0813, Cost Time: 1.3813s
Epoch: 040, train loss: 0.0071, valid loss: 0.0362, Cost Time: 8.0114s
Epoch: 060, train loss: 0.0011, valid loss: 0.0000, Cost Time: 3.5162s
Epoch: 060, train loss: 0.1250, valid loss: 0.2246, Cost Time: 1.3746s
Epoch: 080, train loss: 0.1250, valid loss: 0.2615, Cost Time: 1.3787s
Epoch: 080, train loss: 0.0011, valid loss: 0.0000, Cost Time: 3.6499s
Epoch: 020, train loss: 0.0071, valid loss: 0.0362, Cost Time: 10.9902s
Epoch: 100, train loss: 0.1250, valid loss: 0.3115, Cost Time: 1.3207s
Epoch: 100, train loss: 0.0011, valid loss: 0.0000, Cost Time: 3.6497s
Epoch: 060, train loss: 0.0071, valid loss: 0.0362, Cost Time: 8.8045s
Saved ('LINKX', 'original', 'CN', 0.3050777018070221) to ./results/LINKX2CN_ddi.csv
{'hidden_channels': 16,
 'num_edge_layers': 1,
 'num_layers': 1,
 'num_node_layers': 1,
 'out_channels': 1}
{'product': 'dot',
 'score_cat_n2v_feat': False,
 'score_cat_node_feat_mf': False,
 'score_dropout': 0.1,
 'score_gin_mlp_layer': 2,
 'score_hidden_channels': 64,
 'score_in_channels': 64,
 'score_num_layers': 2,
 'score_num_layers_predictor': 3,
 'score_out_channels': 1}
Total number of parameters is 137330
Saved ('Custom_GCN', 'original', 'CN', 0.0) to ./results/Custom_GCN2CN_ddi.csv
{'dropout': 0,
 'hidden_channels': 32,
 'in_channels': 'None',
 'negative_slope': 0.1,
 'num_layers': 2,
 'out_channels': 32}
{'product': 'inner',
 'score_cat_n2v_feat': False,
 'score_cat_node_feat_mf': False,
 'score_dropout': 0.1,
 'score_gin_mlp_layer': 2,
 'score_hidden_channels': 64,
 'score_in_channels': 32,
 'score_num_layers': 2,
 'score_num_layers_predictor': 3,
 'score_out_channels': 1}
Total number of parameters is 139809
Epoch: 020, train loss: 0.0000, valid loss: 0.0541, Cost Time: 1.5626s
layers in gcn:  2
Epoch: 040, train loss: 0.0071, valid loss: 0.0362, Cost Time: 11.7503s
Epoch: 040, train loss: 0.0000, valid loss: 0.0591, Cost Time: 1.3460s
Epoch: 020, train loss: 0.0362, valid loss: 0.0002, Cost Time: 3.5294s
Epoch: 080, train loss: 0.0071, valid loss: 0.0362, Cost Time: 7.6163s
Epoch: 060, train loss: 0.0000, valid loss: 0.0576, Cost Time: 1.3057s
Epoch: 080, train loss: 0.0000, valid loss: 0.0620, Cost Time: 1.3134s
Epoch: 040, train loss: 0.0362, valid loss: 0.0002, Cost Time: 3.4332s
Epoch: 100, train loss: 0.0000, valid loss: 0.0648, Cost Time: 1.4223s
Epoch: 060, train loss: 0.0071, valid loss: 0.0362, Cost Time: 11.5509s
Epoch: 060, train loss: 0.0362, valid loss: 0.0002, Cost Time: 3.7431s
Epoch: 100, train loss: 0.0071, valid loss: 0.0359, Cost Time: 8.2534s
Saved ('LINKX', 'one-hot', 'CN', 0.019252566620707512) to ./results/LINKX2CN_ddi.csv
{'hidden_channels': 16,
 'num_edge_layers': 1,
 'num_layers': 1,
 'num_node_layers': 1,
 'out_channels': 1}
{'product': 'dot',
 'score_cat_n2v_feat': False,
 'score_cat_node_feat_mf': False,
 'score_dropout': 0.1,
 'score_gin_mlp_layer': 2,
 'score_hidden_channels': 64,
 'score_in_channels': 64,
 'score_num_layers': 2,
 'score_num_layers_predictor': 3,
 'score_out_channels': 1}
Total number of parameters is 137330
Epoch: 020, train loss: 0.0001, valid loss: 0.0000, Cost Time: 1.3910s
Epoch: 080, train loss: 0.0362, valid loss: 0.0002, Cost Time: 3.4349s
Epoch: 040, train loss: 0.0001, valid loss: 0.0000, Cost Time: 1.3435s
Saved ('Custom_GAT', 'original', 'CN', 3.004885229529464e-11) to ./results/Custom_GAT2CN_ddi.csv
{'dropout': 0,
 'emb': False,
 'heads': 4,
 'hidden_channels': 32,
 'in_channels': 'None',
 'negative_slope': 0.1,
 'num_layers': 2,
 'out_channels': 32}
{'product': 'dot',
 'score_cat_n2v_feat': False,
 'score_cat_node_feat_mf': False,
 'score_dropout': 0.1,
 'score_gin_mlp_layer': 2,
 'score_hidden_channels': 64,
 'score_in_channels': 32,
 'score_num_layers': 2,
 'score_num_layers_predictor': 3,
 'score_out_channels': 1}
Total number of parameters is 139937
layers in gat:  2
Epoch: 060, train loss: 0.0002, valid loss: 0.0053, Cost Time: 1.3633s
Epoch: 080, train loss: 0.0071, valid loss: 0.1278, Cost Time: 11.5856s
Epoch: 100, train loss: 0.0362, valid loss: 0.0002, Cost Time: 3.5548s
Epoch: 080, train loss: 0.0010, valid loss: 0.0342, Cost Time: 1.3755s
Epoch: 100, train loss: 0.0003, valid loss: 0.1047, Cost Time: 1.4569s
Saved ('Custom_GCN', 'original', 'CN', 0.12499922513961792) to ./results/Custom_GCN2CN_ddi.csv
{'dropout': 0,
 'hidden_channels': 32,
 'in_channels': 'None',
 'negative_slope': 0.1,
 'num_layers': 2,
 'out_channels': 32}
{'product': 'inner',
 'score_cat_n2v_feat': False,
 'score_cat_node_feat_mf': False,
 'score_dropout': 0.1,
 'score_gin_mlp_layer': 2,
 'score_hidden_channels': 64,
 'score_in_channels': 32,
 'score_num_layers': 2,
 'score_num_layers_predictor': 3,
 'score_out_channels': 1}
Total number of parameters is 139809
layers in gcn:  2
Epoch: 020, train loss: 0.0000, valid loss: 0.1250, Cost Time: 8.2132s
Saved ('LINKX', 'one-hot', 'CN', 0.055303700268268585) to ./results/LINKX2CN_ddi.csv
{'hidden_channels': 16,
 'num_edge_layers': 1,
 'num_layers': 1,
 'num_node_layers': 1,
 'out_channels': 1}
{'product': 'dot',
 'score_cat_n2v_feat': False,
 'score_cat_node_feat_mf': False,
 'score_dropout': 0.1,
 'score_gin_mlp_layer': 2,
 'score_hidden_channels': 64,
 'score_in_channels': 64,
 'score_num_layers': 2,
 'score_num_layers_predictor': 3,
 'score_out_channels': 1}
Total number of parameters is 137330
Epoch: 020, train loss: 0.0363, valid loss: 0.0000, Cost Time: 3.3846s
Epoch: 100, train loss: 0.0072, valid loss: 0.0367, Cost Time: 11.2948s
Epoch: 020, train loss: 0.0001, valid loss: 0.0361, Cost Time: 1.3672s
Epoch: 040, train loss: 0.0000, valid loss: 0.0301, Cost Time: 1.3424s
Epoch: 040, train loss: 0.0363, valid loss: 0.0000, Cost Time: 3.5088s
Epoch: 060, train loss: 0.0004, valid loss: 0.0328, Cost Time: 1.3226s
Saved ('GraphSAGE', 'original', 'CN', 0.011514173820614815) to ./results/GraphSAGE2CN_ddi.csv
{'dropout': 0,
 'emb': False,
 'hidden_channels': 64,
 'in_channels': 'None',
 'num_layers': 2,
 'out_channels': 128}
{'product': 'dot',
 'score_cat_n2v_feat': False,
 'score_cat_node_feat_mf': False,
 'score_dropout': 0.1,
 'score_gin_mlp_layer': 2,
 'score_hidden_channels': 64,
 'score_in_channels': 128,
 'score_num_layers': 2,
 'score_num_layers_predictor': 3,
 'score_out_channels': 1}
Total number of parameters is 571073
Epoch: 040, train loss: 0.0000, valid loss: 0.1250, Cost Time: 8.1803s
layers in sage:  2
Epoch: 080, train loss: 0.0002, valid loss: 0.0327, Cost Time: 1.2443s
Epoch: 060, train loss: 0.0363, valid loss: 0.0000, Cost Time: 3.4052s
Epoch: 100, train loss: 0.0000, valid loss: 0.0198, Cost Time: 1.3518s
Epoch: 080, train loss: 0.0363, valid loss: 0.0000, Cost Time: 3.5095s
Epoch: 060, train loss: 0.0000, valid loss: 0.1250, Cost Time: 8.3210s
Saved ('LINKX', 'one-hot', 'CN', 1.2008172234345693e-10) to ./results/LINKX2CN_ddi.csv
{'hidden_channels': 16,
 'num_edge_layers': 1,
 'num_layers': 1,
 'num_node_layers': 1,
 'out_channels': 1}
{'product': 'dot',
 'score_cat_n2v_feat': False,
 'score_cat_node_feat_mf': False,
 'score_dropout': 0.1,
 'score_gin_mlp_layer': 2,
 'score_hidden_channels': 64,
 'score_in_channels': 64,
 'score_num_layers': 2,
 'score_num_layers_predictor': 3,
 'score_out_channels': 1}
Total number of parameters is 137330
Epoch: 020, train loss: 0.0000, valid loss: 0.1250, Cost Time: 11.3343s
Epoch: 100, train loss: 0.0363, valid loss: 0.0000, Cost Time: 3.5871s
Epoch: 020, train loss: 0.0000, valid loss: 0.0788, Cost Time: 1.5216s
Epoch: 040, train loss: 0.0000, valid loss: 0.0903, Cost Time: 1.4061s
Epoch: 060, train loss: 0.0000, valid loss: 0.0760, Cost Time: 1.4890s
Saved ('Custom_GCN', 'original', 'CN', 0.12088429182767868) to ./results/Custom_GCN2CN_ddi.csv
{'dropout': 0,
 'hidden_channels': 32,
 'in_channels': 'None',
 'negative_slope': 0.1,
 'num_layers': 2,
 'out_channels': 32}
{'product': 'inner',
 'score_cat_n2v_feat': False,
 'score_cat_node_feat_mf': False,
 'score_dropout': 0.1,
 'score_gin_mlp_layer': 2,
 'score_hidden_channels': 64,
 'score_in_channels': 32,
 'score_num_layers': 2,
 'score_num_layers_predictor': 3,
 'score_out_channels': 1}
Total number of parameters is 139809
layers in gcn:  2
Epoch: 080, train loss: 0.0000, valid loss: 0.0661, Cost Time: 1.3577s
Epoch: 080, train loss: 0.0000, valid loss: 0.1250, Cost Time: 8.3678s
Epoch: 040, train loss: 0.0000, valid loss: 0.1250, Cost Time: 11.3979s
Epoch: 100, train loss: 0.0000, valid loss: 0.0630, Cost Time: 1.3901s
Epoch: 020, train loss: 0.1250, valid loss: 0.0000, Cost Time: 3.4080s
Epoch: 040, train loss: 0.1250, valid loss: 0.0000, Cost Time: 3.7192s
Saved ('LINKX', 'one-hot', 'CN', 0.0009380713454447687) to ./results/LINKX2CN_ddi.csv
{'hidden_channels': 16,
 'num_edge_layers': 1,
 'num_layers': 1,
 'num_node_layers': 1,
 'out_channels': 1}
{'product': 'dot',
 'score_cat_n2v_feat': False,
 'score_cat_node_feat_mf': False,
 'score_dropout': 0.1,
 'score_gin_mlp_layer': 2,
 'score_hidden_channels': 64,
 'score_in_channels': 64,
 'score_num_layers': 2,
 'score_num_layers_predictor': 3,
 'score_out_channels': 1}
Total number of parameters is 137330
Epoch: 100, train loss: 0.0000, valid loss: 0.1250, Cost Time: 7.7674s
Epoch: 020, train loss: 0.0011, valid loss: 0.0000, Cost Time: 1.3633s
Epoch: 060, train loss: 0.0899, valid loss: 0.0000, Cost Time: 3.5880s
Epoch: 060, train loss: 0.0000, valid loss: 0.1250, Cost Time: 11.0276s
Epoch: 040, train loss: 0.0011, valid loss: 0.0000, Cost Time: 1.3594s
Epoch: 060, train loss: 0.0011, valid loss: 0.0074, Cost Time: 1.5233s
Saved ('Custom_GAT', 'original', 'CN', 0.007105089258402586) to ./results/Custom_GAT2CN_ddi.csv
{'dropout': 0,
 'emb': False,
 'heads': 4,
 'hidden_channels': 32,
 'in_channels': 'None',
 'negative_slope': 0.1,
 'num_layers': 2,
 'out_channels': 32}
{'product': 'dot',
 'score_cat_n2v_feat': False,
 'score_cat_node_feat_mf': False,
 'score_dropout': 0.1,
 'score_gin_mlp_layer': 2,
 'score_hidden_channels': 64,
 'score_in_channels': 32,
 'score_num_layers': 2,
 'score_num_layers_predictor': 3,
 'score_out_channels': 1}
Total number of parameters is 139937
layers in gat:  2
Epoch: 080, train loss: 0.1250, valid loss: 0.0000, Cost Time: 3.3822s
Epoch: 080, train loss: 0.0011, valid loss: 0.0136, Cost Time: 1.3784s
Epoch: 100, train loss: 0.0010, valid loss: 0.0070, Cost Time: 1.4543s
Epoch: 100, train loss: 0.1250, valid loss: 0.0000, Cost Time: 3.6306s
Epoch: 080, train loss: 0.0000, valid loss: 0.1250, Cost Time: 12.5472s
Epoch: 020, train loss: 1.9512, valid loss: 2.0000, Cost Time: 8.5320s
Saved ('LINKX', 'one-hot', 'CN', 0.0) to ./results/LINKX2CN_ddi.csv
{'hidden_channels': 16,
 'num_edge_layers': 1,
 'num_layers': 1,
 'num_node_layers': 1,
 'out_channels': 1}
{'product': 'dot',
 'score_cat_n2v_feat': False,
 'score_cat_node_feat_mf': False,
 'score_dropout': 0.1,
 'score_gin_mlp_layer': 2,
 'score_hidden_channels': 64,
 'score_in_channels': 64,
 'score_num_layers': 2,
 'score_num_layers_predictor': 3,
 'score_out_channels': 1}
Total number of parameters is 137330
Saved ('Custom_GCN', 'original', 'CN', 0.00016175238124560565) to ./results/Custom_GCN2CN_ddi.csv
{'dropout': 0,
 'hidden_channels': 32,
 'in_channels': 'None',
 'negative_slope': 0.1,
 'num_layers': 2,
 'out_channels': 32}
{'product': 'inner',
 'score_cat_n2v_feat': False,
 'score_cat_node_feat_mf': False,
 'score_dropout': 0.1,
 'score_gin_mlp_layer': 2,
 'score_hidden_channels': 64,
 'score_in_channels': 32,
 'score_num_layers': 2,
 'score_num_layers_predictor': 3,
 'score_out_channels': 1}
Total number of parameters is 139809
layers in gcn:  2
Epoch: 020, train loss: 0.0056, valid loss: 0.0002, Cost Time: 1.3866s
Epoch: 040, train loss: 0.0005, valid loss: 0.0002, Cost Time: 1.2959s
Epoch: 020, train loss: 0.0000, valid loss: 0.1122, Cost Time: 3.7487s
Epoch: 060, train loss: 0.0002, valid loss: 0.0001, Cost Time: 1.3695s
Epoch: 100, train loss: 0.0000, valid loss: 0.0621, Cost Time: 10.8484s
Epoch: 080, train loss: 0.0002, valid loss: 0.0000, Cost Time: 1.2981s
Epoch: 040, train loss: 0.0011, valid loss: 0.0000, Cost Time: 8.1294s
Epoch: 040, train loss: 0.0000, valid loss: 0.1249, Cost Time: 3.3996s
Epoch: 100, train loss: 0.0005, valid loss: 0.0004, Cost Time: 1.3876s
Epoch: 060, train loss: 0.0000, valid loss: 0.1248, Cost Time: 3.5811s
Saved ('GraphSAGE', 'original', 'CN', 0.0461680106818676) to ./results/GraphSAGE2CN_ddi.csv
{'dropout': 0,
 'emb': False,
 'hidden_channels': 64,
 'in_channels': 'None',
 'num_layers': 2,
 'out_channels': 128}
{'product': 'dot',
 'score_cat_n2v_feat': False,
 'score_cat_node_feat_mf': False,
 'score_dropout': 0.1,
 'score_gin_mlp_layer': 2,
 'score_hidden_channels': 64,
 'score_in_channels': 128,
 'score_num_layers': 2,
 'score_num_layers_predictor': 3,
 'score_out_channels': 1}
Total number of parameters is 571073
layers in sage:  2
Saved ('LINKX', 'one-hot', 'CN', 0.019493117928504944) to ./results/LINKX2CN_ddi.csv
{'hidden_channels': 16,
 'num_edge_layers': 1,
 'num_layers': 1,
 'num_node_layers': 1,
 'out_channels': 1}
{'product': 'dot',
 'score_cat_n2v_feat': False,
 'score_cat_node_feat_mf': False,
 'score_dropout': 0.1,
 'score_gin_mlp_layer': 2,
 'score_hidden_channels': 64,
 'score_in_channels': 64,
 'score_num_layers': 2,
 'score_num_layers_predictor': 3,
 'score_out_channels': 1}
Total number of parameters is 137330
Epoch: 060, train loss: 0.0011, valid loss: 0.0000, Cost Time: 8.0396s
Epoch: 080, train loss: 0.0000, valid loss: 0.1235, Cost Time: 3.5347s
Epoch: 020, train loss: 0.0026, valid loss: 0.0000, Cost Time: 1.4929s
Epoch: 040, train loss: 0.0010, valid loss: 0.0263, Cost Time: 1.4134s
Epoch: 100, train loss: 0.0000, valid loss: 0.1196, Cost Time: 3.4238s
Epoch: 060, train loss: 0.0003, valid loss: 0.0274, Cost Time: 1.3553s
Epoch: 020, train loss: 1.9512, valid loss: 2.0000, Cost Time: 12.1328s
Epoch: 080, train loss: 0.0002, valid loss: 0.0306, Cost Time: 1.3817s
Epoch: 100, train loss: 0.0002, valid loss: 0.0159, Cost Time: 1.3439s
Epoch: 080, train loss: 0.0011, valid loss: 0.0000, Cost Time: 8.0184s
Saved ('Custom_GCN', 'one-hot', 'CN', 1.1741931871256384e-09) to ./results/Custom_GCN2CN_ddi.csv
{'dropout': 0,
 'hidden_channels': 32,
 'in_channels': 'None',
 'negative_slope': 0.1,
 'num_layers': 2,
 'out_channels': 32}
{'product': 'inner',
 'score_cat_n2v_feat': False,
 'score_cat_node_feat_mf': False,
 'score_dropout': 0.1,
 'score_gin_mlp_layer': 2,
 'score_hidden_channels': 64,
 'score_in_channels': 32,
 'score_num_layers': 2,
 'score_num_layers_predictor': 3,
 'score_out_channels': 1}
Total number of parameters is 139809
layers in gcn:  2
Epoch: 020, train loss: 0.0727, valid loss: 0.0033, Cost Time: 3.6664s
Saved ('LINKX', 'one-hot', 'CN', 0.025145933032035828) to ./results/LINKX2CN_ddi.csv
{'hidden_channels': 16,
 'num_edge_layers': 1,
 'num_layers': 1,
 'num_node_layers': 1,
 'out_channels': 1}
{'product': 'dot',
 'score_cat_n2v_feat': False,
 'score_cat_node_feat_mf': False,
 'score_dropout': 0.1,
 'score_gin_mlp_layer': 2,
 'score_hidden_channels': 64,
 'score_in_channels': 64,
 'score_num_layers': 2,
 'score_num_layers_predictor': 3,
 'score_out_channels': 1}
Total number of parameters is 137330
Epoch: 040, train loss: 0.0011, valid loss: 0.0000, Cost Time: 10.8740s
Epoch: 020, train loss: 0.0460, valid loss: 0.0210, Cost Time: 1.3116s
Epoch: 100, train loss: 0.0011, valid loss: 0.0000, Cost Time: 7.4500s
Epoch: 040, train loss: 0.0204, valid loss: 0.0557, Cost Time: 3.4481s
Epoch: 040, train loss: 0.0000, valid loss: 0.1180, Cost Time: 1.3513s
Epoch: 060, train loss: 0.0000, valid loss: 0.3043, Cost Time: 1.3627s
Epoch: 060, train loss: 0.0027, valid loss: 0.0025, Cost Time: 3.4882s
Epoch: 080, train loss: 0.0000, valid loss: 0.2806, Cost Time: 1.3380s
Saved ('Custom_GAT', 'original', 'CN', 0.0) to ./results/Custom_GAT2CN_ddi.csv
{'dropout': 0,
 'emb': False,
 'heads': 4,
 'hidden_channels': 32,
 'in_channels': 'None',
 'negative_slope': 0.1,
 'num_layers': 2,
 'out_channels': 32}
{'product': 'dot',
 'score_cat_n2v_feat': False,
 'score_cat_node_feat_mf': False,
 'score_dropout': 0.1,
 'score_gin_mlp_layer': 2,
 'score_hidden_channels': 64,
 'score_in_channels': 32,
 'score_num_layers': 2,
 'score_num_layers_predictor': 3,
 'score_out_channels': 1}
Total number of parameters is 139937
layers in gat:  2
Epoch: 100, train loss: 0.0000, valid loss: 0.2866, Cost Time: 1.2936s
Epoch: 060, train loss: 0.0011, valid loss: 0.0000, Cost Time: 10.8374s
Epoch: 080, train loss: 0.0030, valid loss: 0.0062, Cost Time: 3.6236s
Saved ('LINKX', 'one-hot', 'CN', 0.3270133435726166) to ./results/LINKX2CN_ddi.csv
{'hidden_channels': 16,
 'num_edge_layers': 1,
 'num_layers': 1,
 'num_node_layers': 1,
 'out_channels': 1}
{'product': 'dot',
 'score_cat_n2v_feat': False,
 'score_cat_node_feat_mf': False,
 'score_dropout': 0.1,
 'score_gin_mlp_layer': 2,
 'score_hidden_channels': 64,
 'score_in_channels': 64,
 'score_num_layers': 2,
 'score_num_layers_predictor': 3,
 'score_out_channels': 1}
Total number of parameters is 137330
Epoch: 100, train loss: 0.0027, valid loss: 0.0365, Cost Time: 3.4886s
Epoch: 020, train loss: 0.0362, valid loss: 0.0002, Cost Time: 8.6735s
Epoch: 020, train loss: 0.0000, valid loss: 0.0701, Cost Time: 1.5342s
Epoch: 040, train loss: 0.0000, valid loss: 0.0810, Cost Time: 1.3299s
Epoch: 080, train loss: 0.0011, valid loss: 0.0000, Cost Time: 12.1418s
Saved ('Custom_GCN', 'one-hot', 'CN', 0.04255514219403267) to ./results/Custom_GCN2CN_ddi.csv
{'dropout': 0,
 'hidden_channels': 32,
 'in_channels': 'None',
 'negative_slope': 0.1,
 'num_layers': 2,
 'out_channels': 32}
{'product': 'inner',
 'score_cat_n2v_feat': False,
 'score_cat_node_feat_mf': False,
 'score_dropout': 0.1,
 'score_gin_mlp_layer': 2,
 'score_hidden_channels': 64,
 'score_in_channels': 32,
 'score_num_layers': 2,
 'score_num_layers_predictor': 3,
 'score_out_channels': 1}
Total number of parameters is 139809
layers in gcn:  2
Epoch: 060, train loss: 0.0000, valid loss: 0.0870, Cost Time: 1.3661s
Epoch: 080, train loss: 0.0000, valid loss: 0.0747, Cost Time: 1.3818s
Epoch: 020, train loss: 0.0040, valid loss: 0.0336, Cost Time: 3.5289s
Epoch: 100, train loss: 0.0000, valid loss: 0.0761, Cost Time: 1.5485s
Epoch: 040, train loss: 0.0362, valid loss: 0.0002, Cost Time: 7.5565s
Epoch: 040, train loss: 0.0071, valid loss: 0.0362, Cost Time: 3.6431s
Epoch: 100, train loss: 0.0011, valid loss: 0.0000, Cost Time: 11.7624s
Saved ('LINKX', 'random', 'CN', 0.04122167453169823) to ./results/LINKX2CN_ddi.csv
{'hidden_channels': 16,
 'num_edge_layers': 1,
 'num_layers': 1,
 'num_node_layers': 1,
 'out_channels': 1}
{'product': 'dot',
 'score_cat_n2v_feat': False,
 'score_cat_node_feat_mf': False,
 'score_dropout': 0.1,
 'score_gin_mlp_layer': 2,
 'score_hidden_channels': 64,
 'score_in_channels': 64,
 'score_num_layers': 2,
 'score_num_layers_predictor': 3,
 'score_out_channels': 1}
Total number of parameters is 137330
Epoch: 060, train loss: 0.0070, valid loss: 0.0360, Cost Time: 3.5546s
Epoch: 020, train loss: 0.1250, valid loss: 0.0000, Cost Time: 1.3593s
Epoch: 060, train loss: 0.0362, valid loss: 0.0002, Cost Time: 8.1820s
Epoch: 040, train loss: 0.1250, valid loss: 0.0000, Cost Time: 1.3639s
Saved ('GraphSAGE', 'original', 'CN', 0.0) to ./results/GraphSAGE2CN_ddi.csv
{'dropout': 0,
 'emb': False,
 'hidden_channels': 64,
 'in_channels': 'None',
 'num_layers': 2,
 'out_channels': 128}
{'product': 'dot',
 'score_cat_n2v_feat': False,
 'score_cat_node_feat_mf': False,
 'score_dropout': 0.1,
 'score_gin_mlp_layer': 2,
 'score_hidden_channels': 64,
 'score_in_channels': 128,
 'score_num_layers': 2,
 'score_num_layers_predictor': 3,
 'score_out_channels': 1}
Total number of parameters is 571073
layers in sage:  2
Epoch: 080, train loss: 0.0055, valid loss: 0.0312, Cost Time: 3.3783s
Epoch: 060, train loss: 0.1250, valid loss: 0.0000, Cost Time: 1.4496s
Epoch: 080, train loss: 0.1250, valid loss: 0.0002, Cost Time: 1.4169s
Epoch: 100, train loss: 0.0050, valid loss: 0.0293, Cost Time: 3.3769s
Epoch: 100, train loss: 0.1250, valid loss: 0.0211, Cost Time: 1.2848s
Epoch: 080, train loss: 0.0362, valid loss: 0.0002, Cost Time: 7.9506s
Epoch: 020, train loss: 0.0362, valid loss: 0.0002, Cost Time: 12.5062s
Saved ('Custom_GCN', 'one-hot', 'CN', 0.0013253663200885057) to ./results/Custom_GCN2CN_ddi.csv
{'dropout': 0,
 'hidden_channels': 32,
 'in_channels': 'None',
 'negative_slope': 0.1,
 'num_layers': 2,
 'out_channels': 32}
{'product': 'inner',
 'score_cat_n2v_feat': False,
 'score_cat_node_feat_mf': False,
 'score_dropout': 0.1,
 'score_gin_mlp_layer': 2,
 'score_hidden_channels': 64,
 'score_in_channels': 32,
 'score_num_layers': 2,
 'score_num_layers_predictor': 3,
 'score_out_channels': 1}
Total number of parameters is 139809
layers in gcn:  2
Saved ('LINKX', 'random', 'CN', 0.11902996152639389) to ./results/LINKX2CN_ddi.csv
{'hidden_channels': 16,
 'num_edge_layers': 1,
 'num_layers': 1,
 'num_node_layers': 1,
 'out_channels': 1}
{'product': 'dot',
 'score_cat_n2v_feat': False,
 'score_cat_node_feat_mf': False,
 'score_dropout': 0.1,
 'score_gin_mlp_layer': 2,
 'score_hidden_channels': 64,
 'score_in_channels': 64,
 'score_num_layers': 2,
 'score_num_layers_predictor': 3,
 'score_out_channels': 1}
Total number of parameters is 137330
Epoch: 020, train loss: 0.0071, valid loss: 0.0362, Cost Time: 1.4948s
Epoch: 020, train loss: 0.0002, valid loss: 0.1148, Cost Time: 3.5999s
Epoch: 040, train loss: 0.0071, valid loss: 0.0436, Cost Time: 1.5323s
Epoch: 100, train loss: 0.0362, valid loss: 0.0002, Cost Time: 7.0934s
Epoch: 060, train loss: 0.0071, valid loss: 0.0563, Cost Time: 1.4689s
Epoch: 040, train loss: 0.0000, valid loss: 0.1250, Cost Time: 3.5797s
Epoch: 040, train loss: 0.0362, valid loss: 0.0001, Cost Time: 10.9188s
Epoch: 080, train loss: 0.0071, valid loss: 0.0501, Cost Time: 1.4178s
Saved ('Custom_GAT', 'original', 'CN', 0.12499994039535522) to ./results/Custom_GAT2CN_ddi.csv
{'dropout': 0,
 'emb': False,
 'heads': 4,
 'hidden_channels': 32,
 'in_channels': 'None',
 'negative_slope': 0.1,
 'num_layers': 2,
 'out_channels': 32}
{'product': 'dot',
 'score_cat_n2v_feat': False,
 'score_cat_node_feat_mf': False,
 'score_dropout': 0.1,
 'score_gin_mlp_layer': 2,
 'score_hidden_channels': 64,
 'score_in_channels': 32,
 'score_num_layers': 2,
 'score_num_layers_predictor': 3,
 'score_out_channels': 1}
Total number of parameters is 139937
Epoch: 100, train loss: 0.0071, valid loss: 0.0790, Cost Time: 1.2980s
layers in gat:  2
Epoch: 060, train loss: 0.0000, valid loss: 0.1249, Cost Time: 3.6484s
Saved ('LINKX', 'random', 'CN', 0.014650121331214905) to ./results/LINKX2CN_ddi.csv
{'hidden_channels': 16,
 'num_edge_layers': 1,
 'num_layers': 1,
 'num_node_layers': 1,
 'out_channels': 1}
{'product': 'dot',
 'score_cat_n2v_feat': False,
 'score_cat_node_feat_mf': False,
 'score_dropout': 0.1,
 'score_gin_mlp_layer': 2,
 'score_hidden_channels': 64,
 'score_in_channels': 64,
 'score_num_layers': 2,
 'score_num_layers_predictor': 3,
 'score_out_channels': 1}
Total number of parameters is 137330
Epoch: 080, train loss: 0.0000, valid loss: 0.1237, Cost Time: 3.4171s
Epoch: 060, train loss: 0.0362, valid loss: 0.2098, Cost Time: 11.0944s
Epoch: 020, train loss: 0.0000, valid loss: 0.1250, Cost Time: 1.4366s
Epoch: 020, train loss: 0.0363, valid loss: 0.0000, Cost Time: 7.9268s
Epoch: 100, train loss: 0.0000, valid loss: 0.1198, Cost Time: 3.4459s
Epoch: 040, train loss: 0.0000, valid loss: 0.1250, Cost Time: 1.3676s
Epoch: 060, train loss: 0.0000, valid loss: 0.1250, Cost Time: 1.5401s
Epoch: 080, train loss: 0.0000, valid loss: 0.1224, Cost Time: 1.4032s
Saved ('Custom_GCN', 'one-hot', 'CN', 0.00654205959290266) to ./results/Custom_GCN2CN_ddi.csv
{'dropout': 0,
 'hidden_channels': 32,
 'in_channels': 'None',
 'negative_slope': 0.1,
 'num_layers': 2,
 'out_channels': 32}
{'product': 'inner',
 'score_cat_n2v_feat': False,
 'score_cat_node_feat_mf': False,
 'score_dropout': 0.1,
 'score_gin_mlp_layer': 2,
 'score_hidden_channels': 64,
 'score_in_channels': 32,
 'score_num_layers': 2,
 'score_num_layers_predictor': 3,
 'score_out_channels': 1}
Total number of parameters is 139809
layers in gcn:  2
Epoch: 100, train loss: 0.0000, valid loss: 0.0881, Cost Time: 1.4032s
Epoch: 080, train loss: 0.0362, valid loss: 0.4126, Cost Time: 11.2433s
Epoch: 040, train loss: 0.0363, valid loss: 0.0000, Cost Time: 7.9395s
Epoch: 020, train loss: 0.0003, valid loss: 0.0001, Cost Time: 3.5504s
Saved ('LINKX', 'random', 'CN', 0.06840510666370392) to ./results/LINKX2CN_ddi.csv
{'hidden_channels': 16,
 'num_edge_layers': 1,
 'num_layers': 1,
 'num_node_layers': 1,
 'out_channels': 1}
{'product': 'dot',
 'score_cat_n2v_feat': False,
 'score_cat_node_feat_mf': False,
 'score_dropout': 0.1,
 'score_gin_mlp_layer': 2,
 'score_hidden_channels': 64,
 'score_in_channels': 64,
 'score_num_layers': 2,
 'score_num_layers_predictor': 3,
 'score_out_channels': 1}
Total number of parameters is 137330
Epoch: 040, train loss: 0.0011, valid loss: 0.0000, Cost Time: 3.3566s
Epoch: 020, train loss: 0.0011, valid loss: 0.0000, Cost Time: 1.3553s
Epoch: 040, train loss: 0.0011, valid loss: 0.0000, Cost Time: 1.3943s
Epoch: 060, train loss: 0.0363, valid loss: 0.0000, Cost Time: 7.1460s
Epoch: 100, train loss: 0.0362, valid loss: 0.4691, Cost Time: 10.7822s
Epoch: 060, train loss: 0.0011, valid loss: 0.0000, Cost Time: 3.5425s
Epoch: 060, train loss: 0.0011, valid loss: 0.0000, Cost Time: 1.2989s
Epoch: 080, train loss: 0.0011, valid loss: 0.0000, Cost Time: 1.3351s
Epoch: 080, train loss: 0.0010, valid loss: 0.0000, Cost Time: 3.3362s
Epoch: 100, train loss: 0.0011, valid loss: 0.0013, Cost Time: 1.3489s
Saved ('GraphSAGE', 'original', 'CN', 0.360225111246109) to ./results/GraphSAGE2CN_ddi.csv
{'dropout': 0,
 'emb': False,
 'hidden_channels': 64,
 'in_channels': 'None',
 'num_layers': 2,
 'out_channels': 128}
{'product': 'dot',
 'score_cat_n2v_feat': False,
 'score_cat_node_feat_mf': False,
 'score_dropout': 0.1,
 'score_gin_mlp_layer': 2,
 'score_hidden_channels': 64,
 'score_in_channels': 128,
 'score_num_layers': 2,
 'score_num_layers_predictor': 3,
 'score_out_channels': 1}
Total number of parameters is 571073
layers in sage:  2
Epoch: 100, train loss: 0.0006, valid loss: 0.0000, Cost Time: 3.5596s
Epoch: 080, train loss: 0.0363, valid loss: 0.0000, Cost Time: 7.9530s
Saved ('LINKX', 'random', 'CN', 2.663470013430924e-07) to ./results/LINKX2CN_ddi.csv
{'hidden_channels': 16,
 'num_edge_layers': 1,
 'num_layers': 1,
 'num_node_layers': 1,
 'out_channels': 1}
{'product': 'dot',
 'score_cat_n2v_feat': False,
 'score_cat_node_feat_mf': False,
 'score_dropout': 0.1,
 'score_gin_mlp_layer': 2,
 'score_hidden_channels': 64,
 'score_in_channels': 64,
 'score_num_layers': 2,
 'score_num_layers_predictor': 3,
 'score_out_channels': 1}
Total number of parameters is 137330
Epoch: 020, train loss: 0.0362, valid loss: 0.0015, Cost Time: 1.4299s
Saved ('Custom_GCN', 'one-hot', 'CN', 2.2244491901801666e-06) to ./results/Custom_GCN2CN_ddi.csv
{'dropout': 0,
 'hidden_channels': 32,
 'in_channels': 'None',
 'negative_slope': 0.1,
 'num_layers': 2,
 'out_channels': 32}
{'product': 'inner',
 'score_cat_n2v_feat': False,
 'score_cat_node_feat_mf': False,
 'score_dropout': 0.1,
 'score_gin_mlp_layer': 2,
 'score_hidden_channels': 64,
 'score_in_channels': 32,
 'score_num_layers': 2,
 'score_num_layers_predictor': 3,
 'score_out_channels': 1}
Total number of parameters is 139809
layers in gcn:  2
Epoch: 040, train loss: 0.0362, valid loss: 0.0022, Cost Time: 1.4311s
Epoch: 020, train loss: 1.7493, valid loss: 2.0000, Cost Time: 11.2272s
Epoch: 060, train loss: 0.0362, valid loss: 0.0530, Cost Time: 1.3862s
Epoch: 100, train loss: 0.0363, valid loss: 0.0000, Cost Time: 8.1372s
Epoch: 020, train loss: 0.0157, valid loss: 0.0028, Cost Time: 3.4839s
Epoch: 080, train loss: 0.0362, valid loss: 0.0569, Cost Time: 1.4079s
Epoch: 100, train loss: 0.0362, valid loss: 0.0795, Cost Time: 1.4458s
Epoch: 040, train loss: 0.0186, valid loss: 0.0106, Cost Time: 3.5346s
Saved ('Custom_GAT', 'original', 'CN', 0.125) to ./results/Custom_GAT2CN_ddi.csv
{'dropout': 0,
 'emb': False,
 'heads': 4,
 'hidden_channels': 32,
 'in_channels': 'None',
 'negative_slope': 0.1,
 'num_layers': 2,
 'out_channels': 32}
{'product': 'dot',
 'score_cat_n2v_feat': False,
 'score_cat_node_feat_mf': False,
 'score_dropout': 0.1,
 'score_gin_mlp_layer': 2,
 'score_hidden_channels': 64,
 'score_in_channels': 32,
 'score_num_layers': 2,
 'score_num_layers_predictor': 3,
 'score_out_channels': 1}
Total number of parameters is 139937
layers in gat:  2
Epoch: 040, train loss: 1.4050, valid loss: 0.9122, Cost Time: 11.4605s
Saved ('LINKX', 'random', 'CN', 0.13392139971256256) to ./results/LINKX2CN_ddi.csv
{'hidden_channels': 16,
 'num_edge_layers': 1,
 'num_layers': 1,
 'num_node_layers': 1,
 'out_channels': 1}
{'product': 'dot',
 'score_cat_n2v_feat': False,
 'score_cat_node_feat_mf': False,
 'score_dropout': 0.1,
 'score_gin_mlp_layer': 2,
 'score_hidden_channels': 64,
 'score_in_channels': 64,
 'score_num_layers': 2,
 'score_num_layers_predictor': 3,
 'score_out_channels': 1}
Total number of parameters is 137330
Epoch: 060, train loss: 0.0096, valid loss: 0.0174, Cost Time: 3.7307s
Epoch: 020, train loss: 0.0363, valid loss: 0.0380, Cost Time: 1.3535s
Epoch: 040, train loss: 0.0363, valid loss: 0.0276, Cost Time: 1.3464s
Epoch: 080, train loss: 0.0074, valid loss: 0.0284, Cost Time: 3.4511s
Epoch: 020, train loss: 0.1250, valid loss: 0.0000, Cost Time: 7.5119s
Epoch: 060, train loss: 0.0363, valid loss: 0.1227, Cost Time: 1.4101s
Epoch: 100, train loss: 0.0011, valid loss: 0.0440, Cost Time: 3.4461s
Epoch: 080, train loss: 0.0363, valid loss: 0.0472, Cost Time: 1.4815s
Epoch: 060, train loss: 0.0363, valid loss: 0.0000, Cost Time: 11.1961s
Epoch: 100, train loss: 0.0363, valid loss: 0.1352, Cost Time: 1.4553s
Saved ('Custom_GCN', 'one-hot', 'CN', 0.019350681453943253) to ./results/Custom_GCN2CN_ddi.csv
{'dropout': 0,
 'hidden_channels': 32,
 'in_channels': 'None',
 'negative_slope': 0.1,
 'num_layers': 2,
 'out_channels': 32}
{'product': 'inner',
 'score_cat_n2v_feat': False,
 'score_cat_node_feat_mf': False,
 'score_dropout': 0.1,
 'score_gin_mlp_layer': 2,
 'score_hidden_channels': 64,
 'score_in_channels': 32,
 'score_num_layers': 2,
 'score_num_layers_predictor': 3,
 'score_out_channels': 1}
Total number of parameters is 139809
layers in gcn:  2
Epoch: 040, train loss: 0.1250, valid loss: 0.0000, Cost Time: 7.9124s
Saved ('LINKX', 'random', 'CN', 0.15896904468536377) to ./results/LINKX2CN_ddi.csv
{'hidden_channels': 16,
 'num_edge_layers': 1,
 'num_layers': 1,
 'num_node_layers': 1,
 'out_channels': 1}
{'product': 'dot',
 'score_cat_n2v_feat': False,
 'score_cat_node_feat_mf': False,
 'score_dropout': 0.1,
 'score_gin_mlp_layer': 2,
 'score_hidden_channels': 64,
 'score_in_channels': 64,
 'score_num_layers': 2,
 'score_num_layers_predictor': 3,
 'score_out_channels': 1}
Total number of parameters is 137330
Epoch: 020, train loss: 0.0240, valid loss: 0.0000, Cost Time: 3.4577s
Epoch: 020, train loss: 0.1250, valid loss: 0.2397, Cost Time: 1.4353s
Epoch: 080, train loss: 0.0363, valid loss: 0.0000, Cost Time: 10.7783s
Epoch: 040, train loss: 0.1250, valid loss: 0.6609, Cost Time: 1.3877s
Epoch: 040, train loss: 0.0181, valid loss: 0.0070, Cost Time: 3.5951s
Epoch: 060, train loss: 0.1250, valid loss: 0.2107, Cost Time: 1.5369s
Epoch: 060, train loss: 0.1250, valid loss: 0.0000, Cost Time: 7.1838s
Epoch: 080, train loss: 0.1250, valid loss: 0.1997, Cost Time: 1.3519s
Epoch: 060, train loss: 0.0043, valid loss: 0.0005, Cost Time: 3.4972s
Epoch: 100, train loss: 0.1250, valid loss: 0.1976, Cost Time: 1.3503s
Epoch: 100, train loss: 0.0363, valid loss: 0.0000, Cost Time: 11.8220s
Epoch: 080, train loss: 0.0004, valid loss: 0.0000, Cost Time: 3.5834s
Epoch: 080, train loss: 0.1250, valid loss: 0.0000, Cost Time: 7.1731s
Saved ('LINKX', 'random', 'CN', 0.21547994017601013) to ./results/LINKX2CN_ddi.csv
{'hidden_channels': 16,
 'num_edge_layers': 1,
 'num_layers': 1,
 'num_node_layers': 1,
 'out_channels': 1}
{'product': 'dot',
 'score_cat_n2v_feat': False,
 'score_cat_node_feat_mf': False,
 'score_dropout': 0.1,
 'score_gin_mlp_layer': 2,
 'score_hidden_channels': 64,
 'score_in_channels': 64,
 'score_num_layers': 2,
 'score_num_layers_predictor': 3,
 'score_out_channels': 1}
Total number of parameters is 137330
Epoch: 020, train loss: 0.0000, valid loss: 0.0597, Cost Time: 1.4172s
Epoch: 100, train loss: 0.0003, valid loss: 0.0000, Cost Time: 3.5237s
Saved ('GraphSAGE', 'original', 'CN', 0.01128685288131237) to ./results/GraphSAGE2CN_ddi.csv
{'dropout': 0,
 'emb': False,
 'hidden_channels': 64,
 'in_channels': 'None',
 'num_layers': 2,
 'out_channels': 128}
{'product': 'dot',
 'score_cat_n2v_feat': False,
 'score_cat_node_feat_mf': False,
 'score_dropout': 0.1,
 'score_gin_mlp_layer': 2,
 'score_hidden_channels': 64,
 'score_in_channels': 128,
 'score_num_layers': 2,
 'score_num_layers_predictor': 3,
 'score_out_channels': 1}
Total number of parameters is 571073
layers in sage:  2
Epoch: 040, train loss: 0.0000, valid loss: 0.0666, Cost Time: 1.4399s
Epoch: 060, train loss: 0.0000, valid loss: 0.0562, Cost Time: 1.5488s
Epoch: 100, train loss: 0.1250, valid loss: 0.0000, Cost Time: 7.5659s
Saved ('Custom_GCN', 'one-hot', 'CN', 0.04604138061404228) to ./results/Custom_GCN2CN_ddi.csv
{'dropout': 0,
 'hidden_channels': 32,
 'in_channels': 'None',
 'negative_slope': 0.1,
 'num_layers': 2,
 'out_channels': 32}
{'product': 'inner',
 'score_cat_n2v_feat': False,
 'score_cat_node_feat_mf': False,
 'score_dropout': 0.1,
 'score_gin_mlp_layer': 2,
 'score_hidden_channels': 64,
 'score_in_channels': 32,
 'score_num_layers': 2,
 'score_num_layers_predictor': 3,
 'score_out_channels': 1}
Total number of parameters is 139809
layers in gcn:  2
Epoch: 080, train loss: 0.0000, valid loss: 0.0470, Cost Time: 1.4549s
Epoch: 100, train loss: 0.0000, valid loss: 0.0402, Cost Time: 1.4275s
Epoch: 020, train loss: 0.0734, valid loss: 0.0011, Cost Time: 3.5817s
Saved ('Custom_GAT', 'original', 'CN', 0.00016175238124560565) to ./results/Custom_GAT2CN_ddi.csv
{'dropout': 0,
 'emb': False,
 'heads': 4,
 'hidden_channels': 32,
 'in_channels': 'None',
 'negative_slope': 0.1,
 'num_layers': 2,
 'out_channels': 32}
{'product': 'dot',
 'score_cat_n2v_feat': False,
 'score_cat_node_feat_mf': False,
 'score_dropout': 0.1,
 'score_gin_mlp_layer': 2,
 'score_hidden_channels': 64,
 'score_in_channels': 32,
 'score_num_layers': 2,
 'score_num_layers_predictor': 3,
 'score_out_channels': 1}
Total number of parameters is 139937
layers in gat:  2
Epoch: 020, train loss: 0.1250, valid loss: 0.0000, Cost Time: 11.8162s
Saved ('LINKX', 'adjacency', 'CN', 1.031430940656719e-09) to ./results/LINKX2CN_ddi.csv
{'hidden_channels': 16,
 'num_edge_layers': 1,
 'num_layers': 1,
 'num_node_layers': 1,
 'out_channels': 1}
{'product': 'dot',
 'score_cat_n2v_feat': False,
 'score_cat_node_feat_mf': False,
 'score_dropout': 0.1,
 'score_gin_mlp_layer': 2,
 'score_hidden_channels': 64,
 'score_in_channels': 64,
 'score_num_layers': 2,
 'score_num_layers_predictor': 3,
 'score_out_channels': 1}
Total number of parameters is 137330
Epoch: 040, train loss: 0.0243, valid loss: 0.0010, Cost Time: 3.4506s
Epoch: 020, train loss: 0.0012, valid loss: 0.4308, Cost Time: 1.4159s
Epoch: 040, train loss: 0.0001, valid loss: 0.1596, Cost Time: 1.4025s
Epoch: 060, train loss: 0.0020, valid loss: 0.0002, Cost Time: 3.3533s
Epoch: 020, train loss: 0.0000, valid loss: 0.1249, Cost Time: 6.9263s
Epoch: 060, train loss: 0.0004, valid loss: 0.1361, Cost Time: 1.5310s
Epoch: 040, train loss: 0.1250, valid loss: 0.0000, Cost Time: 11.1267s
Epoch: 080, train loss: 0.0008, valid loss: 0.1885, Cost Time: 1.4284s
Epoch: 080, train loss: 0.0008, valid loss: 0.0005, Cost Time: 3.4164s
Epoch: 100, train loss: 0.0000, valid loss: 0.1741, Cost Time: 1.5197s
Epoch: 100, train loss: 0.0007, valid loss: 0.0005, Cost Time: 3.4628s
Epoch: 040, train loss: 0.0000, valid loss: 0.1250, Cost Time: 7.4266s
Saved ('LINKX', 'adjacency', 'CN', 0.06027141213417053) to ./results/LINKX2CN_ddi.csv
{'hidden_channels': 16,
 'num_edge_layers': 1,
 'num_layers': 1,
 'num_node_layers': 1,
 'out_channels': 1}
{'product': 'dot',
 'score_cat_n2v_feat': False,
 'score_cat_node_feat_mf': False,
 'score_dropout': 0.1,
 'score_gin_mlp_layer': 2,
 'score_hidden_channels': 64,
 'score_in_channels': 64,
 'score_num_layers': 2,
 'score_num_layers_predictor': 3,
 'score_out_channels': 1}
Total number of parameters is 137330
Epoch: 060, train loss: 0.1250, valid loss: 0.0000, Cost Time: 11.8876s
Saved ('Custom_GCN', 'one-hot', 'CN', 0.013469651341438293) to ./results/Custom_GCN2CN_ddi.csv
{'dropout': 0,
 'hidden_channels': 32,
 'in_channels': 'None',
 'negative_slope': 0.1,
 'num_layers': 2,
 'out_channels': 32}
{'product': 'inner',
 'score_cat_n2v_feat': False,
 'score_cat_node_feat_mf': False,
 'score_dropout': 0.1,
 'score_gin_mlp_layer': 2,
 'score_hidden_channels': 64,
 'score_in_channels': 32,
 'score_num_layers': 2,
 'score_num_layers_predictor': 3,
 'score_out_channels': 1}
Total number of parameters is 139809
Epoch: 020, train loss: 0.0001, valid loss: 0.0381, Cost Time: 1.3720s
layers in gcn:  2
Epoch: 040, train loss: 0.0001, valid loss: 0.0258, Cost Time: 1.4216s
Epoch: 060, train loss: 0.0000, valid loss: 0.1250, Cost Time: 6.7403s
Epoch: 020, train loss: 0.0000, valid loss: 0.1134, Cost Time: 3.6571s
Epoch: 060, train loss: 0.0002, valid loss: 0.0232, Cost Time: 1.3623s
Epoch: 080, train loss: 0.0001, valid loss: 0.0159, Cost Time: 1.4145s
Epoch: 040, train loss: 0.0000, valid loss: 0.0786, Cost Time: 3.5443s
Epoch: 100, train loss: 0.0000, valid loss: 0.0166, Cost Time: 1.4767s
Epoch: 080, train loss: 0.1250, valid loss: 0.0756, Cost Time: 10.7627s
Epoch: 080, train loss: 0.0000, valid loss: 0.1250, Cost Time: 7.1048s
Epoch: 060, train loss: 0.0000, valid loss: 0.0377, Cost Time: 3.5633s
Saved ('LINKX', 'adjacency', 'CN', 0.003657565452158451) to ./results/LINKX2CN_ddi.csv
{'hidden_channels': 16,
 'num_edge_layers': 1,
 'num_layers': 1,
 'num_node_layers': 1,
 'out_channels': 1}
{'product': 'dot',
 'score_cat_n2v_feat': False,
 'score_cat_node_feat_mf': False,
 'score_dropout': 0.1,
 'score_gin_mlp_layer': 2,
 'score_hidden_channels': 64,
 'score_in_channels': 64,
 'score_num_layers': 2,
 'score_num_layers_predictor': 3,
 'score_out_channels': 1}
Total number of parameters is 137330
Epoch: 020, train loss: 0.0000, valid loss: 0.0526, Cost Time: 1.4045s
Epoch: 080, train loss: 0.0001, valid loss: 0.0269, Cost Time: 3.6437s
Epoch: 040, train loss: 0.0000, valid loss: 0.0881, Cost Time: 1.5340s
Epoch: 100, train loss: 0.1250, valid loss: 0.3766, Cost Time: 10.8623s
Epoch: 100, train loss: 0.0000, valid loss: 0.1249, Cost Time: 7.0354s
Epoch: 060, train loss: 0.0000, valid loss: 0.0620, Cost Time: 1.3801s
Epoch: 100, train loss: 0.0002, valid loss: 0.0275, Cost Time: 3.4188s
Epoch: 080, train loss: 0.0000, valid loss: 0.0684, Cost Time: 1.4271s
Saved ('GraphSAGE', 'original', 'CN', 0.4042094945907593) to ./results/GraphSAGE2CN_ddi.csv
{'dropout': 0,
 'emb': False,
 'hidden_channels': 64,
 'in_channels': 'None',
 'num_layers': 2,
 'out_channels': 128}
{'product': 'dot',
 'score_cat_n2v_feat': False,
 'score_cat_node_feat_mf': False,
 'score_dropout': 0.1,
 'score_gin_mlp_layer': 2,
 'score_hidden_channels': 64,
 'score_in_channels': 128,
 'score_num_layers': 2,
 'score_num_layers_predictor': 3,
 'score_out_channels': 1}
Total number of parameters is 571073
Epoch: 100, train loss: 0.0000, valid loss: 0.0996, Cost Time: 1.4290s
layers in sage:  2
Saved ('Custom_GAT', 'one-hot', 'CN', 1.666500537567117e-08) to ./results/Custom_GAT2CN_ddi.csv
{'dropout': 0,
 'emb': False,
 'heads': 4,
 'hidden_channels': 32,
 'in_channels': 'None',
 'negative_slope': 0.1,
 'num_layers': 2,
 'out_channels': 32}
{'product': 'dot',
 'score_cat_n2v_feat': False,
 'score_cat_node_feat_mf': False,
 'score_dropout': 0.1,
 'score_gin_mlp_layer': 2,
 'score_hidden_channels': 64,
 'score_in_channels': 32,
 'score_num_layers': 2,
 'score_num_layers_predictor': 3,
 'score_out_channels': 1}
Total number of parameters is 139937
layers in gat:  2
Saved ('Custom_GCN', 'random', 'CN', 0.004124334082007408) to ./results/Custom_GCN2CN_ddi.csv
{'dropout': 0,
 'hidden_channels': 32,
 'in_channels': 'None',
 'negative_slope': 0.1,
 'num_layers': 2,
 'out_channels': 32}
{'product': 'inner',
 'score_cat_n2v_feat': False,
 'score_cat_node_feat_mf': False,
 'score_dropout': 0.1,
 'score_gin_mlp_layer': 2,
 'score_hidden_channels': 64,
 'score_in_channels': 32,
 'score_num_layers': 2,
 'score_num_layers_predictor': 3,
 'score_out_channels': 1}
Total number of parameters is 139809
layers in gcn:  2
Saved ('LINKX', 'adjacency', 'CN', 0.05601087212562561) to ./results/LINKX2CN_ddi.csv
{'hidden_channels': 16,
 'num_edge_layers': 1,
 'num_layers': 1,
 'num_node_layers': 1,
 'out_channels': 1}
{'product': 'dot',
 'score_cat_n2v_feat': False,
 'score_cat_node_feat_mf': False,
 'score_dropout': 0.1,
 'score_gin_mlp_layer': 2,
 'score_hidden_channels': 64,
 'score_in_channels': 64,
 'score_num_layers': 2,
 'score_num_layers_predictor': 3,
 'score_out_channels': 1}
Total number of parameters is 137330
Epoch: 020, train loss: 0.0001, valid loss: 0.0000, Cost Time: 3.4282s
Epoch: 020, train loss: 0.0011, valid loss: 0.0000, Cost Time: 1.4184s
Epoch: 020, train loss: 0.0956, valid loss: 0.0073, Cost Time: 6.6084s
Epoch: 040, train loss: 0.0011, valid loss: 0.0000, Cost Time: 1.4531s
Epoch: 020, train loss: 0.0000, valid loss: 0.1250, Cost Time: 10.8419s
Epoch: 040, train loss: 0.0000, valid loss: 0.0025, Cost Time: 3.7006s
Epoch: 060, train loss: 0.0011, valid loss: 0.0000, Cost Time: 1.4337s
Epoch: 080, train loss: 0.0011, valid loss: 0.0000, Cost Time: 1.5584s
Epoch: 060, train loss: 0.0000, valid loss: 0.0014, Cost Time: 3.5632s
Epoch: 100, train loss: 0.0011, valid loss: 0.0003, Cost Time: 1.5463s
Epoch: 040, train loss: 0.0741, valid loss: 0.0359, Cost Time: 7.0532s
Epoch: 080, train loss: 0.0001, valid loss: 0.0053, Cost Time: 3.6419s
Epoch: 040, train loss: 0.0000, valid loss: 0.1250, Cost Time: 11.6779s
Saved ('LINKX', 'adjacency', 'CN', 0.0) to ./results/LINKX2CN_ddi.csv
{'hidden_channels': 16,
 'num_edge_layers': 1,
 'num_layers': 1,
 'num_node_layers': 1,
 'out_channels': 1}
{'product': 'dot',
 'score_cat_n2v_feat': False,
 'score_cat_node_feat_mf': False,
 'score_dropout': 0.1,
 'score_gin_mlp_layer': 2,
 'score_hidden_channels': 64,
 'score_in_channels': 64,
 'score_num_layers': 2,
 'score_num_layers_predictor': 3,
 'score_out_channels': 1}
Total number of parameters is 137330
Epoch: 100, train loss: 0.0001, valid loss: 0.0047, Cost Time: 3.5141s
Epoch: 020, train loss: 0.0029, valid loss: 0.0368, Cost Time: 1.5273s
Epoch: 060, train loss: 0.0029, valid loss: 0.0406, Cost Time: 7.2001s
Epoch: 040, train loss: 0.0005, valid loss: 0.0328, Cost Time: 1.3994s
Saved ('Custom_GCN', 'random', 'CN', 0.035129230469465256) to ./results/Custom_GCN2CN_ddi.csv
{'dropout': 0,
 'hidden_channels': 32,
 'in_channels': 'None',
 'negative_slope': 0.1,
 'num_layers': 2,
 'out_channels': 32}
{'product': 'inner',
 'score_cat_n2v_feat': False,
 'score_cat_node_feat_mf': False,
 'score_dropout': 0.1,
 'score_gin_mlp_layer': 2,
 'score_hidden_channels': 64,
 'score_in_channels': 32,
 'score_num_layers': 2,
 'score_num_layers_predictor': 3,
 'score_out_channels': 1}
Total number of parameters is 139809
layers in gcn:  2
Epoch: 060, train loss: 0.0000, valid loss: 0.0494, Cost Time: 1.3437s
Epoch: 060, train loss: 0.0000, valid loss: 0.1250, Cost Time: 10.8301s
Epoch: 080, train loss: 0.0004, valid loss: 0.0002, Cost Time: 1.2962s
Epoch: 020, train loss: 0.0071, valid loss: 0.0362, Cost Time: 3.6615s
Epoch: 100, train loss: 0.0003, valid loss: 0.0002, Cost Time: 1.1912s
Epoch: 080, train loss: 0.0042, valid loss: 0.0018, Cost Time: 7.3751s
Epoch: 040, train loss: 0.0071, valid loss: 0.0362, Cost Time: 3.6336s
Saved ('LINKX', 'adjacency', 'CN', 0.029806600883603096) to ./results/LINKX2CN_ddi.csv
{'hidden_channels': 16,
 'num_edge_layers': 1,
 'num_layers': 1,
 'num_node_layers': 1,
 'out_channels': 1}
{'product': 'dot',
 'score_cat_n2v_feat': False,
 'score_cat_node_feat_mf': False,
 'score_dropout': 0.1,
 'score_gin_mlp_layer': 2,
 'score_hidden_channels': 64,
 'score_in_channels': 64,
 'score_num_layers': 2,
 'score_num_layers_predictor': 3,
 'score_out_channels': 1}
Total number of parameters is 137330
Epoch: 080, train loss: 0.0000, valid loss: 0.1236, Cost Time: 11.4573s
Epoch: 020, train loss: 0.0005, valid loss: 0.0000, Cost Time: 1.3352s
Epoch: 060, train loss: 0.0003, valid loss: 0.0193, Cost Time: 3.5201s
Epoch: 100, train loss: 0.0007, valid loss: 0.0005, Cost Time: 6.7568s
Epoch: 040, train loss: 0.0005, valid loss: 0.0000, Cost Time: 1.4027s
Epoch: 060, train loss: 0.0002, valid loss: 0.0000, Cost Time: 1.3816s
Epoch: 080, train loss: 0.0002, valid loss: 0.0068, Cost Time: 3.4072s
Epoch: 080, train loss: 0.0002, valid loss: 0.0000, Cost Time: 1.3052s
Saved ('Custom_GAT', 'one-hot', 'CN', 0.11982417106628418) to ./results/Custom_GAT2CN_ddi.csv
{'dropout': 0,
 'emb': False,
 'heads': 4,
 'hidden_channels': 32,
 'in_channels': 'None',
 'negative_slope': 0.1,
 'num_layers': 2,
 'out_channels': 32}
{'product': 'dot',
 'score_cat_n2v_feat': False,
 'score_cat_node_feat_mf': False,
 'score_dropout': 0.1,
 'score_gin_mlp_layer': 2,
 'score_hidden_channels': 64,
 'score_in_channels': 32,
 'score_num_layers': 2,
 'score_num_layers_predictor': 3,
 'score_out_channels': 1}
Total number of parameters is 139937
layers in gat:  2
Epoch: 100, train loss: 0.0002, valid loss: 0.0562, Cost Time: 1.3549s
Epoch: 100, train loss: 0.0004, valid loss: 0.0184, Cost Time: 3.4541s
Epoch: 100, train loss: 0.0002, valid loss: 0.1130, Cost Time: 11.5716s
Saved ('LINKX', 'adjacency', 'CN', 0.024891966953873634) to ./results/LINKX2CN_ddi.csv
{'hidden_channels': 16,
 'num_edge_layers': 1,
 'num_layers': 1,
 'num_node_layers': 1,
 'out_channels': 1}
{'product': 'dot',
 'score_cat_n2v_feat': False,
 'score_cat_node_feat_mf': False,
 'score_dropout': 0.1,
 'score_gin_mlp_layer': 2,
 'score_hidden_channels': 64,
 'score_in_channels': 64,
 'score_num_layers': 2,
 'score_num_layers_predictor': 3,
 'score_out_channels': 1}
Total number of parameters is 137330
Saved ('Custom_GCN', 'random', 'CN', 0.0017823618836700916) to ./results/Custom_GCN2CN_ddi.csv
{'dropout': 0,
 'hidden_channels': 32,
 'in_channels': 'None',
 'negative_slope': 0.1,
 'num_layers': 2,
 'out_channels': 32}
{'product': 'inner',
 'score_cat_n2v_feat': False,
 'score_cat_node_feat_mf': False,
 'score_dropout': 0.1,
 'score_gin_mlp_layer': 2,
 'score_hidden_channels': 64,
 'score_in_channels': 32,
 'score_num_layers': 2,
 'score_num_layers_predictor': 3,
 'score_out_channels': 1}
Total number of parameters is 139809
layers in gcn:  2
Saved ('GraphSAGE', 'one-hot', 'CN', 0.001435543643310666) to ./results/GraphSAGE2CN_ddi.csv
{'dropout': 0,
 'emb': False,
 'hidden_channels': 64,
 'in_channels': 'None',
 'num_layers': 2,
 'out_channels': 128}
{'product': 'dot',
 'score_cat_n2v_feat': False,
 'score_cat_node_feat_mf': False,
 'score_dropout': 0.1,
 'score_gin_mlp_layer': 2,
 'score_hidden_channels': 64,
 'score_in_channels': 128,
 'score_num_layers': 2,
 'score_num_layers_predictor': 3,
 'score_out_channels': 1}
Total number of parameters is 571073
layers in sage:  2
Epoch: 020, train loss: 0.0069, valid loss: 0.0360, Cost Time: 7.1715s
Epoch: 020, train loss: 0.0226, valid loss: 0.0000, Cost Time: 1.3916s
Epoch: 020, train loss: 0.0000, valid loss: 0.1250, Cost Time: 3.3378s
Epoch: 040, train loss: 0.0001, valid loss: 0.1107, Cost Time: 1.2709s
Epoch: 060, train loss: 0.0000, valid loss: 0.0797, Cost Time: 1.4788s
Epoch: 040, train loss: 0.0000, valid loss: 0.1213, Cost Time: 3.7162s
Epoch: 080, train loss: 0.0000, valid loss: 0.1766, Cost Time: 1.2535s
Epoch: 040, train loss: 0.0071, valid loss: 0.0362, Cost Time: 6.7078s
Epoch: 020, train loss: 0.0011, valid loss: 0.0003, Cost Time: 10.9812s
Epoch: 100, train loss: 0.0000, valid loss: 0.3666, Cost Time: 1.4442s
Saved ('LINKX', 'adjacency', 'CN', 0.17161951959133148) to ./results/LINKX2CN_ddi.csv
Epoch: 060, train loss: 0.0001, valid loss: 0.0722, Cost Time: 2.4417s
Epoch: 080, train loss: 0.0000, valid loss: 0.0607, Cost Time: 2.9149s
Epoch: 060, train loss: 0.0071, valid loss: 0.0362, Cost Time: 5.1369s
Epoch: 040, train loss: 0.0000, valid loss: 0.0013, Cost Time: 8.2248s
Epoch: 100, train loss: 0.0001, valid loss: 0.0591, Cost Time: 2.6341s
Saved ('Custom_GCN', 'random', 'CN', 0.004086154513061047) to ./results/Custom_GCN2CN_ddi.csv
{'dropout': 0,
 'hidden_channels': 32,
 'in_channels': 'None',
 'negative_slope': 0.1,
 'num_layers': 2,
 'out_channels': 32}
{'product': 'inner',
 'score_cat_n2v_feat': False,
 'score_cat_node_feat_mf': False,
 'score_dropout': 0.1,
 'score_gin_mlp_layer': 2,
 'score_hidden_channels': 64,
 'score_in_channels': 32,
 'score_num_layers': 2,
 'score_num_layers_predictor': 3,
 'score_out_channels': 1}
Total number of parameters is 139809
layers in gcn:  2
Epoch: 080, train loss: 0.0071, valid loss: 0.0362, Cost Time: 5.3093s
Epoch: 060, train loss: 0.0012, valid loss: 0.0257, Cost Time: 7.8387s
Epoch: 020, train loss: 0.0011, valid loss: 0.0000, Cost Time: 2.5601s
Epoch: 100, train loss: 0.0070, valid loss: 0.0360, Cost Time: 5.5880s
Epoch: 040, train loss: 0.0011, valid loss: 0.0000, Cost Time: 2.7645s
Epoch: 080, train loss: 0.0002, valid loss: 0.0185, Cost Time: 7.7232s
Epoch: 060, train loss: 0.0001, valid loss: 0.0029, Cost Time: 2.8249s
Saved ('Custom_GAT', 'one-hot', 'CN', 9.729944849823369e-07) to ./results/Custom_GAT2CN_ddi.csv
{'dropout': 0,
 'emb': False,
 'heads': 4,
 'hidden_channels': 32,
 'in_channels': 'None',
 'negative_slope': 0.1,
 'num_layers': 2,
 'out_channels': 32}
{'product': 'dot',
 'score_cat_n2v_feat': False,
 'score_cat_node_feat_mf': False,
 'score_dropout': 0.1,
 'score_gin_mlp_layer': 2,
 'score_hidden_channels': 64,
 'score_in_channels': 32,
 'score_num_layers': 2,
 'score_num_layers_predictor': 3,
 'score_out_channels': 1}
Total number of parameters is 139937
layers in gat:  2
Epoch: 080, train loss: 0.0001, valid loss: 0.0017, Cost Time: 2.6569s
Epoch: 100, train loss: 0.0001, valid loss: 0.0022, Cost Time: 2.8598s
Epoch: 100, train loss: 0.0005, valid loss: 0.0230, Cost Time: 8.1268s
Epoch: 020, train loss: 0.0000, valid loss: 0.1249, Cost Time: 5.3984s
Saved ('Custom_GCN', 'random', 'CN', 1.236085154232569e-05) to ./results/Custom_GCN2CN_ddi.csv
{'dropout': 0,
 'hidden_channels': 32,
 'in_channels': 'None',
 'negative_slope': 0.1,
 'num_layers': 2,
 'out_channels': 32}
{'product': 'inner',
 'score_cat_n2v_feat': False,
 'score_cat_node_feat_mf': False,
 'score_dropout': 0.1,
 'score_gin_mlp_layer': 2,
 'score_hidden_channels': 64,
 'score_in_channels': 32,
 'score_num_layers': 2,
 'score_num_layers_predictor': 3,
 'score_out_channels': 1}
Total number of parameters is 139809
layers in gcn:  2
Saved ('GraphSAGE', 'one-hot', 'CN', 0.08856766670942307) to ./results/GraphSAGE2CN_ddi.csv
{'dropout': 0,
 'emb': False,
 'hidden_channels': 64,
 'in_channels': 'None',
 'num_layers': 2,
 'out_channels': 128}
{'product': 'dot',
 'score_cat_n2v_feat': False,
 'score_cat_node_feat_mf': False,
 'score_dropout': 0.1,
 'score_gin_mlp_layer': 2,
 'score_hidden_channels': 64,
 'score_in_channels': 128,
 'score_num_layers': 2,
 'score_num_layers_predictor': 3,
 'score_out_channels': 1}
Total number of parameters is 571073
layers in sage:  2
Epoch: 020, train loss: 0.0002, valid loss: 0.0001, Cost Time: 2.4643s
Epoch: 040, train loss: 0.0000, valid loss: 0.1250, Cost Time: 5.4896s
Epoch: 040, train loss: 0.0000, valid loss: 0.0118, Cost Time: 3.0155s
Epoch: 020, train loss: 0.0071, valid loss: 0.0362, Cost Time: 7.6790s
Epoch: 060, train loss: 0.0002, valid loss: 0.0395, Cost Time: 2.9113s
Epoch: 060, train loss: 0.0000, valid loss: 0.1250, Cost Time: 5.5455s
Epoch: 080, train loss: 0.0001, valid loss: 0.0350, Cost Time: 2.6244s
Epoch: 040, train loss: 0.0071, valid loss: 0.0362, Cost Time: 8.1471s
Epoch: 080, train loss: 0.0000, valid loss: 0.1250, Cost Time: 5.4671s
Epoch: 100, train loss: 0.0001, valid loss: 0.0306, Cost Time: 2.5913s
Saved ('Custom_GCN', 'random', 'CN', 0.028304697945713997) to ./results/Custom_GCN2CN_ddi.csv
{'dropout': 0,
 'hidden_channels': 32,
 'in_channels': 'None',
 'negative_slope': 0.1,
 'num_layers': 2,
 'out_channels': 32}
{'product': 'inner',
 'score_cat_n2v_feat': False,
 'score_cat_node_feat_mf': False,
 'score_dropout': 0.1,
 'score_gin_mlp_layer': 2,
 'score_hidden_channels': 64,
 'score_in_channels': 32,
 'score_num_layers': 2,
 'score_num_layers_predictor': 3,
 'score_out_channels': 1}
Total number of parameters is 139809
layers in gcn:  2
Epoch: 060, train loss: 0.0071, valid loss: 0.0361, Cost Time: 7.7086s
Epoch: 100, train loss: 0.0000, valid loss: 0.1249, Cost Time: 5.3838s
Epoch: 020, train loss: 0.0019, valid loss: 0.0000, Cost Time: 2.7959s
Epoch: 040, train loss: 0.0004, valid loss: 0.0000, Cost Time: 2.4737s
