Configuration:
epochs: 100
dataset: ddi
batch_size: 8192
h_key: CN
model: LINKX
use_feature: False
node_feature: original
use_early_stopping: False
lr: 0.01
weight_decay: 0.0005
{'hidden_channels': 16,
 'num_edge_layers': 1,
 'num_layers': 1,
 'num_node_layers': 1,
 'out_channels': 1}
{'product': 'dot',
 'score_cat_n2v_feat': False,
 'score_cat_node_feat_mf': False,
 'score_dropout': 0.1,
 'score_gin_mlp_layer': 2,
 'score_hidden_channels': 64,
 'score_in_channels': 64,
 'score_num_layers': 2,
 'score_num_layers_predictor': 3,
 'score_out_channels': 1}
Total number of parameters is 137330
Configuration:
epochs: 100
dataset: ddi
batch_size: 8192
h_key: CN
model: Custom_GIN
use_feature: False
node_feature: original
use_early_stopping: False
lr: 0.01
weight_decay: 0.0005
{'dropout': 0,
 'emb': False,
 'hidden_channels': 64,
 'mlp_layer': 1,
 'num_layers': 2,
 'out_channels': 64}
{'product': 'dot',
 'score_cat_n2v_feat': False,
 'score_cat_node_feat_mf': False,
 'score_dropout': 0.1,
 'score_gin_mlp_layer': 2,
 'score_hidden_channels': 64,
 'score_in_channels': 64,
 'score_num_layers': 2,
 'score_num_layers_predictor': 3,
 'score_out_channels': 1}
Configuration:
epochs: 100
dataset: ddi
batch_size: 8192
h_key: CN
model: GraphSAGE
use_feature: False
node_feature: original
use_early_stopping: False
lr: 0.01
weight_decay: 0.0005
{'dropout': 0,
 'emb': False,
 'hidden_channels': 64,
 'in_channels': 'None',
 'num_layers': 2,
 'out_channels': 128}
{'product': 'dot',
 'score_cat_n2v_feat': False,
 'score_cat_node_feat_mf': False,
 'score_dropout': 0.1,
 'score_gin_mlp_layer': 2,
 'score_hidden_channels': 64,
 'score_in_channels': 128,
 'score_num_layers': 2,
 'score_num_layers_predictor': 3,
 'score_out_channels': 1}
Total number of parameters is 571073
layers in sage:  2
Epoch: 020, train loss: 0.0000, valid loss: 0.0741, Cost Time: 0.8012s
Epoch: 040, train loss: 0.0000, valid loss: 0.0245, Cost Time: 0.8007s
Epoch: 060, train loss: 0.0000, valid loss: 0.1197, Cost Time: 0.7919s
Epoch: 080, train loss: 0.0000, valid loss: 0.2027, Cost Time: 0.7803s
Epoch: 020, train loss: 0.0000, valid loss: 0.1250, Cost Time: 5.5820s
Epoch: 100, train loss: 0.0000, valid loss: 0.2360, Cost Time: 0.8090s
Saved ('LINKX', 'original', 'CN', 0.3064872622489929) to ./results/LINKX2CN_ddi.csv
{'hidden_channels': 16,
 'num_edge_layers': 1,
 'num_layers': 1,
 'num_node_layers': 1,
 'out_channels': 1}
{'product': 'dot',
 'score_cat_n2v_feat': False,
 'score_cat_node_feat_mf': False,
 'score_dropout': 0.1,
 'score_gin_mlp_layer': 2,
 'score_hidden_channels': 64,
 'score_in_channels': 64,
 'score_num_layers': 2,
 'score_num_layers_predictor': 3,
 'score_out_channels': 1}
Total number of parameters is 137330
Epoch: 020, train loss: 0.1250, valid loss: 0.0000, Cost Time: 0.7638s
Epoch: 040, train loss: 0.0000, valid loss: 0.1250, Cost Time: 5.7984s
Epoch: 040, train loss: 0.1250, valid loss: 0.0118, Cost Time: 0.7614s
Epoch: 060, train loss: 0.1250, valid loss: 0.0521, Cost Time: 0.7013s
Epoch: 080, train loss: 0.1250, valid loss: 0.1596, Cost Time: 0.6869s
Epoch: 100, train loss: 0.1250, valid loss: 0.0050, Cost Time: 0.7947s
Epoch: 060, train loss: 0.0000, valid loss: 0.1250, Cost Time: 5.6683s
Saved ('LINKX', 'original', 'CN', 0.027033178135752678) to ./results/LINKX2CN_ddi.csv
{'hidden_channels': 16,
 'num_edge_layers': 1,
 'num_layers': 1,
 'num_node_layers': 1,
 'out_channels': 1}
{'product': 'dot',
 'score_cat_n2v_feat': False,
 'score_cat_node_feat_mf': False,
 'score_dropout': 0.1,
 'score_gin_mlp_layer': 2,
 'score_hidden_channels': 64,
 'score_in_channels': 64,
 'score_num_layers': 2,
 'score_num_layers_predictor': 3,
 'score_out_channels': 1}
Total number of parameters is 137330
Epoch: 020, train loss: 0.0071, valid loss: 0.0309, Cost Time: 0.8039s
Epoch: 040, train loss: 0.0071, valid loss: 0.0875, Cost Time: 0.7968s
Epoch: 080, train loss: 0.0000, valid loss: 0.0633, Cost Time: 5.6678s
Epoch: 060, train loss: 0.0071, valid loss: 0.1443, Cost Time: 0.7958s
Epoch: 080, train loss: 0.0071, valid loss: 0.1986, Cost Time: 0.8008s
Epoch: 100, train loss: 0.0071, valid loss: 0.2428, Cost Time: 0.8182s
Epoch: 100, train loss: 0.0000, valid loss: 0.1250, Cost Time: 6.5855s
Saved ('LINKX', 'original', 'CN', 0.31317198276519775) to ./results/LINKX2CN_ddi.csv
{'hidden_channels': 16,
 'num_edge_layers': 1,
 'num_layers': 1,
 'num_node_layers': 1,
 'out_channels': 1}
{'product': 'dot',
 'score_cat_n2v_feat': False,
 'score_cat_node_feat_mf': False,
 'score_dropout': 0.1,
 'score_gin_mlp_layer': 2,
 'score_hidden_channels': 64,
 'score_in_channels': 64,
 'score_num_layers': 2,
 'score_num_layers_predictor': 3,
 'score_out_channels': 1}
Total number of parameters is 137330
Epoch: 020, train loss: 0.0000, valid loss: 0.1108, Cost Time: 0.7336s
Saved ('GraphSAGE', 'original', 'CN', 1.031430940656719e-09) to ./results/GraphSAGE2CN_ddi.csv
{'dropout': 0,
 'emb': False,
 'hidden_channels': 64,
 'in_channels': 'None',
 'num_layers': 2,
 'out_channels': 128}
{'product': 'dot',
 'score_cat_n2v_feat': False,
 'score_cat_node_feat_mf': False,
 'score_dropout': 0.1,
 'score_gin_mlp_layer': 2,
 'score_hidden_channels': 64,
 'score_in_channels': 128,
 'score_num_layers': 2,
 'score_num_layers_predictor': 3,
 'score_out_channels': 1}
Total number of parameters is 571073
Epoch: 040, train loss: 0.0000, valid loss: 0.1466, Cost Time: 0.8109s
layers in sage:  2
Epoch: 060, train loss: 0.0000, valid loss: 0.1766, Cost Time: 0.8006s
Epoch: 080, train loss: 0.0000, valid loss: 0.2028, Cost Time: 0.7833s
Epoch: 100, train loss: 0.0000, valid loss: 0.2259, Cost Time: 0.7194s
Epoch: 020, train loss: 0.1250, valid loss: 0.0000, Cost Time: 6.4626s
Saved ('LINKX', 'original', 'CN', 0.253240168094635) to ./results/LINKX2CN_ddi.csv
{'hidden_channels': 16,
 'num_edge_layers': 1,
 'num_layers': 1,
 'num_node_layers': 1,
 'out_channels': 1}
{'product': 'dot',
 'score_cat_n2v_feat': False,
 'score_cat_node_feat_mf': False,
 'score_dropout': 0.1,
 'score_gin_mlp_layer': 2,
 'score_hidden_channels': 64,
 'score_in_channels': 64,
 'score_num_layers': 2,
 'score_num_layers_predictor': 3,
 'score_out_channels': 1}
Total number of parameters is 137330
Epoch: 020, train loss: 0.0011, valid loss: 0.0000, Cost Time: 0.8260s
Epoch: 040, train loss: 0.0011, valid loss: 0.0027, Cost Time: 0.8095s
Epoch: 060, train loss: 0.0011, valid loss: 0.0875, Cost Time: 0.8047s
Epoch: 040, train loss: 0.1250, valid loss: 0.0000, Cost Time: 5.8398s
Epoch: 080, train loss: 0.0011, valid loss: 0.1988, Cost Time: 0.7861s
Epoch: 100, train loss: 0.0011, valid loss: 0.2400, Cost Time: 0.8269s
Saved ('LINKX', 'original', 'CN', 0.13075567781925201) to ./results/LINKX2CN_ddi.csv
{'hidden_channels': 16,
 'num_edge_layers': 1,
 'num_layers': 1,
 'num_node_layers': 1,
 'out_channels': 1}
{'product': 'dot',
 'score_cat_n2v_feat': False,
 'score_cat_node_feat_mf': False,
 'score_dropout': 0.1,
 'score_gin_mlp_layer': 2,
 'score_hidden_channels': 64,
 'score_in_channels': 64,
 'score_num_layers': 2,
 'score_num_layers_predictor': 3,
 'score_out_channels': 1}
Total number of parameters is 137330
Epoch: 060, train loss: 0.1250, valid loss: 0.0000, Cost Time: 6.2976s
Epoch: 020, train loss: 0.0362, valid loss: 0.3856, Cost Time: 0.8244s
Epoch: 040, train loss: 0.0362, valid loss: 0.3686, Cost Time: 0.8042s
Epoch: 060, train loss: 0.5362, valid loss: 0.4219, Cost Time: 0.8214s
Epoch: 080, train loss: 0.5362, valid loss: 0.4402, Cost Time: 0.8143s
Epoch: 080, train loss: 0.1250, valid loss: 0.0000, Cost Time: 5.6737s
Epoch: 100, train loss: 0.0362, valid loss: 0.2054, Cost Time: 0.8091s
Saved ('LINKX', 'original', 'CN', 0.09634209424257278) to ./results/LINKX2CN_ddi.csv
{'hidden_channels': 16,
 'num_edge_layers': 1,
 'num_layers': 1,
 'num_node_layers': 1,
 'out_channels': 1}
{'product': 'dot',
 'score_cat_n2v_feat': False,
 'score_cat_node_feat_mf': False,
 'score_dropout': 0.1,
 'score_gin_mlp_layer': 2,
 'score_hidden_channels': 64,
 'score_in_channels': 64,
 'score_num_layers': 2,
 'score_num_layers_predictor': 3,
 'score_out_channels': 1}
Total number of parameters is 137330
Epoch: 020, train loss: 0.0363, valid loss: 0.3129, Cost Time: 0.8294s
Epoch: 100, train loss: 0.0000, valid loss: 0.0011, Cost Time: 5.6596s
Epoch: 040, train loss: 0.0363, valid loss: 0.3068, Cost Time: 0.7165s
Epoch: 060, train loss: 0.0363, valid loss: 0.3885, Cost Time: 0.7149s
Saved ('GraphSAGE', 'original', 'CN', 0.022392714396119118) to ./results/GraphSAGE2CN_ddi.csv
{'dropout': 0,
 'emb': False,
 'hidden_channels': 64,
 'in_channels': 'None',
 'num_layers': 2,
 'out_channels': 128}
{'product': 'dot',
 'score_cat_n2v_feat': False,
 'score_cat_node_feat_mf': False,
 'score_dropout': 0.1,
 'score_gin_mlp_layer': 2,
 'score_hidden_channels': 64,
 'score_in_channels': 128,
 'score_num_layers': 2,
 'score_num_layers_predictor': 3,
 'score_out_channels': 1}
Total number of parameters is 571073
layers in sage:  2
Epoch: 080, train loss: 0.0363, valid loss: 0.4327, Cost Time: 0.8115s
Epoch: 100, train loss: 0.0363, valid loss: 0.4594, Cost Time: 0.8126s
Saved ('LINKX', 'original', 'CN', 0.34485140442848206) to ./results/LINKX2CN_ddi.csv
{'hidden_channels': 16,
 'num_edge_layers': 1,
 'num_layers': 1,
 'num_node_layers': 1,
 'out_channels': 1}
{'product': 'dot',
 'score_cat_n2v_feat': False,
 'score_cat_node_feat_mf': False,
 'score_dropout': 0.1,
 'score_gin_mlp_layer': 2,
 'score_hidden_channels': 64,
 'score_in_channels': 64,
 'score_num_layers': 2,
 'score_num_layers_predictor': 3,
 'score_out_channels': 1}
Total number of parameters is 137330
Epoch: 020, train loss: 0.0071, valid loss: 0.0362, Cost Time: 5.6119s
Epoch: 020, train loss: 0.1250, valid loss: 0.0416, Cost Time: 0.8293s
Epoch: 040, train loss: 0.1250, valid loss: 0.0813, Cost Time: 0.7537s
Epoch: 060, train loss: 0.1250, valid loss: 0.2246, Cost Time: 0.7779s
Epoch: 080, train loss: 0.1250, valid loss: 0.2615, Cost Time: 0.7635s
Epoch: 040, train loss: 0.0071, valid loss: 0.0362, Cost Time: 5.5920s
Epoch: 100, train loss: 0.1250, valid loss: 0.3115, Cost Time: 0.7308s
Saved ('LINKX', 'original', 'CN', 0.3050777018070221) to ./results/LINKX2CN_ddi.csv
{'hidden_channels': 16,
 'num_edge_layers': 1,
 'num_layers': 1,
 'num_node_layers': 1,
 'out_channels': 1}
{'product': 'dot',
 'score_cat_n2v_feat': False,
 'score_cat_node_feat_mf': False,
 'score_dropout': 0.1,
 'score_gin_mlp_layer': 2,
 'score_hidden_channels': 64,
 'score_in_channels': 64,
 'score_num_layers': 2,
 'score_num_layers_predictor': 3,
 'score_out_channels': 1}
Total number of parameters is 137330
Epoch: 020, train loss: 0.0000, valid loss: 0.0541, Cost Time: 0.7140s
Epoch: 060, train loss: 0.0071, valid loss: 0.0362, Cost Time: 5.7012s
Epoch: 040, train loss: 0.0000, valid loss: 0.0591, Cost Time: 0.7373s
Epoch: 060, train loss: 0.0000, valid loss: 0.0576, Cost Time: 0.7305s
Epoch: 080, train loss: 0.0000, valid loss: 0.0620, Cost Time: 0.7395s
Epoch: 100, train loss: 0.0000, valid loss: 0.0648, Cost Time: 0.7415s
Epoch: 080, train loss: 0.0071, valid loss: 0.1278, Cost Time: 6.6301s
Saved ('LINKX', 'one-hot', 'CN', 0.019252566620707512) to ./results/LINKX2CN_ddi.csv
{'hidden_channels': 16,
 'num_edge_layers': 1,
 'num_layers': 1,
 'num_node_layers': 1,
 'out_channels': 1}
{'product': 'dot',
 'score_cat_n2v_feat': False,
 'score_cat_node_feat_mf': False,
 'score_dropout': 0.1,
 'score_gin_mlp_layer': 2,
 'score_hidden_channels': 64,
 'score_in_channels': 64,
 'score_num_layers': 2,
 'score_num_layers_predictor': 3,
 'score_out_channels': 1}
Total number of parameters is 137330
Epoch: 020, train loss: 0.0001, valid loss: 0.0000, Cost Time: 0.7611s
Epoch: 040, train loss: 0.0001, valid loss: 0.0000, Cost Time: 0.7663s
Epoch: 100, train loss: 0.0072, valid loss: 0.0367, Cost Time: 5.6677s
Epoch: 060, train loss: 0.0002, valid loss: 0.0053, Cost Time: 0.7931s
Epoch: 080, train loss: 0.0010, valid loss: 0.0342, Cost Time: 0.7149s
Epoch: 100, train loss: 0.0003, valid loss: 0.1047, Cost Time: 0.6974s
Saved ('GraphSAGE', 'original', 'CN', 0.011514173820614815) to ./results/GraphSAGE2CN_ddi.csv
{'dropout': 0,
 'emb': False,
 'hidden_channels': 64,
 'in_channels': 'None',
 'num_layers': 2,
 'out_channels': 128}
{'product': 'dot',
 'score_cat_n2v_feat': False,
 'score_cat_node_feat_mf': False,
 'score_dropout': 0.1,
 'score_gin_mlp_layer': 2,
 'score_hidden_channels': 64,
 'score_in_channels': 128,
 'score_num_layers': 2,
 'score_num_layers_predictor': 3,
 'score_out_channels': 1}
Total number of parameters is 571073
layers in sage:  2
Saved ('LINKX', 'one-hot', 'CN', 0.055303700268268585) to ./results/LINKX2CN_ddi.csv
{'hidden_channels': 16,
 'num_edge_layers': 1,
 'num_layers': 1,
 'num_node_layers': 1,
 'out_channels': 1}
{'product': 'dot',
 'score_cat_n2v_feat': False,
 'score_cat_node_feat_mf': False,
 'score_dropout': 0.1,
 'score_gin_mlp_layer': 2,
 'score_hidden_channels': 64,
 'score_in_channels': 64,
 'score_num_layers': 2,
 'score_num_layers_predictor': 3,
 'score_out_channels': 1}
Total number of parameters is 137330
Epoch: 020, train loss: 0.0001, valid loss: 0.0361, Cost Time: 0.8173s
Epoch: 040, train loss: 0.0000, valid loss: 0.0301, Cost Time: 0.8193s
Epoch: 020, train loss: 0.0000, valid loss: 0.1250, Cost Time: 5.6096s
Epoch: 060, train loss: 0.0004, valid loss: 0.0328, Cost Time: 0.8144s
Epoch: 080, train loss: 0.0002, valid loss: 0.0327, Cost Time: 0.7964s
Epoch: 100, train loss: 0.0000, valid loss: 0.0198, Cost Time: 0.7592s
Epoch: 040, train loss: 0.0000, valid loss: 0.1250, Cost Time: 6.4769s
Saved ('LINKX', 'one-hot', 'CN', 1.2008172234345693e-10) to ./results/LINKX2CN_ddi.csv
{'hidden_channels': 16,
 'num_edge_layers': 1,
 'num_layers': 1,
 'num_node_layers': 1,
 'out_channels': 1}
{'product': 'dot',
 'score_cat_n2v_feat': False,
 'score_cat_node_feat_mf': False,
 'score_dropout': 0.1,
 'score_gin_mlp_layer': 2,
 'score_hidden_channels': 64,
 'score_in_channels': 64,
 'score_num_layers': 2,
 'score_num_layers_predictor': 3,
 'score_out_channels': 1}
Total number of parameters is 137330
Epoch: 020, train loss: 0.0000, valid loss: 0.0788, Cost Time: 0.8039s
Epoch: 040, train loss: 0.0000, valid loss: 0.0903, Cost Time: 0.7866s
Epoch: 060, train loss: 0.0000, valid loss: 0.0760, Cost Time: 0.8158s
Epoch: 060, train loss: 0.0000, valid loss: 0.1250, Cost Time: 5.5218s
Epoch: 080, train loss: 0.0000, valid loss: 0.0661, Cost Time: 0.7406s
Epoch: 100, train loss: 0.0000, valid loss: 0.0630, Cost Time: 0.6592s
Saved ('LINKX', 'one-hot', 'CN', 0.0009380713454447687) to ./results/LINKX2CN_ddi.csv
{'hidden_channels': 16,
 'num_edge_layers': 1,
 'num_layers': 1,
 'num_node_layers': 1,
 'out_channels': 1}
{'product': 'dot',
 'score_cat_n2v_feat': False,
 'score_cat_node_feat_mf': False,
 'score_dropout': 0.1,
 'score_gin_mlp_layer': 2,
 'score_hidden_channels': 64,
 'score_in_channels': 64,
 'score_num_layers': 2,
 'score_num_layers_predictor': 3,
 'score_out_channels': 1}
Total number of parameters is 137330
Epoch: 080, train loss: 0.0000, valid loss: 0.1250, Cost Time: 6.2426s
Epoch: 020, train loss: 0.0011, valid loss: 0.0000, Cost Time: 0.8032s
Epoch: 040, train loss: 0.0011, valid loss: 0.0000, Cost Time: 0.8240s
Epoch: 060, train loss: 0.0011, valid loss: 0.0074, Cost Time: 0.7993s
Epoch: 080, train loss: 0.0011, valid loss: 0.0136, Cost Time: 0.8350s
Epoch: 100, train loss: 0.0000, valid loss: 0.0621, Cost Time: 5.5489s
Epoch: 100, train loss: 0.0010, valid loss: 0.0070, Cost Time: 0.7031s
Saved ('GraphSAGE', 'original', 'CN', 0.0461680106818676) to ./results/GraphSAGE2CN_ddi.csv
{'dropout': 0,
 'emb': False,
 'hidden_channels': 64,
 'in_channels': 'None',
 'num_layers': 2,
 'out_channels': 128}
{'product': 'dot',
 'score_cat_n2v_feat': False,
 'score_cat_node_feat_mf': False,
 'score_dropout': 0.1,
 'score_gin_mlp_layer': 2,
 'score_hidden_channels': 64,
 'score_in_channels': 128,
 'score_num_layers': 2,
 'score_num_layers_predictor': 3,
 'score_out_channels': 1}
Total number of parameters is 571073
layers in sage:  2
Saved ('LINKX', 'one-hot', 'CN', 0.0) to ./results/LINKX2CN_ddi.csv
{'hidden_channels': 16,
 'num_edge_layers': 1,
 'num_layers': 1,
 'num_node_layers': 1,
 'out_channels': 1}
{'product': 'dot',
 'score_cat_n2v_feat': False,
 'score_cat_node_feat_mf': False,
 'score_dropout': 0.1,
 'score_gin_mlp_layer': 2,
 'score_hidden_channels': 64,
 'score_in_channels': 64,
 'score_num_layers': 2,
 'score_num_layers_predictor': 3,
 'score_out_channels': 1}
Total number of parameters is 137330
Epoch: 020, train loss: 0.0056, valid loss: 0.0002, Cost Time: 0.6848s
Epoch: 040, train loss: 0.0005, valid loss: 0.0002, Cost Time: 0.6715s
Epoch: 060, train loss: 0.0002, valid loss: 0.0001, Cost Time: 0.7498s
Epoch: 020, train loss: 1.9512, valid loss: 2.0000, Cost Time: 5.8620s
Epoch: 080, train loss: 0.0002, valid loss: 0.0000, Cost Time: 0.7533s
Epoch: 100, train loss: 0.0005, valid loss: 0.0004, Cost Time: 0.7335s
Saved ('LINKX', 'one-hot', 'CN', 0.019493117928504944) to ./results/LINKX2CN_ddi.csv
{'hidden_channels': 16,
 'num_edge_layers': 1,
 'num_layers': 1,
 'num_node_layers': 1,
 'out_channels': 1}
{'product': 'dot',
 'score_cat_n2v_feat': False,
 'score_cat_node_feat_mf': False,
 'score_dropout': 0.1,
 'score_gin_mlp_layer': 2,
 'score_hidden_channels': 64,
 'score_in_channels': 64,
 'score_num_layers': 2,
 'score_num_layers_predictor': 3,
 'score_out_channels': 1}
Total number of parameters is 137330
Epoch: 040, train loss: 0.0011, valid loss: 0.0000, Cost Time: 5.6535s
Epoch: 020, train loss: 0.0026, valid loss: 0.0000, Cost Time: 0.7183s
Epoch: 040, train loss: 0.0010, valid loss: 0.0263, Cost Time: 0.7021s
Epoch: 060, train loss: 0.0003, valid loss: 0.0274, Cost Time: 0.7451s
Epoch: 080, train loss: 0.0002, valid loss: 0.0306, Cost Time: 0.8024s
Epoch: 060, train loss: 0.0011, valid loss: 0.0000, Cost Time: 5.5348s
Epoch: 100, train loss: 0.0002, valid loss: 0.0159, Cost Time: 0.8218s
Saved ('LINKX', 'one-hot', 'CN', 0.025145933032035828) to ./results/LINKX2CN_ddi.csv
{'hidden_channels': 16,
 'num_edge_layers': 1,
 'num_layers': 1,
 'num_node_layers': 1,
 'out_channels': 1}
{'product': 'dot',
 'score_cat_n2v_feat': False,
 'score_cat_node_feat_mf': False,
 'score_dropout': 0.1,
 'score_gin_mlp_layer': 2,
 'score_hidden_channels': 64,
 'score_in_channels': 64,
 'score_num_layers': 2,
 'score_num_layers_predictor': 3,
 'score_out_channels': 1}
Total number of parameters is 137330
Epoch: 020, train loss: 0.0460, valid loss: 0.0210, Cost Time: 0.8275s
Epoch: 080, train loss: 0.0011, valid loss: 0.0000, Cost Time: 5.6242s
Epoch: 040, train loss: 0.0000, valid loss: 0.1180, Cost Time: 0.8064s
Epoch: 060, train loss: 0.0000, valid loss: 0.3043, Cost Time: 0.7641s
Epoch: 080, train loss: 0.0000, valid loss: 0.2806, Cost Time: 0.6937s
Epoch: 100, train loss: 0.0000, valid loss: 0.2866, Cost Time: 0.7029s
Epoch: 100, train loss: 0.0011, valid loss: 0.0000, Cost Time: 6.5031s
Saved ('LINKX', 'one-hot', 'CN', 0.3270133435726166) to ./results/LINKX2CN_ddi.csv
{'hidden_channels': 16,
 'num_edge_layers': 1,
 'num_layers': 1,
 'num_node_layers': 1,
 'out_channels': 1}
{'product': 'dot',
 'score_cat_n2v_feat': False,
 'score_cat_node_feat_mf': False,
 'score_dropout': 0.1,
 'score_gin_mlp_layer': 2,
 'score_hidden_channels': 64,
 'score_in_channels': 64,
 'score_num_layers': 2,
 'score_num_layers_predictor': 3,
 'score_out_channels': 1}
Total number of parameters is 137330
Saved ('GraphSAGE', 'original', 'CN', 0.0) to ./results/GraphSAGE2CN_ddi.csv
{'dropout': 0,
 'emb': False,
 'hidden_channels': 64,
 'in_channels': 'None',
 'num_layers': 2,
 'out_channels': 128}
{'product': 'dot',
 'score_cat_n2v_feat': False,
 'score_cat_node_feat_mf': False,
 'score_dropout': 0.1,
 'score_gin_mlp_layer': 2,
 'score_hidden_channels': 64,
 'score_in_channels': 128,
 'score_num_layers': 2,
 'score_num_layers_predictor': 3,
 'score_out_channels': 1}
Total number of parameters is 571073
Epoch: 020, train loss: 0.0000, valid loss: 0.0701, Cost Time: 0.8218s
layers in sage:  2
Epoch: 040, train loss: 0.0000, valid loss: 0.0810, Cost Time: 0.8011s
Epoch: 060, train loss: 0.0000, valid loss: 0.0870, Cost Time: 0.7544s
Epoch: 080, train loss: 0.0000, valid loss: 0.0747, Cost Time: 0.7621s
Epoch: 100, train loss: 0.0000, valid loss: 0.0761, Cost Time: 0.7637s
Epoch: 020, train loss: 0.0362, valid loss: 0.0002, Cost Time: 5.8927s
Saved ('LINKX', 'random', 'CN', 0.04122167453169823) to ./results/LINKX2CN_ddi.csv
{'hidden_channels': 16,
 'num_edge_layers': 1,
 'num_layers': 1,
 'num_node_layers': 1,
 'out_channels': 1}
{'product': 'dot',
 'score_cat_n2v_feat': False,
 'score_cat_node_feat_mf': False,
 'score_dropout': 0.1,
 'score_gin_mlp_layer': 2,
 'score_hidden_channels': 64,
 'score_in_channels': 64,
 'score_num_layers': 2,
 'score_num_layers_predictor': 3,
 'score_out_channels': 1}
Total number of parameters is 137330
Epoch: 020, train loss: 0.1250, valid loss: 0.0000, Cost Time: 0.8062s
Epoch: 040, train loss: 0.1250, valid loss: 0.0000, Cost Time: 0.7975s
Epoch: 040, train loss: 0.0362, valid loss: 0.0001, Cost Time: 5.6399s
Epoch: 060, train loss: 0.1250, valid loss: 0.0000, Cost Time: 0.8071s
Epoch: 080, train loss: 0.1250, valid loss: 0.0002, Cost Time: 0.7975s
Epoch: 100, train loss: 0.1250, valid loss: 0.0211, Cost Time: 0.8131s
Epoch: 060, train loss: 0.0362, valid loss: 0.2098, Cost Time: 6.5022s
Saved ('LINKX', 'random', 'CN', 0.11902996152639389) to ./results/LINKX2CN_ddi.csv
{'hidden_channels': 16,
 'num_edge_layers': 1,
 'num_layers': 1,
 'num_node_layers': 1,
 'out_channels': 1}
{'product': 'dot',
 'score_cat_n2v_feat': False,
 'score_cat_node_feat_mf': False,
 'score_dropout': 0.1,
 'score_gin_mlp_layer': 2,
 'score_hidden_channels': 64,
 'score_in_channels': 64,
 'score_num_layers': 2,
 'score_num_layers_predictor': 3,
 'score_out_channels': 1}
Total number of parameters is 137330
Epoch: 020, train loss: 0.0071, valid loss: 0.0362, Cost Time: 0.7883s
Epoch: 040, train loss: 0.0071, valid loss: 0.0436, Cost Time: 0.7836s
Epoch: 060, train loss: 0.0071, valid loss: 0.0563, Cost Time: 0.7828s
Epoch: 080, train loss: 0.0362, valid loss: 0.4126, Cost Time: 5.7169s
Epoch: 080, train loss: 0.0071, valid loss: 0.0501, Cost Time: 0.7864s
Epoch: 100, train loss: 0.0071, valid loss: 0.0790, Cost Time: 0.7819s
Saved ('LINKX', 'random', 'CN', 0.014650121331214905) to ./results/LINKX2CN_ddi.csv
{'hidden_channels': 16,
 'num_edge_layers': 1,
 'num_layers': 1,
 'num_node_layers': 1,
 'out_channels': 1}
{'product': 'dot',
 'score_cat_n2v_feat': False,
 'score_cat_node_feat_mf': False,
 'score_dropout': 0.1,
 'score_gin_mlp_layer': 2,
 'score_hidden_channels': 64,
 'score_in_channels': 64,
 'score_num_layers': 2,
 'score_num_layers_predictor': 3,
 'score_out_channels': 1}
Total number of parameters is 137330
Epoch: 100, train loss: 0.0362, valid loss: 0.4691, Cost Time: 5.6246s
Epoch: 020, train loss: 0.0000, valid loss: 0.1250, Cost Time: 0.6945s
Epoch: 040, train loss: 0.0000, valid loss: 0.1250, Cost Time: 0.6929s
Saved ('GraphSAGE', 'original', 'CN', 0.360225111246109) to ./results/GraphSAGE2CN_ddi.csv
{'dropout': 0,
 'emb': False,
 'hidden_channels': 64,
 'in_channels': 'None',
 'num_layers': 2,
 'out_channels': 128}
{'product': 'dot',
 'score_cat_n2v_feat': False,
 'score_cat_node_feat_mf': False,
 'score_dropout': 0.1,
 'score_gin_mlp_layer': 2,
 'score_hidden_channels': 64,
 'score_in_channels': 128,
 'score_num_layers': 2,
 'score_num_layers_predictor': 3,
 'score_out_channels': 1}
Total number of parameters is 571073
Epoch: 060, train loss: 0.0000, valid loss: 0.1250, Cost Time: 0.7834s
layers in sage:  2
Epoch: 080, train loss: 0.0000, valid loss: 0.1224, Cost Time: 0.7716s
Epoch: 100, train loss: 0.0000, valid loss: 0.0881, Cost Time: 0.7868s
Epoch: 020, train loss: 1.7493, valid loss: 2.0000, Cost Time: 6.4097s
Saved ('LINKX', 'random', 'CN', 0.06840510666370392) to ./results/LINKX2CN_ddi.csv
{'hidden_channels': 16,
 'num_edge_layers': 1,
 'num_layers': 1,
 'num_node_layers': 1,
 'out_channels': 1}
{'product': 'dot',
 'score_cat_n2v_feat': False,
 'score_cat_node_feat_mf': False,
 'score_dropout': 0.1,
 'score_gin_mlp_layer': 2,
 'score_hidden_channels': 64,
 'score_in_channels': 64,
 'score_num_layers': 2,
 'score_num_layers_predictor': 3,
 'score_out_channels': 1}
Total number of parameters is 137330
Epoch: 020, train loss: 0.0011, valid loss: 0.0000, Cost Time: 0.8021s
Epoch: 040, train loss: 0.0011, valid loss: 0.0000, Cost Time: 0.7848s
Epoch: 060, train loss: 0.0011, valid loss: 0.0000, Cost Time: 0.8185s
Epoch: 080, train loss: 0.0011, valid loss: 0.0000, Cost Time: 0.7982s
Epoch: 040, train loss: 1.4050, valid loss: 0.9122, Cost Time: 5.6369s
Epoch: 100, train loss: 0.0011, valid loss: 0.0013, Cost Time: 0.8037s
Saved ('LINKX', 'random', 'CN', 2.663470013430924e-07) to ./results/LINKX2CN_ddi.csv
{'hidden_channels': 16,
 'num_edge_layers': 1,
 'num_layers': 1,
 'num_node_layers': 1,
 'out_channels': 1}
{'product': 'dot',
 'score_cat_n2v_feat': False,
 'score_cat_node_feat_mf': False,
 'score_dropout': 0.1,
 'score_gin_mlp_layer': 2,
 'score_hidden_channels': 64,
 'score_in_channels': 64,
 'score_num_layers': 2,
 'score_num_layers_predictor': 3,
 'score_out_channels': 1}
Total number of parameters is 137330
Epoch: 020, train loss: 0.0362, valid loss: 0.0015, Cost Time: 0.7752s
Epoch: 060, train loss: 0.0363, valid loss: 0.0000, Cost Time: 5.7519s
Epoch: 040, train loss: 0.0362, valid loss: 0.0022, Cost Time: 0.6144s
Epoch: 060, train loss: 0.0362, valid loss: 0.0530, Cost Time: 0.7452s
Epoch: 080, train loss: 0.0362, valid loss: 0.0569, Cost Time: 0.7877s
Epoch: 100, train loss: 0.0362, valid loss: 0.0795, Cost Time: 0.7978s
Epoch: 080, train loss: 0.0363, valid loss: 0.0000, Cost Time: 6.0410s
Saved ('LINKX', 'random', 'CN', 0.13392139971256256) to ./results/LINKX2CN_ddi.csv
{'hidden_channels': 16,
 'num_edge_layers': 1,
 'num_layers': 1,
 'num_node_layers': 1,
 'out_channels': 1}
{'product': 'dot',
 'score_cat_n2v_feat': False,
 'score_cat_node_feat_mf': False,
 'score_dropout': 0.1,
 'score_gin_mlp_layer': 2,
 'score_hidden_channels': 64,
 'score_in_channels': 64,
 'score_num_layers': 2,
 'score_num_layers_predictor': 3,
 'score_out_channels': 1}
Total number of parameters is 137330
Epoch: 020, train loss: 0.0363, valid loss: 0.0380, Cost Time: 0.7831s
Epoch: 040, train loss: 0.0363, valid loss: 0.0276, Cost Time: 0.6887s
Epoch: 100, train loss: 0.0363, valid loss: 0.0000, Cost Time: 5.6571s
Epoch: 060, train loss: 0.0363, valid loss: 0.1227, Cost Time: 0.7164s
Epoch: 080, train loss: 0.0363, valid loss: 0.0472, Cost Time: 0.7263s
Saved ('GraphSAGE', 'original', 'CN', 0.01128685288131237) to ./results/GraphSAGE2CN_ddi.csv
{'dropout': 0,
 'emb': False,
 'hidden_channels': 64,
 'in_channels': 'None',
 'num_layers': 2,
 'out_channels': 128}
{'product': 'dot',
 'score_cat_n2v_feat': False,
 'score_cat_node_feat_mf': False,
 'score_dropout': 0.1,
 'score_gin_mlp_layer': 2,
 'score_hidden_channels': 64,
 'score_in_channels': 128,
 'score_num_layers': 2,
 'score_num_layers_predictor': 3,
 'score_out_channels': 1}
Total number of parameters is 571073
Epoch: 100, train loss: 0.0363, valid loss: 0.1352, Cost Time: 0.7346s
layers in sage:  2
Saved ('LINKX', 'random', 'CN', 0.15896904468536377) to ./results/LINKX2CN_ddi.csv
{'hidden_channels': 16,
 'num_edge_layers': 1,
 'num_layers': 1,
 'num_node_layers': 1,
 'out_channels': 1}
{'product': 'dot',
 'score_cat_n2v_feat': False,
 'score_cat_node_feat_mf': False,
 'score_dropout': 0.1,
 'score_gin_mlp_layer': 2,
 'score_hidden_channels': 64,
 'score_in_channels': 64,
 'score_num_layers': 2,
 'score_num_layers_predictor': 3,
 'score_out_channels': 1}
Total number of parameters is 137330
Epoch: 020, train loss: 0.1250, valid loss: 0.2397, Cost Time: 0.7888s
Epoch: 020, train loss: 0.1250, valid loss: 0.0000, Cost Time: 5.6285s
Epoch: 040, train loss: 0.1250, valid loss: 0.6609, Cost Time: 0.6950s
Epoch: 060, train loss: 0.1250, valid loss: 0.2107, Cost Time: 0.6891s
Epoch: 080, train loss: 0.1250, valid loss: 0.1997, Cost Time: 0.7407s
Epoch: 100, train loss: 0.1250, valid loss: 0.1976, Cost Time: 0.8157s
Epoch: 040, train loss: 0.1250, valid loss: 0.0000, Cost Time: 6.5557s
Saved ('LINKX', 'random', 'CN', 0.21547994017601013) to ./results/LINKX2CN_ddi.csv
{'hidden_channels': 16,
 'num_edge_layers': 1,
 'num_layers': 1,
 'num_node_layers': 1,
 'out_channels': 1}
{'product': 'dot',
 'score_cat_n2v_feat': False,
 'score_cat_node_feat_mf': False,
 'score_dropout': 0.1,
 'score_gin_mlp_layer': 2,
 'score_hidden_channels': 64,
 'score_in_channels': 64,
 'score_num_layers': 2,
 'score_num_layers_predictor': 3,
 'score_out_channels': 1}
Total number of parameters is 137330
Epoch: 020, train loss: 0.0000, valid loss: 0.0597, Cost Time: 0.8263s
Epoch: 040, train loss: 0.0000, valid loss: 0.0666, Cost Time: 0.8175s
Epoch: 060, train loss: 0.1250, valid loss: 0.0000, Cost Time: 5.8912s
Epoch: 060, train loss: 0.0000, valid loss: 0.0562, Cost Time: 0.8208s
Epoch: 080, train loss: 0.0000, valid loss: 0.0470, Cost Time: 0.8271s
Epoch: 100, train loss: 0.0000, valid loss: 0.0402, Cost Time: 0.7717s
Epoch: 080, train loss: 0.1250, valid loss: 0.0756, Cost Time: 6.4594s
Saved ('LINKX', 'adjacency', 'CN', 1.031430940656719e-09) to ./results/LINKX2CN_ddi.csv
{'hidden_channels': 16,
 'num_edge_layers': 1,
 'num_layers': 1,
 'num_node_layers': 1,
 'out_channels': 1}
{'product': 'dot',
 'score_cat_n2v_feat': False,
 'score_cat_node_feat_mf': False,
 'score_dropout': 0.1,
 'score_gin_mlp_layer': 2,
 'score_hidden_channels': 64,
 'score_in_channels': 64,
 'score_num_layers': 2,
 'score_num_layers_predictor': 3,
 'score_out_channels': 1}
Total number of parameters is 137330
Epoch: 020, train loss: 0.0012, valid loss: 0.4308, Cost Time: 0.7700s
Epoch: 040, train loss: 0.0001, valid loss: 0.1596, Cost Time: 0.8326s
Epoch: 060, train loss: 0.0004, valid loss: 0.1361, Cost Time: 0.8104s
Epoch: 080, train loss: 0.0008, valid loss: 0.1885, Cost Time: 0.8148s
Epoch: 100, train loss: 0.1250, valid loss: 0.3766, Cost Time: 5.7089s
Epoch: 100, train loss: 0.0000, valid loss: 0.1741, Cost Time: 0.7433s
Saved ('GraphSAGE', 'original', 'CN', 0.4042094945907593) to ./results/GraphSAGE2CN_ddi.csv
{'dropout': 0,
 'emb': False,
 'hidden_channels': 64,
 'in_channels': 'None',
 'num_layers': 2,
 'out_channels': 128}
{'product': 'dot',
 'score_cat_n2v_feat': False,
 'score_cat_node_feat_mf': False,
 'score_dropout': 0.1,
 'score_gin_mlp_layer': 2,
 'score_hidden_channels': 64,
 'score_in_channels': 128,
 'score_num_layers': 2,
 'score_num_layers_predictor': 3,
 'score_out_channels': 1}
Total number of parameters is 571073
layers in sage:  2
Saved ('LINKX', 'adjacency', 'CN', 0.06027141213417053) to ./results/LINKX2CN_ddi.csv
{'hidden_channels': 16,
 'num_edge_layers': 1,
 'num_layers': 1,
 'num_node_layers': 1,
 'out_channels': 1}
{'product': 'dot',
 'score_cat_n2v_feat': False,
 'score_cat_node_feat_mf': False,
 'score_dropout': 0.1,
 'score_gin_mlp_layer': 2,
 'score_hidden_channels': 64,
 'score_in_channels': 64,
 'score_num_layers': 2,
 'score_num_layers_predictor': 3,
 'score_out_channels': 1}
Total number of parameters is 137330
Epoch: 020, train loss: 0.0001, valid loss: 0.0381, Cost Time: 0.7862s
Epoch: 040, train loss: 0.0001, valid loss: 0.0258, Cost Time: 0.7779s
Epoch: 060, train loss: 0.0002, valid loss: 0.0232, Cost Time: 0.7785s
Epoch: 020, train loss: 0.0000, valid loss: 0.1250, Cost Time: 5.7248s
Epoch: 080, train loss: 0.0001, valid loss: 0.0159, Cost Time: 0.7858s
Epoch: 100, train loss: 0.0000, valid loss: 0.0166, Cost Time: 0.7537s
Saved ('LINKX', 'adjacency', 'CN', 0.003657565452158451) to ./results/LINKX2CN_ddi.csv
{'hidden_channels': 16,
 'num_edge_layers': 1,
 'num_layers': 1,
 'num_node_layers': 1,
 'out_channels': 1}
{'product': 'dot',
 'score_cat_n2v_feat': False,
 'score_cat_node_feat_mf': False,
 'score_dropout': 0.1,
 'score_gin_mlp_layer': 2,
 'score_hidden_channels': 64,
 'score_in_channels': 64,
 'score_num_layers': 2,
 'score_num_layers_predictor': 3,
 'score_out_channels': 1}
Total number of parameters is 137330
Epoch: 040, train loss: 0.0000, valid loss: 0.1250, Cost Time: 5.7452s
Epoch: 020, train loss: 0.0000, valid loss: 0.0526, Cost Time: 0.8229s
Epoch: 040, train loss: 0.0000, valid loss: 0.0881, Cost Time: 0.8060s
Epoch: 060, train loss: 0.0000, valid loss: 0.0620, Cost Time: 0.7770s
Epoch: 080, train loss: 0.0000, valid loss: 0.0684, Cost Time: 0.7412s
Epoch: 060, train loss: 0.0000, valid loss: 0.1250, Cost Time: 5.8972s
Epoch: 100, train loss: 0.0000, valid loss: 0.0996, Cost Time: 0.6599s
Saved ('LINKX', 'adjacency', 'CN', 0.05601087212562561) to ./results/LINKX2CN_ddi.csv
{'hidden_channels': 16,
 'num_edge_layers': 1,
 'num_layers': 1,
 'num_node_layers': 1,
 'out_channels': 1}
{'product': 'dot',
 'score_cat_n2v_feat': False,
 'score_cat_node_feat_mf': False,
 'score_dropout': 0.1,
 'score_gin_mlp_layer': 2,
 'score_hidden_channels': 64,
 'score_in_channels': 64,
 'score_num_layers': 2,
 'score_num_layers_predictor': 3,
 'score_out_channels': 1}
Total number of parameters is 137330
Epoch: 020, train loss: 0.0011, valid loss: 0.0000, Cost Time: 0.7552s
Epoch: 080, train loss: 0.0000, valid loss: 0.1236, Cost Time: 5.6613s
Epoch: 040, train loss: 0.0011, valid loss: 0.0000, Cost Time: 0.7679s
Epoch: 060, train loss: 0.0011, valid loss: 0.0000, Cost Time: 0.7610s
Epoch: 080, train loss: 0.0011, valid loss: 0.0000, Cost Time: 0.7370s
Epoch: 100, train loss: 0.0011, valid loss: 0.0003, Cost Time: 0.7360s
Epoch: 100, train loss: 0.0002, valid loss: 0.1130, Cost Time: 6.4751s
Saved ('LINKX', 'adjacency', 'CN', 0.0) to ./results/LINKX2CN_ddi.csv
{'hidden_channels': 16,
 'num_edge_layers': 1,
 'num_layers': 1,
 'num_node_layers': 1,
 'out_channels': 1}
{'product': 'dot',
 'score_cat_n2v_feat': False,
 'score_cat_node_feat_mf': False,
 'score_dropout': 0.1,
 'score_gin_mlp_layer': 2,
 'score_hidden_channels': 64,
 'score_in_channels': 64,
 'score_num_layers': 2,
 'score_num_layers_predictor': 3,
 'score_out_channels': 1}
Total number of parameters is 137330
Epoch: 020, train loss: 0.0029, valid loss: 0.0368, Cost Time: 0.7285s
Saved ('GraphSAGE', 'one-hot', 'CN', 0.001435543643310666) to ./results/GraphSAGE2CN_ddi.csv
{'dropout': 0,
 'emb': False,
 'hidden_channels': 64,
 'in_channels': 'None',
 'num_layers': 2,
 'out_channels': 128}
{'product': 'dot',
 'score_cat_n2v_feat': False,
 'score_cat_node_feat_mf': False,
 'score_dropout': 0.1,
 'score_gin_mlp_layer': 2,
 'score_hidden_channels': 64,
 'score_in_channels': 128,
 'score_num_layers': 2,
 'score_num_layers_predictor': 3,
 'score_out_channels': 1}
Total number of parameters is 571073
layers in sage:  2
Epoch: 040, train loss: 0.0005, valid loss: 0.0328, Cost Time: 0.7943s
Epoch: 060, train loss: 0.0000, valid loss: 0.0494, Cost Time: 0.8223s
Epoch: 080, train loss: 0.0004, valid loss: 0.0002, Cost Time: 0.8204s
Epoch: 100, train loss: 0.0003, valid loss: 0.0002, Cost Time: 0.7920s
Epoch: 020, train loss: 0.0011, valid loss: 0.0003, Cost Time: 6.4342s
Saved ('LINKX', 'adjacency', 'CN', 0.029806600883603096) to ./results/LINKX2CN_ddi.csv
{'hidden_channels': 16,
 'num_edge_layers': 1,
 'num_layers': 1,
 'num_node_layers': 1,
 'out_channels': 1}
{'product': 'dot',
 'score_cat_n2v_feat': False,
 'score_cat_node_feat_mf': False,
 'score_dropout': 0.1,
 'score_gin_mlp_layer': 2,
 'score_hidden_channels': 64,
 'score_in_channels': 64,
 'score_num_layers': 2,
 'score_num_layers_predictor': 3,
 'score_out_channels': 1}
Total number of parameters is 137330
Epoch: 020, train loss: 0.0005, valid loss: 0.0000, Cost Time: 0.6419s
Epoch: 040, train loss: 0.0005, valid loss: 0.0000, Cost Time: 0.7735s
Epoch: 040, train loss: 0.0000, valid loss: 0.0013, Cost Time: 5.9028s
Epoch: 060, train loss: 0.0002, valid loss: 0.0000, Cost Time: 0.7788s
Epoch: 080, train loss: 0.0002, valid loss: 0.0000, Cost Time: 0.7647s
Epoch: 100, train loss: 0.0002, valid loss: 0.0562, Cost Time: 0.7440s
Epoch: 060, train loss: 0.0012, valid loss: 0.0257, Cost Time: 6.7026s
Saved ('LINKX', 'adjacency', 'CN', 0.024891966953873634) to ./results/LINKX2CN_ddi.csv
{'hidden_channels': 16,
 'num_edge_layers': 1,
 'num_layers': 1,
 'num_node_layers': 1,
 'out_channels': 1}
{'product': 'dot',
 'score_cat_n2v_feat': False,
 'score_cat_node_feat_mf': False,
 'score_dropout': 0.1,
 'score_gin_mlp_layer': 2,
 'score_hidden_channels': 64,
 'score_in_channels': 64,
 'score_num_layers': 2,
 'score_num_layers_predictor': 3,
 'score_out_channels': 1}
Total number of parameters is 137330
Epoch: 020, train loss: 0.0226, valid loss: 0.0000, Cost Time: 0.8009s
Epoch: 040, train loss: 0.0001, valid loss: 0.1107, Cost Time: 0.7681s
Epoch: 060, train loss: 0.0000, valid loss: 0.0797, Cost Time: 0.7188s
Epoch: 080, train loss: 0.0000, valid loss: 0.1766, Cost Time: 0.7309s
Epoch: 080, train loss: 0.0002, valid loss: 0.0185, Cost Time: 5.8706s
Epoch: 100, train loss: 0.0000, valid loss: 0.3666, Cost Time: 0.7365s
Saved ('LINKX', 'adjacency', 'CN', 0.17161951959133148) to ./results/LINKX2CN_ddi.csv
Epoch: 100, train loss: 0.0005, valid loss: 0.0230, Cost Time: 3.9553s
Saved ('GraphSAGE', 'one-hot', 'CN', 0.08856766670942307) to ./results/GraphSAGE2CN_ddi.csv
{'dropout': 0,
 'emb': False,
 'hidden_channels': 64,
 'in_channels': 'None',
 'num_layers': 2,
 'out_channels': 128}
{'product': 'dot',
 'score_cat_n2v_feat': False,
 'score_cat_node_feat_mf': False,
 'score_dropout': 0.1,
 'score_gin_mlp_layer': 2,
 'score_hidden_channels': 64,
 'score_in_channels': 128,
 'score_num_layers': 2,
 'score_num_layers_predictor': 3,
 'score_out_channels': 1}
Total number of parameters is 571073
layers in sage:  2
Epoch: 020, train loss: 0.0071, valid loss: 0.0362, Cost Time: 3.7701s
Epoch: 040, train loss: 0.0071, valid loss: 0.0362, Cost Time: 3.7532s
Epoch: 060, train loss: 0.0071, valid loss: 0.0361, Cost Time: 3.7607s
Epoch: 080, train loss: 0.0050, valid loss: 0.0259, Cost Time: 3.8996s
Epoch: 100, train loss: 0.0002, valid loss: 0.0263, Cost Time: 3.7962s
Saved ('GraphSAGE', 'one-hot', 'CN', 0.0015314639313146472) to ./results/GraphSAGE2CN_ddi.csv
{'dropout': 0,
 'emb': False,
 'hidden_channels': 64,
 'in_channels': 'None',
 'num_layers': 2,
 'out_channels': 128}
{'product': 'dot',
 'score_cat_n2v_feat': False,
 'score_cat_node_feat_mf': False,
 'score_dropout': 0.1,
 'score_gin_mlp_layer': 2,
 'score_hidden_channels': 64,
 'score_in_channels': 128,
 'score_num_layers': 2,
 'score_num_layers_predictor': 3,
 'score_out_channels': 1}
Total number of parameters is 571073
layers in sage:  2
Epoch: 020, train loss: 0.0000, valid loss: 0.1250, Cost Time: 3.7238s
Epoch: 040, train loss: 0.0000, valid loss: 0.1250, Cost Time: 3.7253s
Epoch: 060, train loss: 0.0000, valid loss: 0.1250, Cost Time: 3.7729s
Epoch: 080, train loss: 0.0000, valid loss: 0.1189, Cost Time: 3.7268s
Epoch: 100, train loss: 0.0001, valid loss: 0.1151, Cost Time: 3.7207s
Saved ('GraphSAGE', 'one-hot', 'CN', 0.005433567333966494) to ./results/GraphSAGE2CN_ddi.csv
{'dropout': 0,
 'emb': False,
 'hidden_channels': 64,
 'in_channels': 'None',
 'num_layers': 2,
 'out_channels': 128}
{'product': 'dot',
 'score_cat_n2v_feat': False,
 'score_cat_node_feat_mf': False,
 'score_dropout': 0.1,
 'score_gin_mlp_layer': 2,
 'score_hidden_channels': 64,
 'score_in_channels': 128,
 'score_num_layers': 2,
 'score_num_layers_predictor': 3,
 'score_out_channels': 1}
Total number of parameters is 571073
layers in sage:  2
Epoch: 020, train loss: 0.0011, valid loss: 0.0000, Cost Time: 3.8360s
Epoch: 040, train loss: 0.0011, valid loss: 0.0000, Cost Time: 3.7861s
Epoch: 060, train loss: 0.0011, valid loss: 0.0000, Cost Time: 3.7702s
Epoch: 080, train loss: 0.0011, valid loss: 0.0001, Cost Time: 3.7508s
Epoch: 100, train loss: 0.0006, valid loss: 0.0020, Cost Time: 3.8478s
Saved ('GraphSAGE', 'one-hot', 'CN', 0.0016795110423117876) to ./results/GraphSAGE2CN_ddi.csv
{'dropout': 0,
 'emb': False,
 'hidden_channels': 64,
 'in_channels': 'None',
 'num_layers': 2,
 'out_channels': 128}
{'product': 'dot',
 'score_cat_n2v_feat': False,
 'score_cat_node_feat_mf': False,
 'score_dropout': 0.1,
 'score_gin_mlp_layer': 2,
 'score_hidden_channels': 64,
 'score_in_channels': 128,
 'score_num_layers': 2,
 'score_num_layers_predictor': 3,
 'score_out_channels': 1}
Total number of parameters is 571073
layers in sage:  2
Epoch: 020, train loss: 0.0361, valid loss: 0.0002, Cost Time: 3.7259s
Epoch: 040, train loss: 0.0361, valid loss: 0.0002, Cost Time: 3.7355s
Epoch: 060, train loss: 0.0007, valid loss: 0.0434, Cost Time: 3.7632s
Epoch: 080, train loss: 0.0002, valid loss: 0.0143, Cost Time: 3.8839s
Epoch: 100, train loss: 0.0008, valid loss: 0.0200, Cost Time: 3.6793s
Saved ('GraphSAGE', 'one-hot', 'CN', 0.09455899149179459) to ./results/GraphSAGE2CN_ddi.csv
{'dropout': 0,
 'emb': False,
 'hidden_channels': 64,
 'in_channels': 'None',
 'num_layers': 2,
 'out_channels': 128}
{'product': 'dot',
 'score_cat_n2v_feat': False,
 'score_cat_node_feat_mf': False,
 'score_dropout': 0.1,
 'score_gin_mlp_layer': 2,
 'score_hidden_channels': 64,
 'score_in_channels': 128,
 'score_num_layers': 2,
 'score_num_layers_predictor': 3,
 'score_out_channels': 1}
Total number of parameters is 571073
layers in sage:  2
Epoch: 020, train loss: 0.0363, valid loss: 0.0000, Cost Time: 3.7476s
Epoch: 040, train loss: 0.0363, valid loss: 0.0000, Cost Time: 3.5526s
Epoch: 060, train loss: 0.0363, valid loss: 0.0000, Cost Time: 3.8112s
Epoch: 080, train loss: 0.0009, valid loss: 0.0018, Cost Time: 3.7186s
Epoch: 100, train loss: 0.0001, valid loss: 0.0141, Cost Time: 3.7485s
Saved ('GraphSAGE', 'one-hot', 'CN', 0.09691545367240906) to ./results/GraphSAGE2CN_ddi.csv
{'dropout': 0,
 'emb': False,
 'hidden_channels': 64,
 'in_channels': 'None',
 'num_layers': 2,
 'out_channels': 128}
{'product': 'dot',
 'score_cat_n2v_feat': False,
 'score_cat_node_feat_mf': False,
 'score_dropout': 0.1,
 'score_gin_mlp_layer': 2,
 'score_hidden_channels': 64,
 'score_in_channels': 128,
 'score_num_layers': 2,
 'score_num_layers_predictor': 3,
 'score_out_channels': 1}
Total number of parameters is 571073
layers in sage:  2
Epoch: 020, train loss: 0.0071, valid loss: 0.0042, Cost Time: 3.9554s
Epoch: 040, train loss: 0.0000, valid loss: 0.0407, Cost Time: 3.7988s
Epoch: 060, train loss: 0.0001, valid loss: 0.0551, Cost Time: 3.8537s
Epoch: 080, train loss: 0.0003, valid loss: 0.0501, Cost Time: 3.8161s
Epoch: 100, train loss: 0.0001, valid loss: 0.0211, Cost Time: 3.9330s
Saved ('GraphSAGE', 'one-hot', 'CN', 0.01948513835668564) to ./results/GraphSAGE2CN_ddi.csv
{'dropout': 0,
 'emb': False,
 'hidden_channels': 64,
 'in_channels': 'None',
 'num_layers': 2,
 'out_channels': 128}
{'product': 'dot',
 'score_cat_n2v_feat': False,
 'score_cat_node_feat_mf': False,
 'score_dropout': 0.1,
 'score_gin_mlp_layer': 2,
 'score_hidden_channels': 64,
 'score_in_channels': 128,
 'score_num_layers': 2,
 'score_num_layers_predictor': 3,
 'score_out_channels': 1}
Total number of parameters is 571073
layers in sage:  2
Epoch: 020, train loss: 0.0000, valid loss: 0.1250, Cost Time: 3.7744s
Epoch: 040, train loss: 0.0000, valid loss: 0.1250, Cost Time: 3.7474s
Epoch: 060, train loss: 0.0000, valid loss: 0.1249, Cost Time: 3.7618s
Epoch: 080, train loss: 0.0000, valid loss: 0.0701, Cost Time: 3.7895s
Epoch: 100, train loss: 0.0000, valid loss: 0.1434, Cost Time: 3.7285s
Saved ('GraphSAGE', 'random', 'CN', 0.18257302045822144) to ./results/GraphSAGE2CN_ddi.csv
{'dropout': 0,
 'emb': False,
 'hidden_channels': 64,
 'in_channels': 'None',
 'num_layers': 2,
 'out_channels': 128}
{'product': 'dot',
 'score_cat_n2v_feat': False,
 'score_cat_node_feat_mf': False,
 'score_dropout': 0.1,
 'score_gin_mlp_layer': 2,
 'score_hidden_channels': 64,
 'score_in_channels': 128,
 'score_num_layers': 2,
 'score_num_layers_predictor': 3,
 'score_out_channels': 1}
Total number of parameters is 571073
layers in sage:  2
Epoch: 020, train loss: 0.1250, valid loss: 0.0000, Cost Time: 3.7113s
Epoch: 040, train loss: 0.1250, valid loss: 0.0056, Cost Time: 3.8035s
Epoch: 060, train loss: 0.1250, valid loss: 0.0388, Cost Time: 3.7927s
Epoch: 080, train loss: 0.1250, valid loss: 0.0000, Cost Time: 3.7380s
Epoch: 100, train loss: 0.1250, valid loss: 0.0020, Cost Time: 3.7456s
Saved ('GraphSAGE', 'random', 'CN', 0.1297631859779358) to ./results/GraphSAGE2CN_ddi.csv
{'dropout': 0,
 'emb': False,
 'hidden_channels': 64,
 'in_channels': 'None',
 'num_layers': 2,
 'out_channels': 128}
{'product': 'dot',
 'score_cat_n2v_feat': False,
 'score_cat_node_feat_mf': False,
 'score_dropout': 0.1,
 'score_gin_mlp_layer': 2,
 'score_hidden_channels': 64,
 'score_in_channels': 128,
 'score_num_layers': 2,
 'score_num_layers_predictor': 3,
 'score_out_channels': 1}
Total number of parameters is 571073
layers in sage:  2
Epoch: 020, train loss: 0.0071, valid loss: 0.0362, Cost Time: 3.6103s
Epoch: 040, train loss: 0.0071, valid loss: 0.0362, Cost Time: 3.6349s
Epoch: 060, train loss: 0.0071, valid loss: 0.0441, Cost Time: 3.5339s
Epoch: 080, train loss: 0.0071, valid loss: 0.0765, Cost Time: 3.5889s
Epoch: 100, train loss: 0.0071, valid loss: 0.0362, Cost Time: 3.6287s
Saved ('GraphSAGE', 'random', 'CN', 2.037156043854793e-08) to ./results/GraphSAGE2CN_ddi.csv
{'dropout': 0,
 'emb': False,
 'hidden_channels': 64,
 'in_channels': 'None',
 'num_layers': 2,
 'out_channels': 128}
{'product': 'dot',
 'score_cat_n2v_feat': False,
 'score_cat_node_feat_mf': False,
 'score_dropout': 0.1,
 'score_gin_mlp_layer': 2,
 'score_hidden_channels': 64,
 'score_in_channels': 128,
 'score_num_layers': 2,
 'score_num_layers_predictor': 3,
 'score_out_channels': 1}
Total number of parameters is 571073
layers in sage:  2
Epoch: 020, train loss: 0.0000, valid loss: 0.1250, Cost Time: 3.6285s
Epoch: 040, train loss: 0.0000, valid loss: 0.1250, Cost Time: 3.6703s
Epoch: 060, train loss: 0.0000, valid loss: 0.1073, Cost Time: 3.6550s
Epoch: 080, train loss: 0.0000, valid loss: 0.2777, Cost Time: 3.6398s
Epoch: 100, train loss: 0.0000, valid loss: 0.3010, Cost Time: 3.6780s
Saved ('GraphSAGE', 'random', 'CN', 0.34254640340805054) to ./results/GraphSAGE2CN_ddi.csv
{'dropout': 0,
 'emb': False,
 'hidden_channels': 64,
 'in_channels': 'None',
 'num_layers': 2,
 'out_channels': 128}
{'product': 'dot',
 'score_cat_n2v_feat': False,
 'score_cat_node_feat_mf': False,
 'score_dropout': 0.1,
 'score_gin_mlp_layer': 2,
 'score_hidden_channels': 64,
 'score_in_channels': 128,
 'score_num_layers': 2,
 'score_num_layers_predictor': 3,
 'score_out_channels': 1}
Total number of parameters is 571073
layers in sage:  2
Epoch: 020, train loss: 0.0011, valid loss: 0.0000, Cost Time: 3.7110s
Epoch: 040, train loss: 0.0011, valid loss: 0.0000, Cost Time: 3.7608s
Epoch: 060, train loss: 0.0011, valid loss: 0.0053, Cost Time: 3.7535s
Epoch: 080, train loss: 0.0011, valid loss: 0.2355, Cost Time: 3.7778s
Epoch: 100, train loss: 0.0011, valid loss: 0.1077, Cost Time: 3.7716s
Saved ('GraphSAGE', 'random', 'CN', 0.08984862267971039) to ./results/GraphSAGE2CN_ddi.csv
{'dropout': 0,
 'emb': False,
 'hidden_channels': 64,
 'in_channels': 'None',
 'num_layers': 2,
 'out_channels': 128}
{'product': 'dot',
 'score_cat_n2v_feat': False,
 'score_cat_node_feat_mf': False,
 'score_dropout': 0.1,
 'score_gin_mlp_layer': 2,
 'score_hidden_channels': 64,
 'score_in_channels': 128,
 'score_num_layers': 2,
 'score_num_layers_predictor': 3,
 'score_out_channels': 1}
Total number of parameters is 571073
layers in sage:  2
Epoch: 020, train loss: 0.0362, valid loss: 0.0002, Cost Time: 3.6368s
Epoch: 040, train loss: 0.0362, valid loss: 0.0002, Cost Time: 3.5987s
Epoch: 060, train loss: 0.0362, valid loss: 0.0944, Cost Time: 3.6501s
Epoch: 080, train loss: 0.0003, valid loss: 0.3047, Cost Time: 3.6512s
Epoch: 100, train loss: 0.0049, valid loss: 0.2886, Cost Time: 3.6820s
Saved ('GraphSAGE', 'random', 'CN', 0.23642662167549133) to ./results/GraphSAGE2CN_ddi.csv
{'dropout': 0,
 'emb': False,
 'hidden_channels': 64,
 'in_channels': 'None',
 'num_layers': 2,
 'out_channels': 128}
{'product': 'dot',
 'score_cat_n2v_feat': False,
 'score_cat_node_feat_mf': False,
 'score_dropout': 0.1,
 'score_gin_mlp_layer': 2,
 'score_hidden_channels': 64,
 'score_in_channels': 128,
 'score_num_layers': 2,
 'score_num_layers_predictor': 3,
 'score_out_channels': 1}
Total number of parameters is 571073
layers in sage:  2
Epoch: 020, train loss: 0.0363, valid loss: 0.0000, Cost Time: 3.6855s
Epoch: 040, train loss: 0.0363, valid loss: 0.0000, Cost Time: 3.6798s
Epoch: 060, train loss: 0.0363, valid loss: 0.1334, Cost Time: 3.6583s
Epoch: 080, train loss: 0.0363, valid loss: 0.0744, Cost Time: 3.6826s
Epoch: 100, train loss: 0.0363, valid loss: 0.0972, Cost Time: 3.5982s
Saved ('GraphSAGE', 'random', 'CN', 0.1258252114057541) to ./results/GraphSAGE2CN_ddi.csv
{'dropout': 0,
 'emb': False,
 'hidden_channels': 64,
 'in_channels': 'None',
 'num_layers': 2,
 'out_channels': 128}
{'product': 'dot',
 'score_cat_n2v_feat': False,
 'score_cat_node_feat_mf': False,
 'score_dropout': 0.1,
 'score_gin_mlp_layer': 2,
 'score_hidden_channels': 64,
 'score_in_channels': 128,
 'score_num_layers': 2,
 'score_num_layers_predictor': 3,
 'score_out_channels': 1}
Total number of parameters is 571073
layers in sage:  2
Epoch: 020, train loss: 0.1250, valid loss: 0.0000, Cost Time: 3.5874s
Epoch: 040, train loss: 0.1250, valid loss: 0.0000, Cost Time: 3.5807s
Epoch: 060, train loss: 0.1250, valid loss: 0.1171, Cost Time: 3.6374s
Epoch: 080, train loss: 0.1250, valid loss: 0.3693, Cost Time: 3.6247s
Epoch: 100, train loss: 0.1251, valid loss: 0.3895, Cost Time: 3.5556s
Saved ('GraphSAGE', 'random', 'CN', 0.37446650862693787) to ./results/GraphSAGE2CN_ddi.csv
{'dropout': 0,
 'emb': False,
 'hidden_channels': 64,
 'in_channels': 'None',
 'num_layers': 2,
 'out_channels': 128}
{'product': 'dot',
 'score_cat_n2v_feat': False,
 'score_cat_node_feat_mf': False,
 'score_dropout': 0.1,
 'score_gin_mlp_layer': 2,
 'score_hidden_channels': 64,
 'score_in_channels': 128,
 'score_num_layers': 2,
 'score_num_layers_predictor': 3,
 'score_out_channels': 1}
Total number of parameters is 571073
layers in sage:  2
Epoch: 020, train loss: 0.0000, valid loss: 0.1250, Cost Time: 3.6708s
Epoch: 040, train loss: 0.0000, valid loss: 0.1250, Cost Time: 3.7172s
Epoch: 060, train loss: 0.0000, valid loss: 0.1250, Cost Time: 3.7293s
Epoch: 080, train loss: 0.0000, valid loss: 0.0447, Cost Time: 3.6373s
Epoch: 100, train loss: 0.0000, valid loss: 0.0588, Cost Time: 3.7074s
Saved ('GraphSAGE', 'adjacency', 'CN', 0.012035215273499489) to ./results/GraphSAGE2CN_ddi.csv
{'dropout': 0,
 'emb': False,
 'hidden_channels': 64,
 'in_channels': 'None',
 'num_layers': 2,
 'out_channels': 128}
{'product': 'dot',
 'score_cat_n2v_feat': False,
 'score_cat_node_feat_mf': False,
 'score_dropout': 0.1,
 'score_gin_mlp_layer': 2,
 'score_hidden_channels': 64,
 'score_in_channels': 128,
 'score_num_layers': 2,
 'score_num_layers_predictor': 3,
 'score_out_channels': 1}
Total number of parameters is 571073
layers in sage:  2
Epoch: 020, train loss: 0.1250, valid loss: 0.0000, Cost Time: 3.6488s
Epoch: 040, train loss: 0.1236, valid loss: 0.0979, Cost Time: 3.6427s
Epoch: 060, train loss: 0.1250, valid loss: 0.0000, Cost Time: 3.6569s
Epoch: 080, train loss: 0.1250, valid loss: 0.0000, Cost Time: 3.5951s
Epoch: 100, train loss: 0.2902, valid loss: 0.3738, Cost Time: 3.6329s
Saved ('GraphSAGE', 'adjacency', 'CN', 0.23819682002067566) to ./results/GraphSAGE2CN_ddi.csv
{'dropout': 0,
 'emb': False,
 'hidden_channels': 64,
 'in_channels': 'None',
 'num_layers': 2,
 'out_channels': 128}
{'product': 'dot',
 'score_cat_n2v_feat': False,
 'score_cat_node_feat_mf': False,
 'score_dropout': 0.1,
 'score_gin_mlp_layer': 2,
 'score_hidden_channels': 64,
 'score_in_channels': 128,
 'score_num_layers': 2,
 'score_num_layers_predictor': 3,
 'score_out_channels': 1}
Total number of parameters is 571073
layers in sage:  2
Epoch: 020, train loss: 0.0071, valid loss: 0.0362, Cost Time: 3.7549s
Epoch: 040, train loss: 0.0071, valid loss: 0.0362, Cost Time: 3.7539s
Epoch: 060, train loss: 0.0071, valid loss: 0.0362, Cost Time: 3.6098s
Epoch: 080, train loss: 0.0071, valid loss: 0.0362, Cost Time: 3.7382s
Epoch: 100, train loss: 0.0071, valid loss: 0.0362, Cost Time: 3.7360s
Saved ('GraphSAGE', 'adjacency', 'CN', 0.0) to ./results/GraphSAGE2CN_ddi.csv
{'dropout': 0,
 'emb': False,
 'hidden_channels': 64,
 'in_channels': 'None',
 'num_layers': 2,
 'out_channels': 128}
{'product': 'dot',
 'score_cat_n2v_feat': False,
 'score_cat_node_feat_mf': False,
 'score_dropout': 0.1,
 'score_gin_mlp_layer': 2,
 'score_hidden_channels': 64,
 'score_in_channels': 128,
 'score_num_layers': 2,
 'score_num_layers_predictor': 3,
 'score_out_channels': 1}
Total number of parameters is 571073
layers in sage:  2
Epoch: 020, train loss: 0.0000, valid loss: 0.1250, Cost Time: 3.6220s
Epoch: 040, train loss: 0.0000, valid loss: 0.1250, Cost Time: 3.6254s
Epoch: 060, train loss: 0.0000, valid loss: 0.1250, Cost Time: 3.5930s
Epoch: 080, train loss: 0.0000, valid loss: 0.0908, Cost Time: 3.6105s
Epoch: 100, train loss: 0.0000, valid loss: 0.0881, Cost Time: 3.6161s
Saved ('GraphSAGE', 'adjacency', 'CN', 0.0015305274864658713) to ./results/GraphSAGE2CN_ddi.csv
{'dropout': 0,
 'emb': False,
 'hidden_channels': 64,
 'in_channels': 'None',
 'num_layers': 2,
 'out_channels': 128}
{'product': 'dot',
 'score_cat_n2v_feat': False,
 'score_cat_node_feat_mf': False,
 'score_dropout': 0.1,
 'score_gin_mlp_layer': 2,
 'score_hidden_channels': 64,
 'score_in_channels': 128,
 'score_num_layers': 2,
 'score_num_layers_predictor': 3,
 'score_out_channels': 1}
Total number of parameters is 571073
layers in sage:  2
Epoch: 020, train loss: 0.0011, valid loss: 0.0000, Cost Time: 3.6373s
Epoch: 040, train loss: 0.0011, valid loss: 0.0000, Cost Time: 3.5841s
Epoch: 060, train loss: 0.0011, valid loss: 0.0000, Cost Time: 3.6397s
Epoch: 080, train loss: 0.0011, valid loss: 0.0000, Cost Time: 3.6473s
Epoch: 100, train loss: 0.0011, valid loss: 0.0000, Cost Time: 3.6618s
Saved ('GraphSAGE', 'adjacency', 'CN', 2.8492763703980017e-12) to ./results/GraphSAGE2CN_ddi.csv
{'dropout': 0,
 'emb': False,
 'hidden_channels': 64,
 'in_channels': 'None',
 'num_layers': 2,
 'out_channels': 128}
{'product': 'dot',
 'score_cat_n2v_feat': False,
 'score_cat_node_feat_mf': False,
 'score_dropout': 0.1,
 'score_gin_mlp_layer': 2,
 'score_hidden_channels': 64,
 'score_in_channels': 128,
 'score_num_layers': 2,
 'score_num_layers_predictor': 3,
 'score_out_channels': 1}
Total number of parameters is 571073
layers in sage:  2
Epoch: 020, train loss: 0.0362, valid loss: 0.0002, Cost Time: 3.6261s
Epoch: 040, train loss: 0.0362, valid loss: 0.0002, Cost Time: 3.5644s
Epoch: 060, train loss: 0.0000, valid loss: 0.0289, Cost Time: 3.6267s
Epoch: 080, train loss: 0.0025, valid loss: 0.0983, Cost Time: 3.6109s
Epoch: 100, train loss: 0.0362, valid loss: 0.0002, Cost Time: 3.6392s
Saved ('GraphSAGE', 'adjacency', 'CN', 0.125) to ./results/GraphSAGE2CN_ddi.csv
{'dropout': 0,
 'emb': False,
 'hidden_channels': 64,
 'in_channels': 'None',
 'num_layers': 2,
 'out_channels': 128}
{'product': 'dot',
 'score_cat_n2v_feat': False,
 'score_cat_node_feat_mf': False,
 'score_dropout': 0.1,
 'score_gin_mlp_layer': 2,
 'score_hidden_channels': 64,
 'score_in_channels': 128,
 'score_num_layers': 2,
 'score_num_layers_predictor': 3,
 'score_out_channels': 1}
Total number of parameters is 571073
layers in sage:  2
Epoch: 020, train loss: 0.0363, valid loss: 0.0000, Cost Time: 3.5646s
Epoch: 040, train loss: 0.0363, valid loss: 0.0000, Cost Time: 3.6439s
Epoch: 060, train loss: 0.0363, valid loss: 0.0000, Cost Time: 3.6410s
Epoch: 080, train loss: 0.0363, valid loss: 0.0000, Cost Time: 3.6611s
Epoch: 100, train loss: 0.0363, valid loss: 0.0000, Cost Time: 3.6423s
Saved ('GraphSAGE', 'adjacency', 'CN', 0.125) to ./results/GraphSAGE2CN_ddi.csv
{'dropout': 0,
 'emb': False,
 'hidden_channels': 64,
 'in_channels': 'None',
 'num_layers': 2,
 'out_channels': 128}
{'product': 'dot',
 'score_cat_n2v_feat': False,
 'score_cat_node_feat_mf': False,
 'score_dropout': 0.1,
 'score_gin_mlp_layer': 2,
 'score_hidden_channels': 64,
 'score_in_channels': 128,
 'score_num_layers': 2,
 'score_num_layers_predictor': 3,
 'score_out_channels': 1}
Total number of parameters is 571073
layers in sage:  2
Epoch: 020, train loss: 0.1250, valid loss: 0.0000, Cost Time: 3.0461s
Epoch: 040, train loss: 0.1250, valid loss: 0.0000, Cost Time: 3.0330s
Epoch: 060, train loss: 0.1250, valid loss: 0.0000, Cost Time: 3.0300s
Epoch: 080, train loss: 0.0003, valid loss: 0.0000, Cost Time: 3.0228s
Epoch: 100, train loss: 0.0000, valid loss: 0.0041, Cost Time: 3.0304s
Saved ('GraphSAGE', 'adjacency', 'CN', 0.13557648658752441) to ./results/GraphSAGE2CN_ddi.csv

============================= JOB FEEDBACK =============================

Job ID: 2804532
Cluster: hk
User/Group: cc7738/hk-project-test-p0021478
Account: hk-project-pai00001
State: COMPLETED (exit code 0)
Partition: dev_cpuonly
Nodes: 1
Cores per node: 2
Nodelist: hkn0004
CPU Utilized: 03:17:47
CPU Efficiency: 70.17% of 04:41:52 core-walltime
Job Wall-clock time: 02:20:56
Starttime: Tue Dec  3 00:18:01 2024
Endtime: Tue Dec  3 02:38:57 2024
Memory Utilized: 2.64 GB
Memory Efficiency: 84.60% of 3.12 GB
Energy Consumed: 2524506 Joule / 701.251666666667 Watthours
Average node power draw: 298.546121097446 Watt
