Configuration:
epochs: 100
dataset: ddi
batch_size: 8192
h_key: CN
model: Custom_GIN
use_feature: False
node_feature: original
use_early_stopping: False
lr: 0.01
weight_decay: 0.0005
{'dropout': 0,
 'emb': False,
 'hidden_channels': 64,
 'mlp_layer': 1,
 'num_layers': 2,
 'out_channels': 64}
{'product': 'dot',
 'score_cat_n2v_feat': False,
 'score_cat_node_feat_mf': False,
 'score_dropout': 0.1,
 'score_gin_mlp_layer': 2,
 'score_hidden_channels': 64,
 'score_in_channels': 64,
 'score_num_layers': 2,
 'score_num_layers_predictor': 3,
 'score_out_channels': 1}
Configuration:
epochs: 100
dataset: ddi
batch_size: 8192
h_key: CN
model: LINKX
use_feature: False
node_feature: original
use_early_stopping: False
lr: 0.01
weight_decay: 0.0005
{'hidden_channels': 16,
 'num_edge_layers': 1,
 'num_layers': 1,
 'num_node_layers': 1,
 'out_channels': 1}
{'product': 'dot',
 'score_cat_n2v_feat': False,
 'score_cat_node_feat_mf': False,
 'score_dropout': 0.1,
 'score_gin_mlp_layer': 2,
 'score_hidden_channels': 64,
 'score_in_channels': 64,
 'score_num_layers': 2,
 'score_num_layers_predictor': 3,
 'score_out_channels': 1}
Total number of parameters is 137330
Configuration:
epochs: 100
dataset: ddi
batch_size: 8192
h_key: CN
model: Custom_GCN
use_feature: False
node_feature: original
use_early_stopping: False
lr: 0.01
weight_decay: 0.0005
{'dropout': 0,
 'hidden_channels': 32,
 'in_channels': 'None',
 'negative_slope': 0.1,
 'num_layers': 2,
 'out_channels': 32}
{'product': 'inner',
 'score_cat_n2v_feat': False,
 'score_cat_node_feat_mf': False,
 'score_dropout': 0.1,
 'score_gin_mlp_layer': 2,
 'score_hidden_channels': 64,
 'score_in_channels': 32,
 'score_num_layers': 2,
 'score_num_layers_predictor': 3,
 'score_out_channels': 1}
Total number of parameters is 139809
Configuration:
epochs: 100
dataset: ddi
batch_size: 8192
h_key: CN
model: GraphSAGE
use_feature: False
node_feature: original
use_early_stopping: False
lr: 0.01
weight_decay: 0.0005
{'dropout': 0,
 'emb': False,
 'hidden_channels': 64,
 'in_channels': 'None',
 'num_layers': 2,
 'out_channels': 128}
{'product': 'dot',
 'score_cat_n2v_feat': False,
 'score_cat_node_feat_mf': False,
 'score_dropout': 0.1,
 'score_gin_mlp_layer': 2,
 'score_hidden_channels': 64,
 'score_in_channels': 128,
 'score_num_layers': 2,
 'score_num_layers_predictor': 3,
 'score_out_channels': 1}
Total number of parameters is 571073
Configuration:
epochs: 100
dataset: ddi
batch_size: 8192
h_key: CN
model: Custom_GAT
use_feature: False
node_feature: original
use_early_stopping: False
lr: 0.01
weight_decay: 0.0005
{'dropout': 0,
 'emb': False,
 'heads': 4,
 'hidden_channels': 32,
 'in_channels': 'None',
 'negative_slope': 0.1,
 'num_layers': 2,
 'out_channels': 32}
{'product': 'dot',
 'score_cat_n2v_feat': False,
 'score_cat_node_feat_mf': False,
 'score_dropout': 0.1,
 'score_gin_mlp_layer': 2,
 'score_hidden_channels': 64,
 'score_in_channels': 32,
 'score_num_layers': 2,
 'score_num_layers_predictor': 3,
 'score_out_channels': 1}
Total number of parameters is 139937
layers in gcn:  2
layers in gat:  2
layers in sage:  2
Epoch: 020, train loss: 0.0000, valid loss: 0.0741, Cost Time: 1.4001s
Epoch: 020, train loss: 0.0000, valid loss: 0.1250, Cost Time: 3.5375s
Epoch: 040, train loss: 0.0000, valid loss: 0.0245, Cost Time: 1.2648s
Epoch: 060, train loss: 0.0000, valid loss: 0.1197, Cost Time: 1.3533s
Epoch: 040, train loss: 0.0000, valid loss: 0.1250, Cost Time: 3.5034s
Epoch: 080, train loss: 0.0000, valid loss: 0.2027, Cost Time: 1.4769s
Epoch: 020, train loss: 0.0000, valid loss: 0.1250, Cost Time: 7.7477s
Epoch: 020, train loss: 0.0000, valid loss: 0.1250, Cost Time: 10.7703s
Epoch: 100, train loss: 0.0000, valid loss: 0.2360, Cost Time: 1.4540s
Epoch: 060, train loss: 0.0000, valid loss: 0.1250, Cost Time: 3.5027s
Saved ('LINKX', 'original', 'CN', 0.3064872622489929) to ./results/LINKX2CN_ddi.csv
{'hidden_channels': 16,
 'num_edge_layers': 1,
 'num_layers': 1,
 'num_node_layers': 1,
 'out_channels': 1}
{'product': 'dot',
 'score_cat_n2v_feat': False,
 'score_cat_node_feat_mf': False,
 'score_dropout': 0.1,
 'score_gin_mlp_layer': 2,
 'score_hidden_channels': 64,
 'score_in_channels': 64,
 'score_num_layers': 2,
 'score_num_layers_predictor': 3,
 'score_out_channels': 1}
Total number of parameters is 137330
Epoch: 080, train loss: 0.0000, valid loss: 0.1250, Cost Time: 3.6343s
Epoch: 040, train loss: 0.0000, valid loss: 0.1250, Cost Time: 7.7140s
Epoch: 020, train loss: 0.1250, valid loss: 0.0000, Cost Time: 1.4318s
Epoch: 040, train loss: 0.0000, valid loss: 0.1250, Cost Time: 11.1208s
Epoch: 040, train loss: 0.1250, valid loss: 0.0118, Cost Time: 1.2994s
Epoch: 100, train loss: 0.0000, valid loss: 0.1250, Cost Time: 3.5504s
Epoch: 060, train loss: 0.1250, valid loss: 0.0521, Cost Time: 1.4577s
Epoch: 080, train loss: 0.1250, valid loss: 0.1596, Cost Time: 1.6054s
Saved ('Custom_GCN', 'original', 'CN', 1.031430940656719e-09) to ./results/Custom_GCN2CN_ddi.csv
{'dropout': 0,
 'hidden_channels': 32,
 'in_channels': 'None',
 'negative_slope': 0.1,
 'num_layers': 2,
 'out_channels': 32}
{'product': 'inner',
 'score_cat_n2v_feat': False,
 'score_cat_node_feat_mf': False,
 'score_dropout': 0.1,
 'score_gin_mlp_layer': 2,
 'score_hidden_channels': 64,
 'score_in_channels': 32,
 'score_num_layers': 2,
 'score_num_layers_predictor': 3,
 'score_out_channels': 1}
Total number of parameters is 139809
layers in gcn:  2
Epoch: 100, train loss: 0.1250, valid loss: 0.0050, Cost Time: 1.3914s
Epoch: 060, train loss: 0.0000, valid loss: 0.1250, Cost Time: 7.7673s
Epoch: 060, train loss: 0.0000, valid loss: 0.1250, Cost Time: 11.0365s
Epoch: 020, train loss: 0.1250, valid loss: 0.0000, Cost Time: 3.5723s
Saved ('LINKX', 'original', 'CN', 0.027033178135752678) to ./results/LINKX2CN_ddi.csv
{'hidden_channels': 16,
 'num_edge_layers': 1,
 'num_layers': 1,
 'num_node_layers': 1,
 'out_channels': 1}
{'product': 'dot',
 'score_cat_n2v_feat': False,
 'score_cat_node_feat_mf': False,
 'score_dropout': 0.1,
 'score_gin_mlp_layer': 2,
 'score_hidden_channels': 64,
 'score_in_channels': 64,
 'score_num_layers': 2,
 'score_num_layers_predictor': 3,
 'score_out_channels': 1}
Total number of parameters is 137330
Epoch: 020, train loss: 0.0071, valid loss: 0.0309, Cost Time: 1.5686s
Epoch: 040, train loss: 0.1250, valid loss: 0.0000, Cost Time: 3.5961s
Epoch: 080, train loss: 0.0000, valid loss: 0.1250, Cost Time: 7.4992s
Epoch: 040, train loss: 0.0071, valid loss: 0.0875, Cost Time: 1.3422s
Epoch: 060, train loss: 0.0071, valid loss: 0.1443, Cost Time: 1.3773s
Epoch: 080, train loss: 0.0000, valid loss: 0.0633, Cost Time: 11.0713s
Epoch: 060, train loss: 0.1250, valid loss: 0.0000, Cost Time: 3.6074s
Epoch: 080, train loss: 0.0071, valid loss: 0.1986, Cost Time: 1.4408s
Epoch: 100, train loss: 0.0071, valid loss: 0.2428, Cost Time: 1.4195s
Epoch: 080, train loss: 0.1250, valid loss: 0.0000, Cost Time: 3.4600s
Epoch: 100, train loss: 0.0000, valid loss: 0.1250, Cost Time: 7.4427s
Epoch: 100, train loss: 0.1250, valid loss: 0.0000, Cost Time: 3.6609s
Saved ('LINKX', 'original', 'CN', 0.31317198276519775) to ./results/LINKX2CN_ddi.csv
{'hidden_channels': 16,
 'num_edge_layers': 1,
 'num_layers': 1,
 'num_node_layers': 1,
 'out_channels': 1}
{'product': 'dot',
 'score_cat_n2v_feat': False,
 'score_cat_node_feat_mf': False,
 'score_dropout': 0.1,
 'score_gin_mlp_layer': 2,
 'score_hidden_channels': 64,
 'score_in_channels': 64,
 'score_num_layers': 2,
 'score_num_layers_predictor': 3,
 'score_out_channels': 1}
Total number of parameters is 137330
Epoch: 100, train loss: 0.0000, valid loss: 0.1250, Cost Time: 12.2687s
Saved ('Custom_GAT', 'original', 'CN', 1.031430940656719e-09) to ./results/Custom_GAT2CN_ddi.csv
{'dropout': 0,
 'emb': False,
 'heads': 4,
 'hidden_channels': 32,
 'in_channels': 'None',
 'negative_slope': 0.1,
 'num_layers': 2,
 'out_channels': 32}
{'product': 'dot',
 'score_cat_n2v_feat': False,
 'score_cat_node_feat_mf': False,
 'score_dropout': 0.1,
 'score_gin_mlp_layer': 2,
 'score_hidden_channels': 64,
 'score_in_channels': 32,
 'score_num_layers': 2,
 'score_num_layers_predictor': 3,
 'score_out_channels': 1}
Total number of parameters is 139937
layers in gat:  2
Epoch: 020, train loss: 0.0000, valid loss: 0.1108, Cost Time: 1.3944s
Epoch: 040, train loss: 0.0000, valid loss: 0.1466, Cost Time: 1.3725s
Saved ('Custom_GCN', 'original', 'CN', 0.13210467994213104) to ./results/Custom_GCN2CN_ddi.csv
{'dropout': 0,
 'hidden_channels': 32,
 'in_channels': 'None',
 'negative_slope': 0.1,
 'num_layers': 2,
 'out_channels': 32}
{'product': 'inner',
 'score_cat_n2v_feat': False,
 'score_cat_node_feat_mf': False,
 'score_dropout': 0.1,
 'score_gin_mlp_layer': 2,
 'score_hidden_channels': 64,
 'score_in_channels': 32,
 'score_num_layers': 2,
 'score_num_layers_predictor': 3,
 'score_out_channels': 1}
Total number of parameters is 139809
layers in gcn:  2
Saved ('GraphSAGE', 'original', 'CN', 1.031430940656719e-09) to ./results/GraphSAGE2CN_ddi.csv
{'dropout': 0,
 'emb': False,
 'hidden_channels': 64,
 'in_channels': 'None',
 'num_layers': 2,
 'out_channels': 128}
{'product': 'dot',
 'score_cat_n2v_feat': False,
 'score_cat_node_feat_mf': False,
 'score_dropout': 0.1,
 'score_gin_mlp_layer': 2,
 'score_hidden_channels': 64,
 'score_in_channels': 128,
 'score_num_layers': 2,
 'score_num_layers_predictor': 3,
 'score_out_channels': 1}
Total number of parameters is 571073
Epoch: 060, train loss: 0.0000, valid loss: 0.1766, Cost Time: 1.3252s
layers in sage:  2
Epoch: 080, train loss: 0.0000, valid loss: 0.2028, Cost Time: 1.3174s
Epoch: 020, train loss: 0.0071, valid loss: 0.0362, Cost Time: 3.3796s
Epoch: 020, train loss: 0.1250, valid loss: 0.0000, Cost Time: 7.9572s
Epoch: 100, train loss: 0.0000, valid loss: 0.2259, Cost Time: 1.4896s
Epoch: 040, train loss: 0.0071, valid loss: 0.0362, Cost Time: 3.6019s
Saved ('LINKX', 'original', 'CN', 0.253240168094635) to ./results/LINKX2CN_ddi.csv
{'hidden_channels': 16,
 'num_edge_layers': 1,
 'num_layers': 1,
 'num_node_layers': 1,
 'out_channels': 1}
{'product': 'dot',
 'score_cat_n2v_feat': False,
 'score_cat_node_feat_mf': False,
 'score_dropout': 0.1,
 'score_gin_mlp_layer': 2,
 'score_hidden_channels': 64,
 'score_in_channels': 64,
 'score_num_layers': 2,
 'score_num_layers_predictor': 3,
 'score_out_channels': 1}
Total number of parameters is 137330
Epoch: 020, train loss: 0.1250, valid loss: 0.0000, Cost Time: 12.1758s
Epoch: 060, train loss: 0.0071, valid loss: 0.0362, Cost Time: 3.4054s
Epoch: 020, train loss: 0.0011, valid loss: 0.0000, Cost Time: 1.4008s
Epoch: 040, train loss: 0.1250, valid loss: 0.0000, Cost Time: 7.4883s
Epoch: 040, train loss: 0.0011, valid loss: 0.0027, Cost Time: 1.3575s
Epoch: 080, train loss: 0.0071, valid loss: 0.0362, Cost Time: 3.5755s
Epoch: 060, train loss: 0.0011, valid loss: 0.0875, Cost Time: 1.5124s
Epoch: 080, train loss: 0.0011, valid loss: 0.1988, Cost Time: 1.3475s
Epoch: 100, train loss: 0.0071, valid loss: 0.0362, Cost Time: 3.5408s
Epoch: 040, train loss: 0.1250, valid loss: 0.0000, Cost Time: 11.4151s
Epoch: 100, train loss: 0.0011, valid loss: 0.2400, Cost Time: 1.3398s
Epoch: 060, train loss: 0.1250, valid loss: 0.0000, Cost Time: 8.1534s
Saved ('Custom_GCN', 'original', 'CN', 0.0) to ./results/Custom_GCN2CN_ddi.csv
{'dropout': 0,
 'hidden_channels': 32,
 'in_channels': 'None',
 'negative_slope': 0.1,
 'num_layers': 2,
 'out_channels': 32}
{'product': 'inner',
 'score_cat_n2v_feat': False,
 'score_cat_node_feat_mf': False,
 'score_dropout': 0.1,
 'score_gin_mlp_layer': 2,
 'score_hidden_channels': 64,
 'score_in_channels': 32,
 'score_num_layers': 2,
 'score_num_layers_predictor': 3,
 'score_out_channels': 1}
Total number of parameters is 139809
layers in gcn:  2
Saved ('LINKX', 'original', 'CN', 0.13075567781925201) to ./results/LINKX2CN_ddi.csv
{'hidden_channels': 16,
 'num_edge_layers': 1,
 'num_layers': 1,
 'num_node_layers': 1,
 'out_channels': 1}
{'product': 'dot',
 'score_cat_n2v_feat': False,
 'score_cat_node_feat_mf': False,
 'score_dropout': 0.1,
 'score_gin_mlp_layer': 2,
 'score_hidden_channels': 64,
 'score_in_channels': 64,
 'score_num_layers': 2,
 'score_num_layers_predictor': 3,
 'score_out_channels': 1}
Total number of parameters is 137330
Epoch: 020, train loss: 0.0362, valid loss: 0.3856, Cost Time: 1.3908s
Epoch: 020, train loss: 0.0000, valid loss: 0.1250, Cost Time: 3.8151s
Epoch: 080, train loss: 0.1250, valid loss: 0.0000, Cost Time: 6.5722s
Epoch: 060, train loss: 0.1250, valid loss: 0.0000, Cost Time: 10.9060s
Epoch: 040, train loss: 0.0362, valid loss: 0.3686, Cost Time: 1.2124s
Epoch: 060, train loss: 0.5362, valid loss: 0.4219, Cost Time: 1.4879s
Epoch: 040, train loss: 0.0000, valid loss: 0.1250, Cost Time: 3.7367s
Epoch: 080, train loss: 0.5362, valid loss: 0.4402, Cost Time: 1.4664s
Epoch: 100, train loss: 0.0362, valid loss: 0.2054, Cost Time: 1.3399s
Epoch: 060, train loss: 0.0000, valid loss: 0.1250, Cost Time: 3.5893s
Epoch: 100, train loss: 0.1250, valid loss: 0.0000, Cost Time: 6.6054s
Epoch: 080, train loss: 0.1250, valid loss: 0.0000, Cost Time: 11.6293s
Epoch: 080, train loss: 0.0000, valid loss: 0.1250, Cost Time: 3.6842s
Saved ('LINKX', 'original', 'CN', 0.09634209424257278) to ./results/LINKX2CN_ddi.csv
{'hidden_channels': 16,
 'num_edge_layers': 1,
 'num_layers': 1,
 'num_node_layers': 1,
 'out_channels': 1}
{'product': 'dot',
 'score_cat_n2v_feat': False,
 'score_cat_node_feat_mf': False,
 'score_dropout': 0.1,
 'score_gin_mlp_layer': 2,
 'score_hidden_channels': 64,
 'score_in_channels': 64,
 'score_num_layers': 2,
 'score_num_layers_predictor': 3,
 'score_out_channels': 1}
Total number of parameters is 137330
Saved ('Custom_GAT', 'original', 'CN', 0.13210467994213104) to ./results/Custom_GAT2CN_ddi.csv
{'dropout': 0,
 'emb': False,
 'heads': 4,
 'hidden_channels': 32,
 'in_channels': 'None',
 'negative_slope': 0.1,
 'num_layers': 2,
 'out_channels': 32}
{'product': 'dot',
 'score_cat_n2v_feat': False,
 'score_cat_node_feat_mf': False,
 'score_dropout': 0.1,
 'score_gin_mlp_layer': 2,
 'score_hidden_channels': 64,
 'score_in_channels': 32,
 'score_num_layers': 2,
 'score_num_layers_predictor': 3,
 'score_out_channels': 1}
Total number of parameters is 139937
layers in gat:  2
Epoch: 020, train loss: 0.0363, valid loss: 0.3129, Cost Time: 1.3442s
Epoch: 100, train loss: 0.0000, valid loss: 0.1250, Cost Time: 3.5795s
Epoch: 040, train loss: 0.0363, valid loss: 0.3068, Cost Time: 1.4446s
Epoch: 060, train loss: 0.0363, valid loss: 0.3885, Cost Time: 1.4400s
Epoch: 100, train loss: 0.0000, valid loss: 0.0011, Cost Time: 12.1218s
Saved ('Custom_GCN', 'original', 'CN', 0.007105089258402586) to ./results/Custom_GCN2CN_ddi.csv
{'dropout': 0,
 'hidden_channels': 32,
 'in_channels': 'None',
 'negative_slope': 0.1,
 'num_layers': 2,
 'out_channels': 32}
{'product': 'inner',
 'score_cat_n2v_feat': False,
 'score_cat_node_feat_mf': False,
 'score_dropout': 0.1,
 'score_gin_mlp_layer': 2,
 'score_hidden_channels': 64,
 'score_in_channels': 32,
 'score_num_layers': 2,
 'score_num_layers_predictor': 3,
 'score_out_channels': 1}
Total number of parameters is 139809
layers in gcn:  2
Epoch: 080, train loss: 0.0363, valid loss: 0.4327, Cost Time: 1.3787s
Epoch: 020, train loss: 0.0071, valid loss: 0.0362, Cost Time: 7.6740s
Epoch: 100, train loss: 0.0363, valid loss: 0.4594, Cost Time: 1.3333s
Epoch: 020, train loss: 0.0011, valid loss: 0.0000, Cost Time: 3.6097s
Saved ('GraphSAGE', 'original', 'CN', 0.022392714396119118) to ./results/GraphSAGE2CN_ddi.csv
{'dropout': 0,
 'emb': False,
 'hidden_channels': 64,
 'in_channels': 'None',
 'num_layers': 2,
 'out_channels': 128}
{'product': 'dot',
 'score_cat_n2v_feat': False,
 'score_cat_node_feat_mf': False,
 'score_dropout': 0.1,
 'score_gin_mlp_layer': 2,
 'score_hidden_channels': 64,
 'score_in_channels': 128,
 'score_num_layers': 2,
 'score_num_layers_predictor': 3,
 'score_out_channels': 1}
Total number of parameters is 571073
layers in sage:  2
Saved ('LINKX', 'original', 'CN', 0.34485140442848206) to ./results/LINKX2CN_ddi.csv
{'hidden_channels': 16,
 'num_edge_layers': 1,
 'num_layers': 1,
 'num_node_layers': 1,
 'out_channels': 1}
{'product': 'dot',
 'score_cat_n2v_feat': False,
 'score_cat_node_feat_mf': False,
 'score_dropout': 0.1,
 'score_gin_mlp_layer': 2,
 'score_hidden_channels': 64,
 'score_in_channels': 64,
 'score_num_layers': 2,
 'score_num_layers_predictor': 3,
 'score_out_channels': 1}
Total number of parameters is 137330
Epoch: 040, train loss: 0.0011, valid loss: 0.0000, Cost Time: 3.3971s
Epoch: 040, train loss: 0.0071, valid loss: 0.0362, Cost Time: 7.7640s
Epoch: 020, train loss: 0.1250, valid loss: 0.0416, Cost Time: 1.4037s
Epoch: 040, train loss: 0.1250, valid loss: 0.0813, Cost Time: 1.3359s
Epoch: 060, train loss: 0.0011, valid loss: 0.0000, Cost Time: 3.4729s
Epoch: 060, train loss: 0.1250, valid loss: 0.2246, Cost Time: 1.3755s
Epoch: 020, train loss: 0.0071, valid loss: 0.0362, Cost Time: 11.2708s
Epoch: 080, train loss: 0.0011, valid loss: 0.0000, Cost Time: 3.6794s
Epoch: 080, train loss: 0.1250, valid loss: 0.2615, Cost Time: 1.5240s
Epoch: 060, train loss: 0.0071, valid loss: 0.0362, Cost Time: 8.1803s
Epoch: 100, train loss: 0.1250, valid loss: 0.3115, Cost Time: 1.3950s
Epoch: 100, train loss: 0.0011, valid loss: 0.0000, Cost Time: 3.8059s
Saved ('LINKX', 'original', 'CN', 0.3050777018070221) to ./results/LINKX2CN_ddi.csv
{'hidden_channels': 16,
 'num_edge_layers': 1,
 'num_layers': 1,
 'num_node_layers': 1,
 'out_channels': 1}
{'product': 'dot',
 'score_cat_n2v_feat': False,
 'score_cat_node_feat_mf': False,
 'score_dropout': 0.1,
 'score_gin_mlp_layer': 2,
 'score_hidden_channels': 64,
 'score_in_channels': 64,
 'score_num_layers': 2,
 'score_num_layers_predictor': 3,
 'score_out_channels': 1}
Total number of parameters is 137330
Epoch: 040, train loss: 0.0071, valid loss: 0.0362, Cost Time: 11.8177s
Saved ('Custom_GCN', 'original', 'CN', 0.0) to ./results/Custom_GCN2CN_ddi.csv
{'dropout': 0,
 'hidden_channels': 32,
 'in_channels': 'None',
 'negative_slope': 0.1,
 'num_layers': 2,
 'out_channels': 32}
{'product': 'inner',
 'score_cat_n2v_feat': False,
 'score_cat_node_feat_mf': False,
 'score_dropout': 0.1,
 'score_gin_mlp_layer': 2,
 'score_hidden_channels': 64,
 'score_in_channels': 32,
 'score_num_layers': 2,
 'score_num_layers_predictor': 3,
 'score_out_channels': 1}
Total number of parameters is 139809
Epoch: 020, train loss: 0.0000, valid loss: 0.0541, Cost Time: 1.4585s
layers in gcn:  2
Epoch: 080, train loss: 0.0071, valid loss: 0.0362, Cost Time: 7.6246s
Epoch: 040, train loss: 0.0000, valid loss: 0.0591, Cost Time: 1.4176s
Epoch: 020, train loss: 0.0362, valid loss: 0.0002, Cost Time: 3.4924s
Epoch: 060, train loss: 0.0000, valid loss: 0.0576, Cost Time: 1.5352s
Epoch: 080, train loss: 0.0000, valid loss: 0.0620, Cost Time: 1.4236s
Epoch: 060, train loss: 0.0071, valid loss: 0.0362, Cost Time: 11.6326s
Epoch: 040, train loss: 0.0362, valid loss: 0.0002, Cost Time: 3.5517s
Epoch: 100, train loss: 0.0000, valid loss: 0.0648, Cost Time: 1.3218s
Epoch: 100, train loss: 0.0071, valid loss: 0.0359, Cost Time: 7.7503s
Epoch: 060, train loss: 0.0362, valid loss: 0.0002, Cost Time: 3.6990s
Saved ('LINKX', 'one-hot', 'CN', 0.019252566620707512) to ./results/LINKX2CN_ddi.csv
{'hidden_channels': 16,
 'num_edge_layers': 1,
 'num_layers': 1,
 'num_node_layers': 1,
 'out_channels': 1}
{'product': 'dot',
 'score_cat_n2v_feat': False,
 'score_cat_node_feat_mf': False,
 'score_dropout': 0.1,
 'score_gin_mlp_layer': 2,
 'score_hidden_channels': 64,
 'score_in_channels': 64,
 'score_num_layers': 2,
 'score_num_layers_predictor': 3,
 'score_out_channels': 1}
Total number of parameters is 137330
Saved ('Custom_GAT', 'original', 'CN', 3.004885229529464e-11) to ./results/Custom_GAT2CN_ddi.csv
{'dropout': 0,
 'emb': False,
 'heads': 4,
 'hidden_channels': 32,
 'in_channels': 'None',
 'negative_slope': 0.1,
 'num_layers': 2,
 'out_channels': 32}
{'product': 'dot',
 'score_cat_n2v_feat': False,
 'score_cat_node_feat_mf': False,
 'score_dropout': 0.1,
 'score_gin_mlp_layer': 2,
 'score_hidden_channels': 64,
 'score_in_channels': 32,
 'score_num_layers': 2,
 'score_num_layers_predictor': 3,
 'score_out_channels': 1}
Total number of parameters is 139937
layers in gat:  2
Epoch: 020, train loss: 0.0001, valid loss: 0.0000, Cost Time: 1.3431s
Epoch: 080, train loss: 0.0362, valid loss: 0.0002, Cost Time: 3.4143s
Epoch: 080, train loss: 0.0071, valid loss: 0.1278, Cost Time: 10.6364s
Epoch: 040, train loss: 0.0001, valid loss: 0.0000, Cost Time: 1.3455s
Epoch: 060, train loss: 0.0002, valid loss: 0.0053, Cost Time: 1.4548s
Epoch: 100, train loss: 0.0362, valid loss: 0.0002, Cost Time: 3.4836s
Epoch: 080, train loss: 0.0010, valid loss: 0.0342, Cost Time: 1.4523s
Epoch: 020, train loss: 0.0000, valid loss: 0.1250, Cost Time: 7.6762s
Epoch: 100, train loss: 0.0003, valid loss: 0.1047, Cost Time: 1.5219s
Saved ('Custom_GCN', 'original', 'CN', 0.12499922513961792) to ./results/Custom_GCN2CN_ddi.csv
{'dropout': 0,
 'hidden_channels': 32,
 'in_channels': 'None',
 'negative_slope': 0.1,
 'num_layers': 2,
 'out_channels': 32}
{'product': 'inner',
 'score_cat_n2v_feat': False,
 'score_cat_node_feat_mf': False,
 'score_dropout': 0.1,
 'score_gin_mlp_layer': 2,
 'score_hidden_channels': 64,
 'score_in_channels': 32,
 'score_num_layers': 2,
 'score_num_layers_predictor': 3,
 'score_out_channels': 1}
Total number of parameters is 139809
layers in gcn:  2
Epoch: 100, train loss: 0.0072, valid loss: 0.0367, Cost Time: 11.5328s
Saved ('LINKX', 'one-hot', 'CN', 0.055303700268268585) to ./results/LINKX2CN_ddi.csv
{'hidden_channels': 16,
 'num_edge_layers': 1,
 'num_layers': 1,
 'num_node_layers': 1,
 'out_channels': 1}
{'product': 'dot',
 'score_cat_n2v_feat': False,
 'score_cat_node_feat_mf': False,
 'score_dropout': 0.1,
 'score_gin_mlp_layer': 2,
 'score_hidden_channels': 64,
 'score_in_channels': 64,
 'score_num_layers': 2,
 'score_num_layers_predictor': 3,
 'score_out_channels': 1}
Total number of parameters is 137330
Epoch: 020, train loss: 0.0363, valid loss: 0.0000, Cost Time: 3.4532s
Epoch: 040, train loss: 0.0000, valid loss: 0.1250, Cost Time: 7.8751s
Epoch: 020, train loss: 0.0001, valid loss: 0.0361, Cost Time: 1.2714s
Saved ('GraphSAGE', 'original', 'CN', 0.011514173820614815) to ./results/GraphSAGE2CN_ddi.csv
{'dropout': 0,
 'emb': False,
 'hidden_channels': 64,
 'in_channels': 'None',
 'num_layers': 2,
 'out_channels': 128}
{'product': 'dot',
 'score_cat_n2v_feat': False,
 'score_cat_node_feat_mf': False,
 'score_dropout': 0.1,
 'score_gin_mlp_layer': 2,
 'score_hidden_channels': 64,
 'score_in_channels': 128,
 'score_num_layers': 2,
 'score_num_layers_predictor': 3,
 'score_out_channels': 1}
Total number of parameters is 571073
layers in sage:  2
Epoch: 040, train loss: 0.0000, valid loss: 0.0301, Cost Time: 1.2372s
Epoch: 040, train loss: 0.0363, valid loss: 0.0000, Cost Time: 3.4477s
Epoch: 060, train loss: 0.0004, valid loss: 0.0328, Cost Time: 1.4420s
Epoch: 080, train loss: 0.0002, valid loss: 0.0327, Cost Time: 1.3197s
Epoch: 060, train loss: 0.0363, valid loss: 0.0000, Cost Time: 3.2472s
Epoch: 100, train loss: 0.0000, valid loss: 0.0198, Cost Time: 1.5062s
Epoch: 060, train loss: 0.0000, valid loss: 0.1250, Cost Time: 7.7756s
Epoch: 080, train loss: 0.0363, valid loss: 0.0000, Cost Time: 3.5630s
Epoch: 020, train loss: 0.0000, valid loss: 0.1250, Cost Time: 11.5947s
Saved ('LINKX', 'one-hot', 'CN', 1.2008172234345693e-10) to ./results/LINKX2CN_ddi.csv
{'hidden_channels': 16,
 'num_edge_layers': 1,
 'num_layers': 1,
 'num_node_layers': 1,
 'out_channels': 1}
{'product': 'dot',
 'score_cat_n2v_feat': False,
 'score_cat_node_feat_mf': False,
 'score_dropout': 0.1,
 'score_gin_mlp_layer': 2,
 'score_hidden_channels': 64,
 'score_in_channels': 64,
 'score_num_layers': 2,
 'score_num_layers_predictor': 3,
 'score_out_channels': 1}
Total number of parameters is 137330
Epoch: 100, train loss: 0.0363, valid loss: 0.0000, Cost Time: 3.3778s
Epoch: 020, train loss: 0.0000, valid loss: 0.0788, Cost Time: 1.4461s
Epoch: 080, train loss: 0.0000, valid loss: 0.1250, Cost Time: 8.3901s
Epoch: 040, train loss: 0.0000, valid loss: 0.0903, Cost Time: 1.5068s
Saved ('Custom_GCN', 'original', 'CN', 0.12088429182767868) to ./results/Custom_GCN2CN_ddi.csv
{'dropout': 0,
 'hidden_channels': 32,
 'in_channels': 'None',
 'negative_slope': 0.1,
 'num_layers': 2,
 'out_channels': 32}
{'product': 'inner',
 'score_cat_n2v_feat': False,
 'score_cat_node_feat_mf': False,
 'score_dropout': 0.1,
 'score_gin_mlp_layer': 2,
 'score_hidden_channels': 64,
 'score_in_channels': 32,
 'score_num_layers': 2,
 'score_num_layers_predictor': 3,
 'score_out_channels': 1}
Total number of parameters is 139809
Epoch: 060, train loss: 0.0000, valid loss: 0.0760, Cost Time: 1.4676s
layers in gcn:  2
Epoch: 040, train loss: 0.0000, valid loss: 0.1250, Cost Time: 10.8117s
Epoch: 080, train loss: 0.0000, valid loss: 0.0661, Cost Time: 1.3107s
Epoch: 020, train loss: 0.1250, valid loss: 0.0000, Cost Time: 3.3421s
Epoch: 100, train loss: 0.0000, valid loss: 0.0630, Cost Time: 1.2715s
Epoch: 100, train loss: 0.0000, valid loss: 0.1250, Cost Time: 7.5355s
Epoch: 040, train loss: 0.1250, valid loss: 0.0000, Cost Time: 3.6010s
Saved ('LINKX', 'one-hot', 'CN', 0.0009380713454447687) to ./results/LINKX2CN_ddi.csv
{'hidden_channels': 16,
 'num_edge_layers': 1,
 'num_layers': 1,
 'num_node_layers': 1,
 'out_channels': 1}
{'product': 'dot',
 'score_cat_n2v_feat': False,
 'score_cat_node_feat_mf': False,
 'score_dropout': 0.1,
 'score_gin_mlp_layer': 2,
 'score_hidden_channels': 64,
 'score_in_channels': 64,
 'score_num_layers': 2,
 'score_num_layers_predictor': 3,
 'score_out_channels': 1}
Total number of parameters is 137330
Saved ('Custom_GAT', 'original', 'CN', 0.007105089258402586) to ./results/Custom_GAT2CN_ddi.csv
{'dropout': 0,
 'emb': False,
 'heads': 4,
 'hidden_channels': 32,
 'in_channels': 'None',
 'negative_slope': 0.1,
 'num_layers': 2,
 'out_channels': 32}
{'product': 'dot',
 'score_cat_n2v_feat': False,
 'score_cat_node_feat_mf': False,
 'score_dropout': 0.1,
 'score_gin_mlp_layer': 2,
 'score_hidden_channels': 64,
 'score_in_channels': 32,
 'score_num_layers': 2,
 'score_num_layers_predictor': 3,
 'score_out_channels': 1}
Total number of parameters is 139937
Epoch: 060, train loss: 0.0000, valid loss: 0.1250, Cost Time: 11.2491s
layers in gat:  2
Epoch: 020, train loss: 0.0011, valid loss: 0.0000, Cost Time: 1.4814s
Epoch: 060, train loss: 0.0899, valid loss: 0.0000, Cost Time: 3.6884s
Epoch: 040, train loss: 0.0011, valid loss: 0.0000, Cost Time: 1.5821s
Epoch: 060, train loss: 0.0011, valid loss: 0.0074, Cost Time: 1.4929s
Epoch: 080, train loss: 0.1250, valid loss: 0.0000, Cost Time: 3.5869s
Epoch: 080, train loss: 0.0011, valid loss: 0.0136, Cost Time: 1.3269s
Epoch: 020, train loss: 1.9512, valid loss: 2.0000, Cost Time: 7.8433s
Epoch: 100, train loss: 0.0010, valid loss: 0.0070, Cost Time: 1.3487s
Epoch: 080, train loss: 0.0000, valid loss: 0.1250, Cost Time: 11.0867s
Epoch: 100, train loss: 0.1250, valid loss: 0.0000, Cost Time: 3.3887s
Saved ('LINKX', 'one-hot', 'CN', 0.0) to ./results/LINKX2CN_ddi.csv
{'hidden_channels': 16,
 'num_edge_layers': 1,
 'num_layers': 1,
 'num_node_layers': 1,
 'out_channels': 1}
{'product': 'dot',
 'score_cat_n2v_feat': False,
 'score_cat_node_feat_mf': False,
 'score_dropout': 0.1,
 'score_gin_mlp_layer': 2,
 'score_hidden_channels': 64,
 'score_in_channels': 64,
 'score_num_layers': 2,
 'score_num_layers_predictor': 3,
 'score_out_channels': 1}
Total number of parameters is 137330
Saved ('Custom_GCN', 'original', 'CN', 0.00016175238124560565) to ./results/Custom_GCN2CN_ddi.csv
{'dropout': 0,
 'hidden_channels': 32,
 'in_channels': 'None',
 'negative_slope': 0.1,
 'num_layers': 2,
 'out_channels': 32}
{'product': 'inner',
 'score_cat_n2v_feat': False,
 'score_cat_node_feat_mf': False,
 'score_dropout': 0.1,
 'score_gin_mlp_layer': 2,
 'score_hidden_channels': 64,
 'score_in_channels': 32,
 'score_num_layers': 2,
 'score_num_layers_predictor': 3,
 'score_out_channels': 1}
Total number of parameters is 139809
layers in gcn:  2
Epoch: 020, train loss: 0.0056, valid loss: 0.0002, Cost Time: 1.3938s
Epoch: 040, train loss: 0.0011, valid loss: 0.0000, Cost Time: 8.1608s
Epoch: 040, train loss: 0.0005, valid loss: 0.0002, Cost Time: 1.3435s
Epoch: 020, train loss: 0.0000, valid loss: 0.1122, Cost Time: 3.5917s
Epoch: 100, train loss: 0.0000, valid loss: 0.0621, Cost Time: 11.1251s
Epoch: 060, train loss: 0.0002, valid loss: 0.0001, Cost Time: 1.3163s
Epoch: 080, train loss: 0.0002, valid loss: 0.0000, Cost Time: 1.3081s
Epoch: 040, train loss: 0.0000, valid loss: 0.1249, Cost Time: 3.4070s
Epoch: 100, train loss: 0.0005, valid loss: 0.0004, Cost Time: 1.3165s
Saved ('GraphSAGE', 'original', 'CN', 0.0461680106818676) to ./results/GraphSAGE2CN_ddi.csv
{'dropout': 0,
 'emb': False,
 'hidden_channels': 64,
 'in_channels': 'None',
 'num_layers': 2,
 'out_channels': 128}
{'product': 'dot',
 'score_cat_n2v_feat': False,
 'score_cat_node_feat_mf': False,
 'score_dropout': 0.1,
 'score_gin_mlp_layer': 2,
 'score_hidden_channels': 64,
 'score_in_channels': 128,
 'score_num_layers': 2,
 'score_num_layers_predictor': 3,
 'score_out_channels': 1}
Total number of parameters is 571073
layers in sage:  2
Epoch: 060, train loss: 0.0011, valid loss: 0.0000, Cost Time: 7.8690s
Epoch: 060, train loss: 0.0000, valid loss: 0.1248, Cost Time: 3.7872s
Saved ('LINKX', 'one-hot', 'CN', 0.019493117928504944) to ./results/LINKX2CN_ddi.csv
{'hidden_channels': 16,
 'num_edge_layers': 1,
 'num_layers': 1,
 'num_node_layers': 1,
 'out_channels': 1}
{'product': 'dot',
 'score_cat_n2v_feat': False,
 'score_cat_node_feat_mf': False,
 'score_dropout': 0.1,
 'score_gin_mlp_layer': 2,
 'score_hidden_channels': 64,
 'score_in_channels': 64,
 'score_num_layers': 2,
 'score_num_layers_predictor': 3,
 'score_out_channels': 1}
Total number of parameters is 137330
Epoch: 080, train loss: 0.0000, valid loss: 0.1235, Cost Time: 3.3090s
Epoch: 020, train loss: 0.0026, valid loss: 0.0000, Cost Time: 1.4194s
Epoch: 040, train loss: 0.0010, valid loss: 0.0263, Cost Time: 1.3447s
Epoch: 020, train loss: 1.9512, valid loss: 2.0000, Cost Time: 11.2745s
Epoch: 080, train loss: 0.0011, valid loss: 0.0000, Cost Time: 8.1709s
Epoch: 100, train loss: 0.0000, valid loss: 0.1196, Cost Time: 3.5091s
Epoch: 060, train loss: 0.0003, valid loss: 0.0274, Cost Time: 1.4339s
Epoch: 080, train loss: 0.0002, valid loss: 0.0306, Cost Time: 1.3611s
Epoch: 100, train loss: 0.0002, valid loss: 0.0159, Cost Time: 1.4353s
Saved ('Custom_GCN', 'one-hot', 'CN', 1.1741931871256384e-09) to ./results/Custom_GCN2CN_ddi.csv
{'dropout': 0,
 'hidden_channels': 32,
 'in_channels': 'None',
 'negative_slope': 0.1,
 'num_layers': 2,
 'out_channels': 32}
{'product': 'inner',
 'score_cat_n2v_feat': False,
 'score_cat_node_feat_mf': False,
 'score_dropout': 0.1,
 'score_gin_mlp_layer': 2,
 'score_hidden_channels': 64,
 'score_in_channels': 32,
 'score_num_layers': 2,
 'score_num_layers_predictor': 3,
 'score_out_channels': 1}
Total number of parameters is 139809
layers in gcn:  2
Epoch: 100, train loss: 0.0011, valid loss: 0.0000, Cost Time: 7.4398s
Epoch: 040, train loss: 0.0011, valid loss: 0.0000, Cost Time: 11.2705s
Epoch: 020, train loss: 0.0727, valid loss: 0.0033, Cost Time: 3.6257s
Saved ('LINKX', 'one-hot', 'CN', 0.025145933032035828) to ./results/LINKX2CN_ddi.csv
{'hidden_channels': 16,
 'num_edge_layers': 1,
 'num_layers': 1,
 'num_node_layers': 1,
 'out_channels': 1}
{'product': 'dot',
 'score_cat_n2v_feat': False,
 'score_cat_node_feat_mf': False,
 'score_dropout': 0.1,
 'score_gin_mlp_layer': 2,
 'score_hidden_channels': 64,
 'score_in_channels': 64,
 'score_num_layers': 2,
 'score_num_layers_predictor': 3,
 'score_out_channels': 1}
Total number of parameters is 137330
Epoch: 020, train loss: 0.0460, valid loss: 0.0210, Cost Time: 1.3791s
Saved ('Custom_GAT', 'original', 'CN', 0.0) to ./results/Custom_GAT2CN_ddi.csv
{'dropout': 0,
 'emb': False,
 'heads': 4,
 'hidden_channels': 32,
 'in_channels': 'None',
 'negative_slope': 0.1,
 'num_layers': 2,
 'out_channels': 32}
{'product': 'dot',
 'score_cat_n2v_feat': False,
 'score_cat_node_feat_mf': False,
 'score_dropout': 0.1,
 'score_gin_mlp_layer': 2,
 'score_hidden_channels': 64,
 'score_in_channels': 32,
 'score_num_layers': 2,
 'score_num_layers_predictor': 3,
 'score_out_channels': 1}
Total number of parameters is 139937
layers in gat:  2
Epoch: 040, train loss: 0.0204, valid loss: 0.0557, Cost Time: 3.3524s
Epoch: 040, train loss: 0.0000, valid loss: 0.1180, Cost Time: 1.3148s
Epoch: 060, train loss: 0.0000, valid loss: 0.3043, Cost Time: 1.4210s
Epoch: 060, train loss: 0.0027, valid loss: 0.0025, Cost Time: 3.3934s
Epoch: 060, train loss: 0.0011, valid loss: 0.0000, Cost Time: 10.7462s
Epoch: 080, train loss: 0.0000, valid loss: 0.2806, Cost Time: 1.4009s
Epoch: 100, train loss: 0.0000, valid loss: 0.2866, Cost Time: 1.4766s
Epoch: 020, train loss: 0.0362, valid loss: 0.0002, Cost Time: 8.5770s
Epoch: 080, train loss: 0.0030, valid loss: 0.0062, Cost Time: 3.4893s
Saved ('LINKX', 'one-hot', 'CN', 0.3270133435726166) to ./results/LINKX2CN_ddi.csv
{'hidden_channels': 16,
 'num_edge_layers': 1,
 'num_layers': 1,
 'num_node_layers': 1,
 'out_channels': 1}
{'product': 'dot',
 'score_cat_n2v_feat': False,
 'score_cat_node_feat_mf': False,
 'score_dropout': 0.1,
 'score_gin_mlp_layer': 2,
 'score_hidden_channels': 64,
 'score_in_channels': 64,
 'score_num_layers': 2,
 'score_num_layers_predictor': 3,
 'score_out_channels': 1}
Total number of parameters is 137330
Epoch: 100, train loss: 0.0027, valid loss: 0.0365, Cost Time: 3.4440s
Epoch: 080, train loss: 0.0011, valid loss: 0.0000, Cost Time: 12.0687s
Epoch: 020, train loss: 0.0000, valid loss: 0.0701, Cost Time: 1.4143s
Epoch: 040, train loss: 0.0000, valid loss: 0.0810, Cost Time: 1.4576s
Epoch: 040, train loss: 0.0362, valid loss: 0.0002, Cost Time: 7.9636s
Saved ('Custom_GCN', 'one-hot', 'CN', 0.04255514219403267) to ./results/Custom_GCN2CN_ddi.csv
{'dropout': 0,
 'hidden_channels': 32,
 'in_channels': 'None',
 'negative_slope': 0.1,
 'num_layers': 2,
 'out_channels': 32}
{'product': 'inner',
 'score_cat_n2v_feat': False,
 'score_cat_node_feat_mf': False,
 'score_dropout': 0.1,
 'score_gin_mlp_layer': 2,
 'score_hidden_channels': 64,
 'score_in_channels': 32,
 'score_num_layers': 2,
 'score_num_layers_predictor': 3,
 'score_out_channels': 1}
Total number of parameters is 139809
layers in gcn:  2
Epoch: 060, train loss: 0.0000, valid loss: 0.0870, Cost Time: 1.3944s
Epoch: 080, train loss: 0.0000, valid loss: 0.0747, Cost Time: 1.4000s
Epoch: 020, train loss: 0.0040, valid loss: 0.0336, Cost Time: 3.5645s
Epoch: 100, train loss: 0.0000, valid loss: 0.0761, Cost Time: 1.3223s
Epoch: 100, train loss: 0.0011, valid loss: 0.0000, Cost Time: 11.8008s
Epoch: 040, train loss: 0.0071, valid loss: 0.0362, Cost Time: 3.5579s
Epoch: 060, train loss: 0.0362, valid loss: 0.0002, Cost Time: 8.2579s
Saved ('LINKX', 'random', 'CN', 0.04122167453169823) to ./results/LINKX2CN_ddi.csv
{'hidden_channels': 16,
 'num_edge_layers': 1,
 'num_layers': 1,
 'num_node_layers': 1,
 'out_channels': 1}
{'product': 'dot',
 'score_cat_n2v_feat': False,
 'score_cat_node_feat_mf': False,
 'score_dropout': 0.1,
 'score_gin_mlp_layer': 2,
 'score_hidden_channels': 64,
 'score_in_channels': 64,
 'score_num_layers': 2,
 'score_num_layers_predictor': 3,
 'score_out_channels': 1}
Total number of parameters is 137330
Epoch: 060, train loss: 0.0070, valid loss: 0.0360, Cost Time: 3.5151s
Saved ('GraphSAGE', 'original', 'CN', 0.0) to ./results/GraphSAGE2CN_ddi.csv
{'dropout': 0,
 'emb': False,
 'hidden_channels': 64,
 'in_channels': 'None',
 'num_layers': 2,
 'out_channels': 128}
{'product': 'dot',
 'score_cat_n2v_feat': False,
 'score_cat_node_feat_mf': False,
 'score_dropout': 0.1,
 'score_gin_mlp_layer': 2,
 'score_hidden_channels': 64,
 'score_in_channels': 128,
 'score_num_layers': 2,
 'score_num_layers_predictor': 3,
 'score_out_channels': 1}
Total number of parameters is 571073
Epoch: 020, train loss: 0.1250, valid loss: 0.0000, Cost Time: 1.4080s
layers in sage:  2
Epoch: 040, train loss: 0.1250, valid loss: 0.0000, Cost Time: 1.3672s
Epoch: 080, train loss: 0.0055, valid loss: 0.0312, Cost Time: 3.6216s
Epoch: 060, train loss: 0.1250, valid loss: 0.0000, Cost Time: 1.3171s
Epoch: 080, train loss: 0.0362, valid loss: 0.0002, Cost Time: 7.4649s
Epoch: 080, train loss: 0.1250, valid loss: 0.0002, Cost Time: 1.3329s
Epoch: 100, train loss: 0.0050, valid loss: 0.0293, Cost Time: 3.5271s
Epoch: 100, train loss: 0.1250, valid loss: 0.0211, Cost Time: 1.3868s
Epoch: 020, train loss: 0.0362, valid loss: 0.0002, Cost Time: 11.8051s
Epoch: 100, train loss: 0.0362, valid loss: 0.0002, Cost Time: 7.3819s
Saved ('Custom_GCN', 'one-hot', 'CN', 0.0013253663200885057) to ./results/Custom_GCN2CN_ddi.csv
{'dropout': 0,
 'hidden_channels': 32,
 'in_channels': 'None',
 'negative_slope': 0.1,
 'num_layers': 2,
 'out_channels': 32}
{'product': 'inner',
 'score_cat_n2v_feat': False,
 'score_cat_node_feat_mf': False,
 'score_dropout': 0.1,
 'score_gin_mlp_layer': 2,
 'score_hidden_channels': 64,
 'score_in_channels': 32,
 'score_num_layers': 2,
 'score_num_layers_predictor': 3,
 'score_out_channels': 1}
Total number of parameters is 139809
layers in gcn:  2
Saved ('LINKX', 'random', 'CN', 0.11902996152639389) to ./results/LINKX2CN_ddi.csv
{'hidden_channels': 16,
 'num_edge_layers': 1,
 'num_layers': 1,
 'num_node_layers': 1,
 'out_channels': 1}
{'product': 'dot',
 'score_cat_n2v_feat': False,
 'score_cat_node_feat_mf': False,
 'score_dropout': 0.1,
 'score_gin_mlp_layer': 2,
 'score_hidden_channels': 64,
 'score_in_channels': 64,
 'score_num_layers': 2,
 'score_num_layers_predictor': 3,
 'score_out_channels': 1}
Total number of parameters is 137330
Epoch: 020, train loss: 0.0071, valid loss: 0.0362, Cost Time: 1.3234s
Epoch: 020, train loss: 0.0002, valid loss: 0.1148, Cost Time: 3.4310s
Epoch: 040, train loss: 0.0071, valid loss: 0.0436, Cost Time: 1.4397s
Saved ('Custom_GAT', 'original', 'CN', 0.12499994039535522) to ./results/Custom_GAT2CN_ddi.csv
{'dropout': 0,
 'emb': False,
 'heads': 4,
 'hidden_channels': 32,
 'in_channels': 'None',
 'negative_slope': 0.1,
 'num_layers': 2,
 'out_channels': 32}
{'product': 'dot',
 'score_cat_n2v_feat': False,
 'score_cat_node_feat_mf': False,
 'score_dropout': 0.1,
 'score_gin_mlp_layer': 2,
 'score_hidden_channels': 64,
 'score_in_channels': 32,
 'score_num_layers': 2,
 'score_num_layers_predictor': 3,
 'score_out_channels': 1}
Total number of parameters is 139937
layers in gat:  2
Epoch: 040, train loss: 0.0362, valid loss: 0.0001, Cost Time: 11.2478s
Epoch: 060, train loss: 0.0071, valid loss: 0.0563, Cost Time: 1.3294s
Epoch: 040, train loss: 0.0000, valid loss: 0.1250, Cost Time: 3.2493s
Epoch: 080, train loss: 0.0071, valid loss: 0.0501, Cost Time: 1.4075s
Epoch: 100, train loss: 0.0071, valid loss: 0.0790, Cost Time: 1.3907s
Epoch: 060, train loss: 0.0000, valid loss: 0.1249, Cost Time: 3.6013s
Epoch: 020, train loss: 0.0363, valid loss: 0.0000, Cost Time: 7.8980s
Saved ('LINKX', 'random', 'CN', 0.014650121331214905) to ./results/LINKX2CN_ddi.csv
{'hidden_channels': 16,
 'num_edge_layers': 1,
 'num_layers': 1,
 'num_node_layers': 1,
 'out_channels': 1}
{'product': 'dot',
 'score_cat_n2v_feat': False,
 'score_cat_node_feat_mf': False,
 'score_dropout': 0.1,
 'score_gin_mlp_layer': 2,
 'score_hidden_channels': 64,
 'score_in_channels': 64,
 'score_num_layers': 2,
 'score_num_layers_predictor': 3,
 'score_out_channels': 1}
Total number of parameters is 137330
Epoch: 060, train loss: 0.0362, valid loss: 0.2098, Cost Time: 11.4920s
Epoch: 080, train loss: 0.0000, valid loss: 0.1237, Cost Time: 3.4058s
Epoch: 020, train loss: 0.0000, valid loss: 0.1250, Cost Time: 1.5015s
Epoch: 040, train loss: 0.0000, valid loss: 0.1250, Cost Time: 1.4430s
Epoch: 100, train loss: 0.0000, valid loss: 0.1198, Cost Time: 3.3722s
Epoch: 060, train loss: 0.0000, valid loss: 0.1250, Cost Time: 1.4486s
Epoch: 040, train loss: 0.0363, valid loss: 0.0000, Cost Time: 7.8566s
Epoch: 080, train loss: 0.0000, valid loss: 0.1224, Cost Time: 1.4767s
Saved ('Custom_GCN', 'one-hot', 'CN', 0.00654205959290266) to ./results/Custom_GCN2CN_ddi.csv
{'dropout': 0,
 'hidden_channels': 32,
 'in_channels': 'None',
 'negative_slope': 0.1,
 'num_layers': 2,
 'out_channels': 32}
{'product': 'inner',
 'score_cat_n2v_feat': False,
 'score_cat_node_feat_mf': False,
 'score_dropout': 0.1,
 'score_gin_mlp_layer': 2,
 'score_hidden_channels': 64,
 'score_in_channels': 32,
 'score_num_layers': 2,
 'score_num_layers_predictor': 3,
 'score_out_channels': 1}
Total number of parameters is 139809
layers in gcn:  2
Epoch: 080, train loss: 0.0362, valid loss: 0.4126, Cost Time: 11.6862s
Epoch: 100, train loss: 0.0000, valid loss: 0.0881, Cost Time: 1.4975s
Epoch: 020, train loss: 0.0003, valid loss: 0.0001, Cost Time: 3.5921s
Epoch: 060, train loss: 0.0363, valid loss: 0.0000, Cost Time: 7.8216s
Saved ('LINKX', 'random', 'CN', 0.06840510666370392) to ./results/LINKX2CN_ddi.csv
{'hidden_channels': 16,
 'num_edge_layers': 1,
 'num_layers': 1,
 'num_node_layers': 1,
 'out_channels': 1}
{'product': 'dot',
 'score_cat_n2v_feat': False,
 'score_cat_node_feat_mf': False,
 'score_dropout': 0.1,
 'score_gin_mlp_layer': 2,
 'score_hidden_channels': 64,
 'score_in_channels': 64,
 'score_num_layers': 2,
 'score_num_layers_predictor': 3,
 'score_out_channels': 1}
Total number of parameters is 137330
Epoch: 020, train loss: 0.0011, valid loss: 0.0000, Cost Time: 1.4393s
Epoch: 040, train loss: 0.0011, valid loss: 0.0000, Cost Time: 3.4391s
Epoch: 100, train loss: 0.0362, valid loss: 0.4691, Cost Time: 10.9158s
Epoch: 040, train loss: 0.0011, valid loss: 0.0000, Cost Time: 1.5198s
Epoch: 060, train loss: 0.0011, valid loss: 0.0000, Cost Time: 1.3331s
Epoch: 060, train loss: 0.0011, valid loss: 0.0000, Cost Time: 3.4563s
Epoch: 080, train loss: 0.0363, valid loss: 0.0000, Cost Time: 7.5757s
Epoch: 080, train loss: 0.0011, valid loss: 0.0000, Cost Time: 1.3086s
Saved ('GraphSAGE', 'original', 'CN', 0.360225111246109) to ./results/GraphSAGE2CN_ddi.csv
{'dropout': 0,
 'emb': False,
 'hidden_channels': 64,
 'in_channels': 'None',
 'num_layers': 2,
 'out_channels': 128}
{'product': 'dot',
 'score_cat_n2v_feat': False,
 'score_cat_node_feat_mf': False,
 'score_dropout': 0.1,
 'score_gin_mlp_layer': 2,
 'score_hidden_channels': 64,
 'score_in_channels': 128,
 'score_num_layers': 2,
 'score_num_layers_predictor': 3,
 'score_out_channels': 1}
Total number of parameters is 571073
layers in sage:  2
Epoch: 100, train loss: 0.0011, valid loss: 0.0013, Cost Time: 1.5453s
Epoch: 080, train loss: 0.0010, valid loss: 0.0000, Cost Time: 3.5463s
Epoch: 100, train loss: 0.0006, valid loss: 0.0000, Cost Time: 3.5458s
Saved ('LINKX', 'random', 'CN', 2.663470013430924e-07) to ./results/LINKX2CN_ddi.csv
{'hidden_channels': 16,
 'num_edge_layers': 1,
 'num_layers': 1,
 'num_node_layers': 1,
 'out_channels': 1}
{'product': 'dot',
 'score_cat_n2v_feat': False,
 'score_cat_node_feat_mf': False,
 'score_dropout': 0.1,
 'score_gin_mlp_layer': 2,
 'score_hidden_channels': 64,
 'score_in_channels': 64,
 'score_num_layers': 2,
 'score_num_layers_predictor': 3,
 'score_out_channels': 1}
Total number of parameters is 137330
Epoch: 100, train loss: 0.0363, valid loss: 0.0000, Cost Time: 7.8095s
Epoch: 020, train loss: 0.0362, valid loss: 0.0015, Cost Time: 1.5343s
Epoch: 020, train loss: 1.7493, valid loss: 2.0000, Cost Time: 11.7762s
Epoch: 040, train loss: 0.0362, valid loss: 0.0022, Cost Time: 1.4117s
Saved ('Custom_GCN', 'one-hot', 'CN', 2.2244491901801666e-06) to ./results/Custom_GCN2CN_ddi.csv
{'dropout': 0,
 'hidden_channels': 32,
 'in_channels': 'None',
 'negative_slope': 0.1,
 'num_layers': 2,
 'out_channels': 32}
{'product': 'inner',
 'score_cat_n2v_feat': False,
 'score_cat_node_feat_mf': False,
 'score_dropout': 0.1,
 'score_gin_mlp_layer': 2,
 'score_hidden_channels': 64,
 'score_in_channels': 32,
 'score_num_layers': 2,
 'score_num_layers_predictor': 3,
 'score_out_channels': 1}
Total number of parameters is 139809
layers in gcn:  2
Saved ('Custom_GAT', 'original', 'CN', 0.125) to ./results/Custom_GAT2CN_ddi.csv
{'dropout': 0,
 'emb': False,
 'heads': 4,
 'hidden_channels': 32,
 'in_channels': 'None',
 'negative_slope': 0.1,
 'num_layers': 2,
 'out_channels': 32}
{'product': 'dot',
 'score_cat_n2v_feat': False,
 'score_cat_node_feat_mf': False,
 'score_dropout': 0.1,
 'score_gin_mlp_layer': 2,
 'score_hidden_channels': 64,
 'score_in_channels': 32,
 'score_num_layers': 2,
 'score_num_layers_predictor': 3,
 'score_out_channels': 1}
Total number of parameters is 139937
Epoch: 060, train loss: 0.0362, valid loss: 0.0530, Cost Time: 1.3370s
layers in gat:  2
Epoch: 080, train loss: 0.0362, valid loss: 0.0569, Cost Time: 1.3554s
Epoch: 020, train loss: 0.0157, valid loss: 0.0028, Cost Time: 3.3809s
Epoch: 100, train loss: 0.0362, valid loss: 0.0795, Cost Time: 1.3869s
Epoch: 040, train loss: 0.0186, valid loss: 0.0106, Cost Time: 3.5734s
Epoch: 040, train loss: 1.4050, valid loss: 0.9122, Cost Time: 11.5171s
Epoch: 020, train loss: 0.1250, valid loss: 0.0000, Cost Time: 7.6909s
Saved ('LINKX', 'random', 'CN', 0.13392139971256256) to ./results/LINKX2CN_ddi.csv
{'hidden_channels': 16,
 'num_edge_layers': 1,
 'num_layers': 1,
 'num_node_layers': 1,
 'out_channels': 1}
{'product': 'dot',
 'score_cat_n2v_feat': False,
 'score_cat_node_feat_mf': False,
 'score_dropout': 0.1,
 'score_gin_mlp_layer': 2,
 'score_hidden_channels': 64,
 'score_in_channels': 64,
 'score_num_layers': 2,
 'score_num_layers_predictor': 3,
 'score_out_channels': 1}
Total number of parameters is 137330
Epoch: 060, train loss: 0.0096, valid loss: 0.0174, Cost Time: 3.3756s
Epoch: 020, train loss: 0.0363, valid loss: 0.0380, Cost Time: 1.3233s
Epoch: 040, train loss: 0.0363, valid loss: 0.0276, Cost Time: 1.4807s
Epoch: 080, train loss: 0.0074, valid loss: 0.0284, Cost Time: 3.3880s
Epoch: 060, train loss: 0.0363, valid loss: 0.1227, Cost Time: 1.4238s
Epoch: 040, train loss: 0.1250, valid loss: 0.0000, Cost Time: 7.8119s
Epoch: 060, train loss: 0.0363, valid loss: 0.0000, Cost Time: 11.3621s
Epoch: 080, train loss: 0.0363, valid loss: 0.0472, Cost Time: 1.3171s
Epoch: 100, train loss: 0.0011, valid loss: 0.0440, Cost Time: 3.5653s
Epoch: 100, train loss: 0.0363, valid loss: 0.1352, Cost Time: 1.4518s
Saved ('Custom_GCN', 'one-hot', 'CN', 0.019350681453943253) to ./results/Custom_GCN2CN_ddi.csv
{'dropout': 0,
 'hidden_channels': 32,
 'in_channels': 'None',
 'negative_slope': 0.1,
 'num_layers': 2,
 'out_channels': 32}
{'product': 'inner',
 'score_cat_n2v_feat': False,
 'score_cat_node_feat_mf': False,
 'score_dropout': 0.1,
 'score_gin_mlp_layer': 2,
 'score_hidden_channels': 64,
 'score_in_channels': 32,
 'score_num_layers': 2,
 'score_num_layers_predictor': 3,
 'score_out_channels': 1}
Total number of parameters is 139809
layers in gcn:  2
Saved ('LINKX', 'random', 'CN', 0.15896904468536377) to ./results/LINKX2CN_ddi.csv
{'hidden_channels': 16,
 'num_edge_layers': 1,
 'num_layers': 1,
 'num_node_layers': 1,
 'out_channels': 1}
{'product': 'dot',
 'score_cat_n2v_feat': False,
 'score_cat_node_feat_mf': False,
 'score_dropout': 0.1,
 'score_gin_mlp_layer': 2,
 'score_hidden_channels': 64,
 'score_in_channels': 64,
 'score_num_layers': 2,
 'score_num_layers_predictor': 3,
 'score_out_channels': 1}
Total number of parameters is 137330
Epoch: 060, train loss: 0.1250, valid loss: 0.0000, Cost Time: 6.8960s
Epoch: 020, train loss: 0.1250, valid loss: 0.2397, Cost Time: 1.5105s
Epoch: 080, train loss: 0.0363, valid loss: 0.0000, Cost Time: 11.3830s
Epoch: 020, train loss: 0.0240, valid loss: 0.0000, Cost Time: 3.6909s
Epoch: 040, train loss: 0.1250, valid loss: 0.6609, Cost Time: 1.3917s
Epoch: 060, train loss: 0.1250, valid loss: 0.2107, Cost Time: 1.3141s
Epoch: 040, train loss: 0.0181, valid loss: 0.0070, Cost Time: 3.5359s
Epoch: 080, train loss: 0.1250, valid loss: 0.1997, Cost Time: 1.3869s
Epoch: 080, train loss: 0.1250, valid loss: 0.0000, Cost Time: 6.9417s
Epoch: 100, train loss: 0.1250, valid loss: 0.1976, Cost Time: 1.3091s
Epoch: 060, train loss: 0.0043, valid loss: 0.0005, Cost Time: 3.6353s
Epoch: 100, train loss: 0.0363, valid loss: 0.0000, Cost Time: 12.2492s
Epoch: 080, train loss: 0.0004, valid loss: 0.0000, Cost Time: 3.5326s
Saved ('LINKX', 'random', 'CN', 0.21547994017601013) to ./results/LINKX2CN_ddi.csv
{'hidden_channels': 16,
 'num_edge_layers': 1,
 'num_layers': 1,
 'num_node_layers': 1,
 'out_channels': 1}
{'product': 'dot',
 'score_cat_n2v_feat': False,
 'score_cat_node_feat_mf': False,
 'score_dropout': 0.1,
 'score_gin_mlp_layer': 2,
 'score_hidden_channels': 64,
 'score_in_channels': 64,
 'score_num_layers': 2,
 'score_num_layers_predictor': 3,
 'score_out_channels': 1}
Total number of parameters is 137330
Epoch: 100, train loss: 0.1250, valid loss: 0.0000, Cost Time: 7.3237s
Epoch: 020, train loss: 0.0000, valid loss: 0.0597, Cost Time: 1.3394s
Saved ('GraphSAGE', 'original', 'CN', 0.01128685288131237) to ./results/GraphSAGE2CN_ddi.csv
{'dropout': 0,
 'emb': False,
 'hidden_channels': 64,
 'in_channels': 'None',
 'num_layers': 2,
 'out_channels': 128}
{'product': 'dot',
 'score_cat_n2v_feat': False,
 'score_cat_node_feat_mf': False,
 'score_dropout': 0.1,
 'score_gin_mlp_layer': 2,
 'score_hidden_channels': 64,
 'score_in_channels': 128,
 'score_num_layers': 2,
 'score_num_layers_predictor': 3,
 'score_out_channels': 1}
Total number of parameters is 571073
layers in sage:  2
Epoch: 100, train loss: 0.0003, valid loss: 0.0000, Cost Time: 3.3684s
Epoch: 040, train loss: 0.0000, valid loss: 0.0666, Cost Time: 1.2750s
Saved ('Custom_GAT', 'original', 'CN', 0.00016175238124560565) to ./results/Custom_GAT2CN_ddi.csv
{'dropout': 0,
 'emb': False,
 'heads': 4,
 'hidden_channels': 32,
 'in_channels': 'None',
 'negative_slope': 0.1,
 'num_layers': 2,
 'out_channels': 32}
{'product': 'dot',
 'score_cat_n2v_feat': False,
 'score_cat_node_feat_mf': False,
 'score_dropout': 0.1,
 'score_gin_mlp_layer': 2,
 'score_hidden_channels': 64,
 'score_in_channels': 32,
 'score_num_layers': 2,
 'score_num_layers_predictor': 3,
 'score_out_channels': 1}
Total number of parameters is 139937
Epoch: 060, train loss: 0.0000, valid loss: 0.0562, Cost Time: 1.2773s
layers in gat:  2
Epoch: 080, train loss: 0.0000, valid loss: 0.0470, Cost Time: 1.3878s
Saved ('Custom_GCN', 'one-hot', 'CN', 0.04604138061404228) to ./results/Custom_GCN2CN_ddi.csv
{'dropout': 0,
 'hidden_channels': 32,
 'in_channels': 'None',
 'negative_slope': 0.1,
 'num_layers': 2,
 'out_channels': 32}
{'product': 'inner',
 'score_cat_n2v_feat': False,
 'score_cat_node_feat_mf': False,
 'score_dropout': 0.1,
 'score_gin_mlp_layer': 2,
 'score_hidden_channels': 64,
 'score_in_channels': 32,
 'score_num_layers': 2,
 'score_num_layers_predictor': 3,
 'score_out_channels': 1}
Total number of parameters is 139809
layers in gcn:  2
Epoch: 100, train loss: 0.0000, valid loss: 0.0402, Cost Time: 1.5335s
Epoch: 020, train loss: 0.1250, valid loss: 0.0000, Cost Time: 12.0866s
Epoch: 020, train loss: 0.0734, valid loss: 0.0011, Cost Time: 3.5715s
Epoch: 020, train loss: 0.0000, valid loss: 0.1249, Cost Time: 7.0027s
Saved ('LINKX', 'adjacency', 'CN', 1.031430940656719e-09) to ./results/LINKX2CN_ddi.csv
{'hidden_channels': 16,
 'num_edge_layers': 1,
 'num_layers': 1,
 'num_node_layers': 1,
 'out_channels': 1}
{'product': 'dot',
 'score_cat_n2v_feat': False,
 'score_cat_node_feat_mf': False,
 'score_dropout': 0.1,
 'score_gin_mlp_layer': 2,
 'score_hidden_channels': 64,
 'score_in_channels': 64,
 'score_num_layers': 2,
 'score_num_layers_predictor': 3,
 'score_out_channels': 1}
Total number of parameters is 137330
Epoch: 040, train loss: 0.0243, valid loss: 0.0010, Cost Time: 3.3768s
Epoch: 020, train loss: 0.0012, valid loss: 0.4308, Cost Time: 1.3849s
Epoch: 040, train loss: 0.0001, valid loss: 0.1596, Cost Time: 1.3356s
Epoch: 060, train loss: 0.0020, valid loss: 0.0002, Cost Time: 3.5179s
Epoch: 060, train loss: 0.0004, valid loss: 0.1361, Cost Time: 1.3133s
Epoch: 040, train loss: 0.1250, valid loss: 0.0000, Cost Time: 11.0212s
Epoch: 040, train loss: 0.0000, valid loss: 0.1250, Cost Time: 6.7301s
Epoch: 080, train loss: 0.0008, valid loss: 0.1885, Cost Time: 1.3429s
Epoch: 080, train loss: 0.0008, valid loss: 0.0005, Cost Time: 3.6552s
Epoch: 100, train loss: 0.0000, valid loss: 0.1741, Cost Time: 1.4498s
Epoch: 100, train loss: 0.0007, valid loss: 0.0005, Cost Time: 3.5086s
Epoch: 060, train loss: 0.0000, valid loss: 0.1250, Cost Time: 7.4492s
Saved ('LINKX', 'adjacency', 'CN', 0.06027141213417053) to ./results/LINKX2CN_ddi.csv
{'hidden_channels': 16,
 'num_edge_layers': 1,
 'num_layers': 1,
 'num_node_layers': 1,
 'out_channels': 1}
{'product': 'dot',
 'score_cat_n2v_feat': False,
 'score_cat_node_feat_mf': False,
 'score_dropout': 0.1,
 'score_gin_mlp_layer': 2,
 'score_hidden_channels': 64,
 'score_in_channels': 64,
 'score_num_layers': 2,
 'score_num_layers_predictor': 3,
 'score_out_channels': 1}
Total number of parameters is 137330
Epoch: 060, train loss: 0.1250, valid loss: 0.0000, Cost Time: 12.1226s
Epoch: 020, train loss: 0.0001, valid loss: 0.0381, Cost Time: 1.4323s
Saved ('Custom_GCN', 'one-hot', 'CN', 0.013469651341438293) to ./results/Custom_GCN2CN_ddi.csv
{'dropout': 0,
 'hidden_channels': 32,
 'in_channels': 'None',
 'negative_slope': 0.1,
 'num_layers': 2,
 'out_channels': 32}
{'product': 'inner',
 'score_cat_n2v_feat': False,
 'score_cat_node_feat_mf': False,
 'score_dropout': 0.1,
 'score_gin_mlp_layer': 2,
 'score_hidden_channels': 64,
 'score_in_channels': 32,
 'score_num_layers': 2,
 'score_num_layers_predictor': 3,
 'score_out_channels': 1}
Total number of parameters is 139809
layers in gcn:  2
Epoch: 040, train loss: 0.0001, valid loss: 0.0258, Cost Time: 1.3843s
Epoch: 060, train loss: 0.0002, valid loss: 0.0232, Cost Time: 1.5163s
Epoch: 080, train loss: 0.0000, valid loss: 0.1250, Cost Time: 6.7175s
Epoch: 020, train loss: 0.0000, valid loss: 0.1134, Cost Time: 3.4454s
Epoch: 080, train loss: 0.0001, valid loss: 0.0159, Cost Time: 1.3061s
Epoch: 080, train loss: 0.1250, valid loss: 0.0756, Cost Time: 11.7140s
Epoch: 100, train loss: 0.0000, valid loss: 0.0166, Cost Time: 1.2979s
Epoch: 040, train loss: 0.0000, valid loss: 0.0786, Cost Time: 3.7454s
Epoch: 100, train loss: 0.0000, valid loss: 0.1249, Cost Time: 7.0154s
Saved ('LINKX', 'adjacency', 'CN', 0.003657565452158451) to ./results/LINKX2CN_ddi.csv
{'hidden_channels': 16,
 'num_edge_layers': 1,
 'num_layers': 1,
 'num_node_layers': 1,
 'out_channels': 1}
{'product': 'dot',
 'score_cat_n2v_feat': False,
 'score_cat_node_feat_mf': False,
 'score_dropout': 0.1,
 'score_gin_mlp_layer': 2,
 'score_hidden_channels': 64,
 'score_in_channels': 64,
 'score_num_layers': 2,
 'score_num_layers_predictor': 3,
 'score_out_channels': 1}
Total number of parameters is 137330
Epoch: 060, train loss: 0.0000, valid loss: 0.0377, Cost Time: 3.6237s
Epoch: 020, train loss: 0.0000, valid loss: 0.0526, Cost Time: 1.3632s
Epoch: 040, train loss: 0.0000, valid loss: 0.0881, Cost Time: 1.4630s
Epoch: 100, train loss: 0.1250, valid loss: 0.3766, Cost Time: 11.4144s
Saved ('Custom_GAT', 'one-hot', 'CN', 1.666500537567117e-08) to ./results/Custom_GAT2CN_ddi.csv
{'dropout': 0,
 'emb': False,
 'heads': 4,
 'hidden_channels': 32,
 'in_channels': 'None',
 'negative_slope': 0.1,
 'num_layers': 2,
 'out_channels': 32}
{'product': 'dot',
 'score_cat_n2v_feat': False,
 'score_cat_node_feat_mf': False,
 'score_dropout': 0.1,
 'score_gin_mlp_layer': 2,
 'score_hidden_channels': 64,
 'score_in_channels': 32,
 'score_num_layers': 2,
 'score_num_layers_predictor': 3,
 'score_out_channels': 1}
Total number of parameters is 139937
Epoch: 080, train loss: 0.0001, valid loss: 0.0269, Cost Time: 3.6770s
layers in gat:  2
Epoch: 060, train loss: 0.0000, valid loss: 0.0620, Cost Time: 1.3993s
Epoch: 080, train loss: 0.0000, valid loss: 0.0684, Cost Time: 1.3292s
Epoch: 100, train loss: 0.0002, valid loss: 0.0275, Cost Time: 3.4628s
Epoch: 100, train loss: 0.0000, valid loss: 0.0996, Cost Time: 1.3750s
Saved ('GraphSAGE', 'original', 'CN', 0.4042094945907593) to ./results/GraphSAGE2CN_ddi.csv
{'dropout': 0,
 'emb': False,
 'hidden_channels': 64,
 'in_channels': 'None',
 'num_layers': 2,
 'out_channels': 128}
{'product': 'dot',
 'score_cat_n2v_feat': False,
 'score_cat_node_feat_mf': False,
 'score_dropout': 0.1,
 'score_gin_mlp_layer': 2,
 'score_hidden_channels': 64,
 'score_in_channels': 128,
 'score_num_layers': 2,
 'score_num_layers_predictor': 3,
 'score_out_channels': 1}
Total number of parameters is 571073
layers in sage:  2
Epoch: 020, train loss: 0.0956, valid loss: 0.0073, Cost Time: 7.5049s
Saved ('Custom_GCN', 'random', 'CN', 0.004124334082007408) to ./results/Custom_GCN2CN_ddi.csv
{'dropout': 0,
 'hidden_channels': 32,
 'in_channels': 'None',
 'negative_slope': 0.1,
 'num_layers': 2,
 'out_channels': 32}
{'product': 'inner',
 'score_cat_n2v_feat': False,
 'score_cat_node_feat_mf': False,
 'score_dropout': 0.1,
 'score_gin_mlp_layer': 2,
 'score_hidden_channels': 64,
 'score_in_channels': 32,
 'score_num_layers': 2,
 'score_num_layers_predictor': 3,
 'score_out_channels': 1}
Total number of parameters is 139809
layers in gcn:  2
Saved ('LINKX', 'adjacency', 'CN', 0.05601087212562561) to ./results/LINKX2CN_ddi.csv
{'hidden_channels': 16,
 'num_edge_layers': 1,
 'num_layers': 1,
 'num_node_layers': 1,
 'out_channels': 1}
{'product': 'dot',
 'score_cat_n2v_feat': False,
 'score_cat_node_feat_mf': False,
 'score_dropout': 0.1,
 'score_gin_mlp_layer': 2,
 'score_hidden_channels': 64,
 'score_in_channels': 64,
 'score_num_layers': 2,
 'score_num_layers_predictor': 3,
 'score_out_channels': 1}
Total number of parameters is 137330
Epoch: 020, train loss: 0.0011, valid loss: 0.0000, Cost Time: 1.5097s
Epoch: 020, train loss: 0.0001, valid loss: 0.0000, Cost Time: 3.6294s
Epoch: 040, train loss: 0.0011, valid loss: 0.0000, Cost Time: 1.3230s
Epoch: 020, train loss: 0.0000, valid loss: 0.1250, Cost Time: 10.9654s
Epoch: 040, train loss: 0.0741, valid loss: 0.0359, Cost Time: 6.7408s
Epoch: 060, train loss: 0.0011, valid loss: 0.0000, Cost Time: 1.4172s
Epoch: 040, train loss: 0.0000, valid loss: 0.0025, Cost Time: 3.6662s
Epoch: 080, train loss: 0.0011, valid loss: 0.0000, Cost Time: 1.4668s
Epoch: 100, train loss: 0.0011, valid loss: 0.0003, Cost Time: 1.3038s
Epoch: 060, train loss: 0.0000, valid loss: 0.0014, Cost Time: 3.4804s
Epoch: 060, train loss: 0.0029, valid loss: 0.0406, Cost Time: 7.3340s
Epoch: 040, train loss: 0.0000, valid loss: 0.1250, Cost Time: 11.6966s
Epoch: 080, train loss: 0.0001, valid loss: 0.0053, Cost Time: 3.6692s
Saved ('LINKX', 'adjacency', 'CN', 0.0) to ./results/LINKX2CN_ddi.csv
{'hidden_channels': 16,
 'num_edge_layers': 1,
 'num_layers': 1,
 'num_node_layers': 1,
 'out_channels': 1}
{'product': 'dot',
 'score_cat_n2v_feat': False,
 'score_cat_node_feat_mf': False,
 'score_dropout': 0.1,
 'score_gin_mlp_layer': 2,
 'score_hidden_channels': 64,
 'score_in_channels': 64,
 'score_num_layers': 2,
 'score_num_layers_predictor': 3,
 'score_out_channels': 1}
Total number of parameters is 137330
Epoch: 020, train loss: 0.0029, valid loss: 0.0368, Cost Time: 1.4599s
Epoch: 100, train loss: 0.0001, valid loss: 0.0047, Cost Time: 3.5026s
Epoch: 040, train loss: 0.0005, valid loss: 0.0328, Cost Time: 1.3472s
Epoch: 080, train loss: 0.0042, valid loss: 0.0018, Cost Time: 6.9216s
Epoch: 060, train loss: 0.0000, valid loss: 0.0494, Cost Time: 1.3746s
Epoch: 060, train loss: 0.0000, valid loss: 0.1250, Cost Time: 11.8592s
Saved ('Custom_GCN', 'random', 'CN', 0.035129230469465256) to ./results/Custom_GCN2CN_ddi.csv
{'dropout': 0,
 'hidden_channels': 32,
 'in_channels': 'None',
 'negative_slope': 0.1,
 'num_layers': 2,
 'out_channels': 32}
{'product': 'inner',
 'score_cat_n2v_feat': False,
 'score_cat_node_feat_mf': False,
 'score_dropout': 0.1,
 'score_gin_mlp_layer': 2,
 'score_hidden_channels': 64,
 'score_in_channels': 32,
 'score_num_layers': 2,
 'score_num_layers_predictor': 3,
 'score_out_channels': 1}
Total number of parameters is 139809
Epoch: 080, train loss: 0.0004, valid loss: 0.0002, Cost Time: 1.4810s
layers in gcn:  2
Epoch: 100, train loss: 0.0003, valid loss: 0.0002, Cost Time: 1.4908s
Epoch: 020, train loss: 0.0071, valid loss: 0.0362, Cost Time: 3.7628s
Epoch: 100, train loss: 0.0007, valid loss: 0.0005, Cost Time: 7.0326s
Saved ('LINKX', 'adjacency', 'CN', 0.029806600883603096) to ./results/LINKX2CN_ddi.csv
{'hidden_channels': 16,
 'num_edge_layers': 1,
 'num_layers': 1,
 'num_node_layers': 1,
 'out_channels': 1}
{'product': 'dot',
 'score_cat_n2v_feat': False,
 'score_cat_node_feat_mf': False,
 'score_dropout': 0.1,
 'score_gin_mlp_layer': 2,
 'score_hidden_channels': 64,
 'score_in_channels': 64,
 'score_num_layers': 2,
 'score_num_layers_predictor': 3,
 'score_out_channels': 1}
Total number of parameters is 137330
Epoch: 040, train loss: 0.0071, valid loss: 0.0362, Cost Time: 3.5621s
Epoch: 020, train loss: 0.0005, valid loss: 0.0000, Cost Time: 1.5756s
Epoch: 080, train loss: 0.0000, valid loss: 0.1236, Cost Time: 10.6535s
Saved ('Custom_GAT', 'one-hot', 'CN', 0.11982417106628418) to ./results/Custom_GAT2CN_ddi.csv
{'dropout': 0,
 'emb': False,
 'heads': 4,
 'hidden_channels': 32,
 'in_channels': 'None',
 'negative_slope': 0.1,
 'num_layers': 2,
 'out_channels': 32}
{'product': 'dot',
 'score_cat_n2v_feat': False,
 'score_cat_node_feat_mf': False,
 'score_dropout': 0.1,
 'score_gin_mlp_layer': 2,
 'score_hidden_channels': 64,
 'score_in_channels': 32,
 'score_num_layers': 2,
 'score_num_layers_predictor': 3,
 'score_out_channels': 1}
Total number of parameters is 139937
layers in gat:  2
Epoch: 040, train loss: 0.0005, valid loss: 0.0000, Cost Time: 1.3699s
Epoch: 060, train loss: 0.0003, valid loss: 0.0193, Cost Time: 3.5044s
Epoch: 060, train loss: 0.0002, valid loss: 0.0000, Cost Time: 1.4251s
Epoch: 080, train loss: 0.0002, valid loss: 0.0000, Cost Time: 1.4978s
Epoch: 080, train loss: 0.0002, valid loss: 0.0068, Cost Time: 3.4160s
Epoch: 100, train loss: 0.0002, valid loss: 0.0562, Cost Time: 1.2289s
Epoch: 020, train loss: 0.0069, valid loss: 0.0360, Cost Time: 6.8721s
Epoch: 100, train loss: 0.0002, valid loss: 0.1130, Cost Time: 11.7485s
Epoch: 100, train loss: 0.0004, valid loss: 0.0184, Cost Time: 3.4750s
Saved ('LINKX', 'adjacency', 'CN', 0.024891966953873634) to ./results/LINKX2CN_ddi.csv
{'hidden_channels': 16,
 'num_edge_layers': 1,
 'num_layers': 1,
 'num_node_layers': 1,
 'out_channels': 1}
{'product': 'dot',
 'score_cat_n2v_feat': False,
 'score_cat_node_feat_mf': False,
 'score_dropout': 0.1,
 'score_gin_mlp_layer': 2,
 'score_hidden_channels': 64,
 'score_in_channels': 64,
 'score_num_layers': 2,
 'score_num_layers_predictor': 3,
 'score_out_channels': 1}
Total number of parameters is 137330
Saved ('GraphSAGE', 'one-hot', 'CN', 0.001435543643310666) to ./results/GraphSAGE2CN_ddi.csv
{'dropout': 0,
 'emb': False,
 'hidden_channels': 64,
 'in_channels': 'None',
 'num_layers': 2,
 'out_channels': 128}
{'product': 'dot',
 'score_cat_n2v_feat': False,
 'score_cat_node_feat_mf': False,
 'score_dropout': 0.1,
 'score_gin_mlp_layer': 2,
 'score_hidden_channels': 64,
 'score_in_channels': 128,
 'score_num_layers': 2,
 'score_num_layers_predictor': 3,
 'score_out_channels': 1}
Total number of parameters is 571073
layers in sage:  2
Epoch: 020, train loss: 0.0226, valid loss: 0.0000, Cost Time: 1.4358s
Saved ('Custom_GCN', 'random', 'CN', 0.0017823618836700916) to ./results/Custom_GCN2CN_ddi.csv
{'dropout': 0,
 'hidden_channels': 32,
 'in_channels': 'None',
 'negative_slope': 0.1,
 'num_layers': 2,
 'out_channels': 32}
{'product': 'inner',
 'score_cat_n2v_feat': False,
 'score_cat_node_feat_mf': False,
 'score_dropout': 0.1,
 'score_gin_mlp_layer': 2,
 'score_hidden_channels': 64,
 'score_in_channels': 32,
 'score_num_layers': 2,
 'score_num_layers_predictor': 3,
 'score_out_channels': 1}
Total number of parameters is 139809
layers in gcn:  2
Epoch: 040, train loss: 0.0071, valid loss: 0.0362, Cost Time: 6.9162s
Epoch: 040, train loss: 0.0001, valid loss: 0.1107, Cost Time: 1.3915s
Epoch: 060, train loss: 0.0000, valid loss: 0.0797, Cost Time: 1.5370s
Epoch: 020, train loss: 0.0000, valid loss: 0.1250, Cost Time: 3.6496s
Epoch: 080, train loss: 0.0000, valid loss: 0.1766, Cost Time: 1.3413s
Epoch: 100, train loss: 0.0000, valid loss: 0.3666, Cost Time: 1.4678s
Saved ('LINKX', 'adjacency', 'CN', 0.17161951959133148) to ./results/LINKX2CN_ddi.csv
Epoch: 040, train loss: 0.0000, valid loss: 0.1213, Cost Time: 3.1923s
Epoch: 060, train loss: 0.0071, valid loss: 0.0362, Cost Time: 6.2630s
Epoch: 020, train loss: 0.0011, valid loss: 0.0003, Cost Time: 9.3681s
Epoch: 060, train loss: 0.0001, valid loss: 0.0722, Cost Time: 2.7453s
Epoch: 080, train loss: 0.0000, valid loss: 0.0607, Cost Time: 2.7745s
Epoch: 080, train loss: 0.0071, valid loss: 0.0362, Cost Time: 5.2750s
Epoch: 040, train loss: 0.0000, valid loss: 0.0013, Cost Time: 8.0679s
Epoch: 100, train loss: 0.0001, valid loss: 0.0591, Cost Time: 2.8343s
Epoch: 100, train loss: 0.0070, valid loss: 0.0360, Cost Time: 5.6670s
Saved ('Custom_GCN', 'random', 'CN', 0.004086154513061047) to ./results/Custom_GCN2CN_ddi.csv
{'dropout': 0,
 'hidden_channels': 32,
 'in_channels': 'None',
 'negative_slope': 0.1,
 'num_layers': 2,
 'out_channels': 32}
{'product': 'inner',
 'score_cat_n2v_feat': False,
 'score_cat_node_feat_mf': False,
 'score_dropout': 0.1,
 'score_gin_mlp_layer': 2,
 'score_hidden_channels': 64,
 'score_in_channels': 32,
 'score_num_layers': 2,
 'score_num_layers_predictor': 3,
 'score_out_channels': 1}
Total number of parameters is 139809
layers in gcn:  2
Epoch: 060, train loss: 0.0012, valid loss: 0.0257, Cost Time: 7.3398s
Epoch: 020, train loss: 0.0011, valid loss: 0.0000, Cost Time: 2.7586s
Saved ('Custom_GAT', 'one-hot', 'CN', 9.729944849823369e-07) to ./results/Custom_GAT2CN_ddi.csv
{'dropout': 0,
 'emb': False,
 'heads': 4,
 'hidden_channels': 32,
 'in_channels': 'None',
 'negative_slope': 0.1,
 'num_layers': 2,
 'out_channels': 32}
{'product': 'dot',
 'score_cat_n2v_feat': False,
 'score_cat_node_feat_mf': False,
 'score_dropout': 0.1,
 'score_gin_mlp_layer': 2,
 'score_hidden_channels': 64,
 'score_in_channels': 32,
 'score_num_layers': 2,
 'score_num_layers_predictor': 3,
 'score_out_channels': 1}
Total number of parameters is 139937
layers in gat:  2
Epoch: 040, train loss: 0.0011, valid loss: 0.0000, Cost Time: 2.4851s
Epoch: 080, train loss: 0.0002, valid loss: 0.0185, Cost Time: 7.7126s
Epoch: 060, train loss: 0.0001, valid loss: 0.0029, Cost Time: 2.6467s
Epoch: 020, train loss: 0.0000, valid loss: 0.1249, Cost Time: 5.1850s
Epoch: 080, train loss: 0.0001, valid loss: 0.0017, Cost Time: 3.1555s
Epoch: 100, train loss: 0.0005, valid loss: 0.0230, Cost Time: 7.7684s
Epoch: 100, train loss: 0.0001, valid loss: 0.0022, Cost Time: 2.3182s
Epoch: 040, train loss: 0.0000, valid loss: 0.1250, Cost Time: 5.2332s
Saved ('GraphSAGE', 'one-hot', 'CN', 0.08856766670942307) to ./results/GraphSAGE2CN_ddi.csv
{'dropout': 0,
 'emb': False,
 'hidden_channels': 64,
 'in_channels': 'None',
 'num_layers': 2,
 'out_channels': 128}
{'product': 'dot',
 'score_cat_n2v_feat': False,
 'score_cat_node_feat_mf': False,
 'score_dropout': 0.1,
 'score_gin_mlp_layer': 2,
 'score_hidden_channels': 64,
 'score_in_channels': 128,
 'score_num_layers': 2,
 'score_num_layers_predictor': 3,
 'score_out_channels': 1}
Total number of parameters is 571073
layers in sage:  2
Saved ('Custom_GCN', 'random', 'CN', 1.236085154232569e-05) to ./results/Custom_GCN2CN_ddi.csv
{'dropout': 0,
 'hidden_channels': 32,
 'in_channels': 'None',
 'negative_slope': 0.1,
 'num_layers': 2,
 'out_channels': 32}
{'product': 'inner',
 'score_cat_n2v_feat': False,
 'score_cat_node_feat_mf': False,
 'score_dropout': 0.1,
 'score_gin_mlp_layer': 2,
 'score_hidden_channels': 64,
 'score_in_channels': 32,
 'score_num_layers': 2,
 'score_num_layers_predictor': 3,
 'score_out_channels': 1}
Total number of parameters is 139809
layers in gcn:  2
Epoch: 020, train loss: 0.0002, valid loss: 0.0001, Cost Time: 2.6731s
Epoch: 060, train loss: 0.0000, valid loss: 0.1250, Cost Time: 5.2486s
Epoch: 020, train loss: 0.0071, valid loss: 0.0362, Cost Time: 8.3352s
Epoch: 040, train loss: 0.0000, valid loss: 0.0118, Cost Time: 2.7454s
Epoch: 060, train loss: 0.0002, valid loss: 0.0395, Cost Time: 2.7881s
Epoch: 080, train loss: 0.0000, valid loss: 0.1250, Cost Time: 4.9503s
